#
# A fatal error has been detected by the Java Runtime Environment:
#
#  SIGSEGV (0xb) at pc=0x00007f73408d6cad, pid=345399, tid=345399
#
# JRE version: OpenJDK Runtime Environment (18.0+36) (build 18-ea+36-Ubuntu-1)
# Java VM: OpenJDK 64-Bit Server VM (18-ea+36-Ubuntu-1, mixed mode, sharing, tiered, compressed oops, compressed class ptrs, g1 gc, linux-amd64)
# Problematic frame:
# V  [libjvm.so+0xcedcad]
#
# Core dump will be written. Default location: Core dumps may be processed with "/usr/share/apport/apport -p%p -s%s -c%c -d%d -P%P -u%u -g%g -- %E" (or dumping to /home/dereje/Documents/dev/cinema-booking/core.345399)
#
# If you would like to submit a bug report, please visit:
#   Unknown
#

---------------  S U M M A R Y ------------

Command Line: --enable-preview Main

Host: Intel(R) Core(TM) i5-5200U CPU @ 2.20GHz, 4 cores, 7G, Ubuntu 22.04 LTS
Time: Wed Jun  1 20:17:30 2022 EAT elapsed time: 20.374253 seconds (0d 0h 0m 20s)

---------------  T H R E A D  ---------------

Current thread is native thread

Stack: [0x00007ffc1dd86000,0x00007ffc1e583000],  sp=0x00007ffc1e57cfb0,  free space=8155k
Native frames: (J=compiled Java code, j=interpreted, Vv=VM code, C=native code)
V  [libjvm.so+0xcedcad]
C  [libc.so.6+0x42520]


siginfo: si_signo: 11 (SIGSEGV), si_code: 1 (SEGV_MAPERR), si_addr: 0x0000000000000248

Registers:
RAX=0x0000000000000000, RBX=0x00007ffc1e57cfc0, RCX=0x00007f73410a2c9b, RDX=0x0000000000000000
RSP=0x00007ffc1e57cfb0, RBP=0x00007ffc1e57d070, RSI=0x00007ffc1e57cfc0, RDI=0x0000000000000000
R8 =0x0000000000000000, R9 =0x00000000ffffffff, R10=0x0000000000000008, R11=0x0000000000000246
R12=0x00007f7340fe86c0, R13=0x0000000000000000, R14=0x0000000000000000, R15=0x0000000000000000
RIP=0x00007f73408d6cad, EFLAGS=0x0000000000010246, CSGSFS=0x002b000000000033, ERR=0x0000000000000004
  TRAPNO=0x000000000000000e

Top of Stack: (sp=0x00007ffc1e57cfb0)
0x00007ffc1e57cfb0:   00007ffc1e57d1b0 00007ffc1e57d080
0x00007ffc1e57cfc0:   00000000000004d8 0000000000000009
0x00007ffc1e57cfd0:   0000000000000028 0000000600000001
0x00007ffc1e57cfe0:   00000000ffffffff 0000000000000000 

Instructions: (pc=0x00007f73408d6cad)
0x00007f73408d6bad:   00 00 00 f0 0f c1 02 48 8b 3d ad e0 6b 00 48 83
0x00007f73408d6bbd:   ec 80 5b 41 5c 5d e9 f8 40 56 ff 0f 1f 84 00 00
0x00007f73408d6bcd:   00 00 00 48 83 ec 80 5b 41 5c 5d c3 0f 1f 80 00
0x00007f73408d6bdd:   00 00 00 48 8b 05 e9 2f 69 00 48 83 f8 ff 0f 85
0x00007f73408d6bed:   19 46 56 ff eb a3 66 66 2e 0f 1f 84 00 00 00 00
0x00007f73408d6bfd:   00 66 90 f3 0f 1e fa 55 66 48 0f 6e d2 66 48 0f
0x00007f73408d6c0d:   6e ce 66 0f 6c ca 48 89 e5 41 57 41 56 41 55 41
0x00007f73408d6c1d:   54 53 48 8d 9d 50 ff ff ff 48 81 ec 98 00 00 00
0x00007f73408d6c2d:   0f 29 8d 40 ff ff ff e8 97 40 56 ff 48 89 df 44
0x00007f73408d6c3d:   8b 28 49 89 c4 e8 19 3d 56 ff be 04 00 00 00 48
0x00007f73408d6c4d:   89 df e8 3c 3f 56 ff be 07 00 00 00 48 89 df e8
0x00007f73408d6c5d:   2f 3f 56 ff be 08 00 00 00 48 89 df e8 22 3f 56
0x00007f73408d6c6d:   ff be 0b 00 00 00 48 89 df e8 15 3f 56 ff be 05
0x00007f73408d6c7d:   00 00 00 48 89 df e8 08 3f 56 ff 31 d2 48 89 de
0x00007f73408d6c8d:   bf 01 00 00 00 e8 f9 34 56 ff 31 c0 80 3d f8 56
0x00007f73408d6c9d:   6e 00 00 74 0b 8b 3d 20 b0 6e 00 e8 03 41 56 ff
0x00007f73408d6cad:   48 8b 90 48 02 00 00 48 85 d2 74 17 4c 8b b8 10
0x00007f73408d6cbd:   02 00 00 41 8b 87 a0 00 00 00 83 f8 01 74 1c 45
0x00007f73408d6ccd:   89 2c 24 48 81 c4 98 00 00 00 5b 41 5c 41 5d 41
0x00007f73408d6cdd:   5e 41 5f 5d c3 66 0f 1f 44 00 00 66 0f 6f 9d 40
0x00007f73408d6ced:   ff ff ff 4d 8d b7 a0 00 00 00 ba 02 00 00 00 41
0x00007f73408d6cfd:   0f 11 9f a8 00 00 00 f0 41 0f b1 16 8d 50 ff 83
0x00007f73408d6d0d:   fa 01 76 37 85 c0 75 13 66 0f ef c0 41 0f 11 87
0x00007f73408d6d1d:   a8 00 00 00 eb a9 0f 1f 44 00 00 48 8b 05 79 a8
0x00007f73408d6d2d:   68 00 be 61 06 00 00 48 8d 3d 65 0c 4a 00 c6 00
0x00007f73408d6d3d:   58 e8 cd 10 8e ff eb d0 0f 1f 00 48 89 df e8 10
0x00007f73408d6d4d:   3c 56 ff 48 89 da 31 f6 31 ff e8 34 34 56 ff 8b
0x00007f73408d6d5d:   35 fe 75 69 00 48 89 df e8 e6 38 56 ff 48 8d 3d
0x00007f73408d6d6d:   8f 0e 70 00 e8 4a 3f 56 ff 66 2e 0f 1f 84 00 00
0x00007f73408d6d7d:   00 00 00 48 89 df e8 a8 3f 56 ff b8 03 00 00 00
0x00007f73408d6d8d:   31 c9 f0 41 0f b1 0e 83 f8 03 74 27 85 c0 74 23
0x00007f73408d6d9d:   83 f8 02 74 de 48 8b 05 ff a7 68 00 be 5a 06 00 



---------------  P R O C E S S  ---------------

VM state: not at safepoint (normal execution)

VM Mutex/Monitor currently owned by a thread: None

Heap address: 0x0000000085a00000, size: 1958 MB, Compressed Oops mode: 32-bit

CDS archive(s) mapped at: [0x0000000800000000-0x0000000800bb2000-0x0000000800bb2000), size 12263424, SharedBaseAddress: 0x0000000800000000, ArchiveRelocationMode: 0.
Compressed class space mapped at: 0x0000000800c00000-0x0000000840c00000, reserved size: 1073741824
Narrow klass base: 0x0000000800000000, Narrow klass shift: 0, Narrow klass range: 0x100000000

GC Precious Log:
<Skipped>

Heap:
 garbage-first heap   total 129024K, used 33449K [0x0000000085a00000, 0x0000000100000000)
  region size 1024K, 17 young (17408K), 2 survivors (2048K)
 Metaspace       used 21191K, committed 21376K, reserved 1114112K
  class space    used 2311K, committed 2432K, reserved 1048576K

Heap Regions: E=young(eden), S=young(survivor), O=old, HS=humongous(starts), HC=humongous(continues), CS=collection set, F=free, OA=open archive, CA=closed archive, TAMS=top-at-mark-start (previous, next)
|   0|0x0000000085a00000, 0x0000000085b00000, 0x0000000085b00000|100%| O|  |TAMS 0x0000000085a00000, 0x0000000085a00000| Untracked 
|   1|0x0000000085b00000, 0x0000000085c00000, 0x0000000085c00000|100%| O|  |TAMS 0x0000000085b00000, 0x0000000085b00000| Untracked 
|   2|0x0000000085c00000, 0x0000000085d00000, 0x0000000085d00000|100%|HS|  |TAMS 0x0000000085c00000, 0x0000000085c00000| Complete 
|   3|0x0000000085d00000, 0x0000000085e00000, 0x0000000085e00000|100%|HC|  |TAMS 0x0000000085d00000, 0x0000000085d00000| Complete 
|   4|0x0000000085e00000, 0x0000000085f00000, 0x0000000085f00000|100%|HC|  |TAMS 0x0000000085e00000, 0x0000000085e00000| Complete 
|   5|0x0000000085f00000, 0x0000000086000000, 0x0000000086000000|100%|HC|  |TAMS 0x0000000085f00000, 0x0000000085f00000| Complete 
|   6|0x0000000086000000, 0x0000000086100000, 0x0000000086100000|100%|HC|  |TAMS 0x0000000086000000, 0x0000000086000000| Complete 
|   7|0x0000000086100000, 0x0000000086200000, 0x0000000086200000|100%|HC|  |TAMS 0x0000000086100000, 0x0000000086100000| Complete 
|   8|0x0000000086200000, 0x0000000086300000, 0x0000000086300000|100%|HC|  |TAMS 0x0000000086200000, 0x0000000086200000| Complete 
|   9|0x0000000086300000, 0x0000000086400000, 0x0000000086400000|100%|HC|  |TAMS 0x0000000086300000, 0x0000000086300000| Complete 
|  10|0x0000000086400000, 0x0000000086500000, 0x0000000086500000|100%|HC|  |TAMS 0x0000000086400000, 0x0000000086400000| Complete 
|  11|0x0000000086500000, 0x0000000086600000, 0x0000000086600000|100%|HC|  |TAMS 0x0000000086500000, 0x0000000086500000| Complete 
|  12|0x0000000086600000, 0x0000000086700000, 0x0000000086700000|100%| O|  |TAMS 0x0000000086600000, 0x0000000086600000| Untracked 
|  13|0x0000000086700000, 0x000000008676d400, 0x0000000086800000| 42%| O|  |TAMS 0x0000000086700000, 0x0000000086700000| Untracked 
|  14|0x0000000086800000, 0x0000000086900000, 0x0000000086900000|100%|HS|  |TAMS 0x0000000086800000, 0x0000000086800000| Complete 
|  15|0x0000000086900000, 0x0000000086a00000, 0x0000000086a00000|100%|HC|  |TAMS 0x0000000086900000, 0x0000000086900000| Complete 
|  16|0x0000000086a00000, 0x0000000086a00000, 0x0000000086b00000|  0%| F|  |TAMS 0x0000000086a00000, 0x0000000086a00000| Untracked 
|  17|0x0000000086b00000, 0x0000000086b00000, 0x0000000086c00000|  0%| F|  |TAMS 0x0000000086b00000, 0x0000000086b00000| Untracked 
|  18|0x0000000086c00000, 0x0000000086c00000, 0x0000000086d00000|  0%| F|  |TAMS 0x0000000086c00000, 0x0000000086c00000| Untracked 
|  19|0x0000000086d00000, 0x0000000086d00000, 0x0000000086e00000|  0%| F|  |TAMS 0x0000000086d00000, 0x0000000086d00000| Untracked 
|  20|0x0000000086e00000, 0x0000000086e00000, 0x0000000086f00000|  0%| F|  |TAMS 0x0000000086e00000, 0x0000000086e00000| Untracked 
|  21|0x0000000086f00000, 0x0000000086f00000, 0x0000000087000000|  0%| F|  |TAMS 0x0000000086f00000, 0x0000000086f00000| Untracked 
|  22|0x0000000087000000, 0x0000000087000000, 0x0000000087100000|  0%| F|  |TAMS 0x0000000087000000, 0x0000000087000000| Untracked 
|  23|0x0000000087100000, 0x0000000087100000, 0x0000000087200000|  0%| F|  |TAMS 0x0000000087100000, 0x0000000087100000| Untracked 
|  24|0x0000000087200000, 0x0000000087200000, 0x0000000087300000|  0%| F|  |TAMS 0x0000000087200000, 0x0000000087200000| Untracked 
|  25|0x0000000087300000, 0x0000000087300000, 0x0000000087400000|  0%| F|  |TAMS 0x0000000087300000, 0x0000000087300000| Untracked 
|  26|0x0000000087400000, 0x0000000087400000, 0x0000000087500000|  0%| F|  |TAMS 0x0000000087400000, 0x0000000087400000| Untracked 
|  27|0x0000000087500000, 0x0000000087500000, 0x0000000087600000|  0%| F|  |TAMS 0x0000000087500000, 0x0000000087500000| Untracked 
|  28|0x0000000087600000, 0x0000000087600000, 0x0000000087700000|  0%| F|  |TAMS 0x0000000087600000, 0x0000000087600000| Untracked 
|  29|0x0000000087700000, 0x0000000087700000, 0x0000000087800000|  0%| F|  |TAMS 0x0000000087700000, 0x0000000087700000| Untracked 
|  30|0x0000000087800000, 0x0000000087800000, 0x0000000087900000|  0%| F|  |TAMS 0x0000000087800000, 0x0000000087800000| Untracked 
|  31|0x0000000087900000, 0x0000000087900000, 0x0000000087a00000|  0%| F|  |TAMS 0x0000000087900000, 0x0000000087900000| Untracked 
|  32|0x0000000087a00000, 0x0000000087a00000, 0x0000000087b00000|  0%| F|  |TAMS 0x0000000087a00000, 0x0000000087a00000| Untracked 
|  33|0x0000000087b00000, 0x0000000087b00000, 0x0000000087c00000|  0%| F|  |TAMS 0x0000000087b00000, 0x0000000087b00000| Untracked 
|  34|0x0000000087c00000, 0x0000000087c00000, 0x0000000087d00000|  0%| F|  |TAMS 0x0000000087c00000, 0x0000000087c00000| Untracked 
|  35|0x0000000087d00000, 0x0000000087d00000, 0x0000000087e00000|  0%| F|  |TAMS 0x0000000087d00000, 0x0000000087d00000| Untracked 
|  36|0x0000000087e00000, 0x0000000087e00000, 0x0000000087f00000|  0%| F|  |TAMS 0x0000000087e00000, 0x0000000087e00000| Untracked 
|  37|0x0000000087f00000, 0x0000000087f00000, 0x0000000088000000|  0%| F|  |TAMS 0x0000000087f00000, 0x0000000087f00000| Untracked 
|  38|0x0000000088000000, 0x0000000088000000, 0x0000000088100000|  0%| F|  |TAMS 0x0000000088000000, 0x0000000088000000| Untracked 
|  39|0x0000000088100000, 0x0000000088100000, 0x0000000088200000|  0%| F|  |TAMS 0x0000000088100000, 0x0000000088100000| Untracked 
|  40|0x0000000088200000, 0x0000000088200000, 0x0000000088300000|  0%| F|  |TAMS 0x0000000088200000, 0x0000000088200000| Untracked 
|  41|0x0000000088300000, 0x0000000088300000, 0x0000000088400000|  0%| F|  |TAMS 0x0000000088300000, 0x0000000088300000| Untracked 
|  42|0x0000000088400000, 0x0000000088400000, 0x0000000088500000|  0%| F|  |TAMS 0x0000000088400000, 0x0000000088400000| Untracked 
|  43|0x0000000088500000, 0x0000000088500000, 0x0000000088600000|  0%| F|  |TAMS 0x0000000088500000, 0x0000000088500000| Untracked 
|  44|0x0000000088600000, 0x0000000088600000, 0x0000000088700000|  0%| F|  |TAMS 0x0000000088600000, 0x0000000088600000| Untracked 
|  45|0x0000000088700000, 0x0000000088700000, 0x0000000088800000|  0%| F|  |TAMS 0x0000000088700000, 0x0000000088700000| Untracked 
|  46|0x0000000088800000, 0x0000000088800000, 0x0000000088900000|  0%| F|  |TAMS 0x0000000088800000, 0x0000000088800000| Untracked 
|  47|0x0000000088900000, 0x0000000088900000, 0x0000000088a00000|  0%| F|  |TAMS 0x0000000088900000, 0x0000000088900000| Untracked 
|  48|0x0000000088a00000, 0x0000000088a00000, 0x0000000088b00000|  0%| F|  |TAMS 0x0000000088a00000, 0x0000000088a00000| Untracked 
|  49|0x0000000088b00000, 0x0000000088b00000, 0x0000000088c00000|  0%| F|  |TAMS 0x0000000088b00000, 0x0000000088b00000| Untracked 
|  50|0x0000000088c00000, 0x0000000088c00000, 0x0000000088d00000|  0%| F|  |TAMS 0x0000000088c00000, 0x0000000088c00000| Untracked 
|  51|0x0000000088d00000, 0x0000000088d00000, 0x0000000088e00000|  0%| F|  |TAMS 0x0000000088d00000, 0x0000000088d00000| Untracked 
|  52|0x0000000088e00000, 0x0000000088e00000, 0x0000000088f00000|  0%| F|  |TAMS 0x0000000088e00000, 0x0000000088e00000| Untracked 
|  53|0x0000000088f00000, 0x0000000088f00000, 0x0000000089000000|  0%| F|  |TAMS 0x0000000088f00000, 0x0000000088f00000| Untracked 
|  54|0x0000000089000000, 0x0000000089000000, 0x0000000089100000|  0%| F|  |TAMS 0x0000000089000000, 0x0000000089000000| Untracked 
|  55|0x0000000089100000, 0x0000000089100000, 0x0000000089200000|  0%| F|  |TAMS 0x0000000089100000, 0x0000000089100000| Untracked 
|  56|0x0000000089200000, 0x0000000089200000, 0x0000000089300000|  0%| F|  |TAMS 0x0000000089200000, 0x0000000089200000| Untracked 
|  57|0x0000000089300000, 0x0000000089300000, 0x0000000089400000|  0%| F|  |TAMS 0x0000000089300000, 0x0000000089300000| Untracked 
|  58|0x0000000089400000, 0x0000000089400000, 0x0000000089500000|  0%| F|  |TAMS 0x0000000089400000, 0x0000000089400000| Untracked 
|  59|0x0000000089500000, 0x0000000089500000, 0x0000000089600000|  0%| F|  |TAMS 0x0000000089500000, 0x0000000089500000| Untracked 
|  60|0x0000000089600000, 0x0000000089600000, 0x0000000089700000|  0%| F|  |TAMS 0x0000000089600000, 0x0000000089600000| Untracked 
|  61|0x0000000089700000, 0x0000000089700000, 0x0000000089800000|  0%| F|  |TAMS 0x0000000089700000, 0x0000000089700000| Untracked 
|  62|0x0000000089800000, 0x0000000089800000, 0x0000000089900000|  0%| F|  |TAMS 0x0000000089800000, 0x0000000089800000| Untracked 
|  63|0x0000000089900000, 0x0000000089900000, 0x0000000089a00000|  0%| F|  |TAMS 0x0000000089900000, 0x0000000089900000| Untracked 
|  64|0x0000000089a00000, 0x0000000089a00000, 0x0000000089b00000|  0%| F|  |TAMS 0x0000000089a00000, 0x0000000089a00000| Untracked 
|  65|0x0000000089b00000, 0x0000000089b00000, 0x0000000089c00000|  0%| F|  |TAMS 0x0000000089b00000, 0x0000000089b00000| Untracked 
|  66|0x0000000089c00000, 0x0000000089c00000, 0x0000000089d00000|  0%| F|  |TAMS 0x0000000089c00000, 0x0000000089c00000| Untracked 
|  67|0x0000000089d00000, 0x0000000089d00000, 0x0000000089e00000|  0%| F|  |TAMS 0x0000000089d00000, 0x0000000089d00000| Untracked 
|  68|0x0000000089e00000, 0x0000000089e00000, 0x0000000089f00000|  0%| F|  |TAMS 0x0000000089e00000, 0x0000000089e00000| Untracked 
|  69|0x0000000089f00000, 0x0000000089f00000, 0x000000008a000000|  0%| F|  |TAMS 0x0000000089f00000, 0x0000000089f00000| Untracked 
|  70|0x000000008a000000, 0x000000008a000000, 0x000000008a100000|  0%| F|  |TAMS 0x000000008a000000, 0x000000008a000000| Untracked 
|  71|0x000000008a100000, 0x000000008a100000, 0x000000008a200000|  0%| F|  |TAMS 0x000000008a100000, 0x000000008a100000| Untracked 
|  72|0x000000008a200000, 0x000000008a200000, 0x000000008a300000|  0%| F|  |TAMS 0x000000008a200000, 0x000000008a200000| Untracked 
|  73|0x000000008a300000, 0x000000008a300000, 0x000000008a400000|  0%| F|  |TAMS 0x000000008a300000, 0x000000008a300000| Untracked 
|  74|0x000000008a400000, 0x000000008a400000, 0x000000008a500000|  0%| F|  |TAMS 0x000000008a400000, 0x000000008a400000| Untracked 
|  75|0x000000008a500000, 0x000000008a500000, 0x000000008a600000|  0%| F|  |TAMS 0x000000008a500000, 0x000000008a500000| Untracked 
|  76|0x000000008a600000, 0x000000008a600000, 0x000000008a700000|  0%| F|  |TAMS 0x000000008a600000, 0x000000008a600000| Untracked 
|  77|0x000000008a700000, 0x000000008a700000, 0x000000008a800000|  0%| F|  |TAMS 0x000000008a700000, 0x000000008a700000| Untracked 
|  78|0x000000008a800000, 0x000000008a800000, 0x000000008a900000|  0%| F|  |TAMS 0x000000008a800000, 0x000000008a800000| Untracked 
|  79|0x000000008a900000, 0x000000008a900000, 0x000000008aa00000|  0%| F|  |TAMS 0x000000008a900000, 0x000000008a900000| Untracked 
|  80|0x000000008aa00000, 0x000000008aa00000, 0x000000008ab00000|  0%| F|  |TAMS 0x000000008aa00000, 0x000000008aa00000| Untracked 
|  81|0x000000008ab00000, 0x000000008ab00000, 0x000000008ac00000|  0%| F|  |TAMS 0x000000008ab00000, 0x000000008ab00000| Untracked 
|  82|0x000000008ac00000, 0x000000008ac00000, 0x000000008ad00000|  0%| F|  |TAMS 0x000000008ac00000, 0x000000008ac00000| Untracked 
|  83|0x000000008ad00000, 0x000000008ad00000, 0x000000008ae00000|  0%| F|  |TAMS 0x000000008ad00000, 0x000000008ad00000| Untracked 
|  84|0x000000008ae00000, 0x000000008ae00000, 0x000000008af00000|  0%| F|  |TAMS 0x000000008ae00000, 0x000000008ae00000| Untracked 
|  85|0x000000008af00000, 0x000000008af00000, 0x000000008b000000|  0%| F|  |TAMS 0x000000008af00000, 0x000000008af00000| Untracked 
|  86|0x000000008b000000, 0x000000008b000000, 0x000000008b100000|  0%| F|  |TAMS 0x000000008b000000, 0x000000008b000000| Untracked 
|  87|0x000000008b100000, 0x000000008b100000, 0x000000008b200000|  0%| F|  |TAMS 0x000000008b100000, 0x000000008b100000| Untracked 
|  88|0x000000008b200000, 0x000000008b200000, 0x000000008b300000|  0%| F|  |TAMS 0x000000008b200000, 0x000000008b200000| Untracked 
|  89|0x000000008b300000, 0x000000008b300000, 0x000000008b400000|  0%| F|  |TAMS 0x000000008b300000, 0x000000008b300000| Untracked 
|  90|0x000000008b400000, 0x000000008b400000, 0x000000008b500000|  0%| F|  |TAMS 0x000000008b400000, 0x000000008b400000| Untracked 
|  91|0x000000008b500000, 0x000000008b500000, 0x000000008b600000|  0%| F|  |TAMS 0x000000008b500000, 0x000000008b500000| Untracked 
|  92|0x000000008b600000, 0x000000008b600000, 0x000000008b700000|  0%| F|  |TAMS 0x000000008b600000, 0x000000008b600000| Untracked 
|  93|0x000000008b700000, 0x000000008b700000, 0x000000008b800000|  0%| F|  |TAMS 0x000000008b700000, 0x000000008b700000| Untracked 
|  94|0x000000008b800000, 0x000000008b800000, 0x000000008b900000|  0%| F|  |TAMS 0x000000008b800000, 0x000000008b800000| Untracked 
|  95|0x000000008b900000, 0x000000008b900000, 0x000000008ba00000|  0%| F|  |TAMS 0x000000008b900000, 0x000000008b900000| Untracked 
|  96|0x000000008ba00000, 0x000000008ba00000, 0x000000008bb00000|  0%| F|  |TAMS 0x000000008ba00000, 0x000000008ba00000| Untracked 
|  97|0x000000008bb00000, 0x000000008bb00000, 0x000000008bc00000|  0%| F|  |TAMS 0x000000008bb00000, 0x000000008bb00000| Untracked 
|  98|0x000000008bc00000, 0x000000008bc00000, 0x000000008bd00000|  0%| F|  |TAMS 0x000000008bc00000, 0x000000008bc00000| Untracked 
|  99|0x000000008bd00000, 0x000000008bd00000, 0x000000008be00000|  0%| F|  |TAMS 0x000000008bd00000, 0x000000008bd00000| Untracked 
| 100|0x000000008be00000, 0x000000008be00000, 0x000000008bf00000|  0%| F|  |TAMS 0x000000008be00000, 0x000000008be00000| Untracked 
| 101|0x000000008bf00000, 0x000000008bf00000, 0x000000008c000000|  0%| F|  |TAMS 0x000000008bf00000, 0x000000008bf00000| Untracked 
| 102|0x000000008c000000, 0x000000008c000000, 0x000000008c100000|  0%| F|  |TAMS 0x000000008c000000, 0x000000008c000000| Untracked 
| 103|0x000000008c100000, 0x000000008c100000, 0x000000008c200000|  0%| F|  |TAMS 0x000000008c100000, 0x000000008c100000| Untracked 
| 104|0x000000008c200000, 0x000000008c200000, 0x000000008c300000|  0%| F|  |TAMS 0x000000008c200000, 0x000000008c200000| Untracked 
| 105|0x000000008c300000, 0x000000008c300000, 0x000000008c400000|  0%| F|  |TAMS 0x000000008c300000, 0x000000008c300000| Untracked 
| 106|0x000000008c400000, 0x000000008c400000, 0x000000008c500000|  0%| F|  |TAMS 0x000000008c400000, 0x000000008c400000| Untracked 
| 107|0x000000008c500000, 0x000000008c59bf50, 0x000000008c600000| 60%| S|CS|TAMS 0x000000008c500000, 0x000000008c500000| Complete 
| 108|0x000000008c600000, 0x000000008c700000, 0x000000008c700000|100%| S|CS|TAMS 0x000000008c600000, 0x000000008c600000| Complete 
| 109|0x000000008c700000, 0x000000008c7b64a8, 0x000000008c800000| 71%| E|  |TAMS 0x000000008c700000, 0x000000008c700000| Complete 
| 110|0x000000008c800000, 0x000000008c900000, 0x000000008c900000|100%| E|CS|TAMS 0x000000008c800000, 0x000000008c800000| Complete 
| 111|0x000000008c900000, 0x000000008ca00000, 0x000000008ca00000|100%| E|CS|TAMS 0x000000008c900000, 0x000000008c900000| Complete 
| 112|0x000000008ca00000, 0x000000008cb00000, 0x000000008cb00000|100%| E|CS|TAMS 0x000000008ca00000, 0x000000008ca00000| Complete 
| 113|0x000000008cb00000, 0x000000008cc00000, 0x000000008cc00000|100%| E|  |TAMS 0x000000008cb00000, 0x000000008cb00000| Complete 
| 114|0x000000008cc00000, 0x000000008cd00000, 0x000000008cd00000|100%| E|CS|TAMS 0x000000008cc00000, 0x000000008cc00000| Complete 
| 115|0x000000008cd00000, 0x000000008ce00000, 0x000000008ce00000|100%| E|CS|TAMS 0x000000008cd00000, 0x000000008cd00000| Complete 
| 116|0x000000008ce00000, 0x000000008cf00000, 0x000000008cf00000|100%| E|CS|TAMS 0x000000008ce00000, 0x000000008ce00000| Complete 
| 117|0x000000008cf00000, 0x000000008d000000, 0x000000008d000000|100%| E|CS|TAMS 0x000000008cf00000, 0x000000008cf00000| Complete 
| 118|0x000000008d000000, 0x000000008d100000, 0x000000008d100000|100%| E|CS|TAMS 0x000000008d000000, 0x000000008d000000| Complete 
| 119|0x000000008d100000, 0x000000008d200000, 0x000000008d200000|100%| E|CS|TAMS 0x000000008d100000, 0x000000008d100000| Complete 
| 120|0x000000008d200000, 0x000000008d300000, 0x000000008d300000|100%| E|CS|TAMS 0x000000008d200000, 0x000000008d200000| Complete 
| 121|0x000000008d300000, 0x000000008d400000, 0x000000008d400000|100%| E|CS|TAMS 0x000000008d300000, 0x000000008d300000| Complete 
| 122|0x000000008d400000, 0x000000008d500000, 0x000000008d500000|100%| E|CS|TAMS 0x000000008d400000, 0x000000008d400000| Complete 
| 123|0x000000008d500000, 0x000000008d600000, 0x000000008d600000|100%| E|CS|TAMS 0x000000008d500000, 0x000000008d500000| Complete 
|1956|0x00000000ffe00000, 0x00000000ffe75000, 0x00000000fff00000| 45%|OA|  |TAMS 0x00000000ffe00000, 0x00000000ffe00000| Untracked 
|1957|0x00000000fff00000, 0x00000000fff76000, 0x0000000100000000| 46%|CA|  |TAMS 0x00000000fff00000, 0x00000000fff00000| Untracked 

Card table byte_map: [0x00007f733e9f6000,0x00007f733edc9000] _byte_map_base: 0x00007f733e5c9000

Marking Bits (Prev, Next): (CMBitMap*) 0x00007f73380728f0, (CMBitMap*) 0x00007f7338072930
 Prev Bits: [0x00007f733c78b000, 0x00007f733e623000)
 Next Bits: [0x00007f731f46c000, 0x00007f7321304000)

Polling page: 0x00007f7341238000

Metaspace:

Usage:
  Non-class:     18.44 MB used.
      Class:      2.26 MB used.
       Both:     20.69 MB used.

Virtual space:
  Non-class space:       64.00 MB reserved,      18.50 MB ( 29%) committed,  1 nodes.
      Class space:        1.00 GB reserved,       2.38 MB ( <1%) committed,  1 nodes.
             Both:        1.06 GB reserved,      20.88 MB (  2%) committed. 

Chunk freelists:
   Non-Class:  1.00 MB
       Class:  1.50 MB
        Both:  2.50 MB

MaxMetaspaceSize: unlimited
CompressedClassSpaceSize: 1.00 GB
Initial GC threshold: 21.00 MB
Current GC threshold: 21.00 MB
CDS: on
MetaspaceReclaimPolicy: balanced
 - commit_granule_bytes: 65536.
 - commit_granule_words: 8192.
 - virtual_space_node_default_size: 8388608.
 - enlarge_chunks_in_place: 1.
 - new_chunks_are_fully_committed: 0.
 - uncommit_free_chunks: 1.
 - use_allocation_guard: 0.


Internal statistics:

num_allocs_failed_limit: 0.
num_arena_births: 190.
num_arena_deaths: 0.
num_vsnodes_births: 2.
num_vsnodes_deaths: 0.
num_space_committed: 334.
num_space_uncommitted: 0.
num_chunks_returned_to_freelist: 0.
num_chunks_taken_from_freelist: 400.
num_chunk_merges: 0.
num_chunk_splits: 248.
num_chunks_enlarged: 157.
num_inconsistent_stats: 0.

CodeHeap 'non-profiled nmethods': size=120032Kb used=694Kb max_used=694Kb free=119337Kb
 bounds [0x00007f7328dcc000, 0x00007f732903c000, 0x00007f7330304000]
CodeHeap 'profiled nmethods': size=120028Kb used=4191Kb max_used=4191Kb free=115836Kb
 bounds [0x00007f7321895000, 0x00007f7321cb5000, 0x00007f7328dcc000]
CodeHeap 'non-nmethods': size=5700Kb used=1425Kb max_used=1437Kb free=4274Kb
 bounds [0x00007f7321304000, 0x00007f7321574000, 0x00007f7321895000]
 total_blobs=3080 nmethods=2301 adapters=692
 compilation: enabled
              stopped_count=0, restarted_count=0
 full_count=0

Compilation events (20 events):
Event: 2.628 Thread 0x00007f73380f9e80 2299       3       java.lang.Math::abs (11 bytes)
Event: 2.628 Thread 0x00007f73380f9e80 nmethod 2299 0x00007f7321caa990 code [0x00007f7321caab40, 0x00007f7321caacb0]
Event: 2.628 Thread 0x00007f73380f9e80 2300       3       sun.java2d.xr.XRDrawLine::OverflowsBig (15 bytes)
Event: 2.628 Thread 0x00007f73380f9e80 nmethod 2300 0x00007f7321caad10 code [0x00007f7321caaea0, 0x00007f7321cab010]
Event: 2.628 Thread 0x00007f73380f9e80 2298       3       sun.java2d.SunGraphics2D::getCompClip (19 bytes)
Event: 2.629 Thread 0x00007f73380f9e80 nmethod 2298 0x00007f7321cab090 code [0x00007f7321cab240, 0x00007f7321cab3e0]
Event: 2.629 Thread 0x00007f73380f9e80 2301       3       sun.java2d.pipe.Region::clipAdd (40 bytes)
Event: 2.629 Thread 0x00007f73380f9e80 nmethod 2301 0x00007f7321cab490 code [0x00007f7321cab640, 0x00007f7321cab890]
Event: 2.629 Thread 0x00007f73380f9e80 2302       1       sun.java2d.xr.MaskTile::getRects (5 bytes)
Event: 2.629 Thread 0x00007f73380f9e80 nmethod 2302 0x00007f7328e78e90 code [0x00007f7328e79020, 0x00007f7328e790f0]
Event: 3.816 Thread 0x00007f73380f9e80 2303       3       sun.java2d.SunGraphics2D::create (8 bytes)
Event: 3.816 Thread 0x00007f73380f9e80 nmethod 2303 0x00007f7321cab910 code [0x00007f7321cabac0, 0x00007f7321cabce0]
Event: 3.817 Thread 0x00007f73380f9e80 2304   !   3       sun.java2d.SunGraphics2D::clone (114 bytes)
Event: 3.818 Thread 0x00007f73380f9e80 nmethod 2304 0x00007f7321cabd90 code [0x00007f7321cabfe0, 0x00007f7321cacb60]
Event: 3.818 Thread 0x00007f73380f9e80 2305       1       java.util.LinkedList::size (5 bytes)
Event: 3.818 Thread 0x00007f73380f9e80 nmethod 2305 0x00007f7328e79190 code [0x00007f7328e79320, 0x00007f7328e793f0]
Event: 3.819 Thread 0x00007f73380f9e80 2306       1       sun.java2d.xr.XRSurfaceData::getPicture (5 bytes)
Event: 3.819 Thread 0x00007f73380f9e80 nmethod 2306 0x00007f7328e79490 code [0x00007f7328e79620, 0x00007f7328e796f0]
Event: 3.819 Thread 0x00007f73380f9e80 2307       1       java.awt.Font::getStyle (5 bytes)
Event: 3.819 Thread 0x00007f73380f9e80 nmethod 2307 0x00007f7328e79790 code [0x00007f7328e79920, 0x00007f7328e799f0]

GC Heap History (4 events):
Event: 1.027 GC heap before
{Heap before GC invocations=0 (full 0):
 garbage-first heap   total 129024K, used 13228K [0x0000000085a00000, 0x0000000100000000)
  region size 1024K, 13 young (13312K), 0 survivors (0K)
 Metaspace       used 9721K, committed 9920K, reserved 1114112K
  class space    used 1003K, committed 1088K, reserved 1048576K
}
Event: 1.042 GC heap after
{Heap after GC invocations=1 (full 0):
 garbage-first heap   total 129024K, used 4462K [0x0000000085a00000, 0x0000000100000000)
  region size 1024K, 2 young (2048K), 2 survivors (2048K)
 Metaspace       used 9721K, committed 9920K, reserved 1114112K
  class space    used 1003K, committed 1088K, reserved 1048576K
}
Event: 2.047 GC heap before
{Heap before GC invocations=1 (full 0):
 garbage-first heap   total 129024K, used 26990K [0x0000000085a00000, 0x0000000100000000)
  region size 1024K, 15 young (15360K), 2 survivors (2048K)
 Metaspace       used 16920K, committed 17280K, reserved 1114112K
  class space    used 1802K, committed 1984K, reserved 1048576K
}
Event: 2.054 GC heap after
{Heap after GC invocations=2 (full 0):
 garbage-first heap   total 129024K, used 16336K [0x0000000085a00000, 0x0000000100000000)
  region size 1024K, 2 young (2048K), 2 survivors (2048K)
 Metaspace       used 16920K, committed 17280K, reserved 1114112K
  class space    used 1802K, committed 1984K, reserved 1048576K
}

Deoptimization events (20 events):
Event: 2.438 Thread 0x00007f7338635450 DEOPT PACKING pc=0x00007f7328e67d30 sp=0x00007f72dad70a20
Event: 2.438 Thread 0x00007f7338635450 DEOPT UNPACKING pc=0x00007f7321356099 sp=0x00007f72dad709c8 mode 2
Event: 2.441 Thread 0x00007f7338635450 Uncommon trap: trap_request=0xffffffc6 fr.pc=0x00007f7328e67d30 relative=0x0000000000000950
Event: 2.441 Thread 0x00007f7338635450 Uncommon trap: reason=bimorphic_or_optimized_type_check action=maybe_recompile pc=0x00007f7328e67d30 method=java.util.Hashtable.put(Ljava/lang/Object;Ljava/lang/Object;)Ljava/lang/Object; @ 60 c2
Event: 2.441 Thread 0x00007f7338635450 DEOPT PACKING pc=0x00007f7328e67d30 sp=0x00007f72dad70a20
Event: 2.441 Thread 0x00007f7338635450 DEOPT UNPACKING pc=0x00007f7321356099 sp=0x00007f72dad709c8 mode 2
Event: 2.443 Thread 0x00007f7338635450 Uncommon trap: trap_request=0xffffffc6 fr.pc=0x00007f7328e67d30 relative=0x0000000000000950
Event: 2.443 Thread 0x00007f7338635450 Uncommon trap: reason=bimorphic_or_optimized_type_check action=maybe_recompile pc=0x00007f7328e67d30 method=java.util.Hashtable.put(Ljava/lang/Object;Ljava/lang/Object;)Ljava/lang/Object; @ 60 c2
Event: 2.443 Thread 0x00007f7338635450 DEOPT PACKING pc=0x00007f7328e67d30 sp=0x00007f72dad70a20
Event: 2.443 Thread 0x00007f7338635450 DEOPT UNPACKING pc=0x00007f7321356099 sp=0x00007f72dad709c8 mode 2
Event: 2.463 Thread 0x00007f7338635450 Uncommon trap: trap_request=0xffffff45 fr.pc=0x00007f7328e08de8 relative=0x0000000000000048
Event: 2.463 Thread 0x00007f7338635450 Uncommon trap: reason=unstable_if action=reinterpret pc=0x00007f7328e08de8 method=java.lang.CharacterData.of(I)Ljava/lang/CharacterData; @ 4 c2
Event: 2.463 Thread 0x00007f7338635450 DEOPT PACKING pc=0x00007f7328e08de8 sp=0x00007f72dad70120
Event: 2.463 Thread 0x00007f7338635450 DEOPT UNPACKING pc=0x00007f7321356099 sp=0x00007f72dad700e0 mode 2
Event: 2.481 Thread 0x00007f7338635450 DEOPT PACKING pc=0x00007f7321961bbc sp=0x00007f72dad70460
Event: 2.481 Thread 0x00007f7338635450 DEOPT UNPACKING pc=0x00007f732135682f sp=0x00007f72dad6f920 mode 0
Event: 2.486 Thread 0x00007f7338635450 Uncommon trap: trap_request=0xffffff45 fr.pc=0x00007f7328e05628 relative=0x0000000000000188
Event: 2.486 Thread 0x00007f7338635450 Uncommon trap: reason=unstable_if action=reinterpret pc=0x00007f7328e05628 method=java.lang.StringCoding.hasNegatives([BII)Z @ 12 c2
Event: 2.486 Thread 0x00007f7338635450 DEOPT PACKING pc=0x00007f7328e05628 sp=0x00007f72dad703c0
Event: 2.486 Thread 0x00007f7338635450 DEOPT UNPACKING pc=0x00007f7321356099 sp=0x00007f72dad70370 mode 2

Classes loaded (20 events):
Event: 2.546 Loading class sun/awt/X11/XInputMethod
Event: 2.547 Loading class sun/awt/X11InputMethod
Event: 2.547 Loading class sun/awt/X11InputMethodBase
Event: 2.547 Loading class sun/awt/im/InputMethodAdapter
Event: 2.547 Loading class java/awt/im/spi/InputMethod
Event: 2.547 Loading class java/awt/im/spi/InputMethod done
Event: 2.547 Loading class sun/awt/im/InputMethodAdapter done
Event: 2.547 Loading class sun/awt/X11InputMethodBase done
Event: 2.547 Loading class sun/awt/X11InputMethod done
Event: 2.547 Loading class sun/awt/X11/XInputMethod done
Event: 2.551 Loading class sun/awt/im/InputMethodWindow
Event: 2.551 Loading class sun/awt/im/InputMethodWindow done
Event: 2.625 Loading class sun/awt/im/CompositionAreaHandler
Event: 2.625 Loading class sun/awt/im/CompositionAreaHandler done
Event: 2.626 Loading class java/text/AttributedString
Event: 2.626 Loading class java/text/AttributedString done
Event: 2.626 Loading class java/text/AttributedString$AttributedStringIterator
Event: 2.626 Loading class java/text/AttributedCharacterIterator
Event: 2.626 Loading class java/text/AttributedCharacterIterator done
Event: 2.626 Loading class java/text/AttributedString$AttributedStringIterator done

Classes unloaded (0 events):
No events

Classes redefined (0 events):
No events

Internal exceptions (19 events):
Event: 0.282 Thread 0x00007f7338013520 Exception <a 'java/lang/ClassNotFoundException'{0x000000008d562fd8}: sun/awt/resources/spi/awtProvider> (0x000000008d562fd8) 
thrown [./src/hotspot/share/classfile/systemDictionary.cpp, line 255]
Event: 0.316 Thread 0x00007f7338013520 Exception <a 'java/io/FileNotFoundException'{0x000000008d406570}> (0x000000008d406570) 
thrown [./src/hotspot/share/prims/jni.cpp, line 516]
Event: 0.377 Thread 0x00007f7338013520 Exception <a 'java/lang/NoSuchMethodError'{0x000000008d4a1e80}: 'java.lang.Object java.lang.invoke.DirectMethodHandle$Holder.invokeStaticInit(java.lang.Object)'> (0x000000008d4a1e80) 
thrown [./src/hotspot/share/interpreter/linkResolver.cpp, line 765]
Event: 0.409 Thread 0x00007f7338013520 Exception <a 'java/lang/NoSuchMethodError'{0x000000008d4f59a0}: 'void java.lang.invoke.DirectMethodHandle$Holder.invokeSpecial(java.lang.Object, java.lang.Object, java.lang.Object)'> (0x000000008d4f59a0) 
thrown [./src/hotspot/share/interpreter/linkResolver.cpp, line 765]
Event: 0.417 Thread 0x00007f7338013520 Exception <a 'java/lang/NoSuchMethodError'{0x000000008d323f90}: 'java.lang.Object java.lang.invoke.DirectMethodHandle$Holder.newInvokeSpecial(java.lang.Object, java.lang.Object, java.lang.Object, java.lang.Object, java.lang.Object)'> (0x000000008d323f90) 
thrown [./src/hotspot/share/interpreter/linkResolver.cpp, line 765]
Event: 0.425 Thread 0x00007f7338013520 Exception <a 'java/lang/NoSuchMethodError'{0x000000008d355cb0}: 'java.lang.Object java.lang.invoke.DirectMethodHandle$Holder.invokeStatic(java.lang.Object, int, java.lang.Object)'> (0x000000008d355cb0) 
thrown [./src/hotspot/share/interpreter/linkResolver.cpp, line 765]
Event: 0.450 Thread 0x00007f7338013520 Exception <a 'java/lang/NoSuchMethodError'{0x000000008d20cfb0}: 'void java.lang.invoke.DirectMethodHandle$Holder.invokeStatic(java.lang.Object, java.lang.Object)'> (0x000000008d20cfb0) 
thrown [./src/hotspot/share/interpreter/linkResolver.cpp, line 765]
Event: 0.464 Thread 0x00007f7338013520 Exception <a 'java/lang/ClassNotFoundException'{0x000000008d243430}: com/sun/swing/internal/plaf/metal/resources/spi/metalProvider> (0x000000008d243430) 
thrown [./src/hotspot/share/classfile/systemDictionary.cpp, line 255]
Event: 0.466 Thread 0x00007f7338013520 Exception <a 'java/lang/ClassNotFoundException'{0x000000008d247468}: com/sun/swing/internal/plaf/basic/resources/spi/basicProvider> (0x000000008d247468) 
thrown [./src/hotspot/share/classfile/systemDictionary.cpp, line 255]
Event: 0.475 Thread 0x00007f7338013520 Exception <a 'java/lang/NoSuchMethodError'{0x000000008d267048}: 'int java.lang.invoke.Invokers$Holder.invokeExact_MT(java.lang.Object, java.lang.Object)'> (0x000000008d267048) 
thrown [./src/hotspot/share/interpreter/linkResolver.cpp, line 765]
Event: 0.524 Thread 0x00007f7338013520 Exception <a 'java/lang/NoSuchMethodError'{0x000000008d1864e0}: 'java.lang.Object java.lang.invoke.DirectMethodHandle$Holder.invokeInterface(java.lang.Object, java.lang.Object)'> (0x000000008d1864e0) 
thrown [./src/hotspot/share/interpreter/linkResolver.cpp, line 765]
Event: 0.567 Thread 0x00007f7338013520 Exception <a 'java/lang/NoSuchMethodError'{0x000000008d001870}: 'void java.lang.invoke.DirectMethodHandle$Holder.invokeStatic(java.lang.Object, java.lang.Object, java.lang.Object)'> (0x000000008d001870) 
thrown [./src/hotspot/share/interpreter/linkResolver.cpp, line 765]
Event: 0.570 Thread 0x00007f7338013520 Exception <a 'java/lang/NoSuchMethodError'{0x000000008d00bab0}: 'java.lang.Object java.lang.invoke.DirectMethodHandle$Holder.invokeVirtual(java.lang.Object, java.lang.Object, java.lang.Object)'> (0x000000008d00bab0) 
thrown [./src/hotspot/share/interpreter/linkResolver.cpp, line 765]
Event: 0.836 Thread 0x00007f7338013520 Exception <a 'java/lang/NoSuchMethodError'{0x000000008cba9598}: 'void java.lang.invoke.DirectMethodHandle$Holder.invokeStaticInit(java.lang.Object, java.lang.Object)'> (0x000000008cba9598) 
thrown [./src/hotspot/share/interpreter/linkResolver.cpp, line 765]
Event: 2.017 Thread 0x00007f733859a550 Exception <a 'java/lang/NoSuchMethodError'{0x000000008cc435b0}: 'java.lang.Object java.lang.invoke.DirectMethodHandle$Holder.newInvokeSpecial(java.lang.Object, java.lang.Object, java.lang.Object, int, int, int, int, int)'> (0x000000008cc435b0) 
thrown [./src/hotspot/share/interpreter/linkResolver.cpp, line 765]
Event: 2.169 Thread 0x00007f733859a550 Implicit null exception at 0x00007f7328e4e30d to 0x00007f7328e4e9cc
Event: 2.213 Thread 0x00007f733859a550 Exception <a 'java/io/FileNotFoundException'{0x000000008cb6a1b8}> (0x000000008cb6a1b8) 
thrown [./src/hotspot/share/prims/jni.cpp, line 516]
Event: 2.214 Thread 0x00007f733859a550 Exception <a 'java/io/FileNotFoundException'{0x000000008cb6a7c0}> (0x000000008cb6a7c0) 
thrown [./src/hotspot/share/prims/jni.cpp, line 516]
Event: 2.362 Thread 0x00007f7338013520 Exception <a 'java/lang/NoSuchMethodError'{0x000000008c88da18}: 'void java.lang.invoke.DirectMethodHandle$Holder.invokeStaticInit(java.lang.Object)'> (0x000000008c88da18) 
thrown [./src/hotspot/share/interpreter/linkResolver.cpp, line 765]

VM Operations (20 events):
Event: 1.027 Executing VM operation: G1CollectForAllocation
Event: 1.042 Executing VM operation: G1CollectForAllocation done
Event: 1.730 Executing VM operation: HandshakeAllThreads
Event: 1.730 Executing VM operation: HandshakeAllThreads done
Event: 1.892 Executing VM operation: ICBufferFull
Event: 1.892 Executing VM operation: ICBufferFull done
Event: 1.999 Executing VM operation: HandshakeAllThreads
Event: 1.999 Executing VM operation: HandshakeAllThreads done
Event: 2.047 Executing VM operation: G1CollectForAllocation
Event: 2.054 Executing VM operation: G1CollectForAllocation done
Event: 2.079 Executing VM operation: HandshakeAllThreads
Event: 2.079 Executing VM operation: HandshakeAllThreads done
Event: 2.295 Executing VM operation: HandshakeAllThreads
Event: 2.295 Executing VM operation: HandshakeAllThreads done
Event: 2.461 Executing VM operation: ICBufferFull
Event: 2.462 Executing VM operation: ICBufferFull done
Event: 2.463 Executing VM operation: HandshakeAllThreads
Event: 2.463 Executing VM operation: HandshakeAllThreads done
Event: 3.463 Executing VM operation: Cleanup
Event: 3.463 Executing VM operation: Cleanup done

Events (20 events):
Event: 0.357 Loaded shared library /usr/lib/jvm/java-18-openjdk-amd64/lib/libfontmanager.so
Event: 0.378 Thread 0x00007f7338231200 Thread added: 0x00007f7338231200
Event: 0.378 Protecting memory [0x00007f72db66a000,0x00007f72db66e000] with protection modes 0
Event: 0.397 Thread 0x00007f7338254d00 Thread added: 0x00007f7338254d00
Event: 0.397 Protecting memory [0x00007f72db556000,0x00007f72db55a000] with protection modes 0
Event: 0.484 Thread 0x00007f73382ac640 Thread added: 0x00007f73382ac640
Event: 0.484 Protecting memory [0x00007f72db456000,0x00007f72db45a000] with protection modes 0
Event: 0.677 Loaded shared library /usr/lib/jvm/java-18-openjdk-amd64/lib/libnet.so
Event: 0.688 Loaded shared library /usr/lib/jvm/java-18-openjdk-amd64/lib/libextnet.so
Event: 2.015 Thread 0x00007f733859a550 Thread added: 0x00007f733859a550
Event: 2.015 Protecting memory [0x00007f72daef5000,0x00007f72daef9000] with protection modes 0
Event: 2.015 Loaded shared library /usr/lib/jvm/java-18-openjdk-amd64/lib/libjavajpeg.so
Event: 2.253 Thread 0x00007f7338634b60 Thread added: 0x00007f7338634b60
Event: 2.253 Protecting memory [0x00007f72dad74000,0x00007f72dad78000] with protection modes 0
Event: 2.254 Thread 0x00007f7338635450 Thread added: 0x00007f7338635450
Event: 2.255 Protecting memory [0x00007f72dac74000,0x00007f72dac78000] with protection modes 0
Event: 2.409 Thread 0x00007f7338013520 Thread exited: 0x00007f7338013520
Event: 2.409 Protecting memory [0x00007f733f7b6000,0x00007f733f7ba000] with protection modes 0
Event: 2.409 Thread 0x00007f7338013520 Thread added: 0x00007f7338013520
Event: 7.234 Thread 0x00007f733859a550 Thread exited: 0x00007f733859a550


Dynamic libraries:
85a00000-8d600000 rw-p 00000000 00:00 0 
8d600000-ffe00000 ---p 00000000 00:00 0 
ffe00000-ffe75000 rw-p 00c60000 08:05 7735372                            /usr/lib/jvm/java-18-openjdk-amd64/lib/server/classes.jsa
ffe75000-fff00000 rw-p 00000000 00:00 0 
fff00000-fff76000 rw-p 00bea000 08:05 7735372                            /usr/lib/jvm/java-18-openjdk-amd64/lib/server/classes.jsa
fff76000-100000000 rw-p 00000000 00:00 0 
800000000-80044a000 rw-p 00001000 08:05 7735372                          /usr/lib/jvm/java-18-openjdk-amd64/lib/server/classes.jsa
80044a000-800bb2000 r--p 0044b000 08:05 7735372                          /usr/lib/jvm/java-18-openjdk-amd64/lib/server/classes.jsa
800bb2000-800c00000 ---p 00000000 00:00 0 
800c00000-800c20000 rw-p 00000000 00:00 0 
800c20000-800c40000 rw-p 00000000 00:00 0 
800c40000-800cc0000 rw-p 00000000 00:00 0 
800cc0000-800d40000 rw-p 00000000 00:00 0 
800d40000-800d60000 rw-p 00000000 00:00 0 
800d60000-800da0000 rw-p 00000000 00:00 0 
800da0000-800dc0000 rw-p 00000000 00:00 0 
800dc0000-800e60000 rw-p 00000000 00:00 0 
800e60000-840c00000 ---p 00000000 00:00 0 
55fa5d1f0000-55fa5d1f1000 r--p 00000000 08:05 7477209                    /usr/lib/jvm/java-18-openjdk-amd64/bin/java
55fa5d1f1000-55fa5d1f2000 r-xp 00001000 08:05 7477209                    /usr/lib/jvm/java-18-openjdk-amd64/bin/java
55fa5d1f2000-55fa5d1f3000 r--p 00002000 08:05 7477209                    /usr/lib/jvm/java-18-openjdk-amd64/bin/java
55fa5d1f3000-55fa5d1f4000 r--p 00002000 08:05 7477209                    /usr/lib/jvm/java-18-openjdk-amd64/bin/java
55fa5d1f4000-55fa5d1f5000 rw-p 00003000 08:05 7477209                    /usr/lib/jvm/java-18-openjdk-amd64/bin/java
55fa5e936000-55fa5e9a3000 rw-p 00000000 00:00 0                          [heap]
7f72ac000000-7f72ac021000 rw-p 00000000 00:00 0 
7f72ac021000-7f72b0000000 ---p 00000000 00:00 0 
7f72b0000000-7f72b0039000 rw-p 00000000 00:00 0 
7f72b0039000-7f72b4000000 ---p 00000000 00:00 0 
7f72b4000000-7f72b4021000 rw-p 00000000 00:00 0 
7f72b4021000-7f72b8000000 ---p 00000000 00:00 0 
7f72b8000000-7f72b8021000 rw-p 00000000 00:00 0 
7f72b8021000-7f72bc000000 ---p 00000000 00:00 0 
7f72bc000000-7f72bc021000 rw-p 00000000 00:00 0 
7f72bc021000-7f72c0000000 ---p 00000000 00:00 0 
7f72c0000000-7f72c0021000 rw-p 00000000 00:00 0 
7f72c0021000-7f72c4000000 ---p 00000000 00:00 0 
7f72c4000000-7f72c4021000 rw-p 00000000 00:00 0 
7f72c4021000-7f72c8000000 ---p 00000000 00:00 0 
7f72c8000000-7f72c8021000 rw-p 00000000 00:00 0 
7f72c8021000-7f72cc000000 ---p 00000000 00:00 0 
7f72cc000000-7f72cc021000 rw-p 00000000 00:00 0 
7f72cc021000-7f72d0000000 ---p 00000000 00:00 0 
7f72d0000000-7f72d0021000 rw-p 00000000 00:00 0 
7f72d0021000-7f72d4000000 ---p 00000000 00:00 0 
7f72d4000000-7f72d4021000 rw-p 00000000 00:00 0 
7f72d4021000-7f72d8000000 ---p 00000000 00:00 0 
7f72dac74000-7f72dac78000 ---p 00000000 00:00 0 
7f72dac78000-7f72dad74000 rw-p 00000000 00:00 0 
7f72dad74000-7f72dad78000 ---p 00000000 00:00 0 
7f72dad78000-7f72dae74000 rw-p 00000000 00:00 0 
7f72dae74000-7f72dae78000 r--p 00000000 08:05 6554872                    /usr/lib/x86_64-linux-gnu/libjpeg.so.8.2.2
7f72dae78000-7f72daec1000 r-xp 00004000 08:05 6554872                    /usr/lib/x86_64-linux-gnu/libjpeg.so.8.2.2
7f72daec1000-7f72daef3000 r--p 0004d000 08:05 6554872                    /usr/lib/x86_64-linux-gnu/libjpeg.so.8.2.2
7f72daef3000-7f72daef4000 r--p 0007e000 08:05 6554872                    /usr/lib/x86_64-linux-gnu/libjpeg.so.8.2.2
7f72daef4000-7f72daef5000 rw-p 0007f000 08:05 6554872                    /usr/lib/x86_64-linux-gnu/libjpeg.so.8.2.2
7f72daef5000-7f72daef9000 ---p 00000000 00:00 0 
7f72daef9000-7f72daff5000 rw-p 00000000 00:00 0 
7f72daff5000-7f72db000000 r--s 00000000 08:05 12452057                   /var/cache/fontconfig/22bd895d-fb26-4786-9fbc-751628744dc4-le64.cache-7
7f72db000000-7f72db006000 r--s 00000000 08:05 12454253                   /var/cache/fontconfig/a7f8ffb3-0ea3-4f79-ba86-9495512aa11d-le64.cache-7
7f72db006000-7f72db007000 r--s 00000000 08:05 12454250                   /var/cache/fontconfig/cdfb6cfb-4cfe-4e4f-9e35-786a3d8bf4b9-le64.cache-7
7f72db007000-7f72db01d000 r--s 00000000 08:05 12454247                   /var/cache/fontconfig/5d699783-21eb-42a4-8d0d-9cda3b88c7b4-le64.cache-7
7f72db01d000-7f72db01e000 r--s 00000000 08:05 12454238                   /var/cache/fontconfig/f518cde9-71cc-4d9b-8fa1-5bd4b6513e39-le64.cache-7
7f72db01e000-7f72db026000 r--s 00000000 08:05 12454196                   /var/cache/fontconfig/90b29ab5-814c-4ed2-a9ef-c334104d8988-le64.cache-7
7f72db026000-7f72db027000 r--s 00000000 08:05 12454183                   /var/cache/fontconfig/52e4cf0a-4a83-42a3-b8c4-3e6ce6a7b53f-le64.cache-7
7f72db027000-7f72db029000 r--s 00000000 08:05 12454179                   /var/cache/fontconfig/e80bd899-5c63-4785-bbaa-000edb8c2804-le64.cache-7
7f72db029000-7f72db02a000 r--s 00000000 08:05 12454177                   /var/cache/fontconfig/8e07522d-6efe-4454-81a1-862c8f60155c-le64.cache-7
7f72db02a000-7f72db02c000 r--s 00000000 08:05 12454175                   /var/cache/fontconfig/d457d6cf-8b85-40ad-b7ba-c9738d058688-le64.cache-7
7f72db02c000-7f72db02e000 r--s 00000000 08:05 12454149                   /var/cache/fontconfig/24913b27-8326-4f73-9ba7-c1111cd439a1-le64.cache-7
7f72db02e000-7f72db031000 r--s 00000000 08:05 12454126                   /var/cache/fontconfig/565571a2-d4ce-470b-b60e-69fdd2b0d6d9-le64.cache-7
7f72db031000-7f72db036000 r--s 00000000 08:05 12454107                   /var/cache/fontconfig/2291fd95-ec48-456f-81fd-3606fccd7dc0-le64.cache-7
7f72db036000-7f72db03b000 r--s 00000000 08:05 12461628                   /var/cache/fontconfig/1b469697-5884-4dfc-9154-55aa555c3f6b-le64.cache-7
7f72db03b000-7f72db03c000 r--s 00000000 08:05 12454106                   /var/cache/fontconfig/36fa39f8-b12c-498d-a305-73cbd7a06ba4-le64.cache-7
7f72db03c000-7f72db03d000 r--s 00000000 08:05 12454019                   /var/cache/fontconfig/871d267c-4105-49b7-827d-e489fb69f51f-le64.cache-7
7f72db03d000-7f72db03e000 r--s 00000000 08:05 12454015                   /var/cache/fontconfig/c403aaeb-2119-4a75-9ae0-d0e3f5b7ff5c-le64.cache-7
7f72db03e000-7f72db03f000 r--s 00000000 08:05 12453993                   /var/cache/fontconfig/a0775654-9ac0-4f29-82d1-30d16326632a-le64.cache-7
7f72db03f000-7f72db040000 r--s 00000000 08:05 12453974                   /var/cache/fontconfig/d6730be9-b1b3-423f-b8e2-d20bda164e29-le64.cache-7
7f72db040000-7f72db041000 r--s 00000000 08:05 12453972                   /var/cache/fontconfig/33288d63-9bed-4abd-8b81-f6b22819e238-le64.cache-7
7f72db041000-7f72db042000 r--s 00000000 08:05 12453968                   /var/cache/fontconfig/e62f2cd7-ef11-47f0-b436-a7e977fcf5e3-le64.cache-7
7f72db042000-7f72db043000 r--s 00000000 08:05 12453948                   /var/cache/fontconfig/e80d7d56-4aef-44dd-990c-8be600874147-le64.cache-7
7f72db043000-7f72db044000 r--s 00000000 08:05 12453936                   /var/cache/fontconfig/07c71922-21fc-47cd-aa9d-00ec7cdeadd9-le64.cache-7
7f72db044000-7f72db045000 r--s 00000000 08:05 12453929                   /var/cache/fontconfig/01e8ee4f-3177-415f-a34b-d9835a8da2d4-le64.cache-7
7f72db045000-7f72db046000 r--s 00000000 08:05 12453865                   /var/cache/fontconfig/be801802-85ac-46ff-b64a-50c8fd679ebb-le64.cache-7
7f72db046000-7f72db047000 r--s 00000000 08:05 12460314                   /var/cache/fontconfig/3917636d-c019-46a8-a24c-da108bcaf7e4-le64.cache-7
7f72db047000-7f72db04d000 r--s 00000000 08:05 12453809                   /var/cache/fontconfig/48bcc779-b875-4302-b192-d3cd44df610b-le64.cache-7
7f72db04d000-7f72db054000 r--s 00000000 08:05 12453806                   /var/cache/fontconfig/a6e067a0-b1b1-4e7d-a789-943efcdbcba0-le64.cache-7
7f72db054000-7f72db05c000 r--s 00000000 08:05 12453766                   /var/cache/fontconfig/12fac0b4-dcde-44ba-a43c-f0ea5ce95c78-le64.cache-7
7f72db05c000-7f72db05d000 r--s 00000000 08:05 12453724                   /var/cache/fontconfig/5d585cb5-275a-423d-b46b-cadce92715cc-le64.cache-7
7f72db05d000-7f72db05e000 r--s 00000000 08:05 12453717                   /var/cache/fontconfig/9a3263b0-b720-45d0-b0b3-b751ecd9cedd-le64.cache-7
7f72db05e000-7f72db064000 r--s 00000000 08:05 12453703                   /var/cache/fontconfig/3e178398-e846-4aaf-9e79-663249405f18-le64.cache-7
7f72db064000-7f72db077000 r--s 00000000 08:05 12453593                   /var/cache/fontconfig/2158db81-c904-4a53-be23-5e7dfec0eb43-le64.cache-7
7f72db077000-7f72db07d000 r--s 00000000 08:05 12453580                   /var/cache/fontconfig/e7d3b3ad-9cc7-4195-981e-101d9545559a-le64.cache-7
7f72db07d000-7f72db07e000 r--s 00000000 08:05 12453553                   /var/cache/fontconfig/9265a294-6d08-4ca6-8498-3266eaf83b70-le64.cache-7
7f72db07e000-7f72db07f000 r--s 00000000 08:05 12453552                   /var/cache/fontconfig/441a0dcd-c3a4-4a22-a8b6-f11620c082dc-le64.cache-7
7f72db07f000-7f72db080000 r--s 00000000 08:05 12453550                   /var/cache/fontconfig/b4186057-3c4c-46bc-9c34-42a401f916d1-le64.cache-7
7f72db080000-7f72db083000 r--s 00000000 08:05 12453507                   /var/cache/fontconfig/d5c2d37b-1d63-4aca-b2a0-05d969bc79f6-le64.cache-7
7f72db083000-7f72db08f000 r--s 00000000 08:05 12459340                   /var/cache/fontconfig/82043152-d08a-4d15-96fd-fa90f8d31a4c-le64.cache-7
7f72db08f000-7f72db09d000 r--s 00000000 08:05 12453155                   /var/cache/fontconfig/868f1d76-966b-44db-9bfb-542eb54ff974-le64.cache-7
7f72db09d000-7f72db0ad000 r--s 00000000 08:05 12453127                   /var/cache/fontconfig/b85ca83c-397b-4720-8f0f-fb2e49e6e77a-le64.cache-7
7f72db0ad000-7f72db0c3000 r--s 00000000 08:05 5544809                    /home/dereje/.cache/fontconfig/cd87ff90-2ba7-4a45-a68f-8b75539ba9cc-le64.cache-7
7f72db131000-7f72db133000 r--p 00000000 08:05 7735223                    /usr/lib/jvm/java-18-openjdk-amd64/lib/libjavajpeg.so
7f72db133000-7f72db13a000 r-xp 00002000 08:05 7735223                    /usr/lib/jvm/java-18-openjdk-amd64/lib/libjavajpeg.so
7f72db13a000-7f72db13b000 r--p 00009000 08:05 7735223                    /usr/lib/jvm/java-18-openjdk-amd64/lib/libjavajpeg.so
7f72db13b000-7f72db13c000 ---p 0000a000 08:05 7735223                    /usr/lib/jvm/java-18-openjdk-amd64/lib/libjavajpeg.so
7f72db13c000-7f72db13d000 r--p 0000a000 08:05 7735223                    /usr/lib/jvm/java-18-openjdk-amd64/lib/libjavajpeg.so
7f72db13d000-7f72db13e000 rw-p 0000b000 08:05 7735223                    /usr/lib/jvm/java-18-openjdk-amd64/lib/libjavajpeg.so
7f72db13e000-7f72db13f000 r--s 00000000 08:05 12453517                   /var/cache/fontconfig/cf917643-9bae-48ff-bb9b-65b775b44309-le64.cache-7
7f72db13f000-7f72db141000 r--s 00000000 08:05 12453492                   /var/cache/fontconfig/f6db83e8-3a4e-4a38-a057-97acf193f71b-le64.cache-7
7f72db141000-7f72db144000 r--s 00000000 08:05 12453485                   /var/cache/fontconfig/dcad1f55-56cc-432d-bb94-afeeae3f8106-le64.cache-7
7f72db144000-7f72db145000 r--s 00000000 08:05 12453474                   /var/cache/fontconfig/55acad97-23ef-4cf1-bff4-bbf6700da5bd-le64.cache-7
7f72db145000-7f72db146000 r--s 00000000 08:05 12453444                   /var/cache/fontconfig/7046cfa9-4874-4fec-819d-f4fe0f64bb04-le64.cache-7
7f72db146000-7f72db147000 r--s 00000000 08:05 12453411                   /var/cache/fontconfig/fb3ba993-1e1b-4f94-9570-7bc38b3aa97d-le64.cache-7
7f72db147000-7f72db148000 r--s 00000000 08:05 12453221                   /var/cache/fontconfig/862c5708-63eb-471a-b45b-d9a3630116b9-le64.cache-7
7f72db148000-7f72db149000 r--s 00000000 08:05 12453218                   /var/cache/fontconfig/6a57ddcc-4f23-47be-8401-102fb1e0c9b2-le64.cache-7
7f72db149000-7f72db14a000 r--s 00000000 08:05 12453212                   /var/cache/fontconfig/1ddfa680-f197-4dad-b280-8624071c8df0-le64.cache-7
7f72db14a000-7f72db14b000 r--s 00000000 08:05 12453201                   /var/cache/fontconfig/eedbdeff-a359-49e3-8fa3-d76fbf6cbb44-le64.cache-7
7f72db14b000-7f72db150000 r--s 00000000 08:05 5544806                    /home/dereje/.cache/fontconfig/d10e2981-2deb-40f2-ad5b-4515137f8a3e-le64.cache-7
7f72db150000-7f72db151000 ---p 00000000 00:00 0 
7f72db151000-7f72db252000 rw-p 00000000 00:00 0 
7f72db252000-7f72db253000 ---p 00000000 00:00 0 
7f72db253000-7f72db354000 rw-p 00000000 00:00 0 
7f72db354000-7f72db355000 ---p 00000000 00:00 0 
7f72db355000-7f72db456000 rw-p 00000000 00:00 0 
7f72db456000-7f72db45a000 ---p 00000000 00:00 0 
7f72db45a000-7f72db556000 rw-p 00000000 00:00 0 
7f72db556000-7f72db55a000 ---p 00000000 00:00 0 
7f72db55a000-7f72db656000 rw-p 00000000 00:00 0 
7f72db656000-7f72db658000 r--p 00000000 08:05 6555669                    /usr/lib/x86_64-linux-gnu/libXfixes.so.3.1.0
7f72db658000-7f72db65b000 r-xp 00002000 08:05 6555669                    /usr/lib/x86_64-linux-gnu/libXfixes.so.3.1.0
7f72db65b000-7f72db65c000 r--p 00005000 08:05 6555669                    /usr/lib/x86_64-linux-gnu/libXfixes.so.3.1.0
7f72db65c000-7f72db65d000 r--p 00006000 08:05 6555669                    /usr/lib/x86_64-linux-gnu/libXfixes.so.3.1.0
7f72db65d000-7f72db65e000 rw-p 00007000 08:05 6555669                    /usr/lib/x86_64-linux-gnu/libXfixes.so.3.1.0
7f72db65e000-7f72db660000 r--p 00000000 08:05 6555671                    /usr/lib/x86_64-linux-gnu/libXcursor.so.1.0.2
7f72db660000-7f72db666000 r-xp 00002000 08:05 6555671                    /usr/lib/x86_64-linux-gnu/libXcursor.so.1.0.2
7f72db666000-7f72db668000 r--p 00008000 08:05 6555671                    /usr/lib/x86_64-linux-gnu/libXcursor.so.1.0.2
7f72db668000-7f72db669000 r--p 00009000 08:05 6555671                    /usr/lib/x86_64-linux-gnu/libXcursor.so.1.0.2
7f72db669000-7f72db66a000 rw-p 0000a000 08:05 6555671                    /usr/lib/x86_64-linux-gnu/libXcursor.so.1.0.2
7f72db66a000-7f72db66e000 ---p 00000000 00:00 0 
7f72db66e000-7f72db76a000 rw-p 00000000 00:00 0 
7f72db76a000-7f72db76b000 r--p 00000000 08:05 6558180                    /usr/lib/x86_64-linux-gnu/libbrotlicommon.so.1.0.9
7f72db76b000-7f72db76c000 r-xp 00001000 08:05 6558180                    /usr/lib/x86_64-linux-gnu/libbrotlicommon.so.1.0.9
7f72db76c000-7f72db78b000 r--p 00002000 08:05 6558180                    /usr/lib/x86_64-linux-gnu/libbrotlicommon.so.1.0.9
7f72db78b000-7f72db78c000 r--p 00020000 08:05 6558180                    /usr/lib/x86_64-linux-gnu/libbrotlicommon.so.1.0.9
7f72db78c000-7f72db78d000 rw-p 00021000 08:05 6558180                    /usr/lib/x86_64-linux-gnu/libbrotlicommon.so.1.0.9
7f72db78d000-7f72db78f000 r--p 00000000 08:05 6558955                    /usr/lib/x86_64-linux-gnu/libpcre.so.3.13.3
7f72db78f000-7f72db7e4000 r-xp 00002000 08:05 6558955                    /usr/lib/x86_64-linux-gnu/libpcre.so.3.13.3
7f72db7e4000-7f72db801000 r--p 00057000 08:05 6558955                    /usr/lib/x86_64-linux-gnu/libpcre.so.3.13.3
7f72db801000-7f72db802000 r--p 00073000 08:05 6558955                    /usr/lib/x86_64-linux-gnu/libpcre.so.3.13.3
7f72db802000-7f72db803000 rw-p 00074000 08:05 6558955                    /usr/lib/x86_64-linux-gnu/libpcre.so.3.13.3
7f72db803000-7f72db804000 r--p 00000000 08:05 6558183                    /usr/lib/x86_64-linux-gnu/libbrotlidec.so.1.0.9
7f72db804000-7f72db80c000 r-xp 00001000 08:05 6558183                    /usr/lib/x86_64-linux-gnu/libbrotlidec.so.1.0.9
7f72db80c000-7f72db80f000 r--p 00009000 08:05 6558183                    /usr/lib/x86_64-linux-gnu/libbrotlidec.so.1.0.9
7f72db80f000-7f72db810000 r--p 0000b000 08:05 6558183                    /usr/lib/x86_64-linux-gnu/libbrotlidec.so.1.0.9
7f72db810000-7f72db811000 rw-p 0000c000 08:05 6558183                    /usr/lib/x86_64-linux-gnu/libbrotlidec.so.1.0.9
7f72db811000-7f72db816000 r--p 00000000 08:05 6558189                    /usr/lib/x86_64-linux-gnu/libpng16.so.16.37.0
7f72db816000-7f72db83f000 r-xp 00005000 08:05 6558189                    /usr/lib/x86_64-linux-gnu/libpng16.so.16.37.0
7f72db83f000-7f72db84a000 r--p 0002e000 08:05 6558189                    /usr/lib/x86_64-linux-gnu/libpng16.so.16.37.0
7f72db84a000-7f72db84b000 r--p 00038000 08:05 6558189                    /usr/lib/x86_64-linux-gnu/libpng16.so.16.37.0
7f72db84b000-7f72db84c000 rw-p 00039000 08:05 6558189                    /usr/lib/x86_64-linux-gnu/libpng16.so.16.37.0
7f72db84c000-7f72db84f000 r--p 00000000 08:05 6558249                    /usr/lib/x86_64-linux-gnu/libgraphite2.so.3.2.1
7f72db84f000-7f72db86c000 r-xp 00003000 08:05 6558249                    /usr/lib/x86_64-linux-gnu/libgraphite2.so.3.2.1
7f72db86c000-7f72db870000 r--p 00020000 08:05 6558249                    /usr/lib/x86_64-linux-gnu/libgraphite2.so.3.2.1
7f72db870000-7f72db872000 r--p 00023000 08:05 6558249                    /usr/lib/x86_64-linux-gnu/libgraphite2.so.3.2.1
7f72db872000-7f72db873000 rw-p 00025000 08:05 6558249                    /usr/lib/x86_64-linux-gnu/libgraphite2.so.3.2.1
7f72db873000-7f72db890000 r--p 00000000 08:05 6553975                    /usr/lib/x86_64-linux-gnu/libglib-2.0.so.0.7200.1
7f72db890000-7f72db91f000 r-xp 0001d000 08:05 6553975                    /usr/lib/x86_64-linux-gnu/libglib-2.0.so.0.7200.1
7f72db91f000-7f72db9a9000 r--p 000ac000 08:05 6553975                    /usr/lib/x86_64-linux-gnu/libglib-2.0.so.0.7200.1
7f72db9a9000-7f72db9aa000 ---p 00136000 08:05 6553975                    /usr/lib/x86_64-linux-gnu/libglib-2.0.so.0.7200.1
7f72db9aa000-7f72db9ab000 r--p 00136000 08:05 6553975                    /usr/lib/x86_64-linux-gnu/libglib-2.0.so.0.7200.1
7f72db9ab000-7f72db9ac000 rw-p 00137000 08:05 6553975                    /usr/lib/x86_64-linux-gnu/libglib-2.0.so.0.7200.1
7f72db9ac000-7f72db9ad000 rw-p 00000000 00:00 0 
7f72db9ad000-7f72db9ba000 r--p 00000000 08:05 6558197                    /usr/lib/x86_64-linux-gnu/libfreetype.so.6.18.1
7f72db9ba000-7f72dba43000 r-xp 0000d000 08:05 6558197                    /usr/lib/x86_64-linux-gnu/libfreetype.so.6.18.1
7f72dba43000-7f72dba6c000 r--p 00096000 08:05 6558197                    /usr/lib/x86_64-linux-gnu/libfreetype.so.6.18.1
7f72dba6c000-7f72dba6d000 ---p 000bf000 08:05 6558197                    /usr/lib/x86_64-linux-gnu/libfreetype.so.6.18.1
7f72dba6d000-7f72dba74000 r--p 000bf000 08:05 6558197                    /usr/lib/x86_64-linux-gnu/libfreetype.so.6.18.1
7f72dba74000-7f72dba75000 rw-p 000c6000 08:05 6558197                    /usr/lib/x86_64-linux-gnu/libfreetype.so.6.18.1
7f72dba75000-7f72dba7e000 r--p 00000000 08:05 6558251                    /usr/lib/x86_64-linux-gnu/libharfbuzz.so.0.20704.0
7f72dba7e000-7f72dbb0f000 r-xp 00009000 08:05 6558251                    /usr/lib/x86_64-linux-gnu/libharfbuzz.so.0.20704.0
7f72dbb0f000-7f72dbb41000 r--p 0009a000 08:05 6558251                    /usr/lib/x86_64-linux-gnu/libharfbuzz.so.0.20704.0
7f72dbb41000-7f72dbb42000 ---p 000cc000 08:05 6558251                    /usr/lib/x86_64-linux-gnu/libharfbuzz.so.0.20704.0
7f72dbb42000-7f72dbb43000 r--p 000cc000 08:05 6558251                    /usr/lib/x86_64-linux-gnu/libharfbuzz.so.0.20704.0
7f72dbb43000-7f72dbb44000 rw-p 000cd000 08:05 6558251                    /usr/lib/x86_64-linux-gnu/libharfbuzz.so.0.20704.0
7f72dbb44000-7f72dbb45000 r--s 00000000 08:05 12452669                   /var/cache/fontconfig/243cb782-f932-4120-bff0-29103fe77526-le64.cache-7
7f72dbb45000-7f72dbb48000 r--s 00000000 08:05 12452132                   /var/cache/fontconfig/550616a4-27d2-4747-800b-d3e6f40efa9f-le64.cache-7
7f72dbb4a000-7f72dbb51000 r--s 00000000 08:05 7215957                    /usr/lib/x86_64-linux-gnu/gconv/gconv-modules.cache
7f72dbb51000-7f72dbb52000 r--p 00000000 08:05 7735144                    /usr/lib/jvm/java-18-openjdk-amd64/lib/libextnet.so
7f72dbb52000-7f72dbb53000 r-xp 00001000 08:05 7735144                    /usr/lib/jvm/java-18-openjdk-amd64/lib/libextnet.so
7f72dbb53000-7f72dbb54000 r--p 00002000 08:05 7735144                    /usr/lib/jvm/java-18-openjdk-amd64/lib/libextnet.so
7f72dbb54000-7f72dbb55000 r--p 00002000 08:05 7735144                    /usr/lib/jvm/java-18-openjdk-amd64/lib/libextnet.so
7f72dbb55000-7f72dbb56000 rw-p 00003000 08:05 7735144                    /usr/lib/jvm/java-18-openjdk-amd64/lib/libextnet.so
7f72dbb56000-7f72dbb57000 r--p 00000000 08:05 6555712                    /usr/lib/x86_64-linux-gnu/libXinerama.so.1.0.0
7f72dbb57000-7f72dbb58000 r-xp 00001000 08:05 6555712                    /usr/lib/x86_64-linux-gnu/libXinerama.so.1.0.0
7f72dbb58000-7f72dbb59000 r--p 00002000 08:05 6555712                    /usr/lib/x86_64-linux-gnu/libXinerama.so.1.0.0
7f72dbb59000-7f72dbb5a000 r--p 00003000 08:05 6555712                    /usr/lib/x86_64-linux-gnu/libXinerama.so.1.0.0
7f72dbb5a000-7f72dbb5b000 rw-p 00004000 08:05 6555712                    /usr/lib/x86_64-linux-gnu/libXinerama.so.1.0.0
7f72dbb5b000-7f72dbb5d000 r--p 00000000 08:05 6557030                    /usr/lib/x86_64-linux-gnu/libmd.so.0.0.5
7f72dbb5d000-7f72dbb64000 r-xp 00002000 08:05 6557030                    /usr/lib/x86_64-linux-gnu/libmd.so.0.0.5
7f72dbb64000-7f72dbb66000 r--p 00009000 08:05 6557030                    /usr/lib/x86_64-linux-gnu/libmd.so.0.0.5
7f72dbb66000-7f72dbb67000 r--p 0000a000 08:05 6557030                    /usr/lib/x86_64-linux-gnu/libmd.so.0.0.5
7f72dbb67000-7f72dbb68000 rw-p 0000b000 08:05 6557030                    /usr/lib/x86_64-linux-gnu/libmd.so.0.0.5
7f72dbb68000-7f72dbb6c000 r--p 00000000 08:05 6557032                    /usr/lib/x86_64-linux-gnu/libbsd.so.0.11.5
7f72dbb6c000-7f72dbb79000 r-xp 00004000 08:05 6557032                    /usr/lib/x86_64-linux-gnu/libbsd.so.0.11.5
7f72dbb79000-7f72dbb7c000 r--p 00011000 08:05 6557032                    /usr/lib/x86_64-linux-gnu/libbsd.so.0.11.5
7f72dbb7c000-7f72dbb7d000 ---p 00014000 08:05 6557032                    /usr/lib/x86_64-linux-gnu/libbsd.so.0.11.5
7f72dbb7d000-7f72dbb7e000 r--p 00014000 08:05 6557032                    /usr/lib/x86_64-linux-gnu/libbsd.so.0.11.5
7f72dbb7e000-7f72dbb7f000 rw-p 00015000 08:05 6557032                    /usr/lib/x86_64-linux-gnu/libbsd.so.0.11.5
7f72dbb7f000-7f72dbb80000 rw-p 00000000 00:00 0 
7f72dbb80000-7f72dbb82000 r--p 00000000 08:05 6557034                    /usr/lib/x86_64-linux-gnu/libXdmcp.so.6.0.0
7f72dbb82000-7f72dbb84000 r-xp 00002000 08:05 6557034                    /usr/lib/x86_64-linux-gnu/libXdmcp.so.6.0.0
7f72dbb84000-7f72dbb86000 r--p 00004000 08:05 6557034                    /usr/lib/x86_64-linux-gnu/libXdmcp.so.6.0.0
7f72dbb86000-7f72dbb87000 r--p 00005000 08:05 6557034                    /usr/lib/x86_64-linux-gnu/libXdmcp.so.6.0.0
7f72dbb87000-7f72dbb88000 rw-p 00006000 08:05 6557034                    /usr/lib/x86_64-linux-gnu/libXdmcp.so.6.0.0
7f72dbb88000-7f72dbb93000 r--p 00000000 08:05 6557036                    /usr/lib/x86_64-linux-gnu/libxcb.so.1.1.0
7f72dbb93000-7f72dbba7000 r-xp 0000b000 08:05 6557036                    /usr/lib/x86_64-linux-gnu/libxcb.so.1.1.0
7f72dbba7000-7f72dbbb0000 r--p 0001f000 08:05 6557036                    /usr/lib/x86_64-linux-gnu/libxcb.so.1.1.0
7f72dbbb0000-7f72dbbb1000 r--p 00027000 08:05 6557036                    /usr/lib/x86_64-linux-gnu/libxcb.so.1.1.0
7f72dbbb1000-7f72dbbb2000 rw-p 00028000 08:05 6557036                    /usr/lib/x86_64-linux-gnu/libxcb.so.1.1.0
7f72dbbb2000-7f72dbbb5000 r--p 00000000 08:05 6555675                    /usr/lib/x86_64-linux-gnu/libXi.so.6.1.0
7f72dbbb5000-7f72dbbc1000 r-xp 00003000 08:05 6555675                    /usr/lib/x86_64-linux-gnu/libXi.so.6.1.0
7f72dbbc1000-7f72dbbc4000 r--p 0000f000 08:05 6555675                    /usr/lib/x86_64-linux-gnu/libXi.so.6.1.0
7f72dbbc4000-7f72dbbc5000 r--p 00011000 08:05 6555675                    /usr/lib/x86_64-linux-gnu/libXi.so.6.1.0
7f72dbbc5000-7f72dbbc6000 rw-p 00012000 08:05 6555675                    /usr/lib/x86_64-linux-gnu/libXi.so.6.1.0
7f72dbbc6000-7f72dbbc8000 r--p 00000000 08:05 6558228                    /usr/lib/x86_64-linux-gnu/libXrender.so.1.3.0
7f72dbbc8000-7f72dbbcf000 r-xp 00002000 08:05 6558228                    /usr/lib/x86_64-linux-gnu/libXrender.so.1.3.0
7f72dbbcf000-7f72dbbd1000 r--p 00009000 08:05 6558228                    /usr/lib/x86_64-linux-gnu/libXrender.so.1.3.0
7f72dbbd1000-7f72dbbd2000 r--p 0000a000 08:05 6558228                    /usr/lib/x86_64-linux-gnu/libXrender.so.1.3.0
7f72dbbd2000-7f72dbbd3000 rw-p 0000b000 08:05 6558228                    /usr/lib/x86_64-linux-gnu/libXrender.so.1.3.0
7f72dbbd3000-7f72dbbec000 r--p 00000000 08:05 6557018                    /usr/lib/x86_64-linux-gnu/libX11.so.6.4.0
7f72dbbec000-7f72dbc78000 r-xp 00019000 08:05 6557018                    /usr/lib/x86_64-linux-gnu/libX11.so.6.4.0
7f72dbc78000-7f72dbd0d000 r--p 000a5000 08:05 6557018                    /usr/lib/x86_64-linux-gnu/libX11.so.6.4.0
7f72dbd0d000-7f72dbd0e000 ---p 0013a000 08:05 6557018                    /usr/lib/x86_64-linux-gnu/libX11.so.6.4.0
7f72dbd0e000-7f72dbd0f000 r--p 0013a000 08:05 6557018                    /usr/lib/x86_64-linux-gnu/libX11.so.6.4.0
7f72dbd0f000-7f72dbd13000 rw-p 0013b000 08:05 6557018                    /usr/lib/x86_64-linux-gnu/libX11.so.6.4.0
7f72dbd13000-7f72dbd3d000 r--p 00000000 08:05 7735141                    /usr/lib/jvm/java-18-openjdk-amd64/lib/libawt.so
7f72dbd3d000-7f72dbdc0000 r-xp 0002a000 08:05 7735141                    /usr/lib/jvm/java-18-openjdk-amd64/lib/libawt.so
7f72dbdc0000-7f72dbdcd000 r--p 000ad000 08:05 7735141                    /usr/lib/jvm/java-18-openjdk-amd64/lib/libawt.so
7f72dbdcd000-7f72dbdce000 r--p 000b9000 08:05 7735141                    /usr/lib/jvm/java-18-openjdk-amd64/lib/libawt.so
7f72dbdce000-7f72dbdd9000 rw-p 000ba000 08:05 7735141                    /usr/lib/jvm/java-18-openjdk-amd64/lib/libawt.so
7f72dbdd9000-7f72dbdfe000 rw-p 00000000 00:00 0 
7f72dbdfe000-7f72dbe02000 ---p 00000000 00:00 0 
7f72dbe02000-7f72dbefe000 rw-p 00000000 00:00 0 
7f72dbefe000-7f72dbeff000 ---p 00000000 00:00 0 
7f72dbeff000-7f72dc000000 rw-p 00000000 00:00 0 
7f72dc000000-7f72dc021000 rw-p 00000000 00:00 0 
7f72dc021000-7f72e0000000 ---p 00000000 00:00 0 
7f72e0000000-7f72e0021000 rw-p 00000000 00:00 0 
7f72e0021000-7f72e4000000 ---p 00000000 00:00 0 
7f72e4000000-7f72e43fd000 rw-p 00000000 00:00 0 
7f72e43fd000-7f72e8000000 ---p 00000000 00:00 0 
7f72e8000000-7f72e84fd000 rw-p 00000000 00:00 0 
7f72e84fd000-7f72ec000000 ---p 00000000 00:00 0 
7f72ec000000-7f72ec021000 rw-p 00000000 00:00 0 
7f72ec021000-7f72f0000000 ---p 00000000 00:00 0 
7f72f0000000-7f72f0021000 rw-p 00000000 00:00 0 
7f72f0021000-7f72f4000000 ---p 00000000 00:00 0 
7f72f4000000-7f72f4021000 rw-p 00000000 00:00 0 
7f72f4021000-7f72f8000000 ---p 00000000 00:00 0 
7f72f8000000-7f72f8021000 rw-p 00000000 00:00 0 
7f72f8021000-7f72fc000000 ---p 00000000 00:00 0 
7f72fc000000-7f72fc021000 rw-p 00000000 00:00 0 
7f72fc021000-7f7300000000 ---p 00000000 00:00 0 
7f7300000000-7f7300021000 rw-p 00000000 00:00 0 
7f7300021000-7f7304000000 ---p 00000000 00:00 0 
7f7304000000-7f7304400000 rw-p 00000000 00:00 0 
7f7304400000-7f7304500000 rw-p 00000000 00:00 0 
7f7304500000-7f7304600000 rw-p 00000000 00:00 0 
7f7304600000-7f7304700000 rw-p 00000000 00:00 0 
7f7304700000-7f7304800000 rw-p 00000000 00:00 0 
7f7304800000-7f7304880000 rw-p 00000000 00:00 0 
7f7304880000-7f7304900000 rw-p 00000000 00:00 0 
7f7304900000-7f7304b00000 rw-p 00000000 00:00 0 
7f7304b00000-7f7304b80000 rw-p 00000000 00:00 0 
7f7304b80000-7f7304c80000 rw-p 00000000 00:00 0 
7f7304c80000-7f7304d00000 rw-p 00000000 00:00 0 
7f7304d00000-7f7304f00000 rw-p 00000000 00:00 0 
7f7304f00000-7f7304f20000 rw-p 00000000 00:00 0 
7f7304f20000-7f7304f40000 rw-p 00000000 00:00 0 
7f7304f40000-7f7304f80000 rw-p 00000000 00:00 0 
7f7304f80000-7f7305100000 rw-p 00000000 00:00 0 
7f7305100000-7f7305120000 rw-p 00000000 00:00 0 
7f7305120000-7f7305140000 rw-p 00000000 00:00 0 
7f7305140000-7f7305180000 rw-p 00000000 00:00 0 
7f7305180000-7f7305280000 rw-p 00000000 00:00 0 
7f7305280000-7f7308000000 ---p 00000000 00:00 0 
7f7308000000-7f7308021000 rw-p 00000000 00:00 0 
7f7308021000-7f730c000000 ---p 00000000 00:00 0 
7f730c000000-7f730c021000 rw-p 00000000 00:00 0 
7f730c021000-7f7310000000 ---p 00000000 00:00 0 
7f7310000000-7f7310021000 rw-p 00000000 00:00 0 
7f7310021000-7f7314000000 ---p 00000000 00:00 0 
7f7314000000-7f7314021000 rw-p 00000000 00:00 0 
7f7314021000-7f7318000000 ---p 00000000 00:00 0 
7f7318000000-7f7318021000 rw-p 00000000 00:00 0 
7f7318021000-7f731c000000 ---p 00000000 00:00 0 
7f731c000000-7f731c001000 r--p 00000000 08:05 6557026                    /usr/lib/x86_64-linux-gnu/libXau.so.6.0.0
7f731c001000-7f731c003000 r-xp 00001000 08:05 6557026                    /usr/lib/x86_64-linux-gnu/libXau.so.6.0.0
7f731c003000-7f731c004000 r--p 00003000 08:05 6557026                    /usr/lib/x86_64-linux-gnu/libXau.so.6.0.0
7f731c004000-7f731c005000 r--p 00003000 08:05 6557026                    /usr/lib/x86_64-linux-gnu/libXau.so.6.0.0
7f731c005000-7f731c006000 rw-p 00004000 08:05 6557026                    /usr/lib/x86_64-linux-gnu/libXau.so.6.0.0
7f731c006000-7f731c00a000 r--p 00000000 08:05 6558226                    /usr/lib/x86_64-linux-gnu/libXext.so.6.4.0
7f731c00a000-7f731c015000 r-xp 00004000 08:05 6558226                    /usr/lib/x86_64-linux-gnu/libXext.so.6.4.0
7f731c015000-7f731c019000 r--p 0000f000 08:05 6558226                    /usr/lib/x86_64-linux-gnu/libXext.so.6.4.0
7f731c019000-7f731c01a000 r--p 00012000 08:05 6558226                    /usr/lib/x86_64-linux-gnu/libXext.so.6.4.0
7f731c01a000-7f731c01b000 rw-p 00013000 08:05 6558226                    /usr/lib/x86_64-linux-gnu/libXext.so.6.4.0
7f731c01b000-7f731c029000 r--p 00000000 08:05 7735626                    /usr/lib/jvm/java-18-openjdk-amd64/lib/libawt_xawt.so
7f731c029000-7f731c066000 r-xp 0000e000 08:05 7735626                    /usr/lib/jvm/java-18-openjdk-amd64/lib/libawt_xawt.so
7f731c066000-7f731c077000 r--p 0004b000 08:05 7735626                    /usr/lib/jvm/java-18-openjdk-amd64/lib/libawt_xawt.so
7f731c077000-7f731c078000 ---p 0005c000 08:05 7735626                    /usr/lib/jvm/java-18-openjdk-amd64/lib/libawt_xawt.so
7f731c078000-7f731c079000 r--p 0005c000 08:05 7735626                    /usr/lib/jvm/java-18-openjdk-amd64/lib/libawt_xawt.so
7f731c079000-7f731c07a000 rw-p 0005d000 08:05 7735626                    /usr/lib/jvm/java-18-openjdk-amd64/lib/libawt_xawt.so
7f731c07a000-7f731c0ac000 rw-p 00000000 00:00 0 
7f731c0ac000-7f731c0b0000 ---p 00000000 00:00 0 
7f731c0b0000-7f731c1ac000 rw-p 00000000 00:00 0 
7f731c1ac000-7f731c1b0000 ---p 00000000 00:00 0 
7f731c1b0000-7f731c2ac000 rw-p 00000000 00:00 0 
7f731c2ac000-7f731c2b0000 ---p 00000000 00:00 0 
7f731c2b0000-7f731c3ac000 rw-p 00000000 00:00 0 
7f731c3ac000-7f731c3b0000 ---p 00000000 00:00 0 
7f731c3b0000-7f731c4ac000 rw-p 00000000 00:00 0 
7f731c4ac000-7f731c4b0000 ---p 00000000 00:00 0 
7f731c4b0000-7f731c5ac000 rw-p 00000000 00:00 0 
7f731c5ac000-7f731c5b0000 ---p 00000000 00:00 0 
7f731c5b0000-7f731c6ac000 rw-p 00000000 00:00 0 
7f731c6ac000-7f731c6b0000 ---p 00000000 00:00 0 
7f731c6b0000-7f731c7ac000 rw-p 00000000 00:00 0 
7f731c7ac000-7f731cd79000 r--p 00000000 08:05 6553832                    /usr/lib/locale/locale-archive
7f731cd79000-7f731cd7d000 ---p 00000000 00:00 0 
7f731cd7d000-7f731ce79000 rw-p 00000000 00:00 0 
7f731ce79000-7f731ce7d000 ---p 00000000 00:00 0 
7f731ce7d000-7f731cf79000 rw-p 00000000 00:00 0 
7f731cf79000-7f731cf7a000 ---p 00000000 00:00 0 
7f731cf7a000-7f731d07b000 rw-p 00000000 00:00 0 
7f731d07b000-7f731d07f000 r--p 00000000 08:05 7735229                    /usr/lib/jvm/java-18-openjdk-amd64/lib/libjsvml.so
7f731d07f000-7f731d0c0000 r-xp 00004000 08:05 7735229                    /usr/lib/jvm/java-18-openjdk-amd64/lib/libjsvml.so
7f731d0c0000-7f731d149000 r--p 00045000 08:05 7735229                    /usr/lib/jvm/java-18-openjdk-amd64/lib/libjsvml.so
7f731d149000-7f731d14a000 r--p 000cd000 08:05 7735229                    /usr/lib/jvm/java-18-openjdk-amd64/lib/libjsvml.so
7f731d14a000-7f731d14b000 rw-p 000ce000 08:05 7735229                    /usr/lib/jvm/java-18-openjdk-amd64/lib/libjsvml.so
7f731d14b000-7f731d268000 rw-p 00000000 00:00 0 
7f731d268000-7f731d269000 ---p 00000000 00:00 0 
7f731d269000-7f731d36a000 rw-p 00000000 00:00 0 
7f731d36a000-7f731d36b000 ---p 00000000 00:00 0 
7f731d36b000-7f731f65c000 rw-p 00000000 00:00 0 
7f731f65c000-7f73212fc000 ---p 00000000 00:00 0 
7f73212fc000-7f7321304000 rw-p 00000000 00:00 0 
7f7321304000-7f7321574000 rwxp 00000000 00:00 0 
7f7321574000-7f7321895000 ---p 00000000 00:00 0 
7f7321895000-7f7321cb5000 rwxp 00000000 00:00 0 
7f7321cb5000-7f7328dcc000 ---p 00000000 00:00 0 
7f7328dcc000-7f732903c000 rwxp 00000000 00:00 0 
7f732903c000-7f7330304000 ---p 00000000 00:00 0 
7f7330304000-7f7338000000 r--s 00000000 08:05 7735315                    /usr/lib/jvm/java-18-openjdk-amd64/lib/modules
7f7338000000-7f73386a6000 rw-p 00000000 00:00 0 
7f73386a6000-7f733c000000 ---p 00000000 00:00 0 
7f733c000000-7f733c002000 r--p 00000000 08:05 6558654                    /usr/lib/x86_64-linux-gnu/libXtst.so.6.1.0
7f733c002000-7f733c005000 r-xp 00002000 08:05 6558654                    /usr/lib/x86_64-linux-gnu/libXtst.so.6.1.0
7f733c005000-7f733c006000 r--p 00005000 08:05 6558654                    /usr/lib/x86_64-linux-gnu/libXtst.so.6.1.0
7f733c006000-7f733c007000 r--p 00005000 08:05 6558654                    /usr/lib/x86_64-linux-gnu/libXtst.so.6.1.0
7f733c007000-7f733c008000 rw-p 00006000 08:05 6558654                    /usr/lib/x86_64-linux-gnu/libXtst.so.6.1.0
7f733c008000-7f733c00b000 r--s 00000000 08:05 12452085                   /var/cache/fontconfig/c677aeb3-b1c8-4165-a780-c01936e97d67-le64.cache-7
7f733c00b000-7f733c00e000 r--p 00000000 08:05 7735145                    /usr/lib/jvm/java-18-openjdk-amd64/lib/libfontmanager.so
7f733c00e000-7f733c016000 r-xp 00003000 08:05 7735145                    /usr/lib/jvm/java-18-openjdk-amd64/lib/libfontmanager.so
7f733c016000-7f733c018000 r--p 0000b000 08:05 7735145                    /usr/lib/jvm/java-18-openjdk-amd64/lib/libfontmanager.so
7f733c018000-7f733c019000 r--p 0000c000 08:05 7735145                    /usr/lib/jvm/java-18-openjdk-amd64/lib/libfontmanager.so
7f733c019000-7f733c01a000 rw-p 0000d000 08:05 7735145                    /usr/lib/jvm/java-18-openjdk-amd64/lib/libfontmanager.so
7f733c01a000-7f733c01d000 r--p 00000000 08:05 7735235                    /usr/lib/jvm/java-18-openjdk-amd64/lib/libnet.so
7f733c01d000-7f733c025000 r-xp 00003000 08:05 7735235                    /usr/lib/jvm/java-18-openjdk-amd64/lib/libnet.so
7f733c025000-7f733c027000 r--p 0000b000 08:05 7735235                    /usr/lib/jvm/java-18-openjdk-amd64/lib/libnet.so
7f733c027000-7f733c028000 r--p 0000c000 08:05 7735235                    /usr/lib/jvm/java-18-openjdk-amd64/lib/libnet.so
7f733c028000-7f733c029000 rw-p 0000d000 08:05 7735235                    /usr/lib/jvm/java-18-openjdk-amd64/lib/libnet.so
7f733c029000-7f733c02f000 r--p 00000000 08:05 7735236                    /usr/lib/jvm/java-18-openjdk-amd64/lib/libnio.so
7f733c02f000-7f733c038000 r-xp 00006000 08:05 7735236                    /usr/lib/jvm/java-18-openjdk-amd64/lib/libnio.so
7f733c038000-7f733c03d000 r--p 0000f000 08:05 7735236                    /usr/lib/jvm/java-18-openjdk-amd64/lib/libnio.so
7f733c03d000-7f733c03e000 r--p 00013000 08:05 7735236                    /usr/lib/jvm/java-18-openjdk-amd64/lib/libnio.so
7f733c03e000-7f733c03f000 rw-p 00014000 08:05 7735236                    /usr/lib/jvm/java-18-openjdk-amd64/lib/libnio.so
7f733c03f000-7f733c443000 rw-p 00000000 00:00 0 
7f733c443000-7f733c444000 ---p 00000000 00:00 0 
7f733c444000-7f733c545000 rw-p 00000000 00:00 0 
7f733c545000-7f733c546000 ---p 00000000 00:00 0 
7f733c546000-7f733c647000 rw-p 00000000 00:00 0 
7f733c647000-7f733c648000 ---p 00000000 00:00 0 
7f733c648000-7f733c97b000 rw-p 00000000 00:00 0 
7f733c97b000-7f733e61b000 ---p 00000000 00:00 0 
7f733e61b000-7f733e661000 rw-p 00000000 00:00 0 
7f733e661000-7f733e9f5000 ---p 00000000 00:00 0 
7f733e9f5000-7f733ea34000 rw-p 00000000 00:00 0 
7f733ea34000-7f733edc8000 ---p 00000000 00:00 0 
7f733edc8000-7f733ee07000 rw-p 00000000 00:00 0 
7f733ee07000-7f733f19b000 ---p 00000000 00:00 0 
7f733f19b000-7f733f5a5000 rw-p 00000000 00:00 0 
7f733f5a5000-7f733f68b000 ---p 00000000 00:00 0 
7f733f68b000-7f733f694000 rw-p 00000000 00:00 0 
7f733f694000-7f733f776000 ---p 00000000 00:00 0 
7f733f776000-7f733f77b000 rw-p 00000000 00:00 0 
7f733f77b000-7f733f782000 ---p 00000000 00:00 0 
7f733f782000-7f733f784000 r--s 0000c000 08:05 7348931                    /usr/share/java/java-atk-wrapper.jar
7f733f784000-7f733f786000 r--p 00000000 08:05 7735314                    /usr/lib/jvm/java-18-openjdk-amd64/lib/libzip.so
7f733f786000-7f733f78a000 r-xp 00002000 08:05 7735314                    /usr/lib/jvm/java-18-openjdk-amd64/lib/libzip.so
7f733f78a000-7f733f78c000 r--p 00006000 08:05 7735314                    /usr/lib/jvm/java-18-openjdk-amd64/lib/libzip.so
7f733f78c000-7f733f78d000 r--p 00007000 08:05 7735314                    /usr/lib/jvm/java-18-openjdk-amd64/lib/libzip.so
7f733f78d000-7f733f78e000 rw-p 00008000 08:05 7735314                    /usr/lib/jvm/java-18-openjdk-amd64/lib/libzip.so
7f733f78e000-7f733f79a000 r--p 00000000 08:05 7735222                    /usr/lib/jvm/java-18-openjdk-amd64/lib/libjava.so
7f733f79a000-7f733f7ad000 r-xp 0000c000 08:05 7735222                    /usr/lib/jvm/java-18-openjdk-amd64/lib/libjava.so
7f733f7ad000-7f733f7b2000 r--p 0001f000 08:05 7735222                    /usr/lib/jvm/java-18-openjdk-amd64/lib/libjava.so
7f733f7b2000-7f733f7b3000 ---p 00024000 08:05 7735222                    /usr/lib/jvm/java-18-openjdk-amd64/lib/libjava.so
7f733f7b3000-7f733f7b4000 r--p 00024000 08:05 7735222                    /usr/lib/jvm/java-18-openjdk-amd64/lib/libjava.so
7f733f7b4000-7f733f7b5000 rw-p 00025000 08:05 7735222                    /usr/lib/jvm/java-18-openjdk-amd64/lib/libjava.so
7f733f7b5000-7f733f7b6000 rw-p 00000000 00:00 0 
7f733f7b6000-7f733f7ba000 ---p 00000000 00:00 0 
7f733f7ba000-7f733f8b6000 rw-p 00000000 00:00 0 
7f733f8b6000-7f733f8b9000 r--p 00000000 08:05 6553732                    /usr/lib/x86_64-linux-gnu/libgcc_s.so.1
7f733f8b9000-7f733f8d0000 r-xp 00003000 08:05 6553732                    /usr/lib/x86_64-linux-gnu/libgcc_s.so.1
7f733f8d0000-7f733f8d4000 r--p 0001a000 08:05 6553732                    /usr/lib/x86_64-linux-gnu/libgcc_s.so.1
7f733f8d4000-7f733f8d5000 r--p 0001d000 08:05 6553732                    /usr/lib/x86_64-linux-gnu/libgcc_s.so.1
7f733f8d5000-7f733f8d6000 rw-p 0001e000 08:05 6553732                    /usr/lib/x86_64-linux-gnu/libgcc_s.so.1
7f733f8d6000-7f733f8e4000 r--p 00000000 08:05 6555964                    /usr/lib/x86_64-linux-gnu/libm.so.6
7f733f8e4000-7f733f960000 r-xp 0000e000 08:05 6555964                    /usr/lib/x86_64-linux-gnu/libm.so.6
7f733f960000-7f733f9bb000 r--p 0008a000 08:05 6555964                    /usr/lib/x86_64-linux-gnu/libm.so.6
7f733f9bb000-7f733f9bc000 r--p 000e4000 08:05 6555964                    /usr/lib/x86_64-linux-gnu/libm.so.6
7f733f9bc000-7f733f9bd000 rw-p 000e5000 08:05 6555964                    /usr/lib/x86_64-linux-gnu/libm.so.6
7f733f9bd000-7f733fa57000 r--p 00000000 08:05 6553738                    /usr/lib/x86_64-linux-gnu/libstdc++.so.6.0.30
7f733fa57000-7f733fb68000 r-xp 0009a000 08:05 6553738                    /usr/lib/x86_64-linux-gnu/libstdc++.so.6.0.30
7f733fb68000-7f733fbd8000 r--p 001ab000 08:05 6553738                    /usr/lib/x86_64-linux-gnu/libstdc++.so.6.0.30
7f733fbd8000-7f733fbe3000 r--p 0021a000 08:05 6553738                    /usr/lib/x86_64-linux-gnu/libstdc++.so.6.0.30
7f733fbe3000-7f733fbe6000 rw-p 00225000 08:05 6553738                    /usr/lib/x86_64-linux-gnu/libstdc++.so.6.0.30
7f733fbe6000-7f733fbe9000 rw-p 00000000 00:00 0 
7f733fbe9000-7f733fe3a000 r--p 00000000 08:05 7735400                    /usr/lib/jvm/java-18-openjdk-amd64/lib/server/libjvm.so
7f733fe3a000-7f7340ce5000 r-xp 00251000 08:05 7735400                    /usr/lib/jvm/java-18-openjdk-amd64/lib/server/libjvm.so
7f7340ce5000-7f7340ea1000 r--p 010fc000 08:05 7735400                    /usr/lib/jvm/java-18-openjdk-amd64/lib/server/libjvm.so
7f7340ea1000-7f7340ea2000 ---p 012b8000 08:05 7735400                    /usr/lib/jvm/java-18-openjdk-amd64/lib/server/libjvm.so
7f7340ea2000-7f7340f61000 r--p 012b8000 08:05 7735400                    /usr/lib/jvm/java-18-openjdk-amd64/lib/server/libjvm.so
7f7340f61000-7f7340f8d000 rw-p 01377000 08:05 7735400                    /usr/lib/jvm/java-18-openjdk-amd64/lib/server/libjvm.so
7f7340f8d000-7f7340feb000 rw-p 00000000 00:00 0 
7f7340feb000-7f7340fed000 r--p 00000000 08:05 6556192                    /usr/lib/x86_64-linux-gnu/libz.so.1.2.11
7f7340fed000-7f7340ffe000 r-xp 00002000 08:05 6556192                    /usr/lib/x86_64-linux-gnu/libz.so.1.2.11
7f7340ffe000-7f7341004000 r--p 00013000 08:05 6556192                    /usr/lib/x86_64-linux-gnu/libz.so.1.2.11
7f7341004000-7f7341005000 ---p 00019000 08:05 6556192                    /usr/lib/x86_64-linux-gnu/libz.so.1.2.11
7f7341005000-7f7341006000 r--p 00019000 08:05 6556192                    /usr/lib/x86_64-linux-gnu/libz.so.1.2.11
7f7341006000-7f7341007000 rw-p 0001a000 08:05 6556192                    /usr/lib/x86_64-linux-gnu/libz.so.1.2.11
7f7341007000-7f734102f000 r--p 00000000 08:05 6555961                    /usr/lib/x86_64-linux-gnu/libc.so.6
7f734102f000-7f73411c4000 r-xp 00028000 08:05 6555961                    /usr/lib/x86_64-linux-gnu/libc.so.6
7f73411c4000-7f734121c000 r--p 001bd000 08:05 6555961                    /usr/lib/x86_64-linux-gnu/libc.so.6
7f734121c000-7f7341220000 r--p 00214000 08:05 6555961                    /usr/lib/x86_64-linux-gnu/libc.so.6
7f7341220000-7f7341222000 rw-p 00218000 08:05 6555961                    /usr/lib/x86_64-linux-gnu/libc.so.6
7f7341222000-7f734122f000 rw-p 00000000 00:00 0 
7f734122f000-7f7341230000 r--s 00000000 08:05 12459147                   /var/cache/fontconfig/86f4d8a5-7790-4f46-939f-d1188ef827c2-le64.cache-7
7f7341230000-7f7341238000 rw-s 00000000 08:05 6424649                    /tmp/hsperfdata_dereje/345399
7f7341238000-7f7341239000 ---p 00000000 00:00 0 
7f7341239000-7f734123a000 r--p 00000000 00:00 0 
7f734123a000-7f734123c000 r--p 00000000 08:05 7735225                    /usr/lib/jvm/java-18-openjdk-amd64/lib/libjimage.so
7f734123c000-7f734123e000 r-xp 00002000 08:05 7735225                    /usr/lib/jvm/java-18-openjdk-amd64/lib/libjimage.so
7f734123e000-7f734123f000 r--p 00004000 08:05 7735225                    /usr/lib/jvm/java-18-openjdk-amd64/lib/libjimage.so
7f734123f000-7f7341240000 r--p 00004000 08:05 7735225                    /usr/lib/jvm/java-18-openjdk-amd64/lib/libjimage.so
7f7341240000-7f7341241000 rw-p 00005000 08:05 7735225                    /usr/lib/jvm/java-18-openjdk-amd64/lib/libjimage.so
7f7341241000-7f7341243000 r--p 00000000 08:05 7735226                    /usr/lib/jvm/java-18-openjdk-amd64/lib/libjli.so
7f7341243000-7f734124d000 r-xp 00002000 08:05 7735226                    /usr/lib/jvm/java-18-openjdk-amd64/lib/libjli.so
7f734124d000-7f7341250000 r--p 0000c000 08:05 7735226                    /usr/lib/jvm/java-18-openjdk-amd64/lib/libjli.so
7f7341250000-7f7341251000 r--p 0000e000 08:05 7735226                    /usr/lib/jvm/java-18-openjdk-amd64/lib/libjli.so
7f7341251000-7f7341252000 rw-p 0000f000 08:05 7735226                    /usr/lib/jvm/java-18-openjdk-amd64/lib/libjli.so
7f7341252000-7f7341254000 rw-p 00000000 00:00 0 
7f7341254000-7f7341256000 r--p 00000000 08:05 6555958                    /usr/lib/x86_64-linux-gnu/ld-linux-x86-64.so.2
7f7341256000-7f7341280000 r-xp 00002000 08:05 6555958                    /usr/lib/x86_64-linux-gnu/ld-linux-x86-64.so.2
7f7341280000-7f734128b000 r--p 0002c000 08:05 6555958                    /usr/lib/x86_64-linux-gnu/ld-linux-x86-64.so.2
7f734128b000-7f734128c000 ---p 00000000 00:00 0 
7f734128c000-7f734128e000 r--p 00037000 08:05 6555958                    /usr/lib/x86_64-linux-gnu/ld-linux-x86-64.so.2
7f734128e000-7f7341290000 rw-p 00039000 08:05 6555958                    /usr/lib/x86_64-linux-gnu/ld-linux-x86-64.so.2
7ffc1e564000-7ffc1e586000 rw-p 00000000 00:00 0                          [stack]
7ffc1e5b2000-7ffc1e5b6000 r--p 00000000 00:00 0                          [vvar]
7ffc1e5b6000-7ffc1e5b8000 r-xp 00000000 00:00 0                          [vdso]
ffffffffff600000-ffffffffff601000 --xp 00000000 00:00 0                  [vsyscall]


VM Arguments:
jvm_args: --enable-preview 
java_command: Main
java_class_path (initial): /home/dereje/Documents/dev/cinema-booking/bin:/usr/share/java/mysql-connector-java-8.0.29.jar
Launcher Type: SUN_STANDARD

[Global flags]
     intx CICompilerCount                          = 3                                         {product} {ergonomic}
     uint ConcGCThreads                            = 1                                         {product} {ergonomic}
     uint G1ConcRefinementThreads                  = 4                                         {product} {ergonomic}
   size_t G1HeapRegionSize                         = 1048576                                   {product} {ergonomic}
    uintx GCDrainStackTargetSize                   = 64                                        {product} {ergonomic}
   size_t InitialHeapSize                          = 130023424                                 {product} {ergonomic}
   size_t MarkStackSize                            = 4194304                                   {product} {ergonomic}
   size_t MaxHeapSize                              = 2053111808                                {product} {ergonomic}
   size_t MaxNewSize                               = 1231028224                                {product} {ergonomic}
   size_t MinHeapDeltaBytes                        = 1048576                                   {product} {ergonomic}
   size_t MinHeapSize                              = 8388608                                   {product} {ergonomic}
    uintx NonNMethodCodeHeapSize                   = 5832780                                {pd product} {ergonomic}
    uintx NonProfiledCodeHeapSize                  = 122912730                              {pd product} {ergonomic}
    uintx ProfiledCodeHeapSize                     = 122912730                              {pd product} {ergonomic}
    uintx ReservedCodeCacheSize                    = 251658240                              {pd product} {ergonomic}
     bool SegmentedCodeCache                       = true                                      {product} {ergonomic}
   size_t SoftMaxHeapSize                          = 2053111808                             {manageable} {ergonomic}
     bool UseCompressedClassPointers               = true                           {product lp64_product} {ergonomic}
     bool UseCompressedOops                        = true                           {product lp64_product} {ergonomic}
     bool UseG1GC                                  = true                                      {product} {ergonomic}

Logging:
Log output configuration:
 #0: stdout all=warning uptime,level,tags foldmultilines=false
 #1: stderr all=off uptime,level,tags foldmultilines=false

Environment Variables:
CLASSPATH=/usr/share/java/mysql-connector-java-8.0.29.jar
PATH=/home/dereje/Documents/dev/cinema-booking/node_modules/.bin:/home/dereje/Documents/ideaIU-2022.1.1/idea-IU-221.5591.52/bin:/home/dereje/.local/bin:/usr/local/sbin:/usr/local/bin:/usr/sbin:/usr/bin:/sbin:/bin:/usr/games:/usr/local/games:/snap/bin:/snap/bin
USERNAME=dereje
SHELL=/usr/bin/zsh
DISPLAY=:0
LANG=en_US.UTF-8

Signal Handlers:
   SIGSEGV: 0x00007f73409ed550 in libjvm.so+14697808, mask=11100100010111111101111111111110, flags=SA_RESTART|SA_SIGINFO
    SIGBUS: 0x00007f73409ed550 in libjvm.so+14697808, mask=11100100010111111101111111111110, flags=SA_RESTART|SA_SIGINFO
    SIGFPE: 0x00007f73409ed550 in libjvm.so+14697808, mask=11100100010111111101111111111110, flags=SA_RESTART|SA_SIGINFO
   SIGPIPE: 0x00007f73408dd720 in libjvm.so+13584160, mask=11100100010111111101111111111110, flags=SA_RESTART|SA_SIGINFO
   SIGXFSZ: 0x00007f73408dd720 in libjvm.so+13584160, mask=11100100010111111101111111111110, flags=SA_RESTART|SA_SIGINFO
    SIGILL: 0x00007f73409ed550 in libjvm.so+14697808, mask=11100100010111111101111111111110, flags=SA_RESTART|SA_SIGINFO
   SIGUSR2: 0x00007f73408d6c00 in libjvm.so+13556736, mask=00000000000000000000000000000000, flags=SA_RESTART|SA_SIGINFO
    SIGHUP: 0x00007f73408d6b20 in libjvm.so+13556512, mask=11100100010111111101111111111110, flags=SA_RESTART|SA_SIGINFO
    SIGINT: 0x00007f73408d6b20 in libjvm.so+13556512, mask=11100100010111111101111111111110, flags=SA_RESTART|SA_SIGINFO
   SIGTERM: 0x00007f73408d6b20 in libjvm.so+13556512, mask=11100100010111111101111111111110, flags=SA_RESTART|SA_SIGINFO
   SIGQUIT: 0x00007f73408d6b20 in libjvm.so+13556512, mask=11100100010111111101111111111110, flags=SA_RESTART|SA_SIGINFO
   SIGTRAP: 0x00007f73409ed550 in libjvm.so+14697808, mask=11100100010111111101111111111110, flags=SA_RESTART|SA_SIGINFO


---------------  S Y S T E M  ---------------

OS:
DISTRIB_ID=Ubuntu
DISTRIB_RELEASE=22.04
DISTRIB_CODENAME=jammy
DISTRIB_DESCRIPTION="Ubuntu 22.04 LTS"
uname: Linux 5.15.0-30-generic #31-Ubuntu SMP Thu May 5 10:00:34 UTC 2022 x86_64
OS uptime: 3 days 11:38 hours
libc: glibc 2.35 NPTL 2.35 
rlimit (soft/hard): STACK 8192k/infinity , CORE 0k/infinity , NPROC 31011/31011 , NOFILE 1048576/1048576 , AS infinity/infinity , CPU infinity/infinity , DATA infinity/infinity , FSIZE infinity/infinity , MEMLOCK 1001688k/1001688k
load average: 2.58 1.94 1.63

/proc/meminfo:
MemTotal:        8013524 kB
MemFree:          138232 kB
MemAvailable:    3404664 kB
Buffers:           27912 kB
Cached:          4008536 kB
SwapCached:        98512 kB
Active:          2689388 kB
Inactive:        4536664 kB
Active(anon):    1205308 kB
Inactive(anon):  2646524 kB
Active(file):    1484080 kB
Inactive(file):  1890140 kB
Unevictable:       41888 kB
Mlocked:              80 kB
SwapTotal:       2097148 kB
SwapFree:            652 kB
Dirty:              2520 kB
Writeback:             0 kB
AnonPages:       3133312 kB
Mapped:           645516 kB
Shmem:            662612 kB
KReclaimable:     198392 kB
Slab:             371304 kB
SReclaimable:     198392 kB
SUnreclaim:       172912 kB
KernelStack:       24204 kB
PageTables:        67048 kB
NFS_Unstable:          0 kB
Bounce:                0 kB
WritebackTmp:          0 kB
CommitLimit:     6103908 kB
Committed_AS:   16508196 kB
VmallocTotal:   34359738367 kB
VmallocUsed:       60740 kB
VmallocChunk:          0 kB
Percpu:            10336 kB
HardwareCorrupted:     0 kB
AnonHugePages:         0 kB
ShmemHugePages:        0 kB
ShmemPmdMapped:        0 kB
FileHugePages:         0 kB
FilePmdMapped:         0 kB
HugePages_Total:       0
HugePages_Free:        0
HugePages_Rsvd:        0
HugePages_Surp:        0
Hugepagesize:       2048 kB
Hugetlb:               0 kB
DirectMap4k:     1646080 kB
DirectMap2M:     6615040 kB
DirectMap1G:     1048576 kB

/sys/kernel/mm/transparent_hugepage/enabled: always [madvise] never
/sys/kernel/mm/transparent_hugepage/defrag (defrag/compaction efforts parameter): always defer defer+madvise [madvise] never

Process Memory:
Virtual Size: 5464344K (peak: 5464344K)
Resident Set Size: 118064K (peak: 118140K) (anon: 82340K, file: 35724K, shmem: 0K)
Swapped out: 0K
C-Heap outstanding allocations: 9255K

/proc/sys/kernel/threads-max (system-wide limit on the number of threads): 62023
/proc/sys/vm/max_map_count (maximum number of memory map areas a process may have): 65530
/proc/sys/kernel/pid_max (system-wide limit on number of process identifiers): 4194304

container (cgroup) information:
container_type: cgroupv2
cpu_cpuset_cpus: not supported
cpu_memory_nodes: not supported
active_processor_count: 4
cpu_quota: not supported
cpu_period: not supported
cpu_shares: not supported
memory_limit_in_bytes: unlimited
memory_and_swap_limit_in_bytes: unlimited
memory_soft_limit_in_bytes: unlimited
memory_usage_in_bytes: 1628643328
memory_max_usage_in_bytes: not supported
maximum number of tasks: 9303
current number of tasks: 260

Steal ticks since vm start: 0
Steal ticks percentage since vm start:  0.000

CPU: total 4 (initial active 4) (2 cores per cpu, 2 threads per core) family 6 model 61 stepping 4 microcode 0x2f, cx8, cmov, fxsr, ht, mmx, 3dnowpref, sse, sse2, sse3, ssse3, sse4.1, sse4.2, popcnt, lzcnt, tsc, tscinvbit, avx, avx2, aes, erms, clmul, bmi1, bmi2, adx, fma, vzeroupper, clflush
CPU Model and flags from /proc/cpuinfo:
model name	: Intel(R) Core(TM) i5-5200U CPU @ 2.20GHz
flags		: fpu vme de pse tsc msr pae mce cx8 apic sep mtrr pge mca cmov pat pse36 clflush dts acpi mmx fxsr sse sse2 ss ht tm pbe syscall nx pdpe1gb rdtscp lm constant_tsc arch_perfmon pebs bts rep_good nopl xtopology nonstop_tsc cpuid aperfmperf pni pclmulqdq dtes64 monitor ds_cpl vmx est tm2 ssse3 sdbg fma cx16 xtpr pdcm pcid sse4_1 sse4_2 x2apic movbe popcnt tsc_deadline_timer aes xsave avx f16c rdrand lahf_lm abm 3dnowprefetch cpuid_fault epb invpcid_single pti ssbd ibrs ibpb stibp tpr_shadow vnmi flexpriority ept vpid ept_ad fsgsbase tsc_adjust bmi1 avx2 smep bmi2 erms invpcid rdseed adx smap intel_pt xsaveopt dtherm ida arat pln pts md_clear flush_l1d

Online cpus: 0-3
Offline cpus: 4-7
BIOS frequency limitation: <Not Available>
Frequency switch latency (ns): 20000
Available cpu frequencies: <Not Available>
Current governor: schedutil
Core performance/turbo boost: <Not Available>

Memory: 4k page, physical 8013524k(138232k free), swap 2097148k(652k free)
Page Sizes: 4k

vm_info: OpenJDK 64-Bit Server VM (18-ea+36-Ubuntu-1) for linux-amd64 JRE (18-ea+36-Ubuntu-1), built on Feb 18 2022 18:05:52 by "buildd" with gcc 11.2.0

END.
