#
# A fatal error has been detected by the Java Runtime Environment:
#
#  SIGSEGV (0xb) at pc=0x00007f3c2913bcad, pid=344730, tid=344730
#
# JRE version: OpenJDK Runtime Environment (18.0+36) (build 18-ea+36-Ubuntu-1)
# Java VM: OpenJDK 64-Bit Server VM (18-ea+36-Ubuntu-1, mixed mode, sharing, tiered, compressed oops, compressed class ptrs, g1 gc, linux-amd64)
# Problematic frame:
# V  [libjvm.so+0xcedcad]
#
# Core dump will be written. Default location: Core dumps may be processed with "/usr/share/apport/apport -p%p -s%s -c%c -d%d -P%P -u%u -g%g -- %E" (or dumping to /home/dereje/Documents/dev/cinema-booking/core.344730)
#
# If you would like to submit a bug report, please visit:
#   Unknown
#

---------------  S U M M A R Y ------------

Command Line: --enable-preview Main

Host: Intel(R) Core(TM) i5-5200U CPU @ 2.20GHz, 4 cores, 7G, Ubuntu 22.04 LTS
Time: Wed Jun  1 20:15:43 2022 EAT elapsed time: 8.521110 seconds (0d 0h 0m 8s)

---------------  T H R E A D  ---------------

Current thread is native thread

Stack: [0x00007ffdcdd46000,0x00007ffdce544000],  sp=0x00007ffdce53e0b0,  free space=8160k
Native frames: (J=compiled Java code, j=interpreted, Vv=VM code, C=native code)
V  [libjvm.so+0xcedcad]
C  [libc.so.6+0x42520]


siginfo: si_signo: 11 (SIGSEGV), si_code: 1 (SEGV_MAPERR), si_addr: 0x0000000000000248

Registers:
RAX=0x0000000000000000, RBX=0x00007ffdce53e0c0, RCX=0x00007f3c29907c9b, RDX=0x0000000000000000
RSP=0x00007ffdce53e0b0, RBP=0x00007ffdce53e170, RSI=0x00007ffdce53e0c0, RDI=0x0000000000000000
R8 =0x0000000000000000, R9 =0x00000000ffffffff, R10=0x0000000000000008, R11=0x0000000000000246
R12=0x00007f3c2984d6c0, R13=0x0000000000000000, R14=0x0000000000000000, R15=0x0000000000000000
RIP=0x00007f3c2913bcad, EFLAGS=0x0000000000010246, CSGSFS=0x002b000000000033, ERR=0x0000000000000004
  TRAPNO=0x000000000000000e

Top of Stack: (sp=0x00007ffdce53e0b0)
0x00007ffdce53e0b0:   00007ffdce53e2b0 00007ffdce53e180
0x00007ffdce53e0c0:   00000000000004d8 0000000000000009
0x00007ffdce53e0d0:   ffffffffffffffff 00007f3c29829a20
0x00007ffdce53e0e0:   0000000000000000 0000000000000000 

Instructions: (pc=0x00007f3c2913bcad)
0x00007f3c2913bbad:   00 00 00 f0 0f c1 02 48 8b 3d ad e0 6b 00 48 83
0x00007f3c2913bbbd:   ec 80 5b 41 5c 5d e9 f8 40 56 ff 0f 1f 84 00 00
0x00007f3c2913bbcd:   00 00 00 48 83 ec 80 5b 41 5c 5d c3 0f 1f 80 00
0x00007f3c2913bbdd:   00 00 00 48 8b 05 e9 2f 69 00 48 83 f8 ff 0f 85
0x00007f3c2913bbed:   19 46 56 ff eb a3 66 66 2e 0f 1f 84 00 00 00 00
0x00007f3c2913bbfd:   00 66 90 f3 0f 1e fa 55 66 48 0f 6e d2 66 48 0f
0x00007f3c2913bc0d:   6e ce 66 0f 6c ca 48 89 e5 41 57 41 56 41 55 41
0x00007f3c2913bc1d:   54 53 48 8d 9d 50 ff ff ff 48 81 ec 98 00 00 00
0x00007f3c2913bc2d:   0f 29 8d 40 ff ff ff e8 97 40 56 ff 48 89 df 44
0x00007f3c2913bc3d:   8b 28 49 89 c4 e8 19 3d 56 ff be 04 00 00 00 48
0x00007f3c2913bc4d:   89 df e8 3c 3f 56 ff be 07 00 00 00 48 89 df e8
0x00007f3c2913bc5d:   2f 3f 56 ff be 08 00 00 00 48 89 df e8 22 3f 56
0x00007f3c2913bc6d:   ff be 0b 00 00 00 48 89 df e8 15 3f 56 ff be 05
0x00007f3c2913bc7d:   00 00 00 48 89 df e8 08 3f 56 ff 31 d2 48 89 de
0x00007f3c2913bc8d:   bf 01 00 00 00 e8 f9 34 56 ff 31 c0 80 3d f8 56
0x00007f3c2913bc9d:   6e 00 00 74 0b 8b 3d 20 b0 6e 00 e8 03 41 56 ff
0x00007f3c2913bcad:   48 8b 90 48 02 00 00 48 85 d2 74 17 4c 8b b8 10
0x00007f3c2913bcbd:   02 00 00 41 8b 87 a0 00 00 00 83 f8 01 74 1c 45
0x00007f3c2913bccd:   89 2c 24 48 81 c4 98 00 00 00 5b 41 5c 41 5d 41
0x00007f3c2913bcdd:   5e 41 5f 5d c3 66 0f 1f 44 00 00 66 0f 6f 9d 40
0x00007f3c2913bced:   ff ff ff 4d 8d b7 a0 00 00 00 ba 02 00 00 00 41
0x00007f3c2913bcfd:   0f 11 9f a8 00 00 00 f0 41 0f b1 16 8d 50 ff 83
0x00007f3c2913bd0d:   fa 01 76 37 85 c0 75 13 66 0f ef c0 41 0f 11 87
0x00007f3c2913bd1d:   a8 00 00 00 eb a9 0f 1f 44 00 00 48 8b 05 79 a8
0x00007f3c2913bd2d:   68 00 be 61 06 00 00 48 8d 3d 65 0c 4a 00 c6 00
0x00007f3c2913bd3d:   58 e8 cd 10 8e ff eb d0 0f 1f 00 48 89 df e8 10
0x00007f3c2913bd4d:   3c 56 ff 48 89 da 31 f6 31 ff e8 34 34 56 ff 8b
0x00007f3c2913bd5d:   35 fe 75 69 00 48 89 df e8 e6 38 56 ff 48 8d 3d
0x00007f3c2913bd6d:   8f 0e 70 00 e8 4a 3f 56 ff 66 2e 0f 1f 84 00 00
0x00007f3c2913bd7d:   00 00 00 48 89 df e8 a8 3f 56 ff b8 03 00 00 00
0x00007f3c2913bd8d:   31 c9 f0 41 0f b1 0e 83 f8 03 74 27 85 c0 74 23
0x00007f3c2913bd9d:   83 f8 02 74 de 48 8b 05 ff a7 68 00 be 5a 06 00 



---------------  P R O C E S S  ---------------

VM state: not at safepoint (normal execution)

VM Mutex/Monitor currently owned by a thread: None

Heap address: 0x0000000085a00000, size: 1958 MB, Compressed Oops mode: 32-bit

CDS archive(s) mapped at: [0x0000000800000000-0x0000000800bb2000-0x0000000800bb2000), size 12263424, SharedBaseAddress: 0x0000000800000000, ArchiveRelocationMode: 0.
Compressed class space mapped at: 0x0000000800c00000-0x0000000840c00000, reserved size: 1073741824
Narrow klass base: 0x0000000800000000, Narrow klass shift: 0, Narrow klass range: 0x100000000

GC Precious Log:
<Skipped>

Heap:
 garbage-first heap   total 129024K, used 33643K [0x0000000085a00000, 0x0000000100000000)
  region size 1024K, 17 young (17408K), 2 survivors (2048K)
 Metaspace       used 21233K, committed 21440K, reserved 1114112K
  class space    used 2313K, committed 2432K, reserved 1048576K

Heap Regions: E=young(eden), S=young(survivor), O=old, HS=humongous(starts), HC=humongous(continues), CS=collection set, F=free, OA=open archive, CA=closed archive, TAMS=top-at-mark-start (previous, next)
|   0|0x0000000085a00000, 0x0000000085b00000, 0x0000000085b00000|100%| O|  |TAMS 0x0000000085a00000, 0x0000000085a00000| Untracked 
|   1|0x0000000085b00000, 0x0000000085c00000, 0x0000000085c00000|100%| O|  |TAMS 0x0000000085b00000, 0x0000000085b00000| Untracked 
|   2|0x0000000085c00000, 0x0000000085d00000, 0x0000000085d00000|100%|HS|  |TAMS 0x0000000085c00000, 0x0000000085c00000| Complete 
|   3|0x0000000085d00000, 0x0000000085e00000, 0x0000000085e00000|100%|HC|  |TAMS 0x0000000085d00000, 0x0000000085d00000| Complete 
|   4|0x0000000085e00000, 0x0000000085f00000, 0x0000000085f00000|100%|HC|  |TAMS 0x0000000085e00000, 0x0000000085e00000| Complete 
|   5|0x0000000085f00000, 0x0000000086000000, 0x0000000086000000|100%|HC|  |TAMS 0x0000000085f00000, 0x0000000085f00000| Complete 
|   6|0x0000000086000000, 0x0000000086100000, 0x0000000086100000|100%|HC|  |TAMS 0x0000000086000000, 0x0000000086000000| Complete 
|   7|0x0000000086100000, 0x0000000086200000, 0x0000000086200000|100%|HC|  |TAMS 0x0000000086100000, 0x0000000086100000| Complete 
|   8|0x0000000086200000, 0x0000000086300000, 0x0000000086300000|100%|HC|  |TAMS 0x0000000086200000, 0x0000000086200000| Complete 
|   9|0x0000000086300000, 0x0000000086400000, 0x0000000086400000|100%|HC|  |TAMS 0x0000000086300000, 0x0000000086300000| Complete 
|  10|0x0000000086400000, 0x0000000086500000, 0x0000000086500000|100%|HC|  |TAMS 0x0000000086400000, 0x0000000086400000| Complete 
|  11|0x0000000086500000, 0x0000000086600000, 0x0000000086600000|100%|HC|  |TAMS 0x0000000086500000, 0x0000000086500000| Complete 
|  12|0x0000000086600000, 0x0000000086700000, 0x0000000086700000|100%| O|  |TAMS 0x0000000086600000, 0x0000000086600000| Untracked 
|  13|0x0000000086700000, 0x0000000086739a00, 0x0000000086800000| 22%| O|  |TAMS 0x0000000086700000, 0x0000000086700000| Untracked 
|  14|0x0000000086800000, 0x0000000086900000, 0x0000000086900000|100%|HS|  |TAMS 0x0000000086800000, 0x0000000086800000| Complete 
|  15|0x0000000086900000, 0x0000000086a00000, 0x0000000086a00000|100%|HC|  |TAMS 0x0000000086900000, 0x0000000086900000| Complete 
|  16|0x0000000086a00000, 0x0000000086a00000, 0x0000000086b00000|  0%| F|  |TAMS 0x0000000086a00000, 0x0000000086a00000| Untracked 
|  17|0x0000000086b00000, 0x0000000086b00000, 0x0000000086c00000|  0%| F|  |TAMS 0x0000000086b00000, 0x0000000086b00000| Untracked 
|  18|0x0000000086c00000, 0x0000000086c00000, 0x0000000086d00000|  0%| F|  |TAMS 0x0000000086c00000, 0x0000000086c00000| Untracked 
|  19|0x0000000086d00000, 0x0000000086d00000, 0x0000000086e00000|  0%| F|  |TAMS 0x0000000086d00000, 0x0000000086d00000| Untracked 
|  20|0x0000000086e00000, 0x0000000086e00000, 0x0000000086f00000|  0%| F|  |TAMS 0x0000000086e00000, 0x0000000086e00000| Untracked 
|  21|0x0000000086f00000, 0x0000000086f00000, 0x0000000087000000|  0%| F|  |TAMS 0x0000000086f00000, 0x0000000086f00000| Untracked 
|  22|0x0000000087000000, 0x0000000087000000, 0x0000000087100000|  0%| F|  |TAMS 0x0000000087000000, 0x0000000087000000| Untracked 
|  23|0x0000000087100000, 0x0000000087100000, 0x0000000087200000|  0%| F|  |TAMS 0x0000000087100000, 0x0000000087100000| Untracked 
|  24|0x0000000087200000, 0x0000000087200000, 0x0000000087300000|  0%| F|  |TAMS 0x0000000087200000, 0x0000000087200000| Untracked 
|  25|0x0000000087300000, 0x0000000087300000, 0x0000000087400000|  0%| F|  |TAMS 0x0000000087300000, 0x0000000087300000| Untracked 
|  26|0x0000000087400000, 0x0000000087400000, 0x0000000087500000|  0%| F|  |TAMS 0x0000000087400000, 0x0000000087400000| Untracked 
|  27|0x0000000087500000, 0x0000000087500000, 0x0000000087600000|  0%| F|  |TAMS 0x0000000087500000, 0x0000000087500000| Untracked 
|  28|0x0000000087600000, 0x0000000087600000, 0x0000000087700000|  0%| F|  |TAMS 0x0000000087600000, 0x0000000087600000| Untracked 
|  29|0x0000000087700000, 0x0000000087700000, 0x0000000087800000|  0%| F|  |TAMS 0x0000000087700000, 0x0000000087700000| Untracked 
|  30|0x0000000087800000, 0x0000000087800000, 0x0000000087900000|  0%| F|  |TAMS 0x0000000087800000, 0x0000000087800000| Untracked 
|  31|0x0000000087900000, 0x0000000087900000, 0x0000000087a00000|  0%| F|  |TAMS 0x0000000087900000, 0x0000000087900000| Untracked 
|  32|0x0000000087a00000, 0x0000000087a00000, 0x0000000087b00000|  0%| F|  |TAMS 0x0000000087a00000, 0x0000000087a00000| Untracked 
|  33|0x0000000087b00000, 0x0000000087b00000, 0x0000000087c00000|  0%| F|  |TAMS 0x0000000087b00000, 0x0000000087b00000| Untracked 
|  34|0x0000000087c00000, 0x0000000087c00000, 0x0000000087d00000|  0%| F|  |TAMS 0x0000000087c00000, 0x0000000087c00000| Untracked 
|  35|0x0000000087d00000, 0x0000000087d00000, 0x0000000087e00000|  0%| F|  |TAMS 0x0000000087d00000, 0x0000000087d00000| Untracked 
|  36|0x0000000087e00000, 0x0000000087e00000, 0x0000000087f00000|  0%| F|  |TAMS 0x0000000087e00000, 0x0000000087e00000| Untracked 
|  37|0x0000000087f00000, 0x0000000087f00000, 0x0000000088000000|  0%| F|  |TAMS 0x0000000087f00000, 0x0000000087f00000| Untracked 
|  38|0x0000000088000000, 0x0000000088000000, 0x0000000088100000|  0%| F|  |TAMS 0x0000000088000000, 0x0000000088000000| Untracked 
|  39|0x0000000088100000, 0x0000000088100000, 0x0000000088200000|  0%| F|  |TAMS 0x0000000088100000, 0x0000000088100000| Untracked 
|  40|0x0000000088200000, 0x0000000088200000, 0x0000000088300000|  0%| F|  |TAMS 0x0000000088200000, 0x0000000088200000| Untracked 
|  41|0x0000000088300000, 0x0000000088300000, 0x0000000088400000|  0%| F|  |TAMS 0x0000000088300000, 0x0000000088300000| Untracked 
|  42|0x0000000088400000, 0x0000000088400000, 0x0000000088500000|  0%| F|  |TAMS 0x0000000088400000, 0x0000000088400000| Untracked 
|  43|0x0000000088500000, 0x0000000088500000, 0x0000000088600000|  0%| F|  |TAMS 0x0000000088500000, 0x0000000088500000| Untracked 
|  44|0x0000000088600000, 0x0000000088600000, 0x0000000088700000|  0%| F|  |TAMS 0x0000000088600000, 0x0000000088600000| Untracked 
|  45|0x0000000088700000, 0x0000000088700000, 0x0000000088800000|  0%| F|  |TAMS 0x0000000088700000, 0x0000000088700000| Untracked 
|  46|0x0000000088800000, 0x0000000088800000, 0x0000000088900000|  0%| F|  |TAMS 0x0000000088800000, 0x0000000088800000| Untracked 
|  47|0x0000000088900000, 0x0000000088900000, 0x0000000088a00000|  0%| F|  |TAMS 0x0000000088900000, 0x0000000088900000| Untracked 
|  48|0x0000000088a00000, 0x0000000088a00000, 0x0000000088b00000|  0%| F|  |TAMS 0x0000000088a00000, 0x0000000088a00000| Untracked 
|  49|0x0000000088b00000, 0x0000000088b00000, 0x0000000088c00000|  0%| F|  |TAMS 0x0000000088b00000, 0x0000000088b00000| Untracked 
|  50|0x0000000088c00000, 0x0000000088c00000, 0x0000000088d00000|  0%| F|  |TAMS 0x0000000088c00000, 0x0000000088c00000| Untracked 
|  51|0x0000000088d00000, 0x0000000088d00000, 0x0000000088e00000|  0%| F|  |TAMS 0x0000000088d00000, 0x0000000088d00000| Untracked 
|  52|0x0000000088e00000, 0x0000000088e00000, 0x0000000088f00000|  0%| F|  |TAMS 0x0000000088e00000, 0x0000000088e00000| Untracked 
|  53|0x0000000088f00000, 0x0000000088f00000, 0x0000000089000000|  0%| F|  |TAMS 0x0000000088f00000, 0x0000000088f00000| Untracked 
|  54|0x0000000089000000, 0x0000000089000000, 0x0000000089100000|  0%| F|  |TAMS 0x0000000089000000, 0x0000000089000000| Untracked 
|  55|0x0000000089100000, 0x0000000089100000, 0x0000000089200000|  0%| F|  |TAMS 0x0000000089100000, 0x0000000089100000| Untracked 
|  56|0x0000000089200000, 0x0000000089200000, 0x0000000089300000|  0%| F|  |TAMS 0x0000000089200000, 0x0000000089200000| Untracked 
|  57|0x0000000089300000, 0x0000000089300000, 0x0000000089400000|  0%| F|  |TAMS 0x0000000089300000, 0x0000000089300000| Untracked 
|  58|0x0000000089400000, 0x0000000089400000, 0x0000000089500000|  0%| F|  |TAMS 0x0000000089400000, 0x0000000089400000| Untracked 
|  59|0x0000000089500000, 0x0000000089500000, 0x0000000089600000|  0%| F|  |TAMS 0x0000000089500000, 0x0000000089500000| Untracked 
|  60|0x0000000089600000, 0x0000000089600000, 0x0000000089700000|  0%| F|  |TAMS 0x0000000089600000, 0x0000000089600000| Untracked 
|  61|0x0000000089700000, 0x0000000089700000, 0x0000000089800000|  0%| F|  |TAMS 0x0000000089700000, 0x0000000089700000| Untracked 
|  62|0x0000000089800000, 0x0000000089800000, 0x0000000089900000|  0%| F|  |TAMS 0x0000000089800000, 0x0000000089800000| Untracked 
|  63|0x0000000089900000, 0x0000000089900000, 0x0000000089a00000|  0%| F|  |TAMS 0x0000000089900000, 0x0000000089900000| Untracked 
|  64|0x0000000089a00000, 0x0000000089a00000, 0x0000000089b00000|  0%| F|  |TAMS 0x0000000089a00000, 0x0000000089a00000| Untracked 
|  65|0x0000000089b00000, 0x0000000089b00000, 0x0000000089c00000|  0%| F|  |TAMS 0x0000000089b00000, 0x0000000089b00000| Untracked 
|  66|0x0000000089c00000, 0x0000000089c00000, 0x0000000089d00000|  0%| F|  |TAMS 0x0000000089c00000, 0x0000000089c00000| Untracked 
|  67|0x0000000089d00000, 0x0000000089d00000, 0x0000000089e00000|  0%| F|  |TAMS 0x0000000089d00000, 0x0000000089d00000| Untracked 
|  68|0x0000000089e00000, 0x0000000089e00000, 0x0000000089f00000|  0%| F|  |TAMS 0x0000000089e00000, 0x0000000089e00000| Untracked 
|  69|0x0000000089f00000, 0x0000000089f00000, 0x000000008a000000|  0%| F|  |TAMS 0x0000000089f00000, 0x0000000089f00000| Untracked 
|  70|0x000000008a000000, 0x000000008a000000, 0x000000008a100000|  0%| F|  |TAMS 0x000000008a000000, 0x000000008a000000| Untracked 
|  71|0x000000008a100000, 0x000000008a100000, 0x000000008a200000|  0%| F|  |TAMS 0x000000008a100000, 0x000000008a100000| Untracked 
|  72|0x000000008a200000, 0x000000008a200000, 0x000000008a300000|  0%| F|  |TAMS 0x000000008a200000, 0x000000008a200000| Untracked 
|  73|0x000000008a300000, 0x000000008a300000, 0x000000008a400000|  0%| F|  |TAMS 0x000000008a300000, 0x000000008a300000| Untracked 
|  74|0x000000008a400000, 0x000000008a400000, 0x000000008a500000|  0%| F|  |TAMS 0x000000008a400000, 0x000000008a400000| Untracked 
|  75|0x000000008a500000, 0x000000008a500000, 0x000000008a600000|  0%| F|  |TAMS 0x000000008a500000, 0x000000008a500000| Untracked 
|  76|0x000000008a600000, 0x000000008a600000, 0x000000008a700000|  0%| F|  |TAMS 0x000000008a600000, 0x000000008a600000| Untracked 
|  77|0x000000008a700000, 0x000000008a700000, 0x000000008a800000|  0%| F|  |TAMS 0x000000008a700000, 0x000000008a700000| Untracked 
|  78|0x000000008a800000, 0x000000008a800000, 0x000000008a900000|  0%| F|  |TAMS 0x000000008a800000, 0x000000008a800000| Untracked 
|  79|0x000000008a900000, 0x000000008a900000, 0x000000008aa00000|  0%| F|  |TAMS 0x000000008a900000, 0x000000008a900000| Untracked 
|  80|0x000000008aa00000, 0x000000008aa00000, 0x000000008ab00000|  0%| F|  |TAMS 0x000000008aa00000, 0x000000008aa00000| Untracked 
|  81|0x000000008ab00000, 0x000000008ab00000, 0x000000008ac00000|  0%| F|  |TAMS 0x000000008ab00000, 0x000000008ab00000| Untracked 
|  82|0x000000008ac00000, 0x000000008ac00000, 0x000000008ad00000|  0%| F|  |TAMS 0x000000008ac00000, 0x000000008ac00000| Untracked 
|  83|0x000000008ad00000, 0x000000008ad00000, 0x000000008ae00000|  0%| F|  |TAMS 0x000000008ad00000, 0x000000008ad00000| Untracked 
|  84|0x000000008ae00000, 0x000000008ae00000, 0x000000008af00000|  0%| F|  |TAMS 0x000000008ae00000, 0x000000008ae00000| Untracked 
|  85|0x000000008af00000, 0x000000008af00000, 0x000000008b000000|  0%| F|  |TAMS 0x000000008af00000, 0x000000008af00000| Untracked 
|  86|0x000000008b000000, 0x000000008b000000, 0x000000008b100000|  0%| F|  |TAMS 0x000000008b000000, 0x000000008b000000| Untracked 
|  87|0x000000008b100000, 0x000000008b100000, 0x000000008b200000|  0%| F|  |TAMS 0x000000008b100000, 0x000000008b100000| Untracked 
|  88|0x000000008b200000, 0x000000008b200000, 0x000000008b300000|  0%| F|  |TAMS 0x000000008b200000, 0x000000008b200000| Untracked 
|  89|0x000000008b300000, 0x000000008b300000, 0x000000008b400000|  0%| F|  |TAMS 0x000000008b300000, 0x000000008b300000| Untracked 
|  90|0x000000008b400000, 0x000000008b400000, 0x000000008b500000|  0%| F|  |TAMS 0x000000008b400000, 0x000000008b400000| Untracked 
|  91|0x000000008b500000, 0x000000008b500000, 0x000000008b600000|  0%| F|  |TAMS 0x000000008b500000, 0x000000008b500000| Untracked 
|  92|0x000000008b600000, 0x000000008b600000, 0x000000008b700000|  0%| F|  |TAMS 0x000000008b600000, 0x000000008b600000| Untracked 
|  93|0x000000008b700000, 0x000000008b700000, 0x000000008b800000|  0%| F|  |TAMS 0x000000008b700000, 0x000000008b700000| Untracked 
|  94|0x000000008b800000, 0x000000008b800000, 0x000000008b900000|  0%| F|  |TAMS 0x000000008b800000, 0x000000008b800000| Untracked 
|  95|0x000000008b900000, 0x000000008b900000, 0x000000008ba00000|  0%| F|  |TAMS 0x000000008b900000, 0x000000008b900000| Untracked 
|  96|0x000000008ba00000, 0x000000008ba00000, 0x000000008bb00000|  0%| F|  |TAMS 0x000000008ba00000, 0x000000008ba00000| Untracked 
|  97|0x000000008bb00000, 0x000000008bb00000, 0x000000008bc00000|  0%| F|  |TAMS 0x000000008bb00000, 0x000000008bb00000| Untracked 
|  98|0x000000008bc00000, 0x000000008bc00000, 0x000000008bd00000|  0%| F|  |TAMS 0x000000008bc00000, 0x000000008bc00000| Untracked 
|  99|0x000000008bd00000, 0x000000008bd00000, 0x000000008be00000|  0%| F|  |TAMS 0x000000008bd00000, 0x000000008bd00000| Untracked 
| 100|0x000000008be00000, 0x000000008be00000, 0x000000008bf00000|  0%| F|  |TAMS 0x000000008be00000, 0x000000008be00000| Untracked 
| 101|0x000000008bf00000, 0x000000008bf00000, 0x000000008c000000|  0%| F|  |TAMS 0x000000008bf00000, 0x000000008bf00000| Untracked 
| 102|0x000000008c000000, 0x000000008c000000, 0x000000008c100000|  0%| F|  |TAMS 0x000000008c000000, 0x000000008c000000| Untracked 
| 103|0x000000008c100000, 0x000000008c100000, 0x000000008c200000|  0%| F|  |TAMS 0x000000008c100000, 0x000000008c100000| Untracked 
| 104|0x000000008c200000, 0x000000008c200000, 0x000000008c300000|  0%| F|  |TAMS 0x000000008c200000, 0x000000008c200000| Untracked 
| 105|0x000000008c300000, 0x000000008c400000, 0x000000008c400000|100%| S|CS|TAMS 0x000000008c300000, 0x000000008c300000| Complete 
| 106|0x000000008c400000, 0x000000008c500000, 0x000000008c500000|100%| S|CS|TAMS 0x000000008c400000, 0x000000008c400000| Complete 
| 107|0x000000008c500000, 0x000000008c500000, 0x000000008c600000|  0%| F|  |TAMS 0x000000008c500000, 0x000000008c500000| Untracked 
| 108|0x000000008c600000, 0x000000008c600000, 0x000000008c700000|  0%| F|  |TAMS 0x000000008c600000, 0x000000008c600000| Untracked 
| 109|0x000000008c700000, 0x000000008c7b64a8, 0x000000008c800000| 71%| E|  |TAMS 0x000000008c700000, 0x000000008c700000| Complete 
| 110|0x000000008c800000, 0x000000008c900000, 0x000000008c900000|100%| E|CS|TAMS 0x000000008c800000, 0x000000008c800000| Complete 
| 111|0x000000008c900000, 0x000000008ca00000, 0x000000008ca00000|100%| E|CS|TAMS 0x000000008c900000, 0x000000008c900000| Complete 
| 112|0x000000008ca00000, 0x000000008cb00000, 0x000000008cb00000|100%| E|CS|TAMS 0x000000008ca00000, 0x000000008ca00000| Complete 
| 113|0x000000008cb00000, 0x000000008cc00000, 0x000000008cc00000|100%| E|  |TAMS 0x000000008cb00000, 0x000000008cb00000| Complete 
| 114|0x000000008cc00000, 0x000000008cd00000, 0x000000008cd00000|100%| E|CS|TAMS 0x000000008cc00000, 0x000000008cc00000| Complete 
| 115|0x000000008cd00000, 0x000000008ce00000, 0x000000008ce00000|100%| E|CS|TAMS 0x000000008cd00000, 0x000000008cd00000| Complete 
| 116|0x000000008ce00000, 0x000000008cf00000, 0x000000008cf00000|100%| E|CS|TAMS 0x000000008ce00000, 0x000000008ce00000| Complete 
| 117|0x000000008cf00000, 0x000000008d000000, 0x000000008d000000|100%| E|CS|TAMS 0x000000008cf00000, 0x000000008cf00000| Complete 
| 118|0x000000008d000000, 0x000000008d100000, 0x000000008d100000|100%| E|CS|TAMS 0x000000008d000000, 0x000000008d000000| Complete 
| 119|0x000000008d100000, 0x000000008d200000, 0x000000008d200000|100%| E|CS|TAMS 0x000000008d100000, 0x000000008d100000| Complete 
| 120|0x000000008d200000, 0x000000008d300000, 0x000000008d300000|100%| E|CS|TAMS 0x000000008d200000, 0x000000008d200000| Complete 
| 121|0x000000008d300000, 0x000000008d400000, 0x000000008d400000|100%| E|CS|TAMS 0x000000008d300000, 0x000000008d300000| Complete 
| 122|0x000000008d400000, 0x000000008d500000, 0x000000008d500000|100%| E|CS|TAMS 0x000000008d400000, 0x000000008d400000| Complete 
| 123|0x000000008d500000, 0x000000008d600000, 0x000000008d600000|100%| E|CS|TAMS 0x000000008d500000, 0x000000008d500000| Complete 
|1956|0x00000000ffe00000, 0x00000000ffe75000, 0x00000000fff00000| 45%|OA|  |TAMS 0x00000000ffe00000, 0x00000000ffe00000| Untracked 
|1957|0x00000000fff00000, 0x00000000fff76000, 0x0000000100000000| 46%|CA|  |TAMS 0x00000000fff00000, 0x00000000fff00000| Untracked 

Card table byte_map: [0x00007f3c0c55c000,0x00007f3c0c92f000] _byte_map_base: 0x00007f3c0c12f000

Marking Bits (Prev, Next): (CMBitMap*) 0x00007f3c240728f0, (CMBitMap*) 0x00007f3c24072930
 Prev Bits: [0x00007f3c0a2f1000, 0x00007f3c0c189000)
 Next Bits: [0x00007f3c08459000, 0x00007f3c0a2f1000)

Polling page: 0x00007f3c29a9d000

Metaspace:

Usage:
  Non-class:     18.48 MB used.
      Class:      2.26 MB used.
       Both:     20.74 MB used.

Virtual space:
  Non-class space:       64.00 MB reserved,      18.56 MB ( 29%) committed,  1 nodes.
      Class space:        1.00 GB reserved,       2.38 MB ( <1%) committed,  1 nodes.
             Both:        1.06 GB reserved,      20.94 MB (  2%) committed. 

Chunk freelists:
   Non-Class:  1.00 MB
       Class:  1.50 MB
        Both:  2.50 MB

MaxMetaspaceSize: unlimited
CompressedClassSpaceSize: 1.00 GB
Initial GC threshold: 21.00 MB
Current GC threshold: 21.00 MB
CDS: on
MetaspaceReclaimPolicy: balanced
 - commit_granule_bytes: 65536.
 - commit_granule_words: 8192.
 - virtual_space_node_default_size: 8388608.
 - enlarge_chunks_in_place: 1.
 - new_chunks_are_fully_committed: 0.
 - uncommit_free_chunks: 1.
 - use_allocation_guard: 0.


Internal statistics:

num_allocs_failed_limit: 0.
num_arena_births: 190.
num_arena_deaths: 0.
num_vsnodes_births: 2.
num_vsnodes_deaths: 0.
num_space_committed: 335.
num_space_uncommitted: 0.
num_chunks_returned_to_freelist: 0.
num_chunks_taken_from_freelist: 404.
num_chunk_merges: 0.
num_chunk_splits: 249.
num_chunks_enlarged: 157.
num_inconsistent_stats: 0.

CodeHeap 'non-profiled nmethods': size=120032Kb used=736Kb max_used=736Kb free=119295Kb
 bounds [0x00007f3c14da4000, 0x00007f3c15014000, 0x00007f3c1c2dc000]
CodeHeap 'profiled nmethods': size=120028Kb used=4257Kb max_used=4257Kb free=115770Kb
 bounds [0x00007f3c0d86d000, 0x00007f3c0dc9d000, 0x00007f3c14da4000]
CodeHeap 'non-nmethods': size=5700Kb used=1423Kb max_used=1439Kb free=4276Kb
 bounds [0x00007f3c0d2dc000, 0x00007f3c0d54c000, 0x00007f3c0d86d000]
 total_blobs=3101 nmethods=2322 adapters=692
 compilation: enabled
              stopped_count=0, restarted_count=0
 full_count=0

Compilation events (20 events):
Event: 2.952 Thread 0x00007f3c240f9e50 2320       3       sun.java2d.xr.XRDrawLine::OverflowsBig (15 bytes)
Event: 2.952 Thread 0x00007f3c240f9e50 nmethod 2320 0x00007f3c0dc92d10 code [0x00007f3c0dc92ea0, 0x00007f3c0dc93010]
Event: 2.952 Thread 0x00007f3c240f9e50 2319       3       java.lang.Math::abs (11 bytes)
Event: 2.952 Thread 0x00007f3c240f9e50 nmethod 2319 0x00007f3c0dc93090 code [0x00007f3c0dc93240, 0x00007f3c0dc933b0]
Event: 2.952 Thread 0x00007f3c240f9e50 2322       1       sun.java2d.xr.MaskTile::getRects (5 bytes)
Event: 2.952 Thread 0x00007f3c240f9e50 nmethod 2322 0x00007f3c14e5b290 code [0x00007f3c14e5b420, 0x00007f3c14e5b4f0]
Event: 3.313 Thread 0x00007f3c240f9e50 2323       3       jdk.internal.logger.AbstractLoggerWrapper::log (40 bytes)
Event: 3.314 Thread 0x00007f3c240f9e50 nmethod 2323 0x00007f3c0dc93410 code [0x00007f3c0dc93600, 0x00007f3c0dc93ad0]
Event: 3.315 Thread 0x00007f3c240f9e50 2325       3       java.util.concurrent.locks.ReentrantLock$NonfairSync::tryAcquire (27 bytes)
Event: 3.316 Thread 0x00007f3c240f9e50 nmethod 2325 0x00007f3c0dc93c10 code [0x00007f3c0dc93dc0, 0x00007f3c0dc94040]
Event: 3.316 Thread 0x00007f3c240f9e50 2326       3       sun.java2d.SunGraphics2D::create (8 bytes)
Event: 3.316 Thread 0x00007f3c240f9e50 nmethod 2326 0x00007f3c0dc94110 code [0x00007f3c0dc942c0, 0x00007f3c0dc944e0]
Event: 3.316 Thread 0x00007f3c240f9e50 2327   !   3       sun.java2d.SunGraphics2D::clone (114 bytes)
Event: 3.317 Thread 0x00007f3c240f9e50 nmethod 2327 0x00007f3c0dc94590 code [0x00007f3c0dc947e0, 0x00007f3c0dc95360]
Event: 3.317 Thread 0x00007f3c240f9e50 2328       1       sun.java2d.xr.XRSurfaceData::getPicture (5 bytes)
Event: 3.317 Thread 0x00007f3c240f9e50 nmethod 2328 0x00007f3c14e5ba10 code [0x00007f3c14e5bba0, 0x00007f3c14e5bc70]
Event: 3.317 Thread 0x00007f3c240f9e50 2329       1       java.awt.Font::getStyle (5 bytes)
Event: 3.317 Thread 0x00007f3c240f9e50 nmethod 2329 0x00007f3c14e5bd10 code [0x00007f3c14e5bea0, 0x00007f3c14e5bf70]
Event: 3.322 Thread 0x00007f3c240f9e50 2330       1       java.util.LinkedList::size (5 bytes)
Event: 3.322 Thread 0x00007f3c240f9e50 nmethod 2330 0x00007f3c14e5c010 code [0x00007f3c14e5c1a0, 0x00007f3c14e5c270]

GC Heap History (4 events):
Event: 1.008 GC heap before
{Heap before GC invocations=0 (full 0):
 garbage-first heap   total 129024K, used 14252K [0x0000000085a00000, 0x0000000100000000)
  region size 1024K, 13 young (13312K), 0 survivors (0K)
 Metaspace       used 9154K, committed 9344K, reserved 1114112K
  class space    used 937K, committed 1024K, reserved 1048576K
}
Event: 1.030 GC heap after
{Heap after GC invocations=1 (full 0):
 garbage-first heap   total 129024K, used 4215K [0x0000000085a00000, 0x0000000100000000)
  region size 1024K, 2 young (2048K), 2 survivors (2048K)
 Metaspace       used 9154K, committed 9344K, reserved 1114112K
  class space    used 937K, committed 1024K, reserved 1048576K
}
Event: 2.329 GC heap before
{Heap before GC invocations=1 (full 0):
 garbage-first heap   total 129024K, used 28791K [0x0000000085a00000, 0x0000000100000000)
  region size 1024K, 17 young (17408K), 2 survivors (2048K)
 Metaspace       used 16882K, committed 17216K, reserved 1114112K
  class space    used 1801K, committed 1984K, reserved 1048576K
}
Event: 2.336 GC heap after
{Heap after GC invocations=2 (full 0):
 garbage-first heap   total 129024K, used 16530K [0x0000000085a00000, 0x0000000100000000)
  region size 1024K, 2 young (2048K), 2 survivors (2048K)
 Metaspace       used 16882K, committed 17216K, reserved 1114112K
  class space    used 1801K, committed 1984K, reserved 1048576K
}

Deoptimization events (20 events):
Event: 2.536 Thread 0x00007f3c2464a720 DEOPT PACKING pc=0x00007f3c0dbd633e sp=0x00007f3bbf8584c0
Event: 2.536 Thread 0x00007f3c2464a720 DEOPT UNPACKING pc=0x00007f3c0d32e82f sp=0x00007f3bbf857950 mode 0
Event: 2.579 Thread 0x00007f3c24013520 DEOPT PACKING pc=0x00007f3c0da8bad6 sp=0x00007f3c28118300
Event: 2.579 Thread 0x00007f3c24013520 DEOPT UNPACKING pc=0x00007f3c0d32e82f sp=0x00007f3c28117750 mode 0
Event: 2.699 Thread 0x00007f3c24013520 Uncommon trap: trap_request=0xffffffde fr.pc=0x00007f3c14df83c8 relative=0x0000000000000408
Event: 2.699 Thread 0x00007f3c24013520 Uncommon trap: reason=class_check action=maybe_recompile pc=0x00007f3c14df83c8 method=java.util.HashMap.putVal(ILjava/lang/Object;Ljava/lang/Object;ZZ)Ljava/lang/Object; @ 253 c2
Event: 2.699 Thread 0x00007f3c24013520 DEOPT PACKING pc=0x00007f3c14df83c8 sp=0x00007f3c28118dd0
Event: 2.699 Thread 0x00007f3c24013520 DEOPT UNPACKING pc=0x00007f3c0d32e099 sp=0x00007f3c28118d70 mode 2
Event: 2.700 Thread 0x00007f3c24013520 Uncommon trap: trap_request=0xffffffde fr.pc=0x00007f3c14df83c8 relative=0x0000000000000408
Event: 2.700 Thread 0x00007f3c24013520 Uncommon trap: reason=class_check action=maybe_recompile pc=0x00007f3c14df83c8 method=java.util.HashMap.putVal(ILjava/lang/Object;Ljava/lang/Object;ZZ)Ljava/lang/Object; @ 253 c2
Event: 2.700 Thread 0x00007f3c24013520 DEOPT PACKING pc=0x00007f3c14df83c8 sp=0x00007f3c28118fc0
Event: 2.700 Thread 0x00007f3c24013520 DEOPT UNPACKING pc=0x00007f3c0d32e099 sp=0x00007f3c28118f60 mode 2
Event: 2.803 Thread 0x00007f3c246e64f0 Uncommon trap: trap_request=0xffffff45 fr.pc=0x00007f3c14de1d68 relative=0x0000000000000048
Event: 2.803 Thread 0x00007f3c246e64f0 Uncommon trap: reason=unstable_if action=reinterpret pc=0x00007f3c14de1d68 method=java.lang.CharacterData.of(I)Ljava/lang/CharacterData; @ 4 c2
Event: 2.803 Thread 0x00007f3c246e64f0 DEOPT PACKING pc=0x00007f3c14de1d68 sp=0x00007f3bbf5d5120
Event: 2.803 Thread 0x00007f3c246e64f0 DEOPT UNPACKING pc=0x00007f3c0d32e099 sp=0x00007f3bbf5d50e0 mode 2
Event: 2.829 Thread 0x00007f3c246e64f0 Uncommon trap: trap_request=0xffffff45 fr.pc=0x00007f3c14dd9c28 relative=0x0000000000000188
Event: 2.829 Thread 0x00007f3c246e64f0 Uncommon trap: reason=unstable_if action=reinterpret pc=0x00007f3c14dd9c28 method=java.lang.StringCoding.hasNegatives([BII)Z @ 12 c2
Event: 2.829 Thread 0x00007f3c246e64f0 DEOPT PACKING pc=0x00007f3c14dd9c28 sp=0x00007f3bbf5d53c0
Event: 2.829 Thread 0x00007f3c246e64f0 DEOPT UNPACKING pc=0x00007f3c0d32e099 sp=0x00007f3bbf5d5370 mode 2

Classes loaded (20 events):
Event: 2.880 Loading class sun/awt/X11/XInputMethod
Event: 2.880 Loading class sun/awt/X11InputMethod
Event: 2.880 Loading class sun/awt/X11InputMethodBase
Event: 2.880 Loading class sun/awt/im/InputMethodAdapter
Event: 2.880 Loading class java/awt/im/spi/InputMethod
Event: 2.880 Loading class java/awt/im/spi/InputMethod done
Event: 2.880 Loading class sun/awt/im/InputMethodAdapter done
Event: 2.880 Loading class sun/awt/X11InputMethodBase done
Event: 2.881 Loading class sun/awt/X11InputMethod done
Event: 2.881 Loading class sun/awt/X11/XInputMethod done
Event: 2.888 Loading class sun/awt/im/InputMethodWindow
Event: 2.888 Loading class sun/awt/im/InputMethodWindow done
Event: 2.949 Loading class sun/awt/im/CompositionAreaHandler
Event: 2.949 Loading class sun/awt/im/CompositionAreaHandler done
Event: 2.950 Loading class java/text/AttributedString
Event: 2.950 Loading class java/text/AttributedString done
Event: 2.950 Loading class java/text/AttributedString$AttributedStringIterator
Event: 2.950 Loading class java/text/AttributedCharacterIterator
Event: 2.950 Loading class java/text/AttributedCharacterIterator done
Event: 2.950 Loading class java/text/AttributedString$AttributedStringIterator done

Classes unloaded (0 events):
No events

Classes redefined (0 events):
No events

Internal exceptions (17 events):
Event: 0.217 Thread 0x00007f3c24013520 Exception <a 'java/lang/ClassNotFoundException'{0x000000008d5a58b8}: sun/awt/resources/spi/awtProvider> (0x000000008d5a58b8) 
thrown [./src/hotspot/share/classfile/systemDictionary.cpp, line 255]
Event: 0.260 Thread 0x00007f3c24013520 Exception <a 'java/io/FileNotFoundException'{0x000000008d406470}> (0x000000008d406470) 
thrown [./src/hotspot/share/prims/jni.cpp, line 516]
Event: 0.327 Thread 0x00007f3c24013520 Exception <a 'java/lang/NoSuchMethodError'{0x000000008d4e46b8}: 'java.lang.Object java.lang.invoke.DirectMethodHandle$Holder.invokeStaticInit(java.lang.Object)'> (0x000000008d4e46b8) 
thrown [./src/hotspot/share/interpreter/linkResolver.cpp, line 765]
Event: 0.370 Thread 0x00007f3c24013520 Exception <a 'java/lang/NoSuchMethodError'{0x000000008d3386a8}: 'void java.lang.invoke.DirectMethodHandle$Holder.invokeSpecial(java.lang.Object, java.lang.Object, java.lang.Object)'> (0x000000008d3386a8) 
thrown [./src/hotspot/share/interpreter/linkResolver.cpp, line 765]
Event: 0.378 Thread 0x00007f3c24013520 Exception <a 'java/lang/NoSuchMethodError'{0x000000008d3a91b8}: 'java.lang.Object java.lang.invoke.DirectMethodHandle$Holder.newInvokeSpecial(java.lang.Object, java.lang.Object, java.lang.Object, java.lang.Object, java.lang.Object)'> (0x000000008d3a91b8) 
thrown [./src/hotspot/share/interpreter/linkResolver.cpp, line 765]
Event: 0.386 Thread 0x00007f3c24013520 Exception <a 'java/lang/NoSuchMethodError'{0x000000008d3daed8}: 'java.lang.Object java.lang.invoke.DirectMethodHandle$Holder.invokeStatic(java.lang.Object, int, java.lang.Object)'> (0x000000008d3daed8) 
thrown [./src/hotspot/share/interpreter/linkResolver.cpp, line 765]
Event: 0.410 Thread 0x00007f3c24013520 Exception <a 'java/lang/NoSuchMethodError'{0x000000008d292150}: 'void java.lang.invoke.DirectMethodHandle$Holder.invokeStatic(java.lang.Object, java.lang.Object)'> (0x000000008d292150) 
thrown [./src/hotspot/share/interpreter/linkResolver.cpp, line 765]
Event: 0.423 Thread 0x00007f3c24013520 Exception <a 'java/lang/ClassNotFoundException'{0x000000008d2c8598}: com/sun/swing/internal/plaf/metal/resources/spi/metalProvider> (0x000000008d2c8598) 
thrown [./src/hotspot/share/classfile/systemDictionary.cpp, line 255]
Event: 0.424 Thread 0x00007f3c24013520 Exception <a 'java/lang/ClassNotFoundException'{0x000000008d2cc5d0}: com/sun/swing/internal/plaf/basic/resources/spi/basicProvider> (0x000000008d2cc5d0) 
thrown [./src/hotspot/share/classfile/systemDictionary.cpp, line 255]
Event: 0.433 Thread 0x00007f3c24013520 Exception <a 'java/lang/NoSuchMethodError'{0x000000008d2ec1b0}: 'int java.lang.invoke.Invokers$Holder.invokeExact_MT(java.lang.Object, java.lang.Object)'> (0x000000008d2ec1b0) 
thrown [./src/hotspot/share/interpreter/linkResolver.cpp, line 765]
Event: 0.483 Thread 0x00007f3c24013520 Exception <a 'java/lang/NoSuchMethodError'{0x000000008d016a28}: 'java.lang.Object java.lang.invoke.DirectMethodHandle$Holder.invokeInterface(java.lang.Object, java.lang.Object)'> (0x000000008d016a28) 
thrown [./src/hotspot/share/interpreter/linkResolver.cpp, line 765]
Event: 0.534 Thread 0x00007f3c24013520 Exception <a 'java/lang/NoSuchMethodError'{0x000000008d091848}: 'void java.lang.invoke.DirectMethodHandle$Holder.invokeStatic(java.lang.Object, java.lang.Object, java.lang.Object)'> (0x000000008d091848) 
thrown [./src/hotspot/share/interpreter/linkResolver.cpp, line 765]
Event: 0.535 Thread 0x00007f3c24013520 Exception <a 'java/lang/NoSuchMethodError'{0x000000008d09ba88}: 'java.lang.Object java.lang.invoke.DirectMethodHandle$Holder.invokeVirtual(java.lang.Object, java.lang.Object, java.lang.Object)'> (0x000000008d09ba88) 
thrown [./src/hotspot/share/interpreter/linkResolver.cpp, line 765]
Event: 0.866 Thread 0x00007f3c24013520 Exception <a 'java/lang/NoSuchMethodError'{0x000000008ca37a30}: 'void java.lang.invoke.DirectMethodHandle$Holder.invokeStaticInit(java.lang.Object, java.lang.Object)'> (0x000000008ca37a30) 
thrown [./src/hotspot/share/interpreter/linkResolver.cpp, line 765]
Event: 2.292 Thread 0x00007f3c2464a720 Exception <a 'java/lang/NoSuchMethodError'{0x000000008cce73a8}: 'java.lang.Object java.lang.invoke.DirectMethodHandle$Holder.newInvokeSpecial(java.lang.Object, java.lang.Object, java.lang.Object, int, int, int, int, int)'> (0x000000008cce73a8) 
thrown [./src/hotspot/share/interpreter/linkResolver.cpp, line 765]
Event: 2.436 Thread 0x00007f3c2464a720 Implicit null exception at 0x00007f3c14e2ae0d to 0x00007f3c14e2b4b8
Event: 2.697 Thread 0x00007f3c24013520 Exception <a 'java/lang/NoSuchMethodError'{0x000000008c89fac0}: 'void java.lang.invoke.DirectMethodHandle$Holder.invokeStaticInit(java.lang.Object)'> (0x000000008c89fac0) 
thrown [./src/hotspot/share/interpreter/linkResolver.cpp, line 765]

VM Operations (20 events):
Event: 2.163 Executing VM operation: HandshakeAllThreads
Event: 2.163 Executing VM operation: HandshakeAllThreads done
Event: 2.163 Executing VM operation: Cleanup
Event: 2.164 Executing VM operation: Cleanup done
Event: 2.276 Executing VM operation: HandshakeAllThreads
Event: 2.276 Executing VM operation: HandshakeAllThreads done
Event: 2.329 Executing VM operation: G1CollectForAllocation
Event: 2.336 Executing VM operation: G1CollectForAllocation done
Event: 2.358 Executing VM operation: HandshakeAllThreads
Event: 2.358 Executing VM operation: HandshakeAllThreads done
Event: 2.477 Executing VM operation: HandshakeAllThreads
Event: 2.477 Executing VM operation: HandshakeAllThreads done
Event: 2.616 Executing VM operation: HandshakeAllThreads
Event: 2.616 Executing VM operation: HandshakeAllThreads done
Event: 2.751 Executing VM operation: ICBufferFull
Event: 2.752 Executing VM operation: ICBufferFull done
Event: 2.804 Executing VM operation: HandshakeAllThreads
Event: 2.804 Executing VM operation: HandshakeAllThreads done
Event: 3.804 Executing VM operation: Cleanup
Event: 3.804 Executing VM operation: Cleanup done

Events (20 events):
Event: 0.306 Loaded shared library /usr/lib/jvm/java-18-openjdk-amd64/lib/libfontmanager.so
Event: 0.330 Thread 0x00007f3c24239460 Thread added: 0x00007f3c24239460
Event: 0.330 Protecting memory [0x00007f3bbfe8a000,0x00007f3bbfe8e000] with protection modes 0
Event: 0.356 Thread 0x00007f3c2425cea0 Thread added: 0x00007f3c2425cea0
Event: 0.356 Protecting memory [0x00007f3bbfd8a000,0x00007f3bbfd8e000] with protection modes 0
Event: 0.443 Thread 0x00007f3c242b4a90 Thread added: 0x00007f3c242b4a90
Event: 0.443 Protecting memory [0x00007f3bbfc8a000,0x00007f3bbfc8e000] with protection modes 0
Event: 0.703 Loaded shared library /usr/lib/jvm/java-18-openjdk-amd64/lib/libnet.so
Event: 0.714 Loaded shared library /usr/lib/jvm/java-18-openjdk-amd64/lib/libextnet.so
Event: 2.290 Thread 0x00007f3c2464a720 Thread added: 0x00007f3c2464a720
Event: 2.290 Protecting memory [0x00007f3bbf75a000,0x00007f3bbf75e000] with protection modes 0
Event: 2.290 Loaded shared library /usr/lib/jvm/java-18-openjdk-amd64/lib/libjavajpeg.so
Event: 2.571 Thread 0x00007f3c246e5940 Thread added: 0x00007f3c246e5940
Event: 2.571 Protecting memory [0x00007f3bbf5d9000,0x00007f3bbf5dd000] with protection modes 0
Event: 2.572 Thread 0x00007f3c246e64f0 Thread added: 0x00007f3c246e64f0
Event: 2.572 Protecting memory [0x00007f3bbf4d9000,0x00007f3bbf4dd000] with protection modes 0
Event: 2.759 Thread 0x00007f3c24013520 Thread exited: 0x00007f3c24013520
Event: 2.759 Protecting memory [0x00007f3c2801b000,0x00007f3c2801f000] with protection modes 0
Event: 2.759 Thread 0x00007f3c24013520 Thread added: 0x00007f3c24013520
Event: 7.555 Thread 0x00007f3c2464a720 Thread exited: 0x00007f3c2464a720


Dynamic libraries:
85a00000-8d600000 rw-p 00000000 00:00 0 
8d600000-ffe00000 ---p 00000000 00:00 0 
ffe00000-ffe75000 rw-p 00c60000 08:05 7735372                            /usr/lib/jvm/java-18-openjdk-amd64/lib/server/classes.jsa
ffe75000-fff00000 rw-p 00000000 00:00 0 
fff00000-fff76000 rw-p 00bea000 08:05 7735372                            /usr/lib/jvm/java-18-openjdk-amd64/lib/server/classes.jsa
fff76000-100000000 rw-p 00000000 00:00 0 
800000000-80044a000 rw-p 00001000 08:05 7735372                          /usr/lib/jvm/java-18-openjdk-amd64/lib/server/classes.jsa
80044a000-800bb2000 r--p 0044b000 08:05 7735372                          /usr/lib/jvm/java-18-openjdk-amd64/lib/server/classes.jsa
800bb2000-800c00000 ---p 00000000 00:00 0 
800c00000-800c20000 rw-p 00000000 00:00 0 
800c20000-800c40000 rw-p 00000000 00:00 0 
800c40000-800cc0000 rw-p 00000000 00:00 0 
800cc0000-800d40000 rw-p 00000000 00:00 0 
800d40000-800d60000 rw-p 00000000 00:00 0 
800d60000-800dc0000 rw-p 00000000 00:00 0 
800dc0000-800e60000 rw-p 00000000 00:00 0 
800e60000-840c00000 ---p 00000000 00:00 0 
55e1cc550000-55e1cc551000 r--p 00000000 08:05 7477209                    /usr/lib/jvm/java-18-openjdk-amd64/bin/java
55e1cc551000-55e1cc552000 r-xp 00001000 08:05 7477209                    /usr/lib/jvm/java-18-openjdk-amd64/bin/java
55e1cc552000-55e1cc553000 r--p 00002000 08:05 7477209                    /usr/lib/jvm/java-18-openjdk-amd64/bin/java
55e1cc553000-55e1cc554000 r--p 00002000 08:05 7477209                    /usr/lib/jvm/java-18-openjdk-amd64/bin/java
55e1cc554000-55e1cc555000 rw-p 00003000 08:05 7477209                    /usr/lib/jvm/java-18-openjdk-amd64/bin/java
55e1cc5f8000-55e1cc664000 rw-p 00000000 00:00 0                          [heap]
7f3b94000000-7f3b94021000 rw-p 00000000 00:00 0 
7f3b94021000-7f3b98000000 ---p 00000000 00:00 0 
7f3b98000000-7f3b98039000 rw-p 00000000 00:00 0 
7f3b98039000-7f3b9c000000 ---p 00000000 00:00 0 
7f3b9c000000-7f3b9c021000 rw-p 00000000 00:00 0 
7f3b9c021000-7f3ba0000000 ---p 00000000 00:00 0 
7f3ba0000000-7f3ba004a000 rw-p 00000000 00:00 0 
7f3ba004a000-7f3ba4000000 ---p 00000000 00:00 0 
7f3ba4000000-7f3ba4021000 rw-p 00000000 00:00 0 
7f3ba4021000-7f3ba8000000 ---p 00000000 00:00 0 
7f3ba8000000-7f3ba8021000 rw-p 00000000 00:00 0 
7f3ba8021000-7f3bac000000 ---p 00000000 00:00 0 
7f3bac000000-7f3bac021000 rw-p 00000000 00:00 0 
7f3bac021000-7f3bb0000000 ---p 00000000 00:00 0 
7f3bb0000000-7f3bb0021000 rw-p 00000000 00:00 0 
7f3bb0021000-7f3bb4000000 ---p 00000000 00:00 0 
7f3bb4000000-7f3bb4021000 rw-p 00000000 00:00 0 
7f3bb4021000-7f3bb8000000 ---p 00000000 00:00 0 
7f3bb8000000-7f3bb8021000 rw-p 00000000 00:00 0 
7f3bb8021000-7f3bbc000000 ---p 00000000 00:00 0 
7f3bbf4d9000-7f3bbf4dd000 ---p 00000000 00:00 0 
7f3bbf4dd000-7f3bbf5d9000 rw-p 00000000 00:00 0 
7f3bbf5d9000-7f3bbf5dd000 ---p 00000000 00:00 0 
7f3bbf5dd000-7f3bbf6d9000 rw-p 00000000 00:00 0 
7f3bbf6d9000-7f3bbf6dd000 r--p 00000000 08:05 6554872                    /usr/lib/x86_64-linux-gnu/libjpeg.so.8.2.2
7f3bbf6dd000-7f3bbf726000 r-xp 00004000 08:05 6554872                    /usr/lib/x86_64-linux-gnu/libjpeg.so.8.2.2
7f3bbf726000-7f3bbf758000 r--p 0004d000 08:05 6554872                    /usr/lib/x86_64-linux-gnu/libjpeg.so.8.2.2
7f3bbf758000-7f3bbf759000 r--p 0007e000 08:05 6554872                    /usr/lib/x86_64-linux-gnu/libjpeg.so.8.2.2
7f3bbf759000-7f3bbf75a000 rw-p 0007f000 08:05 6554872                    /usr/lib/x86_64-linux-gnu/libjpeg.so.8.2.2
7f3bbf75a000-7f3bbf75e000 ---p 00000000 00:00 0 
7f3bbf75e000-7f3bbf85a000 rw-p 00000000 00:00 0 
7f3bbf85a000-7f3bbf865000 r--s 00000000 08:05 12452057                   /var/cache/fontconfig/22bd895d-fb26-4786-9fbc-751628744dc4-le64.cache-7
7f3bbf865000-7f3bbf86b000 r--s 00000000 08:05 12454253                   /var/cache/fontconfig/a7f8ffb3-0ea3-4f79-ba86-9495512aa11d-le64.cache-7
7f3bbf86b000-7f3bbf86c000 r--s 00000000 08:05 12454250                   /var/cache/fontconfig/cdfb6cfb-4cfe-4e4f-9e35-786a3d8bf4b9-le64.cache-7
7f3bbf86c000-7f3bbf882000 r--s 00000000 08:05 12454247                   /var/cache/fontconfig/5d699783-21eb-42a4-8d0d-9cda3b88c7b4-le64.cache-7
7f3bbf882000-7f3bbf883000 r--s 00000000 08:05 12454238                   /var/cache/fontconfig/f518cde9-71cc-4d9b-8fa1-5bd4b6513e39-le64.cache-7
7f3bbf883000-7f3bbf88b000 r--s 00000000 08:05 12454196                   /var/cache/fontconfig/90b29ab5-814c-4ed2-a9ef-c334104d8988-le64.cache-7
7f3bbf88b000-7f3bbf88c000 r--s 00000000 08:05 12454183                   /var/cache/fontconfig/52e4cf0a-4a83-42a3-b8c4-3e6ce6a7b53f-le64.cache-7
7f3bbf88c000-7f3bbf88e000 r--s 00000000 08:05 12454179                   /var/cache/fontconfig/e80bd899-5c63-4785-bbaa-000edb8c2804-le64.cache-7
7f3bbf88e000-7f3bbf88f000 r--s 00000000 08:05 12454177                   /var/cache/fontconfig/8e07522d-6efe-4454-81a1-862c8f60155c-le64.cache-7
7f3bbf88f000-7f3bbf891000 r--s 00000000 08:05 12454175                   /var/cache/fontconfig/d457d6cf-8b85-40ad-b7ba-c9738d058688-le64.cache-7
7f3bbf891000-7f3bbf893000 r--s 00000000 08:05 12454149                   /var/cache/fontconfig/24913b27-8326-4f73-9ba7-c1111cd439a1-le64.cache-7
7f3bbf893000-7f3bbf896000 r--s 00000000 08:05 12454126                   /var/cache/fontconfig/565571a2-d4ce-470b-b60e-69fdd2b0d6d9-le64.cache-7
7f3bbf896000-7f3bbf89b000 r--s 00000000 08:05 12454107                   /var/cache/fontconfig/2291fd95-ec48-456f-81fd-3606fccd7dc0-le64.cache-7
7f3bbf89b000-7f3bbf8a0000 r--s 00000000 08:05 12461628                   /var/cache/fontconfig/1b469697-5884-4dfc-9154-55aa555c3f6b-le64.cache-7
7f3bbf8a0000-7f3bbf8a1000 r--s 00000000 08:05 12454106                   /var/cache/fontconfig/36fa39f8-b12c-498d-a305-73cbd7a06ba4-le64.cache-7
7f3bbf8a1000-7f3bbf8a2000 r--s 00000000 08:05 12454019                   /var/cache/fontconfig/871d267c-4105-49b7-827d-e489fb69f51f-le64.cache-7
7f3bbf8a2000-7f3bbf8a3000 r--s 00000000 08:05 12454015                   /var/cache/fontconfig/c403aaeb-2119-4a75-9ae0-d0e3f5b7ff5c-le64.cache-7
7f3bbf8a3000-7f3bbf8a4000 r--s 00000000 08:05 12453993                   /var/cache/fontconfig/a0775654-9ac0-4f29-82d1-30d16326632a-le64.cache-7
7f3bbf8a4000-7f3bbf8a5000 r--s 00000000 08:05 12453974                   /var/cache/fontconfig/d6730be9-b1b3-423f-b8e2-d20bda164e29-le64.cache-7
7f3bbf8a5000-7f3bbf8a6000 r--s 00000000 08:05 12453972                   /var/cache/fontconfig/33288d63-9bed-4abd-8b81-f6b22819e238-le64.cache-7
7f3bbf8a6000-7f3bbf8a7000 r--s 00000000 08:05 12453968                   /var/cache/fontconfig/e62f2cd7-ef11-47f0-b436-a7e977fcf5e3-le64.cache-7
7f3bbf8a7000-7f3bbf8a8000 r--s 00000000 08:05 12453948                   /var/cache/fontconfig/e80d7d56-4aef-44dd-990c-8be600874147-le64.cache-7
7f3bbf8a8000-7f3bbf8a9000 r--s 00000000 08:05 12453936                   /var/cache/fontconfig/07c71922-21fc-47cd-aa9d-00ec7cdeadd9-le64.cache-7
7f3bbf8a9000-7f3bbf8aa000 r--s 00000000 08:05 12453929                   /var/cache/fontconfig/01e8ee4f-3177-415f-a34b-d9835a8da2d4-le64.cache-7
7f3bbf8aa000-7f3bbf8ab000 r--s 00000000 08:05 12453865                   /var/cache/fontconfig/be801802-85ac-46ff-b64a-50c8fd679ebb-le64.cache-7
7f3bbf8ab000-7f3bbf8ac000 r--s 00000000 08:05 12460314                   /var/cache/fontconfig/3917636d-c019-46a8-a24c-da108bcaf7e4-le64.cache-7
7f3bbf8ac000-7f3bbf8b2000 r--s 00000000 08:05 12453809                   /var/cache/fontconfig/48bcc779-b875-4302-b192-d3cd44df610b-le64.cache-7
7f3bbf8b2000-7f3bbf8b9000 r--s 00000000 08:05 12453806                   /var/cache/fontconfig/a6e067a0-b1b1-4e7d-a789-943efcdbcba0-le64.cache-7
7f3bbf8b9000-7f3bbf8c1000 r--s 00000000 08:05 12453766                   /var/cache/fontconfig/12fac0b4-dcde-44ba-a43c-f0ea5ce95c78-le64.cache-7
7f3bbf8c1000-7f3bbf8c2000 r--s 00000000 08:05 12453724                   /var/cache/fontconfig/5d585cb5-275a-423d-b46b-cadce92715cc-le64.cache-7
7f3bbf8c2000-7f3bbf8c3000 r--s 00000000 08:05 12453717                   /var/cache/fontconfig/9a3263b0-b720-45d0-b0b3-b751ecd9cedd-le64.cache-7
7f3bbf8c3000-7f3bbf8c9000 r--s 00000000 08:05 12453703                   /var/cache/fontconfig/3e178398-e846-4aaf-9e79-663249405f18-le64.cache-7
7f3bbf8c9000-7f3bbf8dc000 r--s 00000000 08:05 12453593                   /var/cache/fontconfig/2158db81-c904-4a53-be23-5e7dfec0eb43-le64.cache-7
7f3bbf8dc000-7f3bbf8e2000 r--s 00000000 08:05 12453580                   /var/cache/fontconfig/e7d3b3ad-9cc7-4195-981e-101d9545559a-le64.cache-7
7f3bbf8e2000-7f3bbf8e3000 r--s 00000000 08:05 12453553                   /var/cache/fontconfig/9265a294-6d08-4ca6-8498-3266eaf83b70-le64.cache-7
7f3bbf8e3000-7f3bbf8e4000 r--s 00000000 08:05 12453552                   /var/cache/fontconfig/441a0dcd-c3a4-4a22-a8b6-f11620c082dc-le64.cache-7
7f3bbf8e4000-7f3bbf8e5000 r--s 00000000 08:05 12453550                   /var/cache/fontconfig/b4186057-3c4c-46bc-9c34-42a401f916d1-le64.cache-7
7f3bbf8e5000-7f3bbf8e6000 r--s 00000000 08:05 12453517                   /var/cache/fontconfig/cf917643-9bae-48ff-bb9b-65b775b44309-le64.cache-7
7f3bbf8e6000-7f3bbf8e9000 r--s 00000000 08:05 12453507                   /var/cache/fontconfig/d5c2d37b-1d63-4aca-b2a0-05d969bc79f6-le64.cache-7
7f3bbf8e9000-7f3bbf8eb000 r--s 00000000 08:05 12453492                   /var/cache/fontconfig/f6db83e8-3a4e-4a38-a057-97acf193f71b-le64.cache-7
7f3bbf8eb000-7f3bbf8ee000 r--s 00000000 08:05 12453485                   /var/cache/fontconfig/dcad1f55-56cc-432d-bb94-afeeae3f8106-le64.cache-7
7f3bbf8ee000-7f3bbf8ef000 r--s 00000000 08:05 12453474                   /var/cache/fontconfig/55acad97-23ef-4cf1-bff4-bbf6700da5bd-le64.cache-7
7f3bbf8ef000-7f3bbf8fb000 r--s 00000000 08:05 12459340                   /var/cache/fontconfig/82043152-d08a-4d15-96fd-fa90f8d31a4c-le64.cache-7
7f3bbf8fb000-7f3bbf909000 r--s 00000000 08:05 12453155                   /var/cache/fontconfig/868f1d76-966b-44db-9bfb-542eb54ff974-le64.cache-7
7f3bbf977000-7f3bbf979000 r--p 00000000 08:05 7735223                    /usr/lib/jvm/java-18-openjdk-amd64/lib/libjavajpeg.so
7f3bbf979000-7f3bbf980000 r-xp 00002000 08:05 7735223                    /usr/lib/jvm/java-18-openjdk-amd64/lib/libjavajpeg.so
7f3bbf980000-7f3bbf981000 r--p 00009000 08:05 7735223                    /usr/lib/jvm/java-18-openjdk-amd64/lib/libjavajpeg.so
7f3bbf981000-7f3bbf982000 ---p 0000a000 08:05 7735223                    /usr/lib/jvm/java-18-openjdk-amd64/lib/libjavajpeg.so
7f3bbf982000-7f3bbf983000 r--p 0000a000 08:05 7735223                    /usr/lib/jvm/java-18-openjdk-amd64/lib/libjavajpeg.so
7f3bbf983000-7f3bbf984000 rw-p 0000b000 08:05 7735223                    /usr/lib/jvm/java-18-openjdk-amd64/lib/libjavajpeg.so
7f3bbf984000-7f3bbf985000 ---p 00000000 00:00 0 
7f3bbf985000-7f3bbfa86000 rw-p 00000000 00:00 0 
7f3bbfa86000-7f3bbfa87000 ---p 00000000 00:00 0 
7f3bbfa87000-7f3bbfb88000 rw-p 00000000 00:00 0 
7f3bbfb88000-7f3bbfb89000 ---p 00000000 00:00 0 
7f3bbfb89000-7f3bbfc8a000 rw-p 00000000 00:00 0 
7f3bbfc8a000-7f3bbfc8e000 ---p 00000000 00:00 0 
7f3bbfc8e000-7f3bbfd8a000 rw-p 00000000 00:00 0 
7f3bbfd8a000-7f3bbfd8e000 ---p 00000000 00:00 0 
7f3bbfd8e000-7f3bbfe8a000 rw-p 00000000 00:00 0 
7f3bbfe8a000-7f3bbfe8e000 ---p 00000000 00:00 0 
7f3bbfe8e000-7f3bbff8a000 rw-p 00000000 00:00 0 
7f3bbff8a000-7f3bbff8c000 r--p 00000000 08:05 6558955                    /usr/lib/x86_64-linux-gnu/libpcre.so.3.13.3
7f3bbff8c000-7f3bbffe1000 r-xp 00002000 08:05 6558955                    /usr/lib/x86_64-linux-gnu/libpcre.so.3.13.3
7f3bbffe1000-7f3bbfffe000 r--p 00057000 08:05 6558955                    /usr/lib/x86_64-linux-gnu/libpcre.so.3.13.3
7f3bbfffe000-7f3bbffff000 r--p 00073000 08:05 6558955                    /usr/lib/x86_64-linux-gnu/libpcre.so.3.13.3
7f3bbffff000-7f3bc0000000 rw-p 00074000 08:05 6558955                    /usr/lib/x86_64-linux-gnu/libpcre.so.3.13.3
7f3bc0000000-7f3bc0021000 rw-p 00000000 00:00 0 
7f3bc0021000-7f3bc4000000 ---p 00000000 00:00 0 
7f3bc4000000-7f3bc4021000 rw-p 00000000 00:00 0 
7f3bc4021000-7f3bc8000000 ---p 00000000 00:00 0 
7f3bc8000000-7f3bc841f000 rw-p 00000000 00:00 0 
7f3bc841f000-7f3bcc000000 ---p 00000000 00:00 0 
7f3bcc000000-7f3bcc021000 rw-p 00000000 00:00 0 
7f3bcc021000-7f3bd0000000 ---p 00000000 00:00 0 
7f3bd0000000-7f3bd0021000 rw-p 00000000 00:00 0 
7f3bd0021000-7f3bd4000000 ---p 00000000 00:00 0 
7f3bd4000000-7f3bd450c000 rw-p 00000000 00:00 0 
7f3bd450c000-7f3bd8000000 ---p 00000000 00:00 0 
7f3bd8000000-7f3bd8021000 rw-p 00000000 00:00 0 
7f3bd8021000-7f3bdc000000 ---p 00000000 00:00 0 
7f3bdc000000-7f3bdc021000 rw-p 00000000 00:00 0 
7f3bdc021000-7f3be0000000 ---p 00000000 00:00 0 
7f3be0000000-7f3be0021000 rw-p 00000000 00:00 0 
7f3be0021000-7f3be4000000 ---p 00000000 00:00 0 
7f3be4000000-7f3be4021000 rw-p 00000000 00:00 0 
7f3be4021000-7f3be8000000 ---p 00000000 00:00 0 
7f3be8000000-7f3be8021000 rw-p 00000000 00:00 0 
7f3be8021000-7f3bec000000 ---p 00000000 00:00 0 
7f3bec000000-7f3bec021000 rw-p 00000000 00:00 0 
7f3bec021000-7f3bf0000000 ---p 00000000 00:00 0 
7f3bf0000000-7f3bf0400000 rw-p 00000000 00:00 0 
7f3bf0400000-7f3bf0500000 rw-p 00000000 00:00 0 
7f3bf0500000-7f3bf0600000 rw-p 00000000 00:00 0 
7f3bf0600000-7f3bf0700000 rw-p 00000000 00:00 0 
7f3bf0700000-7f3bf0800000 rw-p 00000000 00:00 0 
7f3bf0800000-7f3bf0880000 rw-p 00000000 00:00 0 
7f3bf0880000-7f3bf0900000 rw-p 00000000 00:00 0 
7f3bf0900000-7f3bf0b00000 rw-p 00000000 00:00 0 
7f3bf0b00000-7f3bf0b80000 rw-p 00000000 00:00 0 
7f3bf0b80000-7f3bf0c80000 rw-p 00000000 00:00 0 
7f3bf0c80000-7f3bf0d00000 rw-p 00000000 00:00 0 
7f3bf0d00000-7f3bf0f00000 rw-p 00000000 00:00 0 
7f3bf0f00000-7f3bf0f20000 rw-p 00000000 00:00 0 
7f3bf0f20000-7f3bf0f40000 rw-p 00000000 00:00 0 
7f3bf0f40000-7f3bf0f80000 rw-p 00000000 00:00 0 
7f3bf0f80000-7f3bf1100000 rw-p 00000000 00:00 0 
7f3bf1100000-7f3bf1120000 rw-p 00000000 00:00 0 
7f3bf1120000-7f3bf1140000 rw-p 00000000 00:00 0 
7f3bf1140000-7f3bf1180000 rw-p 00000000 00:00 0 
7f3bf1180000-7f3bf1290000 rw-p 00000000 00:00 0 
7f3bf1290000-7f3bf4000000 ---p 00000000 00:00 0 
7f3bf4000000-7f3bf4021000 rw-p 00000000 00:00 0 
7f3bf4021000-7f3bf8000000 ---p 00000000 00:00 0 
7f3bf8000000-7f3bf8001000 r--s 00000000 08:05 12453444                   /var/cache/fontconfig/7046cfa9-4874-4fec-819d-f4fe0f64bb04-le64.cache-7
7f3bf8001000-7f3bf8002000 r--s 00000000 08:05 12453411                   /var/cache/fontconfig/fb3ba993-1e1b-4f94-9570-7bc38b3aa97d-le64.cache-7
7f3bf8002000-7f3bf8012000 r--s 00000000 08:05 12453127                   /var/cache/fontconfig/b85ca83c-397b-4720-8f0f-fb2e49e6e77a-le64.cache-7
7f3bf8012000-7f3bf8017000 r--s 00000000 08:05 5544806                    /home/dereje/.cache/fontconfig/d10e2981-2deb-40f2-ad5b-4515137f8a3e-le64.cache-7
7f3bf8017000-7f3bf802d000 r--s 00000000 08:05 5544809                    /home/dereje/.cache/fontconfig/cd87ff90-2ba7-4a45-a68f-8b75539ba9cc-le64.cache-7
7f3bf802d000-7f3bf802f000 r--p 00000000 08:05 6555669                    /usr/lib/x86_64-linux-gnu/libXfixes.so.3.1.0
7f3bf802f000-7f3bf8032000 r-xp 00002000 08:05 6555669                    /usr/lib/x86_64-linux-gnu/libXfixes.so.3.1.0
7f3bf8032000-7f3bf8033000 r--p 00005000 08:05 6555669                    /usr/lib/x86_64-linux-gnu/libXfixes.so.3.1.0
7f3bf8033000-7f3bf8034000 r--p 00006000 08:05 6555669                    /usr/lib/x86_64-linux-gnu/libXfixes.so.3.1.0
7f3bf8034000-7f3bf8035000 rw-p 00007000 08:05 6555669                    /usr/lib/x86_64-linux-gnu/libXfixes.so.3.1.0
7f3bf8035000-7f3bf8037000 r--p 00000000 08:05 6555671                    /usr/lib/x86_64-linux-gnu/libXcursor.so.1.0.2
7f3bf8037000-7f3bf803d000 r-xp 00002000 08:05 6555671                    /usr/lib/x86_64-linux-gnu/libXcursor.so.1.0.2
7f3bf803d000-7f3bf803f000 r--p 00008000 08:05 6555671                    /usr/lib/x86_64-linux-gnu/libXcursor.so.1.0.2
7f3bf803f000-7f3bf8040000 r--p 00009000 08:05 6555671                    /usr/lib/x86_64-linux-gnu/libXcursor.so.1.0.2
7f3bf8040000-7f3bf8041000 rw-p 0000a000 08:05 6555671                    /usr/lib/x86_64-linux-gnu/libXcursor.so.1.0.2
7f3bf8041000-7f3bf8042000 r--p 00000000 08:05 6558180                    /usr/lib/x86_64-linux-gnu/libbrotlicommon.so.1.0.9
7f3bf8042000-7f3bf8043000 r-xp 00001000 08:05 6558180                    /usr/lib/x86_64-linux-gnu/libbrotlicommon.so.1.0.9
7f3bf8043000-7f3bf8062000 r--p 00002000 08:05 6558180                    /usr/lib/x86_64-linux-gnu/libbrotlicommon.so.1.0.9
7f3bf8062000-7f3bf8063000 r--p 00020000 08:05 6558180                    /usr/lib/x86_64-linux-gnu/libbrotlicommon.so.1.0.9
7f3bf8063000-7f3bf8064000 rw-p 00021000 08:05 6558180                    /usr/lib/x86_64-linux-gnu/libbrotlicommon.so.1.0.9
7f3bf8064000-7f3bf8065000 r--p 00000000 08:05 6558183                    /usr/lib/x86_64-linux-gnu/libbrotlidec.so.1.0.9
7f3bf8065000-7f3bf806d000 r-xp 00001000 08:05 6558183                    /usr/lib/x86_64-linux-gnu/libbrotlidec.so.1.0.9
7f3bf806d000-7f3bf8070000 r--p 00009000 08:05 6558183                    /usr/lib/x86_64-linux-gnu/libbrotlidec.so.1.0.9
7f3bf8070000-7f3bf8071000 r--p 0000b000 08:05 6558183                    /usr/lib/x86_64-linux-gnu/libbrotlidec.so.1.0.9
7f3bf8071000-7f3bf8072000 rw-p 0000c000 08:05 6558183                    /usr/lib/x86_64-linux-gnu/libbrotlidec.so.1.0.9
7f3bf8072000-7f3bf8077000 r--p 00000000 08:05 6558189                    /usr/lib/x86_64-linux-gnu/libpng16.so.16.37.0
7f3bf8077000-7f3bf80a0000 r-xp 00005000 08:05 6558189                    /usr/lib/x86_64-linux-gnu/libpng16.so.16.37.0
7f3bf80a0000-7f3bf80ab000 r--p 0002e000 08:05 6558189                    /usr/lib/x86_64-linux-gnu/libpng16.so.16.37.0
7f3bf80ab000-7f3bf80ac000 r--p 00038000 08:05 6558189                    /usr/lib/x86_64-linux-gnu/libpng16.so.16.37.0
7f3bf80ac000-7f3bf80ad000 rw-p 00039000 08:05 6558189                    /usr/lib/x86_64-linux-gnu/libpng16.so.16.37.0
7f3bf80ad000-7f3bf80b0000 r--p 00000000 08:05 6558249                    /usr/lib/x86_64-linux-gnu/libgraphite2.so.3.2.1
7f3bf80b0000-7f3bf80cd000 r-xp 00003000 08:05 6558249                    /usr/lib/x86_64-linux-gnu/libgraphite2.so.3.2.1
7f3bf80cd000-7f3bf80d1000 r--p 00020000 08:05 6558249                    /usr/lib/x86_64-linux-gnu/libgraphite2.so.3.2.1
7f3bf80d1000-7f3bf80d3000 r--p 00023000 08:05 6558249                    /usr/lib/x86_64-linux-gnu/libgraphite2.so.3.2.1
7f3bf80d3000-7f3bf80d4000 rw-p 00025000 08:05 6558249                    /usr/lib/x86_64-linux-gnu/libgraphite2.so.3.2.1
7f3bf80d4000-7f3bf80f1000 r--p 00000000 08:05 6553975                    /usr/lib/x86_64-linux-gnu/libglib-2.0.so.0.7200.1
7f3bf80f1000-7f3bf8180000 r-xp 0001d000 08:05 6553975                    /usr/lib/x86_64-linux-gnu/libglib-2.0.so.0.7200.1
7f3bf8180000-7f3bf820a000 r--p 000ac000 08:05 6553975                    /usr/lib/x86_64-linux-gnu/libglib-2.0.so.0.7200.1
7f3bf820a000-7f3bf820b000 ---p 00136000 08:05 6553975                    /usr/lib/x86_64-linux-gnu/libglib-2.0.so.0.7200.1
7f3bf820b000-7f3bf820c000 r--p 00136000 08:05 6553975                    /usr/lib/x86_64-linux-gnu/libglib-2.0.so.0.7200.1
7f3bf820c000-7f3bf820d000 rw-p 00137000 08:05 6553975                    /usr/lib/x86_64-linux-gnu/libglib-2.0.so.0.7200.1
7f3bf820d000-7f3bf820e000 rw-p 00000000 00:00 0 
7f3bf820e000-7f3bf821b000 r--p 00000000 08:05 6558197                    /usr/lib/x86_64-linux-gnu/libfreetype.so.6.18.1
7f3bf821b000-7f3bf82a4000 r-xp 0000d000 08:05 6558197                    /usr/lib/x86_64-linux-gnu/libfreetype.so.6.18.1
7f3bf82a4000-7f3bf82cd000 r--p 00096000 08:05 6558197                    /usr/lib/x86_64-linux-gnu/libfreetype.so.6.18.1
7f3bf82cd000-7f3bf82ce000 ---p 000bf000 08:05 6558197                    /usr/lib/x86_64-linux-gnu/libfreetype.so.6.18.1
7f3bf82ce000-7f3bf82d5000 r--p 000bf000 08:05 6558197                    /usr/lib/x86_64-linux-gnu/libfreetype.so.6.18.1
7f3bf82d5000-7f3bf82d6000 rw-p 000c6000 08:05 6558197                    /usr/lib/x86_64-linux-gnu/libfreetype.so.6.18.1
7f3bf82d6000-7f3bf82df000 r--p 00000000 08:05 6558251                    /usr/lib/x86_64-linux-gnu/libharfbuzz.so.0.20704.0
7f3bf82df000-7f3bf8370000 r-xp 00009000 08:05 6558251                    /usr/lib/x86_64-linux-gnu/libharfbuzz.so.0.20704.0
7f3bf8370000-7f3bf83a2000 r--p 0009a000 08:05 6558251                    /usr/lib/x86_64-linux-gnu/libharfbuzz.so.0.20704.0
7f3bf83a2000-7f3bf83a3000 ---p 000cc000 08:05 6558251                    /usr/lib/x86_64-linux-gnu/libharfbuzz.so.0.20704.0
7f3bf83a3000-7f3bf83a4000 r--p 000cc000 08:05 6558251                    /usr/lib/x86_64-linux-gnu/libharfbuzz.so.0.20704.0
7f3bf83a4000-7f3bf83a5000 rw-p 000cd000 08:05 6558251                    /usr/lib/x86_64-linux-gnu/libharfbuzz.so.0.20704.0
7f3bf83a5000-7f3bf83a6000 r--s 00000000 08:05 12453221                   /var/cache/fontconfig/862c5708-63eb-471a-b45b-d9a3630116b9-le64.cache-7
7f3bf83a6000-7f3bf83a7000 r--s 00000000 08:05 12453218                   /var/cache/fontconfig/6a57ddcc-4f23-47be-8401-102fb1e0c9b2-le64.cache-7
7f3bf83a7000-7f3bf83a8000 r--s 00000000 08:05 12453212                   /var/cache/fontconfig/1ddfa680-f197-4dad-b280-8624071c8df0-le64.cache-7
7f3bf83a8000-7f3bf83a9000 r--s 00000000 08:05 12453201                   /var/cache/fontconfig/eedbdeff-a359-49e3-8fa3-d76fbf6cbb44-le64.cache-7
7f3bf83ab000-7f3bf83b2000 r--s 00000000 08:05 7215957                    /usr/lib/x86_64-linux-gnu/gconv/gconv-modules.cache
7f3bf83b2000-7f3bf83b3000 r--p 00000000 08:05 7735144                    /usr/lib/jvm/java-18-openjdk-amd64/lib/libextnet.so
7f3bf83b3000-7f3bf83b4000 r-xp 00001000 08:05 7735144                    /usr/lib/jvm/java-18-openjdk-amd64/lib/libextnet.so
7f3bf83b4000-7f3bf83b5000 r--p 00002000 08:05 7735144                    /usr/lib/jvm/java-18-openjdk-amd64/lib/libextnet.so
7f3bf83b5000-7f3bf83b6000 r--p 00002000 08:05 7735144                    /usr/lib/jvm/java-18-openjdk-amd64/lib/libextnet.so
7f3bf83b6000-7f3bf83b7000 rw-p 00003000 08:05 7735144                    /usr/lib/jvm/java-18-openjdk-amd64/lib/libextnet.so
7f3bf83b7000-7f3bf83b8000 r--p 00000000 08:05 6555712                    /usr/lib/x86_64-linux-gnu/libXinerama.so.1.0.0
7f3bf83b8000-7f3bf83b9000 r-xp 00001000 08:05 6555712                    /usr/lib/x86_64-linux-gnu/libXinerama.so.1.0.0
7f3bf83b9000-7f3bf83ba000 r--p 00002000 08:05 6555712                    /usr/lib/x86_64-linux-gnu/libXinerama.so.1.0.0
7f3bf83ba000-7f3bf83bb000 r--p 00003000 08:05 6555712                    /usr/lib/x86_64-linux-gnu/libXinerama.so.1.0.0
7f3bf83bb000-7f3bf83bc000 rw-p 00004000 08:05 6555712                    /usr/lib/x86_64-linux-gnu/libXinerama.so.1.0.0
7f3bf83bc000-7f3bf83be000 r--p 00000000 08:05 6557030                    /usr/lib/x86_64-linux-gnu/libmd.so.0.0.5
7f3bf83be000-7f3bf83c5000 r-xp 00002000 08:05 6557030                    /usr/lib/x86_64-linux-gnu/libmd.so.0.0.5
7f3bf83c5000-7f3bf83c7000 r--p 00009000 08:05 6557030                    /usr/lib/x86_64-linux-gnu/libmd.so.0.0.5
7f3bf83c7000-7f3bf83c8000 r--p 0000a000 08:05 6557030                    /usr/lib/x86_64-linux-gnu/libmd.so.0.0.5
7f3bf83c8000-7f3bf83c9000 rw-p 0000b000 08:05 6557030                    /usr/lib/x86_64-linux-gnu/libmd.so.0.0.5
7f3bf83c9000-7f3bf83cd000 r--p 00000000 08:05 6557032                    /usr/lib/x86_64-linux-gnu/libbsd.so.0.11.5
7f3bf83cd000-7f3bf83da000 r-xp 00004000 08:05 6557032                    /usr/lib/x86_64-linux-gnu/libbsd.so.0.11.5
7f3bf83da000-7f3bf83dd000 r--p 00011000 08:05 6557032                    /usr/lib/x86_64-linux-gnu/libbsd.so.0.11.5
7f3bf83dd000-7f3bf83de000 ---p 00014000 08:05 6557032                    /usr/lib/x86_64-linux-gnu/libbsd.so.0.11.5
7f3bf83de000-7f3bf83df000 r--p 00014000 08:05 6557032                    /usr/lib/x86_64-linux-gnu/libbsd.so.0.11.5
7f3bf83df000-7f3bf83e0000 rw-p 00015000 08:05 6557032                    /usr/lib/x86_64-linux-gnu/libbsd.so.0.11.5
7f3bf83e0000-7f3bf83e1000 rw-p 00000000 00:00 0 
7f3bf83e1000-7f3bf83e3000 r--p 00000000 08:05 6557034                    /usr/lib/x86_64-linux-gnu/libXdmcp.so.6.0.0
7f3bf83e3000-7f3bf83e5000 r-xp 00002000 08:05 6557034                    /usr/lib/x86_64-linux-gnu/libXdmcp.so.6.0.0
7f3bf83e5000-7f3bf83e7000 r--p 00004000 08:05 6557034                    /usr/lib/x86_64-linux-gnu/libXdmcp.so.6.0.0
7f3bf83e7000-7f3bf83e8000 r--p 00005000 08:05 6557034                    /usr/lib/x86_64-linux-gnu/libXdmcp.so.6.0.0
7f3bf83e8000-7f3bf83e9000 rw-p 00006000 08:05 6557034                    /usr/lib/x86_64-linux-gnu/libXdmcp.so.6.0.0
7f3bf83e9000-7f3bf83ea000 r--p 00000000 08:05 6557026                    /usr/lib/x86_64-linux-gnu/libXau.so.6.0.0
7f3bf83ea000-7f3bf83ec000 r-xp 00001000 08:05 6557026                    /usr/lib/x86_64-linux-gnu/libXau.so.6.0.0
7f3bf83ec000-7f3bf83ed000 r--p 00003000 08:05 6557026                    /usr/lib/x86_64-linux-gnu/libXau.so.6.0.0
7f3bf83ed000-7f3bf83ee000 r--p 00003000 08:05 6557026                    /usr/lib/x86_64-linux-gnu/libXau.so.6.0.0
7f3bf83ee000-7f3bf83ef000 rw-p 00004000 08:05 6557026                    /usr/lib/x86_64-linux-gnu/libXau.so.6.0.0
7f3bf83ef000-7f3bf83fa000 r--p 00000000 08:05 6557036                    /usr/lib/x86_64-linux-gnu/libxcb.so.1.1.0
7f3bf83fa000-7f3bf840e000 r-xp 0000b000 08:05 6557036                    /usr/lib/x86_64-linux-gnu/libxcb.so.1.1.0
7f3bf840e000-7f3bf8417000 r--p 0001f000 08:05 6557036                    /usr/lib/x86_64-linux-gnu/libxcb.so.1.1.0
7f3bf8417000-7f3bf8418000 r--p 00027000 08:05 6557036                    /usr/lib/x86_64-linux-gnu/libxcb.so.1.1.0
7f3bf8418000-7f3bf8419000 rw-p 00028000 08:05 6557036                    /usr/lib/x86_64-linux-gnu/libxcb.so.1.1.0
7f3bf8419000-7f3bf841c000 r--p 00000000 08:05 6555675                    /usr/lib/x86_64-linux-gnu/libXi.so.6.1.0
7f3bf841c000-7f3bf8428000 r-xp 00003000 08:05 6555675                    /usr/lib/x86_64-linux-gnu/libXi.so.6.1.0
7f3bf8428000-7f3bf842b000 r--p 0000f000 08:05 6555675                    /usr/lib/x86_64-linux-gnu/libXi.so.6.1.0
7f3bf842b000-7f3bf842c000 r--p 00011000 08:05 6555675                    /usr/lib/x86_64-linux-gnu/libXi.so.6.1.0
7f3bf842c000-7f3bf842d000 rw-p 00012000 08:05 6555675                    /usr/lib/x86_64-linux-gnu/libXi.so.6.1.0
7f3bf842d000-7f3bf842f000 r--p 00000000 08:05 6558654                    /usr/lib/x86_64-linux-gnu/libXtst.so.6.1.0
7f3bf842f000-7f3bf8432000 r-xp 00002000 08:05 6558654                    /usr/lib/x86_64-linux-gnu/libXtst.so.6.1.0
7f3bf8432000-7f3bf8433000 r--p 00005000 08:05 6558654                    /usr/lib/x86_64-linux-gnu/libXtst.so.6.1.0
7f3bf8433000-7f3bf8434000 r--p 00005000 08:05 6558654                    /usr/lib/x86_64-linux-gnu/libXtst.so.6.1.0
7f3bf8434000-7f3bf8435000 rw-p 00006000 08:05 6558654                    /usr/lib/x86_64-linux-gnu/libXtst.so.6.1.0
7f3bf8435000-7f3bf8437000 r--p 00000000 08:05 6558228                    /usr/lib/x86_64-linux-gnu/libXrender.so.1.3.0
7f3bf8437000-7f3bf843e000 r-xp 00002000 08:05 6558228                    /usr/lib/x86_64-linux-gnu/libXrender.so.1.3.0
7f3bf843e000-7f3bf8440000 r--p 00009000 08:05 6558228                    /usr/lib/x86_64-linux-gnu/libXrender.so.1.3.0
7f3bf8440000-7f3bf8441000 r--p 0000a000 08:05 6558228                    /usr/lib/x86_64-linux-gnu/libXrender.so.1.3.0
7f3bf8441000-7f3bf8442000 rw-p 0000b000 08:05 6558228                    /usr/lib/x86_64-linux-gnu/libXrender.so.1.3.0
7f3bf8442000-7f3bf845b000 r--p 00000000 08:05 6557018                    /usr/lib/x86_64-linux-gnu/libX11.so.6.4.0
7f3bf845b000-7f3bf84e7000 r-xp 00019000 08:05 6557018                    /usr/lib/x86_64-linux-gnu/libX11.so.6.4.0
7f3bf84e7000-7f3bf857c000 r--p 000a5000 08:05 6557018                    /usr/lib/x86_64-linux-gnu/libX11.so.6.4.0
7f3bf857c000-7f3bf857d000 ---p 0013a000 08:05 6557018                    /usr/lib/x86_64-linux-gnu/libX11.so.6.4.0
7f3bf857d000-7f3bf857e000 r--p 0013a000 08:05 6557018                    /usr/lib/x86_64-linux-gnu/libX11.so.6.4.0
7f3bf857e000-7f3bf8582000 rw-p 0013b000 08:05 6557018                    /usr/lib/x86_64-linux-gnu/libX11.so.6.4.0
7f3bf8582000-7f3bf8586000 r--p 00000000 08:05 6558226                    /usr/lib/x86_64-linux-gnu/libXext.so.6.4.0
7f3bf8586000-7f3bf8591000 r-xp 00004000 08:05 6558226                    /usr/lib/x86_64-linux-gnu/libXext.so.6.4.0
7f3bf8591000-7f3bf8595000 r--p 0000f000 08:05 6558226                    /usr/lib/x86_64-linux-gnu/libXext.so.6.4.0
7f3bf8595000-7f3bf8596000 r--p 00012000 08:05 6558226                    /usr/lib/x86_64-linux-gnu/libXext.so.6.4.0
7f3bf8596000-7f3bf8597000 rw-p 00013000 08:05 6558226                    /usr/lib/x86_64-linux-gnu/libXext.so.6.4.0
7f3bf8597000-7f3bf859a000 r--s 00000000 08:05 12452132                   /var/cache/fontconfig/550616a4-27d2-4747-800b-d3e6f40efa9f-le64.cache-7
7f3bf859a000-7f3bf859d000 r--p 00000000 08:05 7735145                    /usr/lib/jvm/java-18-openjdk-amd64/lib/libfontmanager.so
7f3bf859d000-7f3bf85a5000 r-xp 00003000 08:05 7735145                    /usr/lib/jvm/java-18-openjdk-amd64/lib/libfontmanager.so
7f3bf85a5000-7f3bf85a7000 r--p 0000b000 08:05 7735145                    /usr/lib/jvm/java-18-openjdk-amd64/lib/libfontmanager.so
7f3bf85a7000-7f3bf85a8000 r--p 0000c000 08:05 7735145                    /usr/lib/jvm/java-18-openjdk-amd64/lib/libfontmanager.so
7f3bf85a8000-7f3bf85a9000 rw-p 0000d000 08:05 7735145                    /usr/lib/jvm/java-18-openjdk-amd64/lib/libfontmanager.so
7f3bf85a9000-7f3bf85b7000 r--p 00000000 08:05 7735626                    /usr/lib/jvm/java-18-openjdk-amd64/lib/libawt_xawt.so
7f3bf85b7000-7f3bf85f4000 r-xp 0000e000 08:05 7735626                    /usr/lib/jvm/java-18-openjdk-amd64/lib/libawt_xawt.so
7f3bf85f4000-7f3bf8605000 r--p 0004b000 08:05 7735626                    /usr/lib/jvm/java-18-openjdk-amd64/lib/libawt_xawt.so
7f3bf8605000-7f3bf8606000 ---p 0005c000 08:05 7735626                    /usr/lib/jvm/java-18-openjdk-amd64/lib/libawt_xawt.so
7f3bf8606000-7f3bf8607000 r--p 0005c000 08:05 7735626                    /usr/lib/jvm/java-18-openjdk-amd64/lib/libawt_xawt.so
7f3bf8607000-7f3bf8608000 rw-p 0005d000 08:05 7735626                    /usr/lib/jvm/java-18-openjdk-amd64/lib/libawt_xawt.so
7f3bf8608000-7f3bf8609000 rw-p 00000000 00:00 0 
7f3bf8609000-7f3bf8633000 r--p 00000000 08:05 7735141                    /usr/lib/jvm/java-18-openjdk-amd64/lib/libawt.so
7f3bf8633000-7f3bf86b6000 r-xp 0002a000 08:05 7735141                    /usr/lib/jvm/java-18-openjdk-amd64/lib/libawt.so
7f3bf86b6000-7f3bf86c3000 r--p 000ad000 08:05 7735141                    /usr/lib/jvm/java-18-openjdk-amd64/lib/libawt.so
7f3bf86c3000-7f3bf86c4000 r--p 000b9000 08:05 7735141                    /usr/lib/jvm/java-18-openjdk-amd64/lib/libawt.so
7f3bf86c4000-7f3bf86cf000 rw-p 000ba000 08:05 7735141                    /usr/lib/jvm/java-18-openjdk-amd64/lib/libawt.so
7f3bf86cf000-7f3bf8725000 rw-p 00000000 00:00 0 
7f3bf8725000-7f3bf872b000 r--p 00000000 08:05 7735236                    /usr/lib/jvm/java-18-openjdk-amd64/lib/libnio.so
7f3bf872b000-7f3bf8734000 r-xp 00006000 08:05 7735236                    /usr/lib/jvm/java-18-openjdk-amd64/lib/libnio.so
7f3bf8734000-7f3bf8739000 r--p 0000f000 08:05 7735236                    /usr/lib/jvm/java-18-openjdk-amd64/lib/libnio.so
7f3bf8739000-7f3bf873a000 r--p 00013000 08:05 7735236                    /usr/lib/jvm/java-18-openjdk-amd64/lib/libnio.so
7f3bf873a000-7f3bf873b000 rw-p 00014000 08:05 7735236                    /usr/lib/jvm/java-18-openjdk-amd64/lib/libnio.so
7f3bf873b000-7f3bf873f000 ---p 00000000 00:00 0 
7f3bf873f000-7f3bf883b000 rw-p 00000000 00:00 0 
7f3bf883b000-7f3bf883c000 ---p 00000000 00:00 0 
7f3bf883c000-7f3bf893d000 rw-p 00000000 00:00 0 
7f3bf893d000-7f3bf8941000 ---p 00000000 00:00 0 
7f3bf8941000-7f3bf8a3d000 rw-p 00000000 00:00 0 
7f3bf8a3d000-7f3bf8a41000 ---p 00000000 00:00 0 
7f3bf8a41000-7f3bf8b3d000 rw-p 00000000 00:00 0 
7f3bf8b3d000-7f3bf8b41000 ---p 00000000 00:00 0 
7f3bf8b41000-7f3bf8c3d000 rw-p 00000000 00:00 0 
7f3bf8c3d000-7f3bf8c41000 ---p 00000000 00:00 0 
7f3bf8c41000-7f3bf8d3d000 rw-p 00000000 00:00 0 
7f3bf8d3d000-7f3bf8d41000 ---p 00000000 00:00 0 
7f3bf8d41000-7f3bf8e3d000 rw-p 00000000 00:00 0 
7f3bf8e3d000-7f3bf8e41000 ---p 00000000 00:00 0 
7f3bf8e41000-7f3bf8f3d000 rw-p 00000000 00:00 0 
7f3bf8f3d000-7f3bf8f41000 ---p 00000000 00:00 0 
7f3bf8f41000-7f3bf903d000 rw-p 00000000 00:00 0 
7f3bf903d000-7f3bf960a000 r--p 00000000 08:05 6553832                    /usr/lib/locale/locale-archive
7f3bf960a000-7f3bf960e000 ---p 00000000 00:00 0 
7f3bf960e000-7f3bf970a000 rw-p 00000000 00:00 0 
7f3bf970a000-7f3bf970e000 ---p 00000000 00:00 0 
7f3bf970e000-7f3bf980a000 rw-p 00000000 00:00 0 
7f3bf980a000-7f3bf980b000 ---p 00000000 00:00 0 
7f3bf980b000-7f3bf990c000 rw-p 00000000 00:00 0 
7f3bf990c000-7f3bf9910000 r--p 00000000 08:05 7735229                    /usr/lib/jvm/java-18-openjdk-amd64/lib/libjsvml.so
7f3bf9910000-7f3bf9951000 r-xp 00004000 08:05 7735229                    /usr/lib/jvm/java-18-openjdk-amd64/lib/libjsvml.so
7f3bf9951000-7f3bf99da000 r--p 00045000 08:05 7735229                    /usr/lib/jvm/java-18-openjdk-amd64/lib/libjsvml.so
7f3bf99da000-7f3bf99db000 r--p 000cd000 08:05 7735229                    /usr/lib/jvm/java-18-openjdk-amd64/lib/libjsvml.so
7f3bf99db000-7f3bf99dc000 rw-p 000ce000 08:05 7735229                    /usr/lib/jvm/java-18-openjdk-amd64/lib/libjsvml.so
7f3bf99dc000-7f3bf9af9000 rw-p 00000000 00:00 0 
7f3bf9af9000-7f3bf9afa000 ---p 00000000 00:00 0 
7f3bf9afa000-7f3bf9bfb000 rw-p 00000000 00:00 0 
7f3bf9bfb000-7f3bf9bfc000 ---p 00000000 00:00 0 
7f3bf9bfc000-7f3bfc000000 rw-p 00000000 00:00 0 
7f3bfc000000-7f3bfc021000 rw-p 00000000 00:00 0 
7f3bfc021000-7f3c00000000 ---p 00000000 00:00 0 
7f3c00000000-7f3c00021000 rw-p 00000000 00:00 0 
7f3c00021000-7f3c04000000 ---p 00000000 00:00 0 
7f3c04000000-7f3c04021000 rw-p 00000000 00:00 0 
7f3c04021000-7f3c08000000 ---p 00000000 00:00 0 
7f3c08000000-7f3c08001000 r--s 00000000 08:05 12452669                   /var/cache/fontconfig/243cb782-f932-4120-bff0-29103fe77526-le64.cache-7
7f3c08001000-7f3c08004000 r--p 00000000 08:05 7735235                    /usr/lib/jvm/java-18-openjdk-amd64/lib/libnet.so
7f3c08004000-7f3c0800c000 r-xp 00003000 08:05 7735235                    /usr/lib/jvm/java-18-openjdk-amd64/lib/libnet.so
7f3c0800c000-7f3c0800e000 r--p 0000b000 08:05 7735235                    /usr/lib/jvm/java-18-openjdk-amd64/lib/libnet.so
7f3c0800e000-7f3c0800f000 r--p 0000c000 08:05 7735235                    /usr/lib/jvm/java-18-openjdk-amd64/lib/libnet.so
7f3c0800f000-7f3c08010000 rw-p 0000d000 08:05 7735235                    /usr/lib/jvm/java-18-openjdk-amd64/lib/libnet.so
7f3c08010000-7f3c08111000 rw-p 00000000 00:00 0 
7f3c08111000-7f3c08112000 ---p 00000000 00:00 0 
7f3c08112000-7f3c08213000 rw-p 00000000 00:00 0 
7f3c08213000-7f3c08214000 ---p 00000000 00:00 0 
7f3c08214000-7f3c08315000 rw-p 00000000 00:00 0 
7f3c08315000-7f3c08316000 ---p 00000000 00:00 0 
7f3c08316000-7f3c08649000 rw-p 00000000 00:00 0 
7f3c08649000-7f3c0a2e9000 ---p 00000000 00:00 0 
7f3c0a2e9000-7f3c0a4e1000 rw-p 00000000 00:00 0 
7f3c0a4e1000-7f3c0c181000 ---p 00000000 00:00 0 
7f3c0c181000-7f3c0c1c7000 rw-p 00000000 00:00 0 
7f3c0c1c7000-7f3c0c55b000 ---p 00000000 00:00 0 
7f3c0c55b000-7f3c0c59a000 rw-p 00000000 00:00 0 
7f3c0c59a000-7f3c0c92e000 ---p 00000000 00:00 0 
7f3c0c92e000-7f3c0c96d000 rw-p 00000000 00:00 0 
7f3c0c96d000-7f3c0cd01000 ---p 00000000 00:00 0 
7f3c0cd01000-7f3c0d10b000 rw-p 00000000 00:00 0 
7f3c0d10b000-7f3c0d1f1000 ---p 00000000 00:00 0 
7f3c0d1f1000-7f3c0d1fa000 rw-p 00000000 00:00 0 
7f3c0d1fa000-7f3c0d2dc000 ---p 00000000 00:00 0 
7f3c0d2dc000-7f3c0d54c000 rwxp 00000000 00:00 0 
7f3c0d54c000-7f3c0d86d000 ---p 00000000 00:00 0 
7f3c0d86d000-7f3c0dc9d000 rwxp 00000000 00:00 0 
7f3c0dc9d000-7f3c14da4000 ---p 00000000 00:00 0 
7f3c14da4000-7f3c15014000 rwxp 00000000 00:00 0 
7f3c15014000-7f3c1c2dc000 ---p 00000000 00:00 0 
7f3c1c2dc000-7f3c1c2e8000 r--p 00000000 08:05 7735222                    /usr/lib/jvm/java-18-openjdk-amd64/lib/libjava.so
7f3c1c2e8000-7f3c1c2fb000 r-xp 0000c000 08:05 7735222                    /usr/lib/jvm/java-18-openjdk-amd64/lib/libjava.so
7f3c1c2fb000-7f3c1c300000 r--p 0001f000 08:05 7735222                    /usr/lib/jvm/java-18-openjdk-amd64/lib/libjava.so
7f3c1c300000-7f3c1c301000 ---p 00024000 08:05 7735222                    /usr/lib/jvm/java-18-openjdk-amd64/lib/libjava.so
7f3c1c301000-7f3c1c302000 r--p 00024000 08:05 7735222                    /usr/lib/jvm/java-18-openjdk-amd64/lib/libjava.so
7f3c1c302000-7f3c1c303000 rw-p 00025000 08:05 7735222                    /usr/lib/jvm/java-18-openjdk-amd64/lib/libjava.so
7f3c1c303000-7f3c1c304000 rw-p 00000000 00:00 0 
7f3c1c304000-7f3c24000000 r--s 00000000 08:05 7735315                    /usr/lib/jvm/java-18-openjdk-amd64/lib/modules
7f3c24000000-7f3c24757000 rw-p 00000000 00:00 0 
7f3c24757000-7f3c28000000 ---p 00000000 00:00 0 
7f3c28000000-7f3c28003000 r--s 00000000 08:05 12452085                   /var/cache/fontconfig/c677aeb3-b1c8-4165-a780-c01936e97d67-le64.cache-7
7f3c28003000-7f3c28008000 rw-p 00000000 00:00 0 
7f3c28008000-7f3c2800f000 ---p 00000000 00:00 0 
7f3c2800f000-7f3c28011000 r--s 0000c000 08:05 7348931                    /usr/share/java/java-atk-wrapper.jar
7f3c28011000-7f3c28013000 r--p 00000000 08:05 7735314                    /usr/lib/jvm/java-18-openjdk-amd64/lib/libzip.so
7f3c28013000-7f3c28017000 r-xp 00002000 08:05 7735314                    /usr/lib/jvm/java-18-openjdk-amd64/lib/libzip.so
7f3c28017000-7f3c28019000 r--p 00006000 08:05 7735314                    /usr/lib/jvm/java-18-openjdk-amd64/lib/libzip.so
7f3c28019000-7f3c2801a000 r--p 00007000 08:05 7735314                    /usr/lib/jvm/java-18-openjdk-amd64/lib/libzip.so
7f3c2801a000-7f3c2801b000 rw-p 00008000 08:05 7735314                    /usr/lib/jvm/java-18-openjdk-amd64/lib/libzip.so
7f3c2801b000-7f3c2801f000 ---p 00000000 00:00 0 
7f3c2801f000-7f3c2811b000 rw-p 00000000 00:00 0 
7f3c2811b000-7f3c2811e000 r--p 00000000 08:05 6553732                    /usr/lib/x86_64-linux-gnu/libgcc_s.so.1
7f3c2811e000-7f3c28135000 r-xp 00003000 08:05 6553732                    /usr/lib/x86_64-linux-gnu/libgcc_s.so.1
7f3c28135000-7f3c28139000 r--p 0001a000 08:05 6553732                    /usr/lib/x86_64-linux-gnu/libgcc_s.so.1
7f3c28139000-7f3c2813a000 r--p 0001d000 08:05 6553732                    /usr/lib/x86_64-linux-gnu/libgcc_s.so.1
7f3c2813a000-7f3c2813b000 rw-p 0001e000 08:05 6553732                    /usr/lib/x86_64-linux-gnu/libgcc_s.so.1
7f3c2813b000-7f3c28149000 r--p 00000000 08:05 6555964                    /usr/lib/x86_64-linux-gnu/libm.so.6
7f3c28149000-7f3c281c5000 r-xp 0000e000 08:05 6555964                    /usr/lib/x86_64-linux-gnu/libm.so.6
7f3c281c5000-7f3c28220000 r--p 0008a000 08:05 6555964                    /usr/lib/x86_64-linux-gnu/libm.so.6
7f3c28220000-7f3c28221000 r--p 000e4000 08:05 6555964                    /usr/lib/x86_64-linux-gnu/libm.so.6
7f3c28221000-7f3c28222000 rw-p 000e5000 08:05 6555964                    /usr/lib/x86_64-linux-gnu/libm.so.6
7f3c28222000-7f3c282bc000 r--p 00000000 08:05 6553738                    /usr/lib/x86_64-linux-gnu/libstdc++.so.6.0.30
7f3c282bc000-7f3c283cd000 r-xp 0009a000 08:05 6553738                    /usr/lib/x86_64-linux-gnu/libstdc++.so.6.0.30
7f3c283cd000-7f3c2843d000 r--p 001ab000 08:05 6553738                    /usr/lib/x86_64-linux-gnu/libstdc++.so.6.0.30
7f3c2843d000-7f3c28448000 r--p 0021a000 08:05 6553738                    /usr/lib/x86_64-linux-gnu/libstdc++.so.6.0.30
7f3c28448000-7f3c2844b000 rw-p 00225000 08:05 6553738                    /usr/lib/x86_64-linux-gnu/libstdc++.so.6.0.30
7f3c2844b000-7f3c2844e000 rw-p 00000000 00:00 0 
7f3c2844e000-7f3c2869f000 r--p 00000000 08:05 7735400                    /usr/lib/jvm/java-18-openjdk-amd64/lib/server/libjvm.so
7f3c2869f000-7f3c2954a000 r-xp 00251000 08:05 7735400                    /usr/lib/jvm/java-18-openjdk-amd64/lib/server/libjvm.so
7f3c2954a000-7f3c29706000 r--p 010fc000 08:05 7735400                    /usr/lib/jvm/java-18-openjdk-amd64/lib/server/libjvm.so
7f3c29706000-7f3c29707000 ---p 012b8000 08:05 7735400                    /usr/lib/jvm/java-18-openjdk-amd64/lib/server/libjvm.so
7f3c29707000-7f3c297c6000 r--p 012b8000 08:05 7735400                    /usr/lib/jvm/java-18-openjdk-amd64/lib/server/libjvm.so
7f3c297c6000-7f3c297f2000 rw-p 01377000 08:05 7735400                    /usr/lib/jvm/java-18-openjdk-amd64/lib/server/libjvm.so
7f3c297f2000-7f3c29850000 rw-p 00000000 00:00 0 
7f3c29850000-7f3c29852000 r--p 00000000 08:05 6556192                    /usr/lib/x86_64-linux-gnu/libz.so.1.2.11
7f3c29852000-7f3c29863000 r-xp 00002000 08:05 6556192                    /usr/lib/x86_64-linux-gnu/libz.so.1.2.11
7f3c29863000-7f3c29869000 r--p 00013000 08:05 6556192                    /usr/lib/x86_64-linux-gnu/libz.so.1.2.11
7f3c29869000-7f3c2986a000 ---p 00019000 08:05 6556192                    /usr/lib/x86_64-linux-gnu/libz.so.1.2.11
7f3c2986a000-7f3c2986b000 r--p 00019000 08:05 6556192                    /usr/lib/x86_64-linux-gnu/libz.so.1.2.11
7f3c2986b000-7f3c2986c000 rw-p 0001a000 08:05 6556192                    /usr/lib/x86_64-linux-gnu/libz.so.1.2.11
7f3c2986c000-7f3c29894000 r--p 00000000 08:05 6555961                    /usr/lib/x86_64-linux-gnu/libc.so.6
7f3c29894000-7f3c29a29000 r-xp 00028000 08:05 6555961                    /usr/lib/x86_64-linux-gnu/libc.so.6
7f3c29a29000-7f3c29a81000 r--p 001bd000 08:05 6555961                    /usr/lib/x86_64-linux-gnu/libc.so.6
7f3c29a81000-7f3c29a85000 r--p 00214000 08:05 6555961                    /usr/lib/x86_64-linux-gnu/libc.so.6
7f3c29a85000-7f3c29a87000 rw-p 00218000 08:05 6555961                    /usr/lib/x86_64-linux-gnu/libc.so.6
7f3c29a87000-7f3c29a94000 rw-p 00000000 00:00 0 
7f3c29a94000-7f3c29a95000 r--s 00000000 08:05 12459147                   /var/cache/fontconfig/86f4d8a5-7790-4f46-939f-d1188ef827c2-le64.cache-7
7f3c29a95000-7f3c29a9d000 rw-s 00000000 08:05 6424650                    /tmp/hsperfdata_dereje/344730
7f3c29a9d000-7f3c29a9e000 ---p 00000000 00:00 0 
7f3c29a9e000-7f3c29a9f000 r--p 00000000 00:00 0 
7f3c29a9f000-7f3c29aa1000 r--p 00000000 08:05 7735225                    /usr/lib/jvm/java-18-openjdk-amd64/lib/libjimage.so
7f3c29aa1000-7f3c29aa3000 r-xp 00002000 08:05 7735225                    /usr/lib/jvm/java-18-openjdk-amd64/lib/libjimage.so
7f3c29aa3000-7f3c29aa4000 r--p 00004000 08:05 7735225                    /usr/lib/jvm/java-18-openjdk-amd64/lib/libjimage.so
7f3c29aa4000-7f3c29aa5000 r--p 00004000 08:05 7735225                    /usr/lib/jvm/java-18-openjdk-amd64/lib/libjimage.so
7f3c29aa5000-7f3c29aa6000 rw-p 00005000 08:05 7735225                    /usr/lib/jvm/java-18-openjdk-amd64/lib/libjimage.so
7f3c29aa6000-7f3c29aa8000 r--p 00000000 08:05 7735226                    /usr/lib/jvm/java-18-openjdk-amd64/lib/libjli.so
7f3c29aa8000-7f3c29ab2000 r-xp 00002000 08:05 7735226                    /usr/lib/jvm/java-18-openjdk-amd64/lib/libjli.so
7f3c29ab2000-7f3c29ab5000 r--p 0000c000 08:05 7735226                    /usr/lib/jvm/java-18-openjdk-amd64/lib/libjli.so
7f3c29ab5000-7f3c29ab6000 r--p 0000e000 08:05 7735226                    /usr/lib/jvm/java-18-openjdk-amd64/lib/libjli.so
7f3c29ab6000-7f3c29ab7000 rw-p 0000f000 08:05 7735226                    /usr/lib/jvm/java-18-openjdk-amd64/lib/libjli.so
7f3c29ab7000-7f3c29ab9000 rw-p 00000000 00:00 0 
7f3c29ab9000-7f3c29abb000 r--p 00000000 08:05 6555958                    /usr/lib/x86_64-linux-gnu/ld-linux-x86-64.so.2
7f3c29abb000-7f3c29ae5000 r-xp 00002000 08:05 6555958                    /usr/lib/x86_64-linux-gnu/ld-linux-x86-64.so.2
7f3c29ae5000-7f3c29af0000 r--p 0002c000 08:05 6555958                    /usr/lib/x86_64-linux-gnu/ld-linux-x86-64.so.2
7f3c29af0000-7f3c29af1000 ---p 00000000 00:00 0 
7f3c29af1000-7f3c29af3000 r--p 00037000 08:05 6555958                    /usr/lib/x86_64-linux-gnu/ld-linux-x86-64.so.2
7f3c29af3000-7f3c29af5000 rw-p 00039000 08:05 6555958                    /usr/lib/x86_64-linux-gnu/ld-linux-x86-64.so.2
7ffdce524000-7ffdce546000 rw-p 00000000 00:00 0                          [stack]
7ffdce56c000-7ffdce570000 r--p 00000000 00:00 0                          [vvar]
7ffdce570000-7ffdce572000 r-xp 00000000 00:00 0                          [vdso]
ffffffffff600000-ffffffffff601000 --xp 00000000 00:00 0                  [vsyscall]


VM Arguments:
jvm_args: --enable-preview 
java_command: Main
java_class_path (initial): /home/dereje/Documents/dev/cinema-booking/bin:/usr/share/java/mysql-connector-java-8.0.29.jar
Launcher Type: SUN_STANDARD

[Global flags]
     intx CICompilerCount                          = 3                                         {product} {ergonomic}
     uint ConcGCThreads                            = 1                                         {product} {ergonomic}
     uint G1ConcRefinementThreads                  = 4                                         {product} {ergonomic}
   size_t G1HeapRegionSize                         = 1048576                                   {product} {ergonomic}
    uintx GCDrainStackTargetSize                   = 64                                        {product} {ergonomic}
   size_t InitialHeapSize                          = 130023424                                 {product} {ergonomic}
   size_t MarkStackSize                            = 4194304                                   {product} {ergonomic}
   size_t MaxHeapSize                              = 2053111808                                {product} {ergonomic}
   size_t MaxNewSize                               = 1231028224                                {product} {ergonomic}
   size_t MinHeapDeltaBytes                        = 1048576                                   {product} {ergonomic}
   size_t MinHeapSize                              = 8388608                                   {product} {ergonomic}
    uintx NonNMethodCodeHeapSize                   = 5832780                                {pd product} {ergonomic}
    uintx NonProfiledCodeHeapSize                  = 122912730                              {pd product} {ergonomic}
    uintx ProfiledCodeHeapSize                     = 122912730                              {pd product} {ergonomic}
    uintx ReservedCodeCacheSize                    = 251658240                              {pd product} {ergonomic}
     bool SegmentedCodeCache                       = true                                      {product} {ergonomic}
   size_t SoftMaxHeapSize                          = 2053111808                             {manageable} {ergonomic}
     bool UseCompressedClassPointers               = true                           {product lp64_product} {ergonomic}
     bool UseCompressedOops                        = true                           {product lp64_product} {ergonomic}
     bool UseG1GC                                  = true                                      {product} {ergonomic}

Logging:
Log output configuration:
 #0: stdout all=warning uptime,level,tags foldmultilines=false
 #1: stderr all=off uptime,level,tags foldmultilines=false

Environment Variables:
CLASSPATH=/usr/share/java/mysql-connector-java-8.0.29.jar
PATH=/home/dereje/Documents/dev/cinema-booking/node_modules/.bin:/home/dereje/Documents/ideaIU-2022.1.1/idea-IU-221.5591.52/bin:/home/dereje/.local/bin:/usr/local/sbin:/usr/local/bin:/usr/sbin:/usr/bin:/sbin:/bin:/usr/games:/usr/local/games:/snap/bin:/snap/bin
USERNAME=dereje
SHELL=/usr/bin/zsh
DISPLAY=:0
LANG=en_US.UTF-8

Signal Handlers:
   SIGSEGV: 0x00007f3c29252550 in libjvm.so+14697808, mask=11100100010111111101111111111110, flags=SA_RESTART|SA_SIGINFO
    SIGBUS: 0x00007f3c29252550 in libjvm.so+14697808, mask=11100100010111111101111111111110, flags=SA_RESTART|SA_SIGINFO
    SIGFPE: 0x00007f3c29252550 in libjvm.so+14697808, mask=11100100010111111101111111111110, flags=SA_RESTART|SA_SIGINFO
   SIGPIPE: 0x00007f3c29142720 in libjvm.so+13584160, mask=11100100010111111101111111111110, flags=SA_RESTART|SA_SIGINFO
   SIGXFSZ: 0x00007f3c29142720 in libjvm.so+13584160, mask=11100100010111111101111111111110, flags=SA_RESTART|SA_SIGINFO
    SIGILL: 0x00007f3c29252550 in libjvm.so+14697808, mask=11100100010111111101111111111110, flags=SA_RESTART|SA_SIGINFO
   SIGUSR2: 0x00007f3c2913bc00 in libjvm.so+13556736, mask=00000000000000000000000000000000, flags=SA_RESTART|SA_SIGINFO
    SIGHUP: 0x00007f3c2913bb20 in libjvm.so+13556512, mask=11100100010111111101111111111110, flags=SA_RESTART|SA_SIGINFO
    SIGINT: 0x00007f3c2913bb20 in libjvm.so+13556512, mask=11100100010111111101111111111110, flags=SA_RESTART|SA_SIGINFO
   SIGTERM: 0x00007f3c2913bb20 in libjvm.so+13556512, mask=11100100010111111101111111111110, flags=SA_RESTART|SA_SIGINFO
   SIGQUIT: 0x00007f3c2913bb20 in libjvm.so+13556512, mask=11100100010111111101111111111110, flags=SA_RESTART|SA_SIGINFO
   SIGTRAP: 0x00007f3c29252550 in libjvm.so+14697808, mask=11100100010111111101111111111110, flags=SA_RESTART|SA_SIGINFO


---------------  S Y S T E M  ---------------

OS:
DISTRIB_ID=Ubuntu
DISTRIB_RELEASE=22.04
DISTRIB_CODENAME=jammy
DISTRIB_DESCRIPTION="Ubuntu 22.04 LTS"
uname: Linux 5.15.0-30-generic #31-Ubuntu SMP Thu May 5 10:00:34 UTC 2022 x86_64
OS uptime: 3 days 11:36 hours
libc: glibc 2.35 NPTL 2.35 
rlimit (soft/hard): STACK 8192k/infinity , CORE 0k/infinity , NPROC 31011/31011 , NOFILE 1048576/1048576 , AS infinity/infinity , CPU infinity/infinity , DATA infinity/infinity , FSIZE infinity/infinity , MEMLOCK 1001688k/1001688k
load average: 1.83 1.49 1.47

/proc/meminfo:
MemTotal:        8013524 kB
MemFree:          165016 kB
MemAvailable:    3401940 kB
Buffers:           27372 kB
Cached:          3977832 kB
SwapCached:        98100 kB
Active:          2686800 kB
Inactive:        4519764 kB
Active(anon):    1204980 kB
Inactive(anon):  2656720 kB
Active(file):    1481820 kB
Inactive(file):  1863044 kB
Unevictable:       47756 kB
Mlocked:              80 kB
SwapTotal:       2097148 kB
SwapFree:            200 kB
Dirty:             13308 kB
Writeback:             0 kB
AnonPages:       3151216 kB
Mapped:           632480 kB
Shmem:            660912 kB
KReclaimable:     198240 kB
Slab:             371120 kB
SReclaimable:     198240 kB
SUnreclaim:       172880 kB
KernelStack:       24120 kB
PageTables:        66796 kB
NFS_Unstable:          0 kB
Bounce:                0 kB
WritebackTmp:          0 kB
CommitLimit:     6103908 kB
Committed_AS:   16682260 kB
VmallocTotal:   34359738367 kB
VmallocUsed:       60660 kB
VmallocChunk:          0 kB
Percpu:            10336 kB
HardwareCorrupted:     0 kB
AnonHugePages:         0 kB
ShmemHugePages:        0 kB
ShmemPmdMapped:        0 kB
FileHugePages:         0 kB
FilePmdMapped:         0 kB
HugePages_Total:       0
HugePages_Free:        0
HugePages_Rsvd:        0
HugePages_Surp:        0
Hugepagesize:       2048 kB
Hugetlb:               0 kB
DirectMap4k:     1646080 kB
DirectMap2M:     6615040 kB
DirectMap1G:     1048576 kB

/sys/kernel/mm/transparent_hugepage/enabled: always [madvise] never
/sys/kernel/mm/transparent_hugepage/defrag (defrag/compaction efforts parameter): always defer defer+madvise [madvise] never

Process Memory:
Virtual Size: 5464340K (peak: 5464780K)
Resident Set Size: 122064K (peak: 122140K) (anon: 86680K, file: 35384K, shmem: 0K)
Swapped out: 0K
C-Heap outstanding allocations: 9341K

/proc/sys/kernel/threads-max (system-wide limit on the number of threads): 62023
/proc/sys/vm/max_map_count (maximum number of memory map areas a process may have): 65530
/proc/sys/kernel/pid_max (system-wide limit on number of process identifiers): 4194304

container (cgroup) information:
container_type: cgroupv2
cpu_cpuset_cpus: not supported
cpu_memory_nodes: not supported
active_processor_count: 4
cpu_quota: not supported
cpu_period: not supported
cpu_shares: not supported
memory_limit_in_bytes: unlimited
memory_and_swap_limit_in_bytes: unlimited
memory_soft_limit_in_bytes: unlimited
memory_usage_in_bytes: 1634455552
memory_max_usage_in_bytes: not supported
maximum number of tasks: 9303
current number of tasks: 259

Steal ticks since vm start: 0
Steal ticks percentage since vm start:  0.000

CPU: total 4 (initial active 4) (2 cores per cpu, 2 threads per core) family 6 model 61 stepping 4 microcode 0x2f, cx8, cmov, fxsr, ht, mmx, 3dnowpref, sse, sse2, sse3, ssse3, sse4.1, sse4.2, popcnt, lzcnt, tsc, tscinvbit, avx, avx2, aes, erms, clmul, bmi1, bmi2, adx, fma, vzeroupper, clflush
CPU Model and flags from /proc/cpuinfo:
model name	: Intel(R) Core(TM) i5-5200U CPU @ 2.20GHz
flags		: fpu vme de pse tsc msr pae mce cx8 apic sep mtrr pge mca cmov pat pse36 clflush dts acpi mmx fxsr sse sse2 ss ht tm pbe syscall nx pdpe1gb rdtscp lm constant_tsc arch_perfmon pebs bts rep_good nopl xtopology nonstop_tsc cpuid aperfmperf pni pclmulqdq dtes64 monitor ds_cpl vmx est tm2 ssse3 sdbg fma cx16 xtpr pdcm pcid sse4_1 sse4_2 x2apic movbe popcnt tsc_deadline_timer aes xsave avx f16c rdrand lahf_lm abm 3dnowprefetch cpuid_fault epb invpcid_single pti ssbd ibrs ibpb stibp tpr_shadow vnmi flexpriority ept vpid ept_ad fsgsbase tsc_adjust bmi1 avx2 smep bmi2 erms invpcid rdseed adx smap intel_pt xsaveopt dtherm ida arat pln pts md_clear flush_l1d

Online cpus: 0-3
Offline cpus: 4-7
BIOS frequency limitation: <Not Available>
Frequency switch latency (ns): 20000
Available cpu frequencies: <Not Available>
Current governor: schedutil
Core performance/turbo boost: <Not Available>

Memory: 4k page, physical 8013524k(165016k free), swap 2097148k(200k free)
Page Sizes: 4k

vm_info: OpenJDK 64-Bit Server VM (18-ea+36-Ubuntu-1) for linux-amd64 JRE (18-ea+36-Ubuntu-1), built on Feb 18 2022 18:05:52 by "buildd" with gcc 11.2.0

END.
