#
# A fatal error has been detected by the Java Runtime Environment:
#
#  SIGSEGV (0xb) at pc=0x00007f70d1c63cad, pid=344858, tid=344858
#
# JRE version: OpenJDK Runtime Environment (18.0+36) (build 18-ea+36-Ubuntu-1)
# Java VM: OpenJDK 64-Bit Server VM (18-ea+36-Ubuntu-1, mixed mode, sharing, tiered, compressed oops, compressed class ptrs, g1 gc, linux-amd64)
# Problematic frame:
# V  [libjvm.so+0xcedcad]
#
# Core dump will be written. Default location: Core dumps may be processed with "/usr/share/apport/apport -p%p -s%s -c%c -d%d -P%P -u%u -g%g -- %E" (or dumping to /home/dereje/Documents/dev/cinema-booking/core.344858)
#
# If you would like to submit a bug report, please visit:
#   Unknown
#

---------------  S U M M A R Y ------------

Command Line: --enable-preview Main

Host: Intel(R) Core(TM) i5-5200U CPU @ 2.20GHz, 4 cores, 7G, Ubuntu 22.04 LTS
Time: Wed Jun  1 20:16:26 2022 EAT elapsed time: 43.392339 seconds (0d 0h 0m 43s)

---------------  T H R E A D  ---------------

Current thread is native thread

Stack: [0x00007ffc03088000,0x00007ffc03887000],  sp=0x00007ffc038808b0,  free space=8162k
Native frames: (J=compiled Java code, j=interpreted, Vv=VM code, C=native code)
V  [libjvm.so+0xcedcad]
C  [libc.so.6+0x42520]


siginfo: si_signo: 11 (SIGSEGV), si_code: 1 (SEGV_MAPERR), si_addr: 0x0000000000000248

Registers:
RAX=0x0000000000000000, RBX=0x00007ffc038808c0, RCX=0x00007f70d242fc9b, RDX=0x0000000000000000
RSP=0x00007ffc038808b0, RBP=0x00007ffc03880970, RSI=0x00007ffc038808c0, RDI=0x0000000000000000
R8 =0x0000000000000000, R9 =0x00000000ffffffff, R10=0x0000000000000008, R11=0x0000000000000246
R12=0x00007f70d23756c0, R13=0x0000000000000000, R14=0x0000000000000000, R15=0x0000000000000000
RIP=0x00007f70d1c63cad, EFLAGS=0x0000000000010246, CSGSFS=0x002b000000000033, ERR=0x0000000000000004
  TRAPNO=0x000000000000000e

Top of Stack: (sp=0x00007ffc038808b0)
0x00007ffc038808b0:   00007ffc03880ab0 00007ffc03880980
0x00007ffc038808c0:   00000000000004d8 0000000000000009
0x00007ffc038808d0:   00007ffc00000000 0000000000000000
0x00007ffc038808e0:   0000000000000000 0000000000000000 

Instructions: (pc=0x00007f70d1c63cad)
0x00007f70d1c63bad:   00 00 00 f0 0f c1 02 48 8b 3d ad e0 6b 00 48 83
0x00007f70d1c63bbd:   ec 80 5b 41 5c 5d e9 f8 40 56 ff 0f 1f 84 00 00
0x00007f70d1c63bcd:   00 00 00 48 83 ec 80 5b 41 5c 5d c3 0f 1f 80 00
0x00007f70d1c63bdd:   00 00 00 48 8b 05 e9 2f 69 00 48 83 f8 ff 0f 85
0x00007f70d1c63bed:   19 46 56 ff eb a3 66 66 2e 0f 1f 84 00 00 00 00
0x00007f70d1c63bfd:   00 66 90 f3 0f 1e fa 55 66 48 0f 6e d2 66 48 0f
0x00007f70d1c63c0d:   6e ce 66 0f 6c ca 48 89 e5 41 57 41 56 41 55 41
0x00007f70d1c63c1d:   54 53 48 8d 9d 50 ff ff ff 48 81 ec 98 00 00 00
0x00007f70d1c63c2d:   0f 29 8d 40 ff ff ff e8 97 40 56 ff 48 89 df 44
0x00007f70d1c63c3d:   8b 28 49 89 c4 e8 19 3d 56 ff be 04 00 00 00 48
0x00007f70d1c63c4d:   89 df e8 3c 3f 56 ff be 07 00 00 00 48 89 df e8
0x00007f70d1c63c5d:   2f 3f 56 ff be 08 00 00 00 48 89 df e8 22 3f 56
0x00007f70d1c63c6d:   ff be 0b 00 00 00 48 89 df e8 15 3f 56 ff be 05
0x00007f70d1c63c7d:   00 00 00 48 89 df e8 08 3f 56 ff 31 d2 48 89 de
0x00007f70d1c63c8d:   bf 01 00 00 00 e8 f9 34 56 ff 31 c0 80 3d f8 56
0x00007f70d1c63c9d:   6e 00 00 74 0b 8b 3d 20 b0 6e 00 e8 03 41 56 ff
0x00007f70d1c63cad:   48 8b 90 48 02 00 00 48 85 d2 74 17 4c 8b b8 10
0x00007f70d1c63cbd:   02 00 00 41 8b 87 a0 00 00 00 83 f8 01 74 1c 45
0x00007f70d1c63ccd:   89 2c 24 48 81 c4 98 00 00 00 5b 41 5c 41 5d 41
0x00007f70d1c63cdd:   5e 41 5f 5d c3 66 0f 1f 44 00 00 66 0f 6f 9d 40
0x00007f70d1c63ced:   ff ff ff 4d 8d b7 a0 00 00 00 ba 02 00 00 00 41
0x00007f70d1c63cfd:   0f 11 9f a8 00 00 00 f0 41 0f b1 16 8d 50 ff 83
0x00007f70d1c63d0d:   fa 01 76 37 85 c0 75 13 66 0f ef c0 41 0f 11 87
0x00007f70d1c63d1d:   a8 00 00 00 eb a9 0f 1f 44 00 00 48 8b 05 79 a8
0x00007f70d1c63d2d:   68 00 be 61 06 00 00 48 8d 3d 65 0c 4a 00 c6 00
0x00007f70d1c63d3d:   58 e8 cd 10 8e ff eb d0 0f 1f 00 48 89 df e8 10
0x00007f70d1c63d4d:   3c 56 ff 48 89 da 31 f6 31 ff e8 34 34 56 ff 8b
0x00007f70d1c63d5d:   35 fe 75 69 00 48 89 df e8 e6 38 56 ff 48 8d 3d
0x00007f70d1c63d6d:   8f 0e 70 00 e8 4a 3f 56 ff 66 2e 0f 1f 84 00 00
0x00007f70d1c63d7d:   00 00 00 48 89 df e8 a8 3f 56 ff b8 03 00 00 00
0x00007f70d1c63d8d:   31 c9 f0 41 0f b1 0e 83 f8 03 74 27 85 c0 74 23
0x00007f70d1c63d9d:   83 f8 02 74 de 48 8b 05 ff a7 68 00 be 5a 06 00 



---------------  P R O C E S S  ---------------

VM state: not at safepoint (normal execution)

VM Mutex/Monitor currently owned by a thread: None

Heap address: 0x0000000085a00000, size: 1958 MB, Compressed Oops mode: 32-bit

CDS archive(s) mapped at: [0x0000000800000000-0x0000000800bb2000-0x0000000800bb2000), size 12263424, SharedBaseAddress: 0x0000000800000000, ArchiveRelocationMode: 0.
Compressed class space mapped at: 0x0000000800c00000-0x0000000840c00000, reserved size: 1073741824
Narrow klass base: 0x0000000800000000, Narrow klass shift: 0, Narrow klass range: 0x100000000

GC Precious Log:
<Skipped>

Heap:
 garbage-first heap   total 86016K, used 24920K [0x0000000085a00000, 0x0000000100000000)
  region size 1024K, 8 young (8192K), 5 survivors (5120K)
 Metaspace       used 22033K, committed 22272K, reserved 1114112K
  class space    used 2354K, committed 2432K, reserved 1048576K

Heap Regions: E=young(eden), S=young(survivor), O=old, HS=humongous(starts), HC=humongous(continues), CS=collection set, F=free, OA=open archive, CA=closed archive, TAMS=top-at-mark-start (previous, next)
|   0|0x0000000085a00000, 0x0000000085b00000, 0x0000000085b00000|100%| O|  |TAMS 0x0000000085b00000, 0x0000000085a00000| Untracked 
|   1|0x0000000085b00000, 0x0000000085c00000, 0x0000000085c00000|100%| O|  |TAMS 0x0000000085c00000, 0x0000000085b00000| Untracked 
|   2|0x0000000085c00000, 0x0000000085d00000, 0x0000000085d00000|100%|HS|  |TAMS 0x0000000085d00000, 0x0000000085c00000| Complete 
|   3|0x0000000085d00000, 0x0000000085e00000, 0x0000000085e00000|100%|HC|  |TAMS 0x0000000085e00000, 0x0000000085d00000| Complete 
|   4|0x0000000085e00000, 0x0000000085f00000, 0x0000000085f00000|100%|HC|  |TAMS 0x0000000085f00000, 0x0000000085e00000| Complete 
|   5|0x0000000085f00000, 0x0000000086000000, 0x0000000086000000|100%|HC|  |TAMS 0x0000000086000000, 0x0000000085f00000| Complete 
|   6|0x0000000086000000, 0x0000000086100000, 0x0000000086100000|100%|HC|  |TAMS 0x0000000086100000, 0x0000000086000000| Complete 
|   7|0x0000000086100000, 0x0000000086200000, 0x0000000086200000|100%|HC|  |TAMS 0x0000000086200000, 0x0000000086100000| Complete 
|   8|0x0000000086200000, 0x0000000086300000, 0x0000000086300000|100%|HC|  |TAMS 0x0000000086300000, 0x0000000086200000| Complete 
|   9|0x0000000086300000, 0x0000000086400000, 0x0000000086400000|100%|HC|  |TAMS 0x0000000086400000, 0x0000000086300000| Complete 
|  10|0x0000000086400000, 0x0000000086500000, 0x0000000086500000|100%|HC|  |TAMS 0x0000000086500000, 0x0000000086400000| Complete 
|  11|0x0000000086500000, 0x0000000086600000, 0x0000000086600000|100%|HC|  |TAMS 0x0000000086600000, 0x0000000086500000| Complete 
|  12|0x0000000086600000, 0x0000000086700000, 0x0000000086700000|100%| O|  |TAMS 0x0000000086700000, 0x0000000086600000| Untracked 
|  13|0x0000000086700000, 0x000000008677f200, 0x0000000086800000| 49%| O|  |TAMS 0x000000008677f200, 0x0000000086700000| Complete 
|  14|0x0000000086800000, 0x0000000086900000, 0x0000000086900000|100%|HS|  |TAMS 0x0000000086900000, 0x0000000086800000| Complete 
|  15|0x0000000086900000, 0x0000000086a00000, 0x0000000086a00000|100%|HC|  |TAMS 0x0000000086a00000, 0x0000000086900000| Complete 
|  16|0x0000000086a00000, 0x0000000086a00000, 0x0000000086b00000|  0%| F|  |TAMS 0x0000000086a00000, 0x0000000086a00000| Untracked 
|  17|0x0000000086b00000, 0x0000000086b00000, 0x0000000086c00000|  0%| F|  |TAMS 0x0000000086b00000, 0x0000000086b00000| Untracked 
|  18|0x0000000086c00000, 0x0000000086c00000, 0x0000000086d00000|  0%| F|  |TAMS 0x0000000086c00000, 0x0000000086c00000| Untracked 
|  19|0x0000000086d00000, 0x0000000086d00000, 0x0000000086e00000|  0%| F|  |TAMS 0x0000000086d00000, 0x0000000086d00000| Untracked 
|  20|0x0000000086e00000, 0x0000000086e00000, 0x0000000086f00000|  0%| F|  |TAMS 0x0000000086e00000, 0x0000000086e00000| Untracked 
|  21|0x0000000086f00000, 0x0000000086f00000, 0x0000000087000000|  0%| F|  |TAMS 0x0000000086f00000, 0x0000000086f00000| Untracked 
|  22|0x0000000087000000, 0x0000000087000000, 0x0000000087100000|  0%| F|  |TAMS 0x0000000087000000, 0x0000000087000000| Untracked 
|  23|0x0000000087100000, 0x0000000087100000, 0x0000000087200000|  0%| F|  |TAMS 0x0000000087100000, 0x0000000087100000| Untracked 
|  24|0x0000000087200000, 0x0000000087200000, 0x0000000087300000|  0%| F|  |TAMS 0x0000000087200000, 0x0000000087200000| Untracked 
|  25|0x0000000087300000, 0x0000000087300000, 0x0000000087400000|  0%| F|  |TAMS 0x0000000087300000, 0x0000000087300000| Untracked 
|  26|0x0000000087400000, 0x0000000087400000, 0x0000000087500000|  0%| F|  |TAMS 0x0000000087400000, 0x0000000087400000| Untracked 
|  27|0x0000000087500000, 0x0000000087500000, 0x0000000087600000|  0%| F|  |TAMS 0x0000000087500000, 0x0000000087500000| Untracked 
|  28|0x0000000087600000, 0x0000000087600000, 0x0000000087700000|  0%| F|  |TAMS 0x0000000087600000, 0x0000000087600000| Untracked 
|  29|0x0000000087700000, 0x0000000087700000, 0x0000000087800000|  0%| F|  |TAMS 0x0000000087700000, 0x0000000087700000| Untracked 
|  30|0x0000000087800000, 0x0000000087800000, 0x0000000087900000|  0%| F|  |TAMS 0x0000000087800000, 0x0000000087800000| Untracked 
|  31|0x0000000087900000, 0x0000000087900000, 0x0000000087a00000|  0%| F|  |TAMS 0x0000000087900000, 0x0000000087900000| Untracked 
|  32|0x0000000087a00000, 0x0000000087a00000, 0x0000000087b00000|  0%| F|  |TAMS 0x0000000087a00000, 0x0000000087a00000| Untracked 
|  33|0x0000000087b00000, 0x0000000087b00000, 0x0000000087c00000|  0%| F|  |TAMS 0x0000000087b00000, 0x0000000087b00000| Untracked 
|  34|0x0000000087c00000, 0x0000000087c00000, 0x0000000087d00000|  0%| F|  |TAMS 0x0000000087c00000, 0x0000000087c00000| Untracked 
|  35|0x0000000087d00000, 0x0000000087d00000, 0x0000000087e00000|  0%| F|  |TAMS 0x0000000087d00000, 0x0000000087d00000| Untracked 
|  36|0x0000000087e00000, 0x0000000087e00000, 0x0000000087f00000|  0%| F|  |TAMS 0x0000000087e00000, 0x0000000087e00000| Untracked 
|  37|0x0000000087f00000, 0x0000000087f00000, 0x0000000088000000|  0%| F|  |TAMS 0x0000000087f00000, 0x0000000087f00000| Untracked 
|  38|0x0000000088000000, 0x0000000088000000, 0x0000000088100000|  0%| F|  |TAMS 0x0000000088000000, 0x0000000088000000| Untracked 
|  39|0x0000000088100000, 0x0000000088100000, 0x0000000088200000|  0%| F|  |TAMS 0x0000000088100000, 0x0000000088100000| Untracked 
|  40|0x0000000088200000, 0x0000000088200000, 0x0000000088300000|  0%| F|  |TAMS 0x0000000088200000, 0x0000000088200000| Untracked 
|  41|0x0000000088300000, 0x0000000088300000, 0x0000000088400000|  0%| F|  |TAMS 0x0000000088300000, 0x0000000088300000| Untracked 
|  42|0x0000000088400000, 0x0000000088400000, 0x0000000088500000|  0%| F|  |TAMS 0x0000000088400000, 0x0000000088400000| Untracked 
|  43|0x0000000088500000, 0x0000000088500000, 0x0000000088600000|  0%| F|  |TAMS 0x0000000088500000, 0x0000000088500000| Untracked 
|  44|0x0000000088600000, 0x0000000088600000, 0x0000000088700000|  0%| F|  |TAMS 0x0000000088600000, 0x0000000088600000| Untracked 
|  45|0x0000000088700000, 0x0000000088700000, 0x0000000088800000|  0%| F|  |TAMS 0x0000000088700000, 0x0000000088700000| Untracked 
|  46|0x0000000088800000, 0x0000000088800000, 0x0000000088900000|  0%| F|  |TAMS 0x0000000088800000, 0x0000000088800000| Untracked 
|  47|0x0000000088900000, 0x0000000088900000, 0x0000000088a00000|  0%| F|  |TAMS 0x0000000088900000, 0x0000000088900000| Untracked 
|  48|0x0000000088a00000, 0x0000000088a00000, 0x0000000088b00000|  0%| F|  |TAMS 0x0000000088a00000, 0x0000000088a00000| Untracked 
|  49|0x0000000088b00000, 0x0000000088b00000, 0x0000000088c00000|  0%| F|  |TAMS 0x0000000088b00000, 0x0000000088b00000| Untracked 
|  50|0x0000000088c00000, 0x0000000088c00000, 0x0000000088d00000|  0%| F|  |TAMS 0x0000000088c00000, 0x0000000088c00000| Untracked 
|  51|0x0000000088d00000, 0x0000000088d00000, 0x0000000088e00000|  0%| F|  |TAMS 0x0000000088d00000, 0x0000000088d00000| Untracked 
|  52|0x0000000088e00000, 0x0000000088e00000, 0x0000000088f00000|  0%| F|  |TAMS 0x0000000088e00000, 0x0000000088e00000| Untracked 
|  53|0x0000000088f00000, 0x0000000088f00000, 0x0000000089000000|  0%| F|  |TAMS 0x0000000088f00000, 0x0000000088f00000| Untracked 
|  54|0x0000000089000000, 0x0000000089000000, 0x0000000089100000|  0%| F|  |TAMS 0x0000000089000000, 0x0000000089000000| Untracked 
|  55|0x0000000089100000, 0x0000000089100000, 0x0000000089200000|  0%| F|  |TAMS 0x0000000089100000, 0x0000000089100000| Untracked 
|  56|0x0000000089200000, 0x0000000089200000, 0x0000000089300000|  0%| F|  |TAMS 0x0000000089200000, 0x0000000089200000| Untracked 
|  57|0x0000000089300000, 0x0000000089300000, 0x0000000089400000|  0%| F|  |TAMS 0x0000000089300000, 0x0000000089300000| Untracked 
|  58|0x0000000089400000, 0x0000000089400000, 0x0000000089500000|  0%| F|  |TAMS 0x0000000089400000, 0x0000000089400000| Untracked 
|  59|0x0000000089500000, 0x0000000089500000, 0x0000000089600000|  0%| F|  |TAMS 0x0000000089500000, 0x0000000089500000| Untracked 
|  60|0x0000000089600000, 0x0000000089600000, 0x0000000089700000|  0%| F|  |TAMS 0x0000000089600000, 0x0000000089600000| Untracked 
|  61|0x0000000089700000, 0x0000000089700000, 0x0000000089800000|  0%| F|  |TAMS 0x0000000089700000, 0x0000000089700000| Untracked 
|  62|0x0000000089800000, 0x0000000089800000, 0x0000000089900000|  0%| F|  |TAMS 0x0000000089800000, 0x0000000089800000| Untracked 
|  63|0x0000000089900000, 0x0000000089900000, 0x0000000089a00000|  0%| F|  |TAMS 0x0000000089900000, 0x0000000089900000| Untracked 
|  64|0x0000000089a00000, 0x0000000089a00000, 0x0000000089b00000|  0%| F|  |TAMS 0x0000000089a00000, 0x0000000089a00000| Untracked 
|  65|0x0000000089b00000, 0x0000000089b00000, 0x0000000089c00000|  0%| F|  |TAMS 0x0000000089b00000, 0x0000000089b00000| Untracked 
|  66|0x0000000089c00000, 0x0000000089c00000, 0x0000000089d00000|  0%| F|  |TAMS 0x0000000089c00000, 0x0000000089c00000| Untracked 
|  67|0x0000000089d00000, 0x0000000089d00000, 0x0000000089e00000|  0%| F|  |TAMS 0x0000000089d00000, 0x0000000089d00000| Untracked 
|  68|0x0000000089e00000, 0x0000000089e00000, 0x0000000089f00000|  0%| F|  |TAMS 0x0000000089e00000, 0x0000000089e00000| Untracked 
|  69|0x0000000089f00000, 0x0000000089f00000, 0x000000008a000000|  0%| F|  |TAMS 0x0000000089f00000, 0x0000000089f00000| Untracked 
|  70|0x000000008a000000, 0x000000008a000000, 0x000000008a100000|  0%| F|  |TAMS 0x000000008a000000, 0x000000008a000000| Untracked 
|  71|0x000000008a100000, 0x000000008a100000, 0x000000008a200000|  0%| F|  |TAMS 0x000000008a100000, 0x000000008a100000| Untracked 
|  72|0x000000008a200000, 0x000000008a200000, 0x000000008a300000|  0%| F|  |TAMS 0x000000008a200000, 0x000000008a200000| Untracked 
|  73|0x000000008a300000, 0x000000008a300000, 0x000000008a400000|  0%| F|  |TAMS 0x000000008a300000, 0x000000008a300000| Untracked 
|  74|0x000000008a400000, 0x000000008a4ec148, 0x000000008a500000| 92%| E|  |TAMS 0x000000008a400000, 0x000000008a400000| Complete 
| 101|0x000000008bf00000, 0x000000008c000000, 0x000000008c000000|100%| S|CS|TAMS 0x000000008bf00000, 0x000000008bf00000| Complete 
| 102|0x000000008c000000, 0x000000008c100000, 0x000000008c100000|100%| S|CS|TAMS 0x000000008c000000, 0x000000008c000000| Complete 
| 103|0x000000008c100000, 0x000000008c200000, 0x000000008c200000|100%| S|CS|TAMS 0x000000008c100000, 0x000000008c100000| Complete 
| 104|0x000000008c200000, 0x000000008c300000, 0x000000008c300000|100%| S|CS|TAMS 0x000000008c200000, 0x000000008c200000| Complete 
| 105|0x000000008c300000, 0x000000008c400000, 0x000000008c400000|100%| S|CS|TAMS 0x000000008c300000, 0x000000008c300000| Complete 
| 122|0x000000008d400000, 0x000000008d500000, 0x000000008d500000|100%| E|CS|TAMS 0x000000008d400000, 0x000000008d400000| Complete 
| 123|0x000000008d500000, 0x000000008d600000, 0x000000008d600000|100%| E|CS|TAMS 0x000000008d500000, 0x000000008d500000| Complete 
|1956|0x00000000ffe00000, 0x00000000ffe75000, 0x00000000fff00000| 45%|OA|  |TAMS 0x00000000ffe75000, 0x00000000ffe00000| Untracked 
|1957|0x00000000fff00000, 0x00000000fff76000, 0x0000000100000000| 46%|CA|  |TAMS 0x00000000fff76000, 0x00000000fff00000| Untracked 

Card table byte_map: [0x00007f70b4f31000,0x00007f70b5304000] _byte_map_base: 0x00007f70b4b04000

Marking Bits (Prev, Next): (CMBitMap*) 0x00007f70cc072930, (CMBitMap*) 0x00007f70cc0728f0
 Prev Bits: [0x00007f70b0e2e000, 0x00007f70b2cc6000)
 Next Bits: [0x00007f70b2cc6000, 0x00007f70b4b5e000)

Polling page: 0x00007f70d25c5000

Metaspace:

Usage:
  Non-class:     19.22 MB used.
      Class:      2.30 MB used.
       Both:     21.52 MB used.

Virtual space:
  Non-class space:       64.00 MB reserved,      19.38 MB ( 30%) committed,  1 nodes.
      Class space:        1.00 GB reserved,       2.38 MB ( <1%) committed,  1 nodes.
             Both:        1.06 GB reserved,      21.75 MB (  2%) committed. 

Chunk freelists:
   Non-Class:  480.00 KB
       Class:  1.50 MB
        Both:  1.97 MB

MaxMetaspaceSize: unlimited
CompressedClassSpaceSize: 1.00 GB
Initial GC threshold: 21.00 MB
Current GC threshold: 35.12 MB
CDS: on
MetaspaceReclaimPolicy: balanced
 - commit_granule_bytes: 65536.
 - commit_granule_words: 8192.
 - virtual_space_node_default_size: 8388608.
 - enlarge_chunks_in_place: 1.
 - new_chunks_are_fully_committed: 0.
 - uncommit_free_chunks: 1.
 - use_allocation_guard: 0.


Internal statistics:

num_allocs_failed_limit: 3.
num_arena_births: 190.
num_arena_deaths: 0.
num_vsnodes_births: 2.
num_vsnodes_deaths: 0.
num_space_committed: 348.
num_space_uncommitted: 0.
num_chunks_returned_to_freelist: 3.
num_chunks_taken_from_freelist: 401.
num_chunk_merges: 0.
num_chunk_splits: 250.
num_chunks_enlarged: 160.
num_inconsistent_stats: 0.

CodeHeap 'non-profiled nmethods': size=120032Kb used=851Kb max_used=851Kb free=119180Kb
 bounds [0x00007f70bcdcc000, 0x00007f70bd03c000, 0x00007f70c4304000]
CodeHeap 'profiled nmethods': size=120028Kb used=5325Kb max_used=5325Kb free=114702Kb
 bounds [0x00007f70b5895000, 0x00007f70b5dd5000, 0x00007f70bcdcc000]
CodeHeap 'non-nmethods': size=5700Kb used=1436Kb max_used=1452Kb free=4263Kb
 bounds [0x00007f70b5304000, 0x00007f70b5574000, 0x00007f70b5895000]
 total_blobs=3620 nmethods=2829 adapters=704
 compilation: enabled
              stopped_count=0, restarted_count=0
 full_count=0

Compilation events (20 events):
Event: 17.151 Thread 0x00007f70cc0f9e80 2823       3       java.awt.Component::isLightweight (8 bytes)
Event: 17.152 Thread 0x00007f70cc0f9e80 nmethod 2823 0x00007f70b5da8990 code [0x00007f70b5da8b40, 0x00007f70b5da8d70]
Event: 17.152 Thread 0x00007f70cc0f9e80 2824   !   3       sun.awt.AWTAutoShutdown::notifyThreadBusy (88 bytes)
Event: 17.153 Thread 0x00007f70cc0f9e80 nmethod 2824 0x00007f70b5da8e10 code [0x00007f70b5da9020, 0x00007f70b5da9590]
Event: 17.168 Thread 0x00007f70cc0f9e80 2825       1       sun.java2d.xr.XRSurfaceData::getDeviceConfiguration (5 bytes)
Event: 17.169 Thread 0x00007f70cc0f9e80 nmethod 2825 0x00007f70bcea0390 code [0x00007f70bcea0520, 0x00007f70bcea05f0]
Event: 17.169 Thread 0x00007f70cc0f9e80 2826   !   3       sun.font.XRTextRenderer::drawGlyphList (572 bytes)
Event: 17.178 Thread 0x00007f70cc0f9e80 nmethod 2826 0x00007f70b5da9890 code [0x00007f70b5da9e00, 0x00007f70b5dac7a0]
Event: 17.178 Thread 0x00007f70cc0f9e80 2827   !   3       com.mysql.cj.util.StringUtils::toString (62 bytes)
Event: 17.179 Thread 0x00007f70cc0f9e80 nmethod 2827 0x00007f70b5dae510 code [0x00007f70b5dae720, 0x00007f70b5daee00]
Event: 17.179 Thread 0x00007f70cc0f9e80 2828       1       sun.awt.image.VolatileSurfaceManager::getPrimarySurfaceData (5 bytes)
Event: 17.180 Thread 0x00007f70cc0f9e80 nmethod 2828 0x00007f70bcea0690 code [0x00007f70bcea0820, 0x00007f70bcea08f0]
Event: 17.180 Thread 0x00007f70cc0f9e80 2829       3       java.awt.EventQueue::setCurrentEventAndMostRecentTime (8 bytes)
Event: 17.181 Thread 0x00007f70cc0f9e80 nmethod 2829 0x00007f70b5daf090 code [0x00007f70b5daf2a0, 0x00007f70b5daf750]
Event: 17.293 Thread 0x00007f70cc0f9e80 2831   !   3       java.awt.DefaultKeyboardFocusManager::dispatchEvent (1621 bytes)
Event: 17.316 Thread 0x00007f70cc0f9e80 nmethod 2831 0x00007f70b5daf990 code [0x00007f70b5db10a0, 0x00007f70b5dc2cb0]
Event: 17.316 Thread 0x00007f70cc0f9e80 2832       3       java.awt.Toolkit::notifyAWTEventListeners (36 bytes)
Event: 17.317 Thread 0x00007f70cc0f9e80 nmethod 2832 0x00007f70b5dc7910 code [0x00007f70b5dc7b00, 0x00007f70b5dc80e0]
Event: 17.317 Thread 0x00007f70cc0f9e80 2833       3       sun.awt.SunToolkit::isTouchKeyboardAutoShowEnabled (4 bytes)
Event: 17.317 Thread 0x00007f70cc0f9e80 nmethod 2833 0x00007f70b5dc8210 code [0x00007f70b5dc83a0, 0x00007f70b5dc8490]

GC Heap History (6 events):
Event: 1.026 GC heap before
{Heap before GC invocations=0 (full 0):
 garbage-first heap   total 129024K, used 13228K [0x0000000085a00000, 0x0000000100000000)
  region size 1024K, 13 young (13312K), 0 survivors (0K)
 Metaspace       used 9727K, committed 9920K, reserved 1114112K
  class space    used 1003K, committed 1088K, reserved 1048576K
}
Event: 1.047 GC heap after
{Heap after GC invocations=1 (full 0):
 garbage-first heap   total 129024K, used 4462K [0x0000000085a00000, 0x0000000100000000)
  region size 1024K, 2 young (2048K), 2 survivors (2048K)
 Metaspace       used 9727K, committed 9920K, reserved 1114112K
  class space    used 1003K, committed 1088K, reserved 1048576K
}
Event: 1.670 GC heap before
{Heap before GC invocations=1 (full 0):
 garbage-first heap   total 129024K, used 28014K [0x0000000085a00000, 0x0000000100000000)
  region size 1024K, 16 young (16384K), 2 survivors (2048K)
 Metaspace       used 16873K, committed 17216K, reserved 1114112K
  class space    used 1802K, committed 1984K, reserved 1048576K
}
Event: 1.676 GC heap after
{Heap after GC invocations=2 (full 0):
 garbage-first heap   total 129024K, used 16687K [0x0000000085a00000, 0x0000000100000000)
  region size 1024K, 2 young (2048K), 2 survivors (2048K)
 Metaspace       used 16873K, committed 17216K, reserved 1114112K
  class space    used 1802K, committed 1984K, reserved 1048576K
}
Event: 3.785 GC heap before
{Heap before GC invocations=2 (full 0):
 garbage-first heap   total 129024K, used 33071K [0x0000000085a00000, 0x0000000100000000)
  region size 1024K, 18 young (18432K), 2 survivors (2048K)
 Metaspace       used 21269K, committed 21504K, reserved 1114112K
  class space    used 2316K, committed 2432K, reserved 1048576K
}
Event: 3.796 GC heap after
{Heap after GC invocations=3 (full 0):
 garbage-first heap   total 129024K, used 21928K [0x0000000085a00000, 0x0000000100000000)
  region size 1024K, 5 young (5120K), 5 survivors (5120K)
 Metaspace       used 21269K, committed 21504K, reserved 1114112K
  class space    used 2316K, committed 2432K, reserved 1048576K
}

Deoptimization events (20 events):
Event: 2.146 Thread 0x00007f70cc013520 Uncommon trap: trap_request=0xffffffde fr.pc=0x00007f70bce1d13c relative=0x000000000000047c
Event: 2.146 Thread 0x00007f70cc013520 Uncommon trap: reason=class_check action=maybe_recompile pc=0x00007f70bce1d13c method=java.util.HashMap.putVal(ILjava/lang/Object;Ljava/lang/Object;ZZ)Ljava/lang/Object; @ 253 c2
Event: 2.146 Thread 0x00007f70cc013520 DEOPT PACKING pc=0x00007f70bce1d13c sp=0x00007f70d0c40fc0
Event: 2.146 Thread 0x00007f70cc013520 DEOPT UNPACKING pc=0x00007f70b5356099 sp=0x00007f70d0c40f60 mode 2
Event: 2.151 Thread 0x00007f70cc22c610 Uncommon trap: trap_request=0xffffff76 fr.pc=0x00007f70bce39a2c relative=0x0000000000000b2c
Event: 2.151 Thread 0x00007f70cc22c610 Uncommon trap: reason=predicate action=maybe_recompile pc=0x00007f70bce39a2c method=java.util.TreeMap.getEntry(Ljava/lang/Object;)Ljava/util/TreeMap$Entry; @ 29 c2
Event: 2.151 Thread 0x00007f70cc22c610 DEOPT PACKING pc=0x00007f70bce39a2c sp=0x00007f70a09db700
Event: 2.151 Thread 0x00007f70cc22c610 DEOPT UNPACKING pc=0x00007f70b5356099 sp=0x00007f70a09db6d8 mode 2
Event: 2.233 Thread 0x00007f70cc5cda30 Uncommon trap: trap_request=0xffffff45 fr.pc=0x00007f70bce09068 relative=0x0000000000000048
Event: 2.233 Thread 0x00007f70cc5cda30 Uncommon trap: reason=unstable_if action=reinterpret pc=0x00007f70bce09068 method=java.lang.CharacterData.of(I)Ljava/lang/CharacterData; @ 4 c2
Event: 2.233 Thread 0x00007f70cc5cda30 DEOPT PACKING pc=0x00007f70bce09068 sp=0x00007f70a00fd120
Event: 2.233 Thread 0x00007f70cc5cda30 DEOPT UNPACKING pc=0x00007f70b5356099 sp=0x00007f70a00fd0e0 mode 2
Event: 2.284 Thread 0x00007f70cc5cda30 Uncommon trap: trap_request=0xffffff45 fr.pc=0x00007f70bce01e28 relative=0x0000000000000188
Event: 2.284 Thread 0x00007f70cc5cda30 Uncommon trap: reason=unstable_if action=reinterpret pc=0x00007f70bce01e28 method=java.lang.StringCoding.hasNegatives([BII)Z @ 12 c2
Event: 2.284 Thread 0x00007f70cc5cda30 DEOPT PACKING pc=0x00007f70bce01e28 sp=0x00007f70a00fd3c0
Event: 2.284 Thread 0x00007f70cc5cda30 DEOPT UNPACKING pc=0x00007f70b5356099 sp=0x00007f70a00fd370 mode 2
Event: 4.711 Thread 0x00007f70cc5cda30 DEOPT PACKING pc=0x00007f70b596423c sp=0x00007f70a00fdee0
Event: 4.711 Thread 0x00007f70cc5cda30 DEOPT UNPACKING pc=0x00007f70b535682f sp=0x00007f70a00fd378 mode 0
Event: 13.760 Thread 0x00007f70cc5cda30 DEOPT PACKING pc=0x00007f70b5ca83d5 sp=0x00007f70a00fdeb0
Event: 13.760 Thread 0x00007f70cc5cda30 DEOPT UNPACKING pc=0x00007f70b535682f sp=0x00007f70a00fd358 mode 0

Classes loaded (20 events):
Event: 16.425 Loading class sun/awt/X11/XKeysym$Keysym2JavaKeycode
Event: 16.425 Loading class sun/awt/X11/XKeysym$Keysym2JavaKeycode done
Event: 16.431 Loading class sun/awt/DebugSettings
Event: 16.432 Loading class sun/awt/DebugSettings done
Event: 16.433 Loading class javax/swing/JComponent$KeyboardState
Event: 16.433 Loading class javax/swing/JComponent$KeyboardState done
Event: 16.433 Loading class javax/swing/JComponent$IntVector
Event: 16.434 Loading class javax/swing/JComponent$IntVector done
Event: 16.434 Loading class javax/swing/KeyboardManager
Event: 16.434 Loading class javax/swing/KeyboardManager done
Event: 16.435 Loading class javax/swing/Popup$HeavyWeightWindow
Event: 16.435 Loading class sun/awt/ModalExclude
Event: 16.435 Loading class sun/awt/ModalExclude done
Event: 16.435 Loading class javax/swing/JWindow
Event: 16.435 Loading class javax/swing/JWindow done
Event: 16.435 Loading class javax/swing/Popup$HeavyWeightWindow done
Event: 16.651 Loading class java/awt/LightweightDispatcher$2
Event: 16.651 Loading class java/awt/LightweightDispatcher$2 done
Event: 17.152 Loading class javax/swing/Timer$1
Event: 17.152 Loading class javax/swing/Timer$1 done

Classes unloaded (0 events):
No events

Classes redefined (0 events):
No events

Internal exceptions (17 events):
Event: 0.207 Thread 0x00007f70cc013520 Exception <a 'java/lang/ClassNotFoundException'{0x000000008d562fd8}: sun/awt/resources/spi/awtProvider> (0x000000008d562fd8) 
thrown [./src/hotspot/share/classfile/systemDictionary.cpp, line 255]
Event: 0.258 Thread 0x00007f70cc013520 Exception <a 'java/io/FileNotFoundException'{0x000000008d406570}> (0x000000008d406570) 
thrown [./src/hotspot/share/prims/jni.cpp, line 516]
Event: 0.383 Thread 0x00007f70cc013520 Exception <a 'java/lang/NoSuchMethodError'{0x000000008d4a1e80}: 'java.lang.Object java.lang.invoke.DirectMethodHandle$Holder.invokeStaticInit(java.lang.Object)'> (0x000000008d4a1e80) 
thrown [./src/hotspot/share/interpreter/linkResolver.cpp, line 765]
Event: 0.417 Thread 0x00007f70cc013520 Exception <a 'java/lang/NoSuchMethodError'{0x000000008d4f59a0}: 'void java.lang.invoke.DirectMethodHandle$Holder.invokeSpecial(java.lang.Object, java.lang.Object, java.lang.Object)'> (0x000000008d4f59a0) 
thrown [./src/hotspot/share/interpreter/linkResolver.cpp, line 765]
Event: 0.427 Thread 0x00007f70cc013520 Exception <a 'java/lang/NoSuchMethodError'{0x000000008d323f90}: 'java.lang.Object java.lang.invoke.DirectMethodHandle$Holder.newInvokeSpecial(java.lang.Object, java.lang.Object, java.lang.Object, java.lang.Object, java.lang.Object)'> (0x000000008d323f90) 
thrown [./src/hotspot/share/interpreter/linkResolver.cpp, line 765]
Event: 0.437 Thread 0x00007f70cc013520 Exception <a 'java/lang/NoSuchMethodError'{0x000000008d355cb0}: 'java.lang.Object java.lang.invoke.DirectMethodHandle$Holder.invokeStatic(java.lang.Object, int, java.lang.Object)'> (0x000000008d355cb0) 
thrown [./src/hotspot/share/interpreter/linkResolver.cpp, line 765]
Event: 0.473 Thread 0x00007f70cc013520 Exception <a 'java/lang/NoSuchMethodError'{0x000000008d20cfb0}: 'void java.lang.invoke.DirectMethodHandle$Holder.invokeStatic(java.lang.Object, java.lang.Object)'> (0x000000008d20cfb0) 
thrown [./src/hotspot/share/interpreter/linkResolver.cpp, line 765]
Event: 0.500 Thread 0x00007f70cc013520 Exception <a 'java/lang/ClassNotFoundException'{0x000000008d243450}: com/sun/swing/internal/plaf/metal/resources/spi/metalProvider> (0x000000008d243450) 
thrown [./src/hotspot/share/classfile/systemDictionary.cpp, line 255]
Event: 0.502 Thread 0x00007f70cc013520 Exception <a 'java/lang/ClassNotFoundException'{0x000000008d247488}: com/sun/swing/internal/plaf/basic/resources/spi/basicProvider> (0x000000008d247488) 
thrown [./src/hotspot/share/classfile/systemDictionary.cpp, line 255]
Event: 0.519 Thread 0x00007f70cc013520 Exception <a 'java/lang/NoSuchMethodError'{0x000000008d267068}: 'int java.lang.invoke.Invokers$Holder.invokeExact_MT(java.lang.Object, java.lang.Object)'> (0x000000008d267068) 
thrown [./src/hotspot/share/interpreter/linkResolver.cpp, line 765]
Event: 0.568 Thread 0x00007f70cc013520 Exception <a 'java/lang/NoSuchMethodError'{0x000000008d1864e0}: 'java.lang.Object java.lang.invoke.DirectMethodHandle$Holder.invokeInterface(java.lang.Object, java.lang.Object)'> (0x000000008d1864e0) 
thrown [./src/hotspot/share/interpreter/linkResolver.cpp, line 765]
Event: 0.606 Thread 0x00007f70cc013520 Exception <a 'java/lang/NoSuchMethodError'{0x000000008d001870}: 'void java.lang.invoke.DirectMethodHandle$Holder.invokeStatic(java.lang.Object, java.lang.Object, java.lang.Object)'> (0x000000008d001870) 
thrown [./src/hotspot/share/interpreter/linkResolver.cpp, line 765]
Event: 0.608 Thread 0x00007f70cc013520 Exception <a 'java/lang/NoSuchMethodError'{0x000000008d00bab0}: 'java.lang.Object java.lang.invoke.DirectMethodHandle$Holder.invokeVirtual(java.lang.Object, java.lang.Object, java.lang.Object)'> (0x000000008d00bab0) 
thrown [./src/hotspot/share/interpreter/linkResolver.cpp, line 765]
Event: 0.889 Thread 0x00007f70cc013520 Exception <a 'java/lang/NoSuchMethodError'{0x000000008cba9618}: 'void java.lang.invoke.DirectMethodHandle$Holder.invokeStaticInit(java.lang.Object, java.lang.Object)'> (0x000000008cba9618) 
thrown [./src/hotspot/share/interpreter/linkResolver.cpp, line 765]
Event: 1.637 Thread 0x00007f70cc532800 Exception <a 'java/lang/NoSuchMethodError'{0x000000008cc435a0}: 'java.lang.Object java.lang.invoke.DirectMethodHandle$Holder.newInvokeSpecial(java.lang.Object, java.lang.Object, java.lang.Object, int, int, int, int, int)'> (0x000000008cc435a0) 
thrown [./src/hotspot/share/interpreter/linkResolver.cpp, line 765]
Event: 1.790 Thread 0x00007f70cc532800 Implicit null exception at 0x00007f70bce4f00d to 0x00007f70bce4f6cc
Event: 2.143 Thread 0x00007f70cc013520 Exception <a 'java/lang/NoSuchMethodError'{0x000000008c7583e0}: 'void java.lang.invoke.DirectMethodHandle$Holder.invokeStaticInit(java.lang.Object)'> (0x000000008c7583e0) 
thrown [./src/hotspot/share/interpreter/linkResolver.cpp, line 765]

VM Operations (20 events):
Event: 5.819 Executing VM operation: Cleanup
Event: 5.819 Executing VM operation: Cleanup done
Event: 6.820 Executing VM operation: Cleanup
Event: 6.820 Executing VM operation: Cleanup done
Event: 8.820 Executing VM operation: Cleanup
Event: 8.820 Executing VM operation: Cleanup done
Event: 9.820 Executing VM operation: Cleanup
Event: 9.820 Executing VM operation: Cleanup done
Event: 12.821 Executing VM operation: Cleanup
Event: 12.821 Executing VM operation: Cleanup done
Event: 13.821 Executing VM operation: Cleanup
Event: 13.821 Executing VM operation: Cleanup done
Event: 14.821 Executing VM operation: Cleanup
Event: 14.821 Executing VM operation: Cleanup done
Event: 15.821 Executing VM operation: Cleanup
Event: 15.822 Executing VM operation: Cleanup done
Event: 16.822 Executing VM operation: Cleanup
Event: 16.822 Executing VM operation: Cleanup done
Event: 17.822 Executing VM operation: Cleanup
Event: 17.822 Executing VM operation: Cleanup done

Events (20 events):
Event: 0.384 Protecting memory [0x00007f70a09f1000,0x00007f70a09f5000] with protection modes 0
Event: 0.406 Thread 0x00007f70cc22c610 Thread added: 0x00007f70cc22c610
Event: 0.406 Protecting memory [0x00007f70a08dd000,0x00007f70a08e1000] with protection modes 0
Event: 0.531 Thread 0x00007f70cc2842d0 Thread added: 0x00007f70cc2842d0
Event: 0.531 Protecting memory [0x00007f70a07dd000,0x00007f70a07e1000] with protection modes 0
Event: 0.734 Loaded shared library /usr/lib/jvm/java-18-openjdk-amd64/lib/libnet.so
Event: 0.744 Loaded shared library /usr/lib/jvm/java-18-openjdk-amd64/lib/libextnet.so
Event: 1.634 Thread 0x00007f70cc532800 Thread added: 0x00007f70cc532800
Event: 1.634 Protecting memory [0x00007f70a0282000,0x00007f70a0286000] with protection modes 0
Event: 1.635 Loaded shared library /usr/lib/jvm/java-18-openjdk-amd64/lib/libjavajpeg.so
Event: 1.914 Thread 0x00007f70cc5cd160 Thread added: 0x00007f70cc5cd160
Event: 1.914 Protecting memory [0x00007f70a0101000,0x00007f70a0105000] with protection modes 0
Event: 1.914 Thread 0x00007f70cc5cda30 Thread added: 0x00007f70cc5cda30
Event: 1.914 Protecting memory [0x00007f70a0001000,0x00007f70a0005000] with protection modes 0
Event: 2.194 Thread 0x00007f70cc013520 Thread exited: 0x00007f70cc013520
Event: 2.197 Protecting memory [0x00007f70d0b43000,0x00007f70d0b47000] with protection modes 0
Event: 2.197 Thread 0x00007f70cc013520 Thread added: 0x00007f70cc013520
Event: 4.059 Thread 0x00007f704403c140 Thread added: 0x00007f704403c140
Event: 4.059 Protecting memory [0x00007f703ff00000,0x00007f703ff04000] with protection modes 0
Event: 6.897 Thread 0x00007f70cc532800 Thread exited: 0x00007f70cc532800


Dynamic libraries:
85a00000-8a500000 rw-p 00000000 00:00 0 
8a500000-8bf00000 ---p 00000000 00:00 0 
8bf00000-8c400000 rw-p 00000000 00:00 0 
8c400000-8d400000 ---p 00000000 00:00 0 
8d400000-8d600000 rw-p 00000000 00:00 0 
8d600000-ffe00000 ---p 00000000 00:00 0 
ffe00000-ffe75000 rw-p 00c60000 08:05 7735372                            /usr/lib/jvm/java-18-openjdk-amd64/lib/server/classes.jsa
ffe75000-fff00000 rw-p 00000000 00:00 0 
fff00000-fff76000 rw-p 00bea000 08:05 7735372                            /usr/lib/jvm/java-18-openjdk-amd64/lib/server/classes.jsa
fff76000-100000000 rw-p 00000000 00:00 0 
800000000-80044a000 rw-p 00001000 08:05 7735372                          /usr/lib/jvm/java-18-openjdk-amd64/lib/server/classes.jsa
80044a000-800bb2000 r--p 0044b000 08:05 7735372                          /usr/lib/jvm/java-18-openjdk-amd64/lib/server/classes.jsa
800bb2000-800c00000 ---p 00000000 00:00 0 
800c00000-800c20000 rw-p 00000000 00:00 0 
800c20000-800c40000 rw-p 00000000 00:00 0 
800c40000-800cc0000 rw-p 00000000 00:00 0 
800cc0000-800d40000 rw-p 00000000 00:00 0 
800d40000-800d60000 rw-p 00000000 00:00 0 
800d60000-800da0000 rw-p 00000000 00:00 0 
800da0000-800dc0000 rw-p 00000000 00:00 0 
800dc0000-800e60000 rw-p 00000000 00:00 0 
800e60000-840c00000 ---p 00000000 00:00 0 
55653831a000-55653831b000 r--p 00000000 08:05 7477209                    /usr/lib/jvm/java-18-openjdk-amd64/bin/java
55653831b000-55653831c000 r-xp 00001000 08:05 7477209                    /usr/lib/jvm/java-18-openjdk-amd64/bin/java
55653831c000-55653831d000 r--p 00002000 08:05 7477209                    /usr/lib/jvm/java-18-openjdk-amd64/bin/java
55653831d000-55653831e000 r--p 00002000 08:05 7477209                    /usr/lib/jvm/java-18-openjdk-amd64/bin/java
55653831e000-55653831f000 rw-p 00003000 08:05 7477209                    /usr/lib/jvm/java-18-openjdk-amd64/bin/java
556538cc9000-556538d36000 rw-p 00000000 00:00 0                          [heap]
7f7038000000-7f7038021000 rw-p 00000000 00:00 0 
7f7038021000-7f703c000000 ---p 00000000 00:00 0 
7f703ff00000-7f703ff04000 ---p 00000000 00:00 0 
7f703ff04000-7f7040000000 rw-p 00000000 00:00 0 
7f7040000000-7f7040021000 rw-p 00000000 00:00 0 
7f7040021000-7f7044000000 ---p 00000000 00:00 0 
7f7044000000-7f7044054000 rw-p 00000000 00:00 0 
7f7044054000-7f7048000000 ---p 00000000 00:00 0 
7f7048000000-7f7048021000 rw-p 00000000 00:00 0 
7f7048021000-7f704c000000 ---p 00000000 00:00 0 
7f704c000000-7f704c04a000 rw-p 00000000 00:00 0 
7f704c04a000-7f7050000000 ---p 00000000 00:00 0 
7f7050000000-7f7050021000 rw-p 00000000 00:00 0 
7f7050021000-7f7054000000 ---p 00000000 00:00 0 
7f7054000000-7f7054021000 rw-p 00000000 00:00 0 
7f7054021000-7f7058000000 ---p 00000000 00:00 0 
7f7058000000-7f7058021000 rw-p 00000000 00:00 0 
7f7058021000-7f705c000000 ---p 00000000 00:00 0 
7f705c000000-7f705c021000 rw-p 00000000 00:00 0 
7f705c021000-7f7060000000 ---p 00000000 00:00 0 
7f7060000000-7f7060021000 rw-p 00000000 00:00 0 
7f7060021000-7f7064000000 ---p 00000000 00:00 0 
7f7064000000-7f7064021000 rw-p 00000000 00:00 0 
7f7064021000-7f7068000000 ---p 00000000 00:00 0 
7f7068000000-7f7068021000 rw-p 00000000 00:00 0 
7f7068021000-7f706c000000 ---p 00000000 00:00 0 
7f706c000000-7f706c021000 rw-p 00000000 00:00 0 
7f706c021000-7f7070000000 ---p 00000000 00:00 0 
7f7070000000-7f70706ce000 rw-p 00000000 00:00 0 
7f70706ce000-7f7074000000 ---p 00000000 00:00 0 
7f7074000000-7f7074021000 rw-p 00000000 00:00 0 
7f7074021000-7f7078000000 ---p 00000000 00:00 0 
7f7078000000-7f7078021000 rw-p 00000000 00:00 0 
7f7078021000-7f707c000000 ---p 00000000 00:00 0 
7f707c000000-7f707c4cd000 rw-p 00000000 00:00 0 
7f707c4cd000-7f7080000000 ---p 00000000 00:00 0 
7f7080000000-7f7080021000 rw-p 00000000 00:00 0 
7f7080021000-7f7084000000 ---p 00000000 00:00 0 
7f7084000000-7f7084021000 rw-p 00000000 00:00 0 
7f7084021000-7f7088000000 ---p 00000000 00:00 0 
7f7088000000-7f7088021000 rw-p 00000000 00:00 0 
7f7088021000-7f708c000000 ---p 00000000 00:00 0 
7f708c000000-7f708c021000 rw-p 00000000 00:00 0 
7f708c021000-7f7090000000 ---p 00000000 00:00 0 
7f7090000000-7f7090021000 rw-p 00000000 00:00 0 
7f7090021000-7f7094000000 ---p 00000000 00:00 0 
7f7094000000-7f7094021000 rw-p 00000000 00:00 0 
7f7094021000-7f7098000000 ---p 00000000 00:00 0 
7f7098000000-7f7098400000 rw-p 00000000 00:00 0 
7f7098400000-7f7098500000 rw-p 00000000 00:00 0 
7f7098500000-7f7098600000 rw-p 00000000 00:00 0 
7f7098600000-7f7098700000 rw-p 00000000 00:00 0 
7f7098700000-7f7098800000 rw-p 00000000 00:00 0 
7f7098800000-7f7098880000 rw-p 00000000 00:00 0 
7f7098880000-7f7098900000 rw-p 00000000 00:00 0 
7f7098900000-7f7098b00000 rw-p 00000000 00:00 0 
7f7098b00000-7f7098b80000 rw-p 00000000 00:00 0 
7f7098b80000-7f7098c80000 rw-p 00000000 00:00 0 
7f7098c80000-7f7098d00000 rw-p 00000000 00:00 0 
7f7098d00000-7f7098f00000 rw-p 00000000 00:00 0 
7f7098f00000-7f7098f20000 rw-p 00000000 00:00 0 
7f7098f20000-7f7098f40000 rw-p 00000000 00:00 0 
7f7098f40000-7f7098f80000 rw-p 00000000 00:00 0 
7f7098f80000-7f7099100000 rw-p 00000000 00:00 0 
7f7099100000-7f7099120000 rw-p 00000000 00:00 0 
7f7099120000-7f7099140000 rw-p 00000000 00:00 0 
7f7099140000-7f7099180000 rw-p 00000000 00:00 0 
7f7099180000-7f7099300000 rw-p 00000000 00:00 0 
7f7099300000-7f7099310000 rw-p 00000000 00:00 0 
7f7099310000-7f7099380000 ---p 00000000 00:00 0 
7f7099380000-7f70993d0000 rw-p 00000000 00:00 0 
7f70993d0000-7f709c000000 ---p 00000000 00:00 0 
7f709c000000-7f709c021000 rw-p 00000000 00:00 0 
7f709c021000-7f70a0000000 ---p 00000000 00:00 0 
7f70a0001000-7f70a0005000 ---p 00000000 00:00 0 
7f70a0005000-7f70a0101000 rw-p 00000000 00:00 0 
7f70a0101000-7f70a0105000 ---p 00000000 00:00 0 
7f70a0105000-7f70a0201000 rw-p 00000000 00:00 0 
7f70a0201000-7f70a0205000 r--p 00000000 08:05 6554872                    /usr/lib/x86_64-linux-gnu/libjpeg.so.8.2.2
7f70a0205000-7f70a024e000 r-xp 00004000 08:05 6554872                    /usr/lib/x86_64-linux-gnu/libjpeg.so.8.2.2
7f70a024e000-7f70a0280000 r--p 0004d000 08:05 6554872                    /usr/lib/x86_64-linux-gnu/libjpeg.so.8.2.2
7f70a0280000-7f70a0281000 r--p 0007e000 08:05 6554872                    /usr/lib/x86_64-linux-gnu/libjpeg.so.8.2.2
7f70a0281000-7f70a0282000 rw-p 0007f000 08:05 6554872                    /usr/lib/x86_64-linux-gnu/libjpeg.so.8.2.2
7f70a0282000-7f70a0286000 ---p 00000000 00:00 0 
7f70a0286000-7f70a0382000 rw-p 00000000 00:00 0 
7f70a0382000-7f70a038d000 r--s 00000000 08:05 12452057                   /var/cache/fontconfig/22bd895d-fb26-4786-9fbc-751628744dc4-le64.cache-7
7f70a038d000-7f70a0393000 r--s 00000000 08:05 12454253                   /var/cache/fontconfig/a7f8ffb3-0ea3-4f79-ba86-9495512aa11d-le64.cache-7
7f70a0393000-7f70a0394000 r--s 00000000 08:05 12454250                   /var/cache/fontconfig/cdfb6cfb-4cfe-4e4f-9e35-786a3d8bf4b9-le64.cache-7
7f70a0394000-7f70a03aa000 r--s 00000000 08:05 12454247                   /var/cache/fontconfig/5d699783-21eb-42a4-8d0d-9cda3b88c7b4-le64.cache-7
7f70a03aa000-7f70a03ab000 r--s 00000000 08:05 12454238                   /var/cache/fontconfig/f518cde9-71cc-4d9b-8fa1-5bd4b6513e39-le64.cache-7
7f70a03ab000-7f70a03b3000 r--s 00000000 08:05 12454196                   /var/cache/fontconfig/90b29ab5-814c-4ed2-a9ef-c334104d8988-le64.cache-7
7f70a03b3000-7f70a03b4000 r--s 00000000 08:05 12454183                   /var/cache/fontconfig/52e4cf0a-4a83-42a3-b8c4-3e6ce6a7b53f-le64.cache-7
7f70a03b4000-7f70a03b6000 r--s 00000000 08:05 12454179                   /var/cache/fontconfig/e80bd899-5c63-4785-bbaa-000edb8c2804-le64.cache-7
7f70a03b6000-7f70a03b7000 r--s 00000000 08:05 12454177                   /var/cache/fontconfig/8e07522d-6efe-4454-81a1-862c8f60155c-le64.cache-7
7f70a03b7000-7f70a03b9000 r--s 00000000 08:05 12454175                   /var/cache/fontconfig/d457d6cf-8b85-40ad-b7ba-c9738d058688-le64.cache-7
7f70a03b9000-7f70a03bb000 r--s 00000000 08:05 12454149                   /var/cache/fontconfig/24913b27-8326-4f73-9ba7-c1111cd439a1-le64.cache-7
7f70a03bb000-7f70a03be000 r--s 00000000 08:05 12454126                   /var/cache/fontconfig/565571a2-d4ce-470b-b60e-69fdd2b0d6d9-le64.cache-7
7f70a03be000-7f70a03c3000 r--s 00000000 08:05 12454107                   /var/cache/fontconfig/2291fd95-ec48-456f-81fd-3606fccd7dc0-le64.cache-7
7f70a03c3000-7f70a03c8000 r--s 00000000 08:05 12461628                   /var/cache/fontconfig/1b469697-5884-4dfc-9154-55aa555c3f6b-le64.cache-7
7f70a03c8000-7f70a03c9000 r--s 00000000 08:05 12454106                   /var/cache/fontconfig/36fa39f8-b12c-498d-a305-73cbd7a06ba4-le64.cache-7
7f70a03c9000-7f70a03ca000 r--s 00000000 08:05 12454019                   /var/cache/fontconfig/871d267c-4105-49b7-827d-e489fb69f51f-le64.cache-7
7f70a03ca000-7f70a03cb000 r--s 00000000 08:05 12454015                   /var/cache/fontconfig/c403aaeb-2119-4a75-9ae0-d0e3f5b7ff5c-le64.cache-7
7f70a03cb000-7f70a03cc000 r--s 00000000 08:05 12453993                   /var/cache/fontconfig/a0775654-9ac0-4f29-82d1-30d16326632a-le64.cache-7
7f70a03cc000-7f70a03cd000 r--s 00000000 08:05 12453974                   /var/cache/fontconfig/d6730be9-b1b3-423f-b8e2-d20bda164e29-le64.cache-7
7f70a03cd000-7f70a03ce000 r--s 00000000 08:05 12453972                   /var/cache/fontconfig/33288d63-9bed-4abd-8b81-f6b22819e238-le64.cache-7
7f70a03ce000-7f70a03cf000 r--s 00000000 08:05 12453968                   /var/cache/fontconfig/e62f2cd7-ef11-47f0-b436-a7e977fcf5e3-le64.cache-7
7f70a03cf000-7f70a03d0000 r--s 00000000 08:05 12453948                   /var/cache/fontconfig/e80d7d56-4aef-44dd-990c-8be600874147-le64.cache-7
7f70a03d0000-7f70a03d1000 r--s 00000000 08:05 12453936                   /var/cache/fontconfig/07c71922-21fc-47cd-aa9d-00ec7cdeadd9-le64.cache-7
7f70a03d1000-7f70a03d2000 r--s 00000000 08:05 12453929                   /var/cache/fontconfig/01e8ee4f-3177-415f-a34b-d9835a8da2d4-le64.cache-7
7f70a03d2000-7f70a03d3000 r--s 00000000 08:05 12453865                   /var/cache/fontconfig/be801802-85ac-46ff-b64a-50c8fd679ebb-le64.cache-7
7f70a03d3000-7f70a03d4000 r--s 00000000 08:05 12460314                   /var/cache/fontconfig/3917636d-c019-46a8-a24c-da108bcaf7e4-le64.cache-7
7f70a03d4000-7f70a03da000 r--s 00000000 08:05 12453809                   /var/cache/fontconfig/48bcc779-b875-4302-b192-d3cd44df610b-le64.cache-7
7f70a03da000-7f70a03e1000 r--s 00000000 08:05 12453806                   /var/cache/fontconfig/a6e067a0-b1b1-4e7d-a789-943efcdbcba0-le64.cache-7
7f70a03e1000-7f70a03e9000 r--s 00000000 08:05 12453766                   /var/cache/fontconfig/12fac0b4-dcde-44ba-a43c-f0ea5ce95c78-le64.cache-7
7f70a03e9000-7f70a03ea000 r--s 00000000 08:05 12453724                   /var/cache/fontconfig/5d585cb5-275a-423d-b46b-cadce92715cc-le64.cache-7
7f70a03ea000-7f70a03eb000 r--s 00000000 08:05 12453717                   /var/cache/fontconfig/9a3263b0-b720-45d0-b0b3-b751ecd9cedd-le64.cache-7
7f70a03eb000-7f70a03f1000 r--s 00000000 08:05 12453703                   /var/cache/fontconfig/3e178398-e846-4aaf-9e79-663249405f18-le64.cache-7
7f70a03f1000-7f70a0404000 r--s 00000000 08:05 12453593                   /var/cache/fontconfig/2158db81-c904-4a53-be23-5e7dfec0eb43-le64.cache-7
7f70a0404000-7f70a040a000 r--s 00000000 08:05 12453580                   /var/cache/fontconfig/e7d3b3ad-9cc7-4195-981e-101d9545559a-le64.cache-7
7f70a040a000-7f70a040b000 r--s 00000000 08:05 12453553                   /var/cache/fontconfig/9265a294-6d08-4ca6-8498-3266eaf83b70-le64.cache-7
7f70a040b000-7f70a040c000 r--s 00000000 08:05 12453552                   /var/cache/fontconfig/441a0dcd-c3a4-4a22-a8b6-f11620c082dc-le64.cache-7
7f70a040c000-7f70a040d000 r--s 00000000 08:05 12453550                   /var/cache/fontconfig/b4186057-3c4c-46bc-9c34-42a401f916d1-le64.cache-7
7f70a040d000-7f70a040e000 r--s 00000000 08:05 12453517                   /var/cache/fontconfig/cf917643-9bae-48ff-bb9b-65b775b44309-le64.cache-7
7f70a040e000-7f70a0411000 r--s 00000000 08:05 12453507                   /var/cache/fontconfig/d5c2d37b-1d63-4aca-b2a0-05d969bc79f6-le64.cache-7
7f70a0411000-7f70a0413000 r--s 00000000 08:05 12453492                   /var/cache/fontconfig/f6db83e8-3a4e-4a38-a057-97acf193f71b-le64.cache-7
7f70a0413000-7f70a0416000 r--s 00000000 08:05 12453485                   /var/cache/fontconfig/dcad1f55-56cc-432d-bb94-afeeae3f8106-le64.cache-7
7f70a0416000-7f70a0424000 r--s 00000000 08:05 12453155                   /var/cache/fontconfig/868f1d76-966b-44db-9bfb-542eb54ff974-le64.cache-7
7f70a0424000-7f70a0434000 r--s 00000000 08:05 12453127                   /var/cache/fontconfig/b85ca83c-397b-4720-8f0f-fb2e49e6e77a-le64.cache-7
7f70a0434000-7f70a044a000 r--s 00000000 08:05 5544809                    /home/dereje/.cache/fontconfig/cd87ff90-2ba7-4a45-a68f-8b75539ba9cc-le64.cache-7
7f70a04b8000-7f70a04ba000 r--p 00000000 08:05 7735223                    /usr/lib/jvm/java-18-openjdk-amd64/lib/libjavajpeg.so
7f70a04ba000-7f70a04c1000 r-xp 00002000 08:05 7735223                    /usr/lib/jvm/java-18-openjdk-amd64/lib/libjavajpeg.so
7f70a04c1000-7f70a04c2000 r--p 00009000 08:05 7735223                    /usr/lib/jvm/java-18-openjdk-amd64/lib/libjavajpeg.so
7f70a04c2000-7f70a04c3000 ---p 0000a000 08:05 7735223                    /usr/lib/jvm/java-18-openjdk-amd64/lib/libjavajpeg.so
7f70a04c3000-7f70a04c4000 r--p 0000a000 08:05 7735223                    /usr/lib/jvm/java-18-openjdk-amd64/lib/libjavajpeg.so
7f70a04c4000-7f70a04c5000 rw-p 0000b000 08:05 7735223                    /usr/lib/jvm/java-18-openjdk-amd64/lib/libjavajpeg.so
7f70a04c5000-7f70a04c6000 r--s 00000000 08:05 12453474                   /var/cache/fontconfig/55acad97-23ef-4cf1-bff4-bbf6700da5bd-le64.cache-7
7f70a04c6000-7f70a04d2000 r--s 00000000 08:05 12459340                   /var/cache/fontconfig/82043152-d08a-4d15-96fd-fa90f8d31a4c-le64.cache-7
7f70a04d2000-7f70a04d7000 r--s 00000000 08:05 5544806                    /home/dereje/.cache/fontconfig/d10e2981-2deb-40f2-ad5b-4515137f8a3e-le64.cache-7
7f70a04d7000-7f70a04d8000 ---p 00000000 00:00 0 
7f70a04d8000-7f70a05d9000 rw-p 00000000 00:00 0 
7f70a05d9000-7f70a05da000 ---p 00000000 00:00 0 
7f70a05da000-7f70a06db000 rw-p 00000000 00:00 0 
7f70a06db000-7f70a06dc000 ---p 00000000 00:00 0 
7f70a06dc000-7f70a07dd000 rw-p 00000000 00:00 0 
7f70a07dd000-7f70a07e1000 ---p 00000000 00:00 0 
7f70a07e1000-7f70a08dd000 rw-p 00000000 00:00 0 
7f70a08dd000-7f70a08e1000 ---p 00000000 00:00 0 
7f70a08e1000-7f70a09dd000 rw-p 00000000 00:00 0 
7f70a09dd000-7f70a09df000 r--p 00000000 08:05 6555669                    /usr/lib/x86_64-linux-gnu/libXfixes.so.3.1.0
7f70a09df000-7f70a09e2000 r-xp 00002000 08:05 6555669                    /usr/lib/x86_64-linux-gnu/libXfixes.so.3.1.0
7f70a09e2000-7f70a09e3000 r--p 00005000 08:05 6555669                    /usr/lib/x86_64-linux-gnu/libXfixes.so.3.1.0
7f70a09e3000-7f70a09e4000 r--p 00006000 08:05 6555669                    /usr/lib/x86_64-linux-gnu/libXfixes.so.3.1.0
7f70a09e4000-7f70a09e5000 rw-p 00007000 08:05 6555669                    /usr/lib/x86_64-linux-gnu/libXfixes.so.3.1.0
7f70a09e5000-7f70a09e7000 r--p 00000000 08:05 6555671                    /usr/lib/x86_64-linux-gnu/libXcursor.so.1.0.2
7f70a09e7000-7f70a09ed000 r-xp 00002000 08:05 6555671                    /usr/lib/x86_64-linux-gnu/libXcursor.so.1.0.2
7f70a09ed000-7f70a09ef000 r--p 00008000 08:05 6555671                    /usr/lib/x86_64-linux-gnu/libXcursor.so.1.0.2
7f70a09ef000-7f70a09f0000 r--p 00009000 08:05 6555671                    /usr/lib/x86_64-linux-gnu/libXcursor.so.1.0.2
7f70a09f0000-7f70a09f1000 rw-p 0000a000 08:05 6555671                    /usr/lib/x86_64-linux-gnu/libXcursor.so.1.0.2
7f70a09f1000-7f70a09f5000 ---p 00000000 00:00 0 
7f70a09f5000-7f70a0af1000 rw-p 00000000 00:00 0 
7f70a0af1000-7f70a0af2000 r--p 00000000 08:05 6558180                    /usr/lib/x86_64-linux-gnu/libbrotlicommon.so.1.0.9
7f70a0af2000-7f70a0af3000 r-xp 00001000 08:05 6558180                    /usr/lib/x86_64-linux-gnu/libbrotlicommon.so.1.0.9
7f70a0af3000-7f70a0b12000 r--p 00002000 08:05 6558180                    /usr/lib/x86_64-linux-gnu/libbrotlicommon.so.1.0.9
7f70a0b12000-7f70a0b13000 r--p 00020000 08:05 6558180                    /usr/lib/x86_64-linux-gnu/libbrotlicommon.so.1.0.9
7f70a0b13000-7f70a0b14000 rw-p 00021000 08:05 6558180                    /usr/lib/x86_64-linux-gnu/libbrotlicommon.so.1.0.9
7f70a0b14000-7f70a0b16000 r--p 00000000 08:05 6558955                    /usr/lib/x86_64-linux-gnu/libpcre.so.3.13.3
7f70a0b16000-7f70a0b6b000 r-xp 00002000 08:05 6558955                    /usr/lib/x86_64-linux-gnu/libpcre.so.3.13.3
7f70a0b6b000-7f70a0b88000 r--p 00057000 08:05 6558955                    /usr/lib/x86_64-linux-gnu/libpcre.so.3.13.3
7f70a0b88000-7f70a0b89000 r--p 00073000 08:05 6558955                    /usr/lib/x86_64-linux-gnu/libpcre.so.3.13.3
7f70a0b89000-7f70a0b8a000 rw-p 00074000 08:05 6558955                    /usr/lib/x86_64-linux-gnu/libpcre.so.3.13.3
7f70a0b8a000-7f70a0b8b000 r--p 00000000 08:05 6558183                    /usr/lib/x86_64-linux-gnu/libbrotlidec.so.1.0.9
7f70a0b8b000-7f70a0b93000 r-xp 00001000 08:05 6558183                    /usr/lib/x86_64-linux-gnu/libbrotlidec.so.1.0.9
7f70a0b93000-7f70a0b96000 r--p 00009000 08:05 6558183                    /usr/lib/x86_64-linux-gnu/libbrotlidec.so.1.0.9
7f70a0b96000-7f70a0b97000 r--p 0000b000 08:05 6558183                    /usr/lib/x86_64-linux-gnu/libbrotlidec.so.1.0.9
7f70a0b97000-7f70a0b98000 rw-p 0000c000 08:05 6558183                    /usr/lib/x86_64-linux-gnu/libbrotlidec.so.1.0.9
7f70a0b98000-7f70a0b9d000 r--p 00000000 08:05 6558189                    /usr/lib/x86_64-linux-gnu/libpng16.so.16.37.0
7f70a0b9d000-7f70a0bc6000 r-xp 00005000 08:05 6558189                    /usr/lib/x86_64-linux-gnu/libpng16.so.16.37.0
7f70a0bc6000-7f70a0bd1000 r--p 0002e000 08:05 6558189                    /usr/lib/x86_64-linux-gnu/libpng16.so.16.37.0
7f70a0bd1000-7f70a0bd2000 r--p 00038000 08:05 6558189                    /usr/lib/x86_64-linux-gnu/libpng16.so.16.37.0
7f70a0bd2000-7f70a0bd3000 rw-p 00039000 08:05 6558189                    /usr/lib/x86_64-linux-gnu/libpng16.so.16.37.0
7f70a0bd3000-7f70a0bd6000 r--p 00000000 08:05 6558249                    /usr/lib/x86_64-linux-gnu/libgraphite2.so.3.2.1
7f70a0bd6000-7f70a0bf3000 r-xp 00003000 08:05 6558249                    /usr/lib/x86_64-linux-gnu/libgraphite2.so.3.2.1
7f70a0bf3000-7f70a0bf7000 r--p 00020000 08:05 6558249                    /usr/lib/x86_64-linux-gnu/libgraphite2.so.3.2.1
7f70a0bf7000-7f70a0bf9000 r--p 00023000 08:05 6558249                    /usr/lib/x86_64-linux-gnu/libgraphite2.so.3.2.1
7f70a0bf9000-7f70a0bfa000 rw-p 00025000 08:05 6558249                    /usr/lib/x86_64-linux-gnu/libgraphite2.so.3.2.1
7f70a0bfa000-7f70a0c17000 r--p 00000000 08:05 6553975                    /usr/lib/x86_64-linux-gnu/libglib-2.0.so.0.7200.1
7f70a0c17000-7f70a0ca6000 r-xp 0001d000 08:05 6553975                    /usr/lib/x86_64-linux-gnu/libglib-2.0.so.0.7200.1
7f70a0ca6000-7f70a0d30000 r--p 000ac000 08:05 6553975                    /usr/lib/x86_64-linux-gnu/libglib-2.0.so.0.7200.1
7f70a0d30000-7f70a0d31000 ---p 00136000 08:05 6553975                    /usr/lib/x86_64-linux-gnu/libglib-2.0.so.0.7200.1
7f70a0d31000-7f70a0d32000 r--p 00136000 08:05 6553975                    /usr/lib/x86_64-linux-gnu/libglib-2.0.so.0.7200.1
7f70a0d32000-7f70a0d33000 rw-p 00137000 08:05 6553975                    /usr/lib/x86_64-linux-gnu/libglib-2.0.so.0.7200.1
7f70a0d33000-7f70a0d34000 rw-p 00000000 00:00 0 
7f70a0d34000-7f70a0d41000 r--p 00000000 08:05 6558197                    /usr/lib/x86_64-linux-gnu/libfreetype.so.6.18.1
7f70a0d41000-7f70a0dca000 r-xp 0000d000 08:05 6558197                    /usr/lib/x86_64-linux-gnu/libfreetype.so.6.18.1
7f70a0dca000-7f70a0df3000 r--p 00096000 08:05 6558197                    /usr/lib/x86_64-linux-gnu/libfreetype.so.6.18.1
7f70a0df3000-7f70a0df4000 ---p 000bf000 08:05 6558197                    /usr/lib/x86_64-linux-gnu/libfreetype.so.6.18.1
7f70a0df4000-7f70a0dfb000 r--p 000bf000 08:05 6558197                    /usr/lib/x86_64-linux-gnu/libfreetype.so.6.18.1
7f70a0dfb000-7f70a0dfc000 rw-p 000c6000 08:05 6558197                    /usr/lib/x86_64-linux-gnu/libfreetype.so.6.18.1
7f70a0dfc000-7f70a0e05000 r--p 00000000 08:05 6558251                    /usr/lib/x86_64-linux-gnu/libharfbuzz.so.0.20704.0
7f70a0e05000-7f70a0e96000 r-xp 00009000 08:05 6558251                    /usr/lib/x86_64-linux-gnu/libharfbuzz.so.0.20704.0
7f70a0e96000-7f70a0ec8000 r--p 0009a000 08:05 6558251                    /usr/lib/x86_64-linux-gnu/libharfbuzz.so.0.20704.0
7f70a0ec8000-7f70a0ec9000 ---p 000cc000 08:05 6558251                    /usr/lib/x86_64-linux-gnu/libharfbuzz.so.0.20704.0
7f70a0ec9000-7f70a0eca000 r--p 000cc000 08:05 6558251                    /usr/lib/x86_64-linux-gnu/libharfbuzz.so.0.20704.0
7f70a0eca000-7f70a0ecb000 rw-p 000cd000 08:05 6558251                    /usr/lib/x86_64-linux-gnu/libharfbuzz.so.0.20704.0
7f70a0ecb000-7f70a0ecc000 r--s 00000000 08:05 12453444                   /var/cache/fontconfig/7046cfa9-4874-4fec-819d-f4fe0f64bb04-le64.cache-7
7f70a0ecc000-7f70a0ecd000 r--s 00000000 08:05 12453411                   /var/cache/fontconfig/fb3ba993-1e1b-4f94-9570-7bc38b3aa97d-le64.cache-7
7f70a0ecd000-7f70a0ece000 r--s 00000000 08:05 12453221                   /var/cache/fontconfig/862c5708-63eb-471a-b45b-d9a3630116b9-le64.cache-7
7f70a0ece000-7f70a0ecf000 r--s 00000000 08:05 12453218                   /var/cache/fontconfig/6a57ddcc-4f23-47be-8401-102fb1e0c9b2-le64.cache-7
7f70a0ed1000-7f70a0ed8000 r--s 00000000 08:05 7215957                    /usr/lib/x86_64-linux-gnu/gconv/gconv-modules.cache
7f70a0ed8000-7f70a0ed9000 r--p 00000000 08:05 7735144                    /usr/lib/jvm/java-18-openjdk-amd64/lib/libextnet.so
7f70a0ed9000-7f70a0eda000 r-xp 00001000 08:05 7735144                    /usr/lib/jvm/java-18-openjdk-amd64/lib/libextnet.so
7f70a0eda000-7f70a0edb000 r--p 00002000 08:05 7735144                    /usr/lib/jvm/java-18-openjdk-amd64/lib/libextnet.so
7f70a0edb000-7f70a0edc000 r--p 00002000 08:05 7735144                    /usr/lib/jvm/java-18-openjdk-amd64/lib/libextnet.so
7f70a0edc000-7f70a0edd000 rw-p 00003000 08:05 7735144                    /usr/lib/jvm/java-18-openjdk-amd64/lib/libextnet.so
7f70a0edd000-7f70a0ede000 r--p 00000000 08:05 6555712                    /usr/lib/x86_64-linux-gnu/libXinerama.so.1.0.0
7f70a0ede000-7f70a0edf000 r-xp 00001000 08:05 6555712                    /usr/lib/x86_64-linux-gnu/libXinerama.so.1.0.0
7f70a0edf000-7f70a0ee0000 r--p 00002000 08:05 6555712                    /usr/lib/x86_64-linux-gnu/libXinerama.so.1.0.0
7f70a0ee0000-7f70a0ee1000 r--p 00003000 08:05 6555712                    /usr/lib/x86_64-linux-gnu/libXinerama.so.1.0.0
7f70a0ee1000-7f70a0ee2000 rw-p 00004000 08:05 6555712                    /usr/lib/x86_64-linux-gnu/libXinerama.so.1.0.0
7f70a0ee2000-7f70a0ee4000 r--p 00000000 08:05 6557030                    /usr/lib/x86_64-linux-gnu/libmd.so.0.0.5
7f70a0ee4000-7f70a0eeb000 r-xp 00002000 08:05 6557030                    /usr/lib/x86_64-linux-gnu/libmd.so.0.0.5
7f70a0eeb000-7f70a0eed000 r--p 00009000 08:05 6557030                    /usr/lib/x86_64-linux-gnu/libmd.so.0.0.5
7f70a0eed000-7f70a0eee000 r--p 0000a000 08:05 6557030                    /usr/lib/x86_64-linux-gnu/libmd.so.0.0.5
7f70a0eee000-7f70a0eef000 rw-p 0000b000 08:05 6557030                    /usr/lib/x86_64-linux-gnu/libmd.so.0.0.5
7f70a0eef000-7f70a0ef3000 r--p 00000000 08:05 6557032                    /usr/lib/x86_64-linux-gnu/libbsd.so.0.11.5
7f70a0ef3000-7f70a0f00000 r-xp 00004000 08:05 6557032                    /usr/lib/x86_64-linux-gnu/libbsd.so.0.11.5
7f70a0f00000-7f70a0f03000 r--p 00011000 08:05 6557032                    /usr/lib/x86_64-linux-gnu/libbsd.so.0.11.5
7f70a0f03000-7f70a0f04000 ---p 00014000 08:05 6557032                    /usr/lib/x86_64-linux-gnu/libbsd.so.0.11.5
7f70a0f04000-7f70a0f05000 r--p 00014000 08:05 6557032                    /usr/lib/x86_64-linux-gnu/libbsd.so.0.11.5
7f70a0f05000-7f70a0f06000 rw-p 00015000 08:05 6557032                    /usr/lib/x86_64-linux-gnu/libbsd.so.0.11.5
7f70a0f06000-7f70a0f07000 rw-p 00000000 00:00 0 
7f70a0f07000-7f70a0f09000 r--p 00000000 08:05 6557034                    /usr/lib/x86_64-linux-gnu/libXdmcp.so.6.0.0
7f70a0f09000-7f70a0f0b000 r-xp 00002000 08:05 6557034                    /usr/lib/x86_64-linux-gnu/libXdmcp.so.6.0.0
7f70a0f0b000-7f70a0f0d000 r--p 00004000 08:05 6557034                    /usr/lib/x86_64-linux-gnu/libXdmcp.so.6.0.0
7f70a0f0d000-7f70a0f0e000 r--p 00005000 08:05 6557034                    /usr/lib/x86_64-linux-gnu/libXdmcp.so.6.0.0
7f70a0f0e000-7f70a0f0f000 rw-p 00006000 08:05 6557034                    /usr/lib/x86_64-linux-gnu/libXdmcp.so.6.0.0
7f70a0f0f000-7f70a0f10000 r--p 00000000 08:05 6557026                    /usr/lib/x86_64-linux-gnu/libXau.so.6.0.0
7f70a0f10000-7f70a0f12000 r-xp 00001000 08:05 6557026                    /usr/lib/x86_64-linux-gnu/libXau.so.6.0.0
7f70a0f12000-7f70a0f13000 r--p 00003000 08:05 6557026                    /usr/lib/x86_64-linux-gnu/libXau.so.6.0.0
7f70a0f13000-7f70a0f14000 r--p 00003000 08:05 6557026                    /usr/lib/x86_64-linux-gnu/libXau.so.6.0.0
7f70a0f14000-7f70a0f15000 rw-p 00004000 08:05 6557026                    /usr/lib/x86_64-linux-gnu/libXau.so.6.0.0
7f70a0f15000-7f70a0f20000 r--p 00000000 08:05 6557036                    /usr/lib/x86_64-linux-gnu/libxcb.so.1.1.0
7f70a0f20000-7f70a0f34000 r-xp 0000b000 08:05 6557036                    /usr/lib/x86_64-linux-gnu/libxcb.so.1.1.0
7f70a0f34000-7f70a0f3d000 r--p 0001f000 08:05 6557036                    /usr/lib/x86_64-linux-gnu/libxcb.so.1.1.0
7f70a0f3d000-7f70a0f3e000 r--p 00027000 08:05 6557036                    /usr/lib/x86_64-linux-gnu/libxcb.so.1.1.0
7f70a0f3e000-7f70a0f3f000 rw-p 00028000 08:05 6557036                    /usr/lib/x86_64-linux-gnu/libxcb.so.1.1.0
7f70a0f3f000-7f70a0f42000 r--p 00000000 08:05 6555675                    /usr/lib/x86_64-linux-gnu/libXi.so.6.1.0
7f70a0f42000-7f70a0f4e000 r-xp 00003000 08:05 6555675                    /usr/lib/x86_64-linux-gnu/libXi.so.6.1.0
7f70a0f4e000-7f70a0f51000 r--p 0000f000 08:05 6555675                    /usr/lib/x86_64-linux-gnu/libXi.so.6.1.0
7f70a0f51000-7f70a0f52000 r--p 00011000 08:05 6555675                    /usr/lib/x86_64-linux-gnu/libXi.so.6.1.0
7f70a0f52000-7f70a0f53000 rw-p 00012000 08:05 6555675                    /usr/lib/x86_64-linux-gnu/libXi.so.6.1.0
7f70a0f53000-7f70a0f55000 r--p 00000000 08:05 6558228                    /usr/lib/x86_64-linux-gnu/libXrender.so.1.3.0
7f70a0f55000-7f70a0f5c000 r-xp 00002000 08:05 6558228                    /usr/lib/x86_64-linux-gnu/libXrender.so.1.3.0
7f70a0f5c000-7f70a0f5e000 r--p 00009000 08:05 6558228                    /usr/lib/x86_64-linux-gnu/libXrender.so.1.3.0
7f70a0f5e000-7f70a0f5f000 r--p 0000a000 08:05 6558228                    /usr/lib/x86_64-linux-gnu/libXrender.so.1.3.0
7f70a0f5f000-7f70a0f60000 rw-p 0000b000 08:05 6558228                    /usr/lib/x86_64-linux-gnu/libXrender.so.1.3.0
7f70a0f60000-7f70a0f79000 r--p 00000000 08:05 6557018                    /usr/lib/x86_64-linux-gnu/libX11.so.6.4.0
7f70a0f79000-7f70a1005000 r-xp 00019000 08:05 6557018                    /usr/lib/x86_64-linux-gnu/libX11.so.6.4.0
7f70a1005000-7f70a109a000 r--p 000a5000 08:05 6557018                    /usr/lib/x86_64-linux-gnu/libX11.so.6.4.0
7f70a109a000-7f70a109b000 ---p 0013a000 08:05 6557018                    /usr/lib/x86_64-linux-gnu/libX11.so.6.4.0
7f70a109b000-7f70a109c000 r--p 0013a000 08:05 6557018                    /usr/lib/x86_64-linux-gnu/libX11.so.6.4.0
7f70a109c000-7f70a10a0000 rw-p 0013b000 08:05 6557018                    /usr/lib/x86_64-linux-gnu/libX11.so.6.4.0
7f70a10a0000-7f70a10a4000 r--p 00000000 08:05 6558226                    /usr/lib/x86_64-linux-gnu/libXext.so.6.4.0
7f70a10a4000-7f70a10af000 r-xp 00004000 08:05 6558226                    /usr/lib/x86_64-linux-gnu/libXext.so.6.4.0
7f70a10af000-7f70a10b3000 r--p 0000f000 08:05 6558226                    /usr/lib/x86_64-linux-gnu/libXext.so.6.4.0
7f70a10b3000-7f70a10b4000 r--p 00012000 08:05 6558226                    /usr/lib/x86_64-linux-gnu/libXext.so.6.4.0
7f70a10b4000-7f70a10b5000 rw-p 00013000 08:05 6558226                    /usr/lib/x86_64-linux-gnu/libXext.so.6.4.0
7f70a10b5000-7f70a10c3000 r--p 00000000 08:05 7735626                    /usr/lib/jvm/java-18-openjdk-amd64/lib/libawt_xawt.so
7f70a10c3000-7f70a1100000 r-xp 0000e000 08:05 7735626                    /usr/lib/jvm/java-18-openjdk-amd64/lib/libawt_xawt.so
7f70a1100000-7f70a1111000 r--p 0004b000 08:05 7735626                    /usr/lib/jvm/java-18-openjdk-amd64/lib/libawt_xawt.so
7f70a1111000-7f70a1112000 ---p 0005c000 08:05 7735626                    /usr/lib/jvm/java-18-openjdk-amd64/lib/libawt_xawt.so
7f70a1112000-7f70a1113000 r--p 0005c000 08:05 7735626                    /usr/lib/jvm/java-18-openjdk-amd64/lib/libawt_xawt.so
7f70a1113000-7f70a1114000 rw-p 0005d000 08:05 7735626                    /usr/lib/jvm/java-18-openjdk-amd64/lib/libawt_xawt.so
7f70a1114000-7f70a1115000 rw-p 00000000 00:00 0 
7f70a1115000-7f70a113f000 r--p 00000000 08:05 7735141                    /usr/lib/jvm/java-18-openjdk-amd64/lib/libawt.so
7f70a113f000-7f70a11c2000 r-xp 0002a000 08:05 7735141                    /usr/lib/jvm/java-18-openjdk-amd64/lib/libawt.so
7f70a11c2000-7f70a11cf000 r--p 000ad000 08:05 7735141                    /usr/lib/jvm/java-18-openjdk-amd64/lib/libawt.so
7f70a11cf000-7f70a11d0000 r--p 000b9000 08:05 7735141                    /usr/lib/jvm/java-18-openjdk-amd64/lib/libawt.so
7f70a11d0000-7f70a11db000 rw-p 000ba000 08:05 7735141                    /usr/lib/jvm/java-18-openjdk-amd64/lib/libawt.so
7f70a11db000-7f70a1231000 rw-p 00000000 00:00 0 
7f70a1231000-7f70a1235000 ---p 00000000 00:00 0 
7f70a1235000-7f70a1331000 rw-p 00000000 00:00 0 
7f70a1331000-7f70a1332000 ---p 00000000 00:00 0 
7f70a1332000-7f70a1433000 rw-p 00000000 00:00 0 
7f70a1433000-7f70a1437000 ---p 00000000 00:00 0 
7f70a1437000-7f70a1533000 rw-p 00000000 00:00 0 
7f70a1533000-7f70a1537000 ---p 00000000 00:00 0 
7f70a1537000-7f70a1633000 rw-p 00000000 00:00 0 
7f70a1633000-7f70a1637000 ---p 00000000 00:00 0 
7f70a1637000-7f70a1733000 rw-p 00000000 00:00 0 
7f70a1733000-7f70a1737000 ---p 00000000 00:00 0 
7f70a1737000-7f70a1833000 rw-p 00000000 00:00 0 
7f70a1833000-7f70a1837000 ---p 00000000 00:00 0 
7f70a1837000-7f70a1933000 rw-p 00000000 00:00 0 
7f70a1933000-7f70a1937000 ---p 00000000 00:00 0 
7f70a1937000-7f70a1a33000 rw-p 00000000 00:00 0 
7f70a1a33000-7f70a2000000 r--p 00000000 08:05 6553832                    /usr/lib/locale/locale-archive
7f70a2000000-7f70a4000000 rw-p 00000000 00:00 0 
7f70a4000000-7f70a4021000 rw-p 00000000 00:00 0 
7f70a4021000-7f70a8000000 ---p 00000000 00:00 0 
7f70a8000000-7f70a8021000 rw-p 00000000 00:00 0 
7f70a8021000-7f70ac000000 ---p 00000000 00:00 0 
7f70ac000000-7f70ac021000 rw-p 00000000 00:00 0 
7f70ac021000-7f70b0000000 ---p 00000000 00:00 0 
7f70b0000000-7f70b0001000 r--s 00000000 08:05 12453212                   /var/cache/fontconfig/1ddfa680-f197-4dad-b280-8624071c8df0-le64.cache-7
7f70b0001000-7f70b0002000 r--s 00000000 08:05 12453201                   /var/cache/fontconfig/eedbdeff-a359-49e3-8fa3-d76fbf6cbb44-le64.cache-7
7f70b0002000-7f70b0003000 r--s 00000000 08:05 12452669                   /var/cache/fontconfig/243cb782-f932-4120-bff0-29103fe77526-le64.cache-7
7f70b0003000-7f70b0005000 r--p 00000000 08:05 6558654                    /usr/lib/x86_64-linux-gnu/libXtst.so.6.1.0
7f70b0005000-7f70b0008000 r-xp 00002000 08:05 6558654                    /usr/lib/x86_64-linux-gnu/libXtst.so.6.1.0
7f70b0008000-7f70b0009000 r--p 00005000 08:05 6558654                    /usr/lib/x86_64-linux-gnu/libXtst.so.6.1.0
7f70b0009000-7f70b000a000 r--p 00005000 08:05 6558654                    /usr/lib/x86_64-linux-gnu/libXtst.so.6.1.0
7f70b000a000-7f70b000b000 rw-p 00006000 08:05 6558654                    /usr/lib/x86_64-linux-gnu/libXtst.so.6.1.0
7f70b000b000-7f70b000e000 r--s 00000000 08:05 12452132                   /var/cache/fontconfig/550616a4-27d2-4747-800b-d3e6f40efa9f-le64.cache-7
7f70b000e000-7f70b0011000 r--p 00000000 08:05 7735145                    /usr/lib/jvm/java-18-openjdk-amd64/lib/libfontmanager.so
7f70b0011000-7f70b0019000 r-xp 00003000 08:05 7735145                    /usr/lib/jvm/java-18-openjdk-amd64/lib/libfontmanager.so
7f70b0019000-7f70b001b000 r--p 0000b000 08:05 7735145                    /usr/lib/jvm/java-18-openjdk-amd64/lib/libfontmanager.so
7f70b001b000-7f70b001c000 r--p 0000c000 08:05 7735145                    /usr/lib/jvm/java-18-openjdk-amd64/lib/libfontmanager.so
7f70b001c000-7f70b001d000 rw-p 0000d000 08:05 7735145                    /usr/lib/jvm/java-18-openjdk-amd64/lib/libfontmanager.so
7f70b001d000-7f70b0023000 r--p 00000000 08:05 7735236                    /usr/lib/jvm/java-18-openjdk-amd64/lib/libnio.so
7f70b0023000-7f70b002c000 r-xp 00006000 08:05 7735236                    /usr/lib/jvm/java-18-openjdk-amd64/lib/libnio.so
7f70b002c000-7f70b0031000 r--p 0000f000 08:05 7735236                    /usr/lib/jvm/java-18-openjdk-amd64/lib/libnio.so
7f70b0031000-7f70b0032000 r--p 00013000 08:05 7735236                    /usr/lib/jvm/java-18-openjdk-amd64/lib/libnio.so
7f70b0032000-7f70b0033000 rw-p 00014000 08:05 7735236                    /usr/lib/jvm/java-18-openjdk-amd64/lib/libnio.so
7f70b0033000-7f70b0037000 ---p 00000000 00:00 0 
7f70b0037000-7f70b0133000 rw-p 00000000 00:00 0 
7f70b0133000-7f70b0137000 ---p 00000000 00:00 0 
7f70b0137000-7f70b0233000 rw-p 00000000 00:00 0 
7f70b0233000-7f70b0237000 ---p 00000000 00:00 0 
7f70b0237000-7f70b0333000 rw-p 00000000 00:00 0 
7f70b0333000-7f70b0334000 ---p 00000000 00:00 0 
7f70b0334000-7f70b0435000 rw-p 00000000 00:00 0 
7f70b0435000-7f70b0439000 r--p 00000000 08:05 7735229                    /usr/lib/jvm/java-18-openjdk-amd64/lib/libjsvml.so
7f70b0439000-7f70b047a000 r-xp 00004000 08:05 7735229                    /usr/lib/jvm/java-18-openjdk-amd64/lib/libjsvml.so
7f70b047a000-7f70b0503000 r--p 00045000 08:05 7735229                    /usr/lib/jvm/java-18-openjdk-amd64/lib/libjsvml.so
7f70b0503000-7f70b0504000 r--p 000cd000 08:05 7735229                    /usr/lib/jvm/java-18-openjdk-amd64/lib/libjsvml.so
7f70b0504000-7f70b0505000 rw-p 000ce000 08:05 7735229                    /usr/lib/jvm/java-18-openjdk-amd64/lib/libjsvml.so
7f70b0505000-7f70b0622000 rw-p 00000000 00:00 0 
7f70b0622000-7f70b0623000 ---p 00000000 00:00 0 
7f70b0623000-7f70b0724000 rw-p 00000000 00:00 0 
7f70b0724000-7f70b0725000 ---p 00000000 00:00 0 
7f70b0725000-7f70b0c2a000 rw-p 00000000 00:00 0 
7f70b0c2a000-7f70b0c2b000 ---p 00000000 00:00 0 
7f70b0c2b000-7f70b0d2c000 rw-p 00000000 00:00 0 
7f70b0d2c000-7f70b0d2d000 ---p 00000000 00:00 0 
7f70b0d2d000-7f70b0f5a000 rw-p 00000000 00:00 0 
7f70b0f5a000-7f70b0fc2000 ---p 00000000 00:00 0 
7f70b0fc2000-7f70b0fd6000 rw-p 00000000 00:00 0 
7f70b0fd6000-7f70b1016000 ---p 00000000 00:00 0 
7f70b1016000-7f70b101e000 rw-p 00000000 00:00 0 
7f70b101e000-7f70b2cbe000 ---p 00000000 00:00 0 
7f70b2cbe000-7f70b2df2000 rw-p 00000000 00:00 0 
7f70b2df2000-7f70b2e5a000 ---p 00000000 00:00 0 
7f70b2e5a000-7f70b2e6e000 rw-p 00000000 00:00 0 
7f70b2e6e000-7f70b2eae000 ---p 00000000 00:00 0 
7f70b2eae000-7f70b2eb6000 rw-p 00000000 00:00 0 
7f70b2eb6000-7f70b4b56000 ---p 00000000 00:00 0 
7f70b4b56000-7f70b4b84000 rw-p 00000000 00:00 0 
7f70b4b84000-7f70b4b90000 ---p 00000000 00:00 0 
7f70b4b90000-7f70b4b93000 rw-p 00000000 00:00 0 
7f70b4b93000-7f70b4b9b000 ---p 00000000 00:00 0 
7f70b4b9b000-7f70b4b9c000 rw-p 00000000 00:00 0 
7f70b4b9c000-7f70b4f30000 ---p 00000000 00:00 0 
7f70b4f30000-7f70b4f57000 rw-p 00000000 00:00 0 
7f70b4f57000-7f70b4f63000 ---p 00000000 00:00 0 
7f70b4f63000-7f70b4f66000 rw-p 00000000 00:00 0 
7f70b4f66000-7f70b4f6e000 ---p 00000000 00:00 0 
7f70b4f6e000-7f70b4f6f000 rw-p 00000000 00:00 0 
7f70b4f6f000-7f70b5303000 ---p 00000000 00:00 0 
7f70b5303000-7f70b5304000 rw-p 00000000 00:00 0 
7f70b5304000-7f70b5574000 rwxp 00000000 00:00 0 
7f70b5574000-7f70b5895000 ---p 00000000 00:00 0 
7f70b5895000-7f70b5dd5000 rwxp 00000000 00:00 0 
7f70b5dd5000-7f70bcdcc000 ---p 00000000 00:00 0 
7f70bcdcc000-7f70bd03c000 rwxp 00000000 00:00 0 
7f70bd03c000-7f70c4304000 ---p 00000000 00:00 0 
7f70c4304000-7f70cc000000 r--s 00000000 08:05 7735315                    /usr/lib/jvm/java-18-openjdk-amd64/lib/modules
7f70cc000000-7f70cc69e000 rw-p 00000000 00:00 0 
7f70cc69e000-7f70d0000000 ---p 00000000 00:00 0 
7f70d0000000-7f70d0003000 r--s 00000000 08:05 12452085                   /var/cache/fontconfig/c677aeb3-b1c8-4165-a780-c01936e97d67-le64.cache-7
7f70d0003000-7f70d0006000 r--p 00000000 08:05 7735235                    /usr/lib/jvm/java-18-openjdk-amd64/lib/libnet.so
7f70d0006000-7f70d000e000 r-xp 00003000 08:05 7735235                    /usr/lib/jvm/java-18-openjdk-amd64/lib/libnet.so
7f70d000e000-7f70d0010000 r--p 0000b000 08:05 7735235                    /usr/lib/jvm/java-18-openjdk-amd64/lib/libnet.so
7f70d0010000-7f70d0011000 r--p 0000c000 08:05 7735235                    /usr/lib/jvm/java-18-openjdk-amd64/lib/libnet.so
7f70d0011000-7f70d0012000 rw-p 0000d000 08:05 7735235                    /usr/lib/jvm/java-18-openjdk-amd64/lib/libnet.so
7f70d0012000-7f70d0013000 ---p 00000000 00:00 0 
7f70d0013000-7f70d017c000 rw-p 00000000 00:00 0 
7f70d017c000-7f70d0188000 ---p 00000000 00:00 0 
7f70d0188000-7f70d018b000 rw-p 00000000 00:00 0 
7f70d018b000-7f70d0193000 ---p 00000000 00:00 0 
7f70d0193000-7f70d0194000 rw-p 00000000 00:00 0 
7f70d0194000-7f70d0528000 ---p 00000000 00:00 0 
7f70d0528000-7f70d0932000 rw-p 00000000 00:00 0 
7f70d0932000-7f70d0a18000 ---p 00000000 00:00 0 
7f70d0a18000-7f70d0a23000 rw-p 00000000 00:00 0 
7f70d0a23000-7f70d0b03000 ---p 00000000 00:00 0 
7f70d0b03000-7f70d0b08000 rw-p 00000000 00:00 0 
7f70d0b08000-7f70d0b0f000 ---p 00000000 00:00 0 
7f70d0b0f000-7f70d0b11000 r--s 0000c000 08:05 7348931                    /usr/share/java/java-atk-wrapper.jar
7f70d0b11000-7f70d0b13000 r--p 00000000 08:05 7735314                    /usr/lib/jvm/java-18-openjdk-amd64/lib/libzip.so
7f70d0b13000-7f70d0b17000 r-xp 00002000 08:05 7735314                    /usr/lib/jvm/java-18-openjdk-amd64/lib/libzip.so
7f70d0b17000-7f70d0b19000 r--p 00006000 08:05 7735314                    /usr/lib/jvm/java-18-openjdk-amd64/lib/libzip.so
7f70d0b19000-7f70d0b1a000 r--p 00007000 08:05 7735314                    /usr/lib/jvm/java-18-openjdk-amd64/lib/libzip.so
7f70d0b1a000-7f70d0b1b000 rw-p 00008000 08:05 7735314                    /usr/lib/jvm/java-18-openjdk-amd64/lib/libzip.so
7f70d0b1b000-7f70d0b27000 r--p 00000000 08:05 7735222                    /usr/lib/jvm/java-18-openjdk-amd64/lib/libjava.so
7f70d0b27000-7f70d0b3a000 r-xp 0000c000 08:05 7735222                    /usr/lib/jvm/java-18-openjdk-amd64/lib/libjava.so
7f70d0b3a000-7f70d0b3f000 r--p 0001f000 08:05 7735222                    /usr/lib/jvm/java-18-openjdk-amd64/lib/libjava.so
7f70d0b3f000-7f70d0b40000 ---p 00024000 08:05 7735222                    /usr/lib/jvm/java-18-openjdk-amd64/lib/libjava.so
7f70d0b40000-7f70d0b41000 r--p 00024000 08:05 7735222                    /usr/lib/jvm/java-18-openjdk-amd64/lib/libjava.so
7f70d0b41000-7f70d0b42000 rw-p 00025000 08:05 7735222                    /usr/lib/jvm/java-18-openjdk-amd64/lib/libjava.so
7f70d0b42000-7f70d0b43000 rw-p 00000000 00:00 0 
7f70d0b43000-7f70d0b47000 ---p 00000000 00:00 0 
7f70d0b47000-7f70d0c43000 rw-p 00000000 00:00 0 
7f70d0c43000-7f70d0c46000 r--p 00000000 08:05 6553732                    /usr/lib/x86_64-linux-gnu/libgcc_s.so.1
7f70d0c46000-7f70d0c5d000 r-xp 00003000 08:05 6553732                    /usr/lib/x86_64-linux-gnu/libgcc_s.so.1
7f70d0c5d000-7f70d0c61000 r--p 0001a000 08:05 6553732                    /usr/lib/x86_64-linux-gnu/libgcc_s.so.1
7f70d0c61000-7f70d0c62000 r--p 0001d000 08:05 6553732                    /usr/lib/x86_64-linux-gnu/libgcc_s.so.1
7f70d0c62000-7f70d0c63000 rw-p 0001e000 08:05 6553732                    /usr/lib/x86_64-linux-gnu/libgcc_s.so.1
7f70d0c63000-7f70d0c71000 r--p 00000000 08:05 6555964                    /usr/lib/x86_64-linux-gnu/libm.so.6
7f70d0c71000-7f70d0ced000 r-xp 0000e000 08:05 6555964                    /usr/lib/x86_64-linux-gnu/libm.so.6
7f70d0ced000-7f70d0d48000 r--p 0008a000 08:05 6555964                    /usr/lib/x86_64-linux-gnu/libm.so.6
7f70d0d48000-7f70d0d49000 r--p 000e4000 08:05 6555964                    /usr/lib/x86_64-linux-gnu/libm.so.6
7f70d0d49000-7f70d0d4a000 rw-p 000e5000 08:05 6555964                    /usr/lib/x86_64-linux-gnu/libm.so.6
7f70d0d4a000-7f70d0de4000 r--p 00000000 08:05 6553738                    /usr/lib/x86_64-linux-gnu/libstdc++.so.6.0.30
7f70d0de4000-7f70d0ef5000 r-xp 0009a000 08:05 6553738                    /usr/lib/x86_64-linux-gnu/libstdc++.so.6.0.30
7f70d0ef5000-7f70d0f65000 r--p 001ab000 08:05 6553738                    /usr/lib/x86_64-linux-gnu/libstdc++.so.6.0.30
7f70d0f65000-7f70d0f70000 r--p 0021a000 08:05 6553738                    /usr/lib/x86_64-linux-gnu/libstdc++.so.6.0.30
7f70d0f70000-7f70d0f73000 rw-p 00225000 08:05 6553738                    /usr/lib/x86_64-linux-gnu/libstdc++.so.6.0.30
7f70d0f73000-7f70d0f76000 rw-p 00000000 00:00 0 
7f70d0f76000-7f70d11c7000 r--p 00000000 08:05 7735400                    /usr/lib/jvm/java-18-openjdk-amd64/lib/server/libjvm.so
7f70d11c7000-7f70d2072000 r-xp 00251000 08:05 7735400                    /usr/lib/jvm/java-18-openjdk-amd64/lib/server/libjvm.so
7f70d2072000-7f70d222e000 r--p 010fc000 08:05 7735400                    /usr/lib/jvm/java-18-openjdk-amd64/lib/server/libjvm.so
7f70d222e000-7f70d222f000 ---p 012b8000 08:05 7735400                    /usr/lib/jvm/java-18-openjdk-amd64/lib/server/libjvm.so
7f70d222f000-7f70d22ee000 r--p 012b8000 08:05 7735400                    /usr/lib/jvm/java-18-openjdk-amd64/lib/server/libjvm.so
7f70d22ee000-7f70d231a000 rw-p 01377000 08:05 7735400                    /usr/lib/jvm/java-18-openjdk-amd64/lib/server/libjvm.so
7f70d231a000-7f70d2378000 rw-p 00000000 00:00 0 
7f70d2378000-7f70d237a000 r--p 00000000 08:05 6556192                    /usr/lib/x86_64-linux-gnu/libz.so.1.2.11
7f70d237a000-7f70d238b000 r-xp 00002000 08:05 6556192                    /usr/lib/x86_64-linux-gnu/libz.so.1.2.11
7f70d238b000-7f70d2391000 r--p 00013000 08:05 6556192                    /usr/lib/x86_64-linux-gnu/libz.so.1.2.11
7f70d2391000-7f70d2392000 ---p 00019000 08:05 6556192                    /usr/lib/x86_64-linux-gnu/libz.so.1.2.11
7f70d2392000-7f70d2393000 r--p 00019000 08:05 6556192                    /usr/lib/x86_64-linux-gnu/libz.so.1.2.11
7f70d2393000-7f70d2394000 rw-p 0001a000 08:05 6556192                    /usr/lib/x86_64-linux-gnu/libz.so.1.2.11
7f70d2394000-7f70d23bc000 r--p 00000000 08:05 6555961                    /usr/lib/x86_64-linux-gnu/libc.so.6
7f70d23bc000-7f70d2551000 r-xp 00028000 08:05 6555961                    /usr/lib/x86_64-linux-gnu/libc.so.6
7f70d2551000-7f70d25a9000 r--p 001bd000 08:05 6555961                    /usr/lib/x86_64-linux-gnu/libc.so.6
7f70d25a9000-7f70d25ad000 r--p 00214000 08:05 6555961                    /usr/lib/x86_64-linux-gnu/libc.so.6
7f70d25ad000-7f70d25af000 rw-p 00218000 08:05 6555961                    /usr/lib/x86_64-linux-gnu/libc.so.6
7f70d25af000-7f70d25bc000 rw-p 00000000 00:00 0 
7f70d25bc000-7f70d25bd000 r--s 00000000 08:05 12459147                   /var/cache/fontconfig/86f4d8a5-7790-4f46-939f-d1188ef827c2-le64.cache-7
7f70d25bd000-7f70d25c5000 rw-s 00000000 08:05 6424649                    /tmp/hsperfdata_dereje/344858
7f70d25c5000-7f70d25c6000 ---p 00000000 00:00 0 
7f70d25c6000-7f70d25c7000 r--p 00000000 00:00 0 
7f70d25c7000-7f70d25c9000 r--p 00000000 08:05 7735225                    /usr/lib/jvm/java-18-openjdk-amd64/lib/libjimage.so
7f70d25c9000-7f70d25cb000 r-xp 00002000 08:05 7735225                    /usr/lib/jvm/java-18-openjdk-amd64/lib/libjimage.so
7f70d25cb000-7f70d25cc000 r--p 00004000 08:05 7735225                    /usr/lib/jvm/java-18-openjdk-amd64/lib/libjimage.so
7f70d25cc000-7f70d25cd000 r--p 00004000 08:05 7735225                    /usr/lib/jvm/java-18-openjdk-amd64/lib/libjimage.so
7f70d25cd000-7f70d25ce000 rw-p 00005000 08:05 7735225                    /usr/lib/jvm/java-18-openjdk-amd64/lib/libjimage.so
7f70d25ce000-7f70d25d0000 r--p 00000000 08:05 7735226                    /usr/lib/jvm/java-18-openjdk-amd64/lib/libjli.so
7f70d25d0000-7f70d25da000 r-xp 00002000 08:05 7735226                    /usr/lib/jvm/java-18-openjdk-amd64/lib/libjli.so
7f70d25da000-7f70d25dd000 r--p 0000c000 08:05 7735226                    /usr/lib/jvm/java-18-openjdk-amd64/lib/libjli.so
7f70d25dd000-7f70d25de000 r--p 0000e000 08:05 7735226                    /usr/lib/jvm/java-18-openjdk-amd64/lib/libjli.so
7f70d25de000-7f70d25df000 rw-p 0000f000 08:05 7735226                    /usr/lib/jvm/java-18-openjdk-amd64/lib/libjli.so
7f70d25df000-7f70d25e1000 rw-p 00000000 00:00 0 
7f70d25e1000-7f70d25e3000 r--p 00000000 08:05 6555958                    /usr/lib/x86_64-linux-gnu/ld-linux-x86-64.so.2
7f70d25e3000-7f70d260d000 r-xp 00002000 08:05 6555958                    /usr/lib/x86_64-linux-gnu/ld-linux-x86-64.so.2
7f70d260d000-7f70d2618000 r--p 0002c000 08:05 6555958                    /usr/lib/x86_64-linux-gnu/ld-linux-x86-64.so.2
7f70d2618000-7f70d2619000 ---p 00000000 00:00 0 
7f70d2619000-7f70d261b000 r--p 00037000 08:05 6555958                    /usr/lib/x86_64-linux-gnu/ld-linux-x86-64.so.2
7f70d261b000-7f70d261d000 rw-p 00039000 08:05 6555958                    /usr/lib/x86_64-linux-gnu/ld-linux-x86-64.so.2
7ffc03866000-7ffc03888000 rw-p 00000000 00:00 0                          [stack]
7ffc039f9000-7ffc039fd000 r--p 00000000 00:00 0                          [vvar]
7ffc039fd000-7ffc039ff000 r-xp 00000000 00:00 0                          [vdso]
ffffffffff600000-ffffffffff601000 --xp 00000000 00:00 0                  [vsyscall]


VM Arguments:
jvm_args: --enable-preview 
java_command: Main
java_class_path (initial): /home/dereje/Documents/dev/cinema-booking/bin:/usr/share/java/mysql-connector-java-8.0.29.jar
Launcher Type: SUN_STANDARD

[Global flags]
     intx CICompilerCount                          = 3                                         {product} {ergonomic}
     uint ConcGCThreads                            = 1                                         {product} {ergonomic}
     uint G1ConcRefinementThreads                  = 4                                         {product} {ergonomic}
   size_t G1HeapRegionSize                         = 1048576                                   {product} {ergonomic}
    uintx GCDrainStackTargetSize                   = 64                                        {product} {ergonomic}
   size_t InitialHeapSize                          = 130023424                                 {product} {ergonomic}
   size_t MarkStackSize                            = 4194304                                   {product} {ergonomic}
   size_t MaxHeapSize                              = 2053111808                                {product} {ergonomic}
   size_t MaxNewSize                               = 1231028224                                {product} {ergonomic}
   size_t MinHeapDeltaBytes                        = 1048576                                   {product} {ergonomic}
   size_t MinHeapSize                              = 8388608                                   {product} {ergonomic}
    uintx NonNMethodCodeHeapSize                   = 5832780                                {pd product} {ergonomic}
    uintx NonProfiledCodeHeapSize                  = 122912730                              {pd product} {ergonomic}
    uintx ProfiledCodeHeapSize                     = 122912730                              {pd product} {ergonomic}
    uintx ReservedCodeCacheSize                    = 251658240                              {pd product} {ergonomic}
     bool SegmentedCodeCache                       = true                                      {product} {ergonomic}
   size_t SoftMaxHeapSize                          = 2053111808                             {manageable} {ergonomic}
     bool UseCompressedClassPointers               = true                           {product lp64_product} {ergonomic}
     bool UseCompressedOops                        = true                           {product lp64_product} {ergonomic}
     bool UseG1GC                                  = true                                      {product} {ergonomic}

Logging:
Log output configuration:
 #0: stdout all=warning uptime,level,tags foldmultilines=false
 #1: stderr all=off uptime,level,tags foldmultilines=false

Environment Variables:
CLASSPATH=/usr/share/java/mysql-connector-java-8.0.29.jar
PATH=/home/dereje/Documents/dev/cinema-booking/node_modules/.bin:/home/dereje/Documents/ideaIU-2022.1.1/idea-IU-221.5591.52/bin:/home/dereje/.local/bin:/usr/local/sbin:/usr/local/bin:/usr/sbin:/usr/bin:/sbin:/bin:/usr/games:/usr/local/games:/snap/bin:/snap/bin
USERNAME=dereje
SHELL=/usr/bin/zsh
DISPLAY=:0
LANG=en_US.UTF-8

Signal Handlers:
   SIGSEGV: 0x00007f70d1d7a550 in libjvm.so+14697808, mask=11100100010111111101111111111110, flags=SA_RESTART|SA_SIGINFO
    SIGBUS: 0x00007f70d1d7a550 in libjvm.so+14697808, mask=11100100010111111101111111111110, flags=SA_RESTART|SA_SIGINFO
    SIGFPE: 0x00007f70d1d7a550 in libjvm.so+14697808, mask=11100100010111111101111111111110, flags=SA_RESTART|SA_SIGINFO
   SIGPIPE: 0x00007f70d1c6a720 in libjvm.so+13584160, mask=11100100010111111101111111111110, flags=SA_RESTART|SA_SIGINFO
   SIGXFSZ: 0x00007f70d1c6a720 in libjvm.so+13584160, mask=11100100010111111101111111111110, flags=SA_RESTART|SA_SIGINFO
    SIGILL: 0x00007f70d1d7a550 in libjvm.so+14697808, mask=11100100010111111101111111111110, flags=SA_RESTART|SA_SIGINFO
   SIGUSR2: 0x00007f70d1c63c00 in libjvm.so+13556736, mask=00000000000000000000000000000000, flags=SA_RESTART|SA_SIGINFO
    SIGHUP: 0x00007f70d1c63b20 in libjvm.so+13556512, mask=11100100010111111101111111111110, flags=SA_RESTART|SA_SIGINFO
    SIGINT: 0x00007f70d1c63b20 in libjvm.so+13556512, mask=11100100010111111101111111111110, flags=SA_RESTART|SA_SIGINFO
   SIGTERM: 0x00007f70d1c63b20 in libjvm.so+13556512, mask=11100100010111111101111111111110, flags=SA_RESTART|SA_SIGINFO
   SIGQUIT: 0x00007f70d1c63b20 in libjvm.so+13556512, mask=11100100010111111101111111111110, flags=SA_RESTART|SA_SIGINFO
   SIGTRAP: 0x00007f70d1d7a550 in libjvm.so+14697808, mask=11100100010111111101111111111110, flags=SA_RESTART|SA_SIGINFO


---------------  S Y S T E M  ---------------

OS:
DISTRIB_ID=Ubuntu
DISTRIB_RELEASE=22.04
DISTRIB_CODENAME=jammy
DISTRIB_DESCRIPTION="Ubuntu 22.04 LTS"
uname: Linux 5.15.0-30-generic #31-Ubuntu SMP Thu May 5 10:00:34 UTC 2022 x86_64
OS uptime: 3 days 11:37 hours
libc: glibc 2.35 NPTL 2.35 
rlimit (soft/hard): STACK 8192k/infinity , CORE 0k/infinity , NPROC 31011/31011 , NOFILE 1048576/1048576 , AS infinity/infinity , CPU infinity/infinity , DATA infinity/infinity , FSIZE infinity/infinity , MEMLOCK 1001688k/1001688k
load average: 1.33 1.40 1.44

/proc/meminfo:
MemTotal:        8013524 kB
MemFree:          149736 kB
MemAvailable:    3385192 kB
Buffers:           27512 kB
Cached:          3982168 kB
SwapCached:        98332 kB
Active:          2688584 kB
Inactive:        4522704 kB
Active(anon):    1204988 kB
Inactive(anon):  2662904 kB
Active(file):    1483596 kB
Inactive(file):  1859800 kB
Unevictable:       47924 kB
Mlocked:              80 kB
SwapTotal:       2097148 kB
SwapFree:            680 kB
Dirty:              1044 kB
Writeback:             0 kB
AnonPages:       3151408 kB
Mapped:           637088 kB
Shmem:            666480 kB
KReclaimable:     198240 kB
Slab:             371032 kB
SReclaimable:     198240 kB
SUnreclaim:       172792 kB
KernelStack:       24184 kB
PageTables:        67160 kB
NFS_Unstable:          0 kB
Bounce:                0 kB
WritebackTmp:          0 kB
CommitLimit:     6103908 kB
Committed_AS:   16456168 kB
VmallocTotal:   34359738367 kB
VmallocUsed:       60692 kB
VmallocChunk:          0 kB
Percpu:            10336 kB
HardwareCorrupted:     0 kB
AnonHugePages:         0 kB
ShmemHugePages:        0 kB
ShmemPmdMapped:        0 kB
FileHugePages:         0 kB
FilePmdMapped:         0 kB
HugePages_Total:       0
HugePages_Free:        0
HugePages_Rsvd:        0
HugePages_Surp:        0
Hugepagesize:       2048 kB
Hugetlb:               0 kB
DirectMap4k:     1646080 kB
DirectMap2M:     6615040 kB
DirectMap1G:     1048576 kB

/sys/kernel/mm/transparent_hugepage/enabled: always [madvise] never
/sys/kernel/mm/transparent_hugepage/defrag (defrag/compaction efforts parameter): always defer defer+madvise [madvise] never

Process Memory:
Virtual Size: 5530904K (peak: 5596260K)
Resident Set Size: 112684K (peak: 124324K) (anon: 77068K, file: 35616K, shmem: 0K)
Swapped out: 0K
C-Heap outstanding allocations: 9577K

/proc/sys/kernel/threads-max (system-wide limit on the number of threads): 62023
/proc/sys/vm/max_map_count (maximum number of memory map areas a process may have): 65530
/proc/sys/kernel/pid_max (system-wide limit on number of process identifiers): 4194304

container (cgroup) information:
container_type: cgroupv2
cpu_cpuset_cpus: not supported
cpu_memory_nodes: not supported
active_processor_count: 4
cpu_quota: not supported
cpu_period: not supported
cpu_shares: not supported
memory_limit_in_bytes: unlimited
memory_and_swap_limit_in_bytes: unlimited
memory_soft_limit_in_bytes: unlimited
memory_usage_in_bytes: 1637486592
memory_max_usage_in_bytes: not supported
maximum number of tasks: 9303
current number of tasks: 255

Steal ticks since vm start: 0
Steal ticks percentage since vm start:  0.000

CPU: total 4 (initial active 4) (2 cores per cpu, 2 threads per core) family 6 model 61 stepping 4 microcode 0x2f, cx8, cmov, fxsr, ht, mmx, 3dnowpref, sse, sse2, sse3, ssse3, sse4.1, sse4.2, popcnt, lzcnt, tsc, tscinvbit, avx, avx2, aes, erms, clmul, bmi1, bmi2, adx, fma, vzeroupper, clflush
CPU Model and flags from /proc/cpuinfo:
model name	: Intel(R) Core(TM) i5-5200U CPU @ 2.20GHz
flags		: fpu vme de pse tsc msr pae mce cx8 apic sep mtrr pge mca cmov pat pse36 clflush dts acpi mmx fxsr sse sse2 ss ht tm pbe syscall nx pdpe1gb rdtscp lm constant_tsc arch_perfmon pebs bts rep_good nopl xtopology nonstop_tsc cpuid aperfmperf pni pclmulqdq dtes64 monitor ds_cpl vmx est tm2 ssse3 sdbg fma cx16 xtpr pdcm pcid sse4_1 sse4_2 x2apic movbe popcnt tsc_deadline_timer aes xsave avx f16c rdrand lahf_lm abm 3dnowprefetch cpuid_fault epb invpcid_single pti ssbd ibrs ibpb stibp tpr_shadow vnmi flexpriority ept vpid ept_ad fsgsbase tsc_adjust bmi1 avx2 smep bmi2 erms invpcid rdseed adx smap intel_pt xsaveopt dtherm ida arat pln pts md_clear flush_l1d

Online cpus: 0-3
Offline cpus: 4-7
BIOS frequency limitation: <Not Available>
Frequency switch latency (ns): 20000
Available cpu frequencies: <Not Available>
Current governor: schedutil
Core performance/turbo boost: <Not Available>

Memory: 4k page, physical 8013524k(150292k free), swap 2097148k(680k free)
Page Sizes: 4k

vm_info: OpenJDK 64-Bit Server VM (18-ea+36-Ubuntu-1) for linux-amd64 JRE (18-ea+36-Ubuntu-1), built on Feb 18 2022 18:05:52 by "buildd" with gcc 11.2.0

END.
