#
# A fatal error has been detected by the Java Runtime Environment:
#
#  SIGSEGV (0xb) at pc=0x00007f03e3643cad, pid=344249, tid=344249
#
# JRE version: OpenJDK Runtime Environment (18.0+36) (build 18-ea+36-Ubuntu-1)
# Java VM: OpenJDK 64-Bit Server VM (18-ea+36-Ubuntu-1, mixed mode, sharing, tiered, compressed oops, compressed class ptrs, g1 gc, linux-amd64)
# Problematic frame:
# V  [libjvm.so+0xcedcad]
#
# Core dump will be written. Default location: Core dumps may be processed with "/usr/share/apport/apport -p%p -s%s -c%c -d%d -P%P -u%u -g%g -- %E" (or dumping to /home/dereje/Documents/dev/cinema-booking/core.344249)
#
# If you would like to submit a bug report, please visit:
#   Unknown
#

---------------  S U M M A R Y ------------

Command Line: --enable-preview Main

Host: Intel(R) Core(TM) i5-5200U CPU @ 2.20GHz, 4 cores, 7G, Ubuntu 22.04 LTS
Time: Wed Jun  1 20:14:44 2022 EAT elapsed time: 1.582148 seconds (0d 0h 0m 1s)

---------------  T H R E A D  ---------------

Current thread is native thread

Stack: [0x00007ffd7f80b000,0x00007ffd80008000],  sp=0x00007ffd800024b0,  free space=8157k
Native frames: (J=compiled Java code, j=interpreted, Vv=VM code, C=native code)
V  [libjvm.so+0xcedcad]
C  [libc.so.6+0x42520]


siginfo: si_signo: 11 (SIGSEGV), si_code: 1 (SEGV_MAPERR), si_addr: 0x0000000000000248

Registers:
RAX=0x0000000000000000, RBX=0x00007ffd800024c0, RCX=0x00007f03e3e0fc9b, RDX=0x0000000000000000
RSP=0x00007ffd800024b0, RBP=0x00007ffd80002570, RSI=0x00007ffd800024c0, RDI=0x0000000000000000
R8 =0x0000000000000000, R9 =0x00000000ffffffff, R10=0x0000000000000008, R11=0x0000000000000246
R12=0x00007f03e3d556c0, R13=0x0000000000000000, R14=0x0000000000000000, R15=0x0000000000000000
RIP=0x00007f03e3643cad, EFLAGS=0x0000000000010246, CSGSFS=0x002b000000000033, ERR=0x0000000000000004
  TRAPNO=0x000000000000000e

Top of Stack: (sp=0x00007ffd800024b0)
0x00007ffd800024b0:   00007ffd800026b0 00007ffd80002580
0x00007ffd800024c0:   00000000000004d8 0000000000000009
0x00007ffd800024d0:   ffffffffffffffff 00007f03e3d31a20
0x00007ffd800024e0:   0000000000000000 0000000000000000 

Instructions: (pc=0x00007f03e3643cad)
0x00007f03e3643bad:   00 00 00 f0 0f c1 02 48 8b 3d ad e0 6b 00 48 83
0x00007f03e3643bbd:   ec 80 5b 41 5c 5d e9 f8 40 56 ff 0f 1f 84 00 00
0x00007f03e3643bcd:   00 00 00 48 83 ec 80 5b 41 5c 5d c3 0f 1f 80 00
0x00007f03e3643bdd:   00 00 00 48 8b 05 e9 2f 69 00 48 83 f8 ff 0f 85
0x00007f03e3643bed:   19 46 56 ff eb a3 66 66 2e 0f 1f 84 00 00 00 00
0x00007f03e3643bfd:   00 66 90 f3 0f 1e fa 55 66 48 0f 6e d2 66 48 0f
0x00007f03e3643c0d:   6e ce 66 0f 6c ca 48 89 e5 41 57 41 56 41 55 41
0x00007f03e3643c1d:   54 53 48 8d 9d 50 ff ff ff 48 81 ec 98 00 00 00
0x00007f03e3643c2d:   0f 29 8d 40 ff ff ff e8 97 40 56 ff 48 89 df 44
0x00007f03e3643c3d:   8b 28 49 89 c4 e8 19 3d 56 ff be 04 00 00 00 48
0x00007f03e3643c4d:   89 df e8 3c 3f 56 ff be 07 00 00 00 48 89 df e8
0x00007f03e3643c5d:   2f 3f 56 ff be 08 00 00 00 48 89 df e8 22 3f 56
0x00007f03e3643c6d:   ff be 0b 00 00 00 48 89 df e8 15 3f 56 ff be 05
0x00007f03e3643c7d:   00 00 00 48 89 df e8 08 3f 56 ff 31 d2 48 89 de
0x00007f03e3643c8d:   bf 01 00 00 00 e8 f9 34 56 ff 31 c0 80 3d f8 56
0x00007f03e3643c9d:   6e 00 00 74 0b 8b 3d 20 b0 6e 00 e8 03 41 56 ff
0x00007f03e3643cad:   48 8b 90 48 02 00 00 48 85 d2 74 17 4c 8b b8 10
0x00007f03e3643cbd:   02 00 00 41 8b 87 a0 00 00 00 83 f8 01 74 1c 45
0x00007f03e3643ccd:   89 2c 24 48 81 c4 98 00 00 00 5b 41 5c 41 5d 41
0x00007f03e3643cdd:   5e 41 5f 5d c3 66 0f 1f 44 00 00 66 0f 6f 9d 40
0x00007f03e3643ced:   ff ff ff 4d 8d b7 a0 00 00 00 ba 02 00 00 00 41
0x00007f03e3643cfd:   0f 11 9f a8 00 00 00 f0 41 0f b1 16 8d 50 ff 83
0x00007f03e3643d0d:   fa 01 76 37 85 c0 75 13 66 0f ef c0 41 0f 11 87
0x00007f03e3643d1d:   a8 00 00 00 eb a9 0f 1f 44 00 00 48 8b 05 79 a8
0x00007f03e3643d2d:   68 00 be 61 06 00 00 48 8d 3d 65 0c 4a 00 c6 00
0x00007f03e3643d3d:   58 e8 cd 10 8e ff eb d0 0f 1f 00 48 89 df e8 10
0x00007f03e3643d4d:   3c 56 ff 48 89 da 31 f6 31 ff e8 34 34 56 ff 8b
0x00007f03e3643d5d:   35 fe 75 69 00 48 89 df e8 e6 38 56 ff 48 8d 3d
0x00007f03e3643d6d:   8f 0e 70 00 e8 4a 3f 56 ff 66 2e 0f 1f 84 00 00
0x00007f03e3643d7d:   00 00 00 48 89 df e8 a8 3f 56 ff b8 03 00 00 00
0x00007f03e3643d8d:   31 c9 f0 41 0f b1 0e 83 f8 03 74 27 85 c0 74 23
0x00007f03e3643d9d:   83 f8 02 74 de 48 8b 05 ff a7 68 00 be 5a 06 00 



---------------  P R O C E S S  ---------------

VM state: not at safepoint (normal execution)

VM Mutex/Monitor currently owned by a thread: None

Heap address: 0x0000000085a00000, size: 1958 MB, Compressed Oops mode: 32-bit

CDS archive(s) mapped at: [0x0000000800000000-0x0000000800bb2000-0x0000000800bb2000), size 12263424, SharedBaseAddress: 0x0000000800000000, ArchiveRelocationMode: 0.
Compressed class space mapped at: 0x0000000800c00000-0x0000000840c00000, reserved size: 1073741824
Narrow klass base: 0x0000000800000000, Narrow klass shift: 0, Narrow klass range: 0x100000000

GC Precious Log:
<Skipped>

Heap:
 garbage-first heap   total 129024K, used 8229K [0x0000000085a00000, 0x0000000100000000)
  region size 1024K, 6 young (6144K), 2 survivors (2048K)
 Metaspace       used 13562K, committed 13824K, reserved 1114112K
  class space    used 1435K, committed 1600K, reserved 1048576K

Heap Regions: E=young(eden), S=young(survivor), O=old, HS=humongous(starts), HC=humongous(continues), CS=collection set, F=free, OA=open archive, CA=closed archive, TAMS=top-at-mark-start (previous, next)
|   0|0x0000000085a00000, 0x0000000085b00000, 0x0000000085b00000|100%| O|  |TAMS 0x0000000085a00000, 0x0000000085a00000| Untracked 
|   1|0x0000000085b00000, 0x0000000085b75000, 0x0000000085c00000| 45%| O|  |TAMS 0x0000000085b00000, 0x0000000085b00000| Untracked 
|   2|0x0000000085c00000, 0x0000000085c00000, 0x0000000085d00000|  0%| F|  |TAMS 0x0000000085c00000, 0x0000000085c00000| Untracked 
|   3|0x0000000085d00000, 0x0000000085d00000, 0x0000000085e00000|  0%| F|  |TAMS 0x0000000085d00000, 0x0000000085d00000| Untracked 
|   4|0x0000000085e00000, 0x0000000085e00000, 0x0000000085f00000|  0%| F|  |TAMS 0x0000000085e00000, 0x0000000085e00000| Untracked 
|   5|0x0000000085f00000, 0x0000000085f00000, 0x0000000086000000|  0%| F|  |TAMS 0x0000000085f00000, 0x0000000085f00000| Untracked 
|   6|0x0000000086000000, 0x0000000086000000, 0x0000000086100000|  0%| F|  |TAMS 0x0000000086000000, 0x0000000086000000| Untracked 
|   7|0x0000000086100000, 0x0000000086100000, 0x0000000086200000|  0%| F|  |TAMS 0x0000000086100000, 0x0000000086100000| Untracked 
|   8|0x0000000086200000, 0x0000000086200000, 0x0000000086300000|  0%| F|  |TAMS 0x0000000086200000, 0x0000000086200000| Untracked 
|   9|0x0000000086300000, 0x0000000086300000, 0x0000000086400000|  0%| F|  |TAMS 0x0000000086300000, 0x0000000086300000| Untracked 
|  10|0x0000000086400000, 0x0000000086400000, 0x0000000086500000|  0%| F|  |TAMS 0x0000000086400000, 0x0000000086400000| Untracked 
|  11|0x0000000086500000, 0x0000000086500000, 0x0000000086600000|  0%| F|  |TAMS 0x0000000086500000, 0x0000000086500000| Untracked 
|  12|0x0000000086600000, 0x0000000086600000, 0x0000000086700000|  0%| F|  |TAMS 0x0000000086600000, 0x0000000086600000| Untracked 
|  13|0x0000000086700000, 0x0000000086700000, 0x0000000086800000|  0%| F|  |TAMS 0x0000000086700000, 0x0000000086700000| Untracked 
|  14|0x0000000086800000, 0x0000000086800000, 0x0000000086900000|  0%| F|  |TAMS 0x0000000086800000, 0x0000000086800000| Untracked 
|  15|0x0000000086900000, 0x0000000086900000, 0x0000000086a00000|  0%| F|  |TAMS 0x0000000086900000, 0x0000000086900000| Untracked 
|  16|0x0000000086a00000, 0x0000000086a00000, 0x0000000086b00000|  0%| F|  |TAMS 0x0000000086a00000, 0x0000000086a00000| Untracked 
|  17|0x0000000086b00000, 0x0000000086b00000, 0x0000000086c00000|  0%| F|  |TAMS 0x0000000086b00000, 0x0000000086b00000| Untracked 
|  18|0x0000000086c00000, 0x0000000086c00000, 0x0000000086d00000|  0%| F|  |TAMS 0x0000000086c00000, 0x0000000086c00000| Untracked 
|  19|0x0000000086d00000, 0x0000000086d00000, 0x0000000086e00000|  0%| F|  |TAMS 0x0000000086d00000, 0x0000000086d00000| Untracked 
|  20|0x0000000086e00000, 0x0000000086e00000, 0x0000000086f00000|  0%| F|  |TAMS 0x0000000086e00000, 0x0000000086e00000| Untracked 
|  21|0x0000000086f00000, 0x0000000086f00000, 0x0000000087000000|  0%| F|  |TAMS 0x0000000086f00000, 0x0000000086f00000| Untracked 
|  22|0x0000000087000000, 0x0000000087000000, 0x0000000087100000|  0%| F|  |TAMS 0x0000000087000000, 0x0000000087000000| Untracked 
|  23|0x0000000087100000, 0x0000000087100000, 0x0000000087200000|  0%| F|  |TAMS 0x0000000087100000, 0x0000000087100000| Untracked 
|  24|0x0000000087200000, 0x0000000087200000, 0x0000000087300000|  0%| F|  |TAMS 0x0000000087200000, 0x0000000087200000| Untracked 
|  25|0x0000000087300000, 0x0000000087300000, 0x0000000087400000|  0%| F|  |TAMS 0x0000000087300000, 0x0000000087300000| Untracked 
|  26|0x0000000087400000, 0x0000000087400000, 0x0000000087500000|  0%| F|  |TAMS 0x0000000087400000, 0x0000000087400000| Untracked 
|  27|0x0000000087500000, 0x0000000087500000, 0x0000000087600000|  0%| F|  |TAMS 0x0000000087500000, 0x0000000087500000| Untracked 
|  28|0x0000000087600000, 0x0000000087600000, 0x0000000087700000|  0%| F|  |TAMS 0x0000000087600000, 0x0000000087600000| Untracked 
|  29|0x0000000087700000, 0x0000000087700000, 0x0000000087800000|  0%| F|  |TAMS 0x0000000087700000, 0x0000000087700000| Untracked 
|  30|0x0000000087800000, 0x0000000087800000, 0x0000000087900000|  0%| F|  |TAMS 0x0000000087800000, 0x0000000087800000| Untracked 
|  31|0x0000000087900000, 0x0000000087900000, 0x0000000087a00000|  0%| F|  |TAMS 0x0000000087900000, 0x0000000087900000| Untracked 
|  32|0x0000000087a00000, 0x0000000087a00000, 0x0000000087b00000|  0%| F|  |TAMS 0x0000000087a00000, 0x0000000087a00000| Untracked 
|  33|0x0000000087b00000, 0x0000000087b00000, 0x0000000087c00000|  0%| F|  |TAMS 0x0000000087b00000, 0x0000000087b00000| Untracked 
|  34|0x0000000087c00000, 0x0000000087c00000, 0x0000000087d00000|  0%| F|  |TAMS 0x0000000087c00000, 0x0000000087c00000| Untracked 
|  35|0x0000000087d00000, 0x0000000087d00000, 0x0000000087e00000|  0%| F|  |TAMS 0x0000000087d00000, 0x0000000087d00000| Untracked 
|  36|0x0000000087e00000, 0x0000000087e00000, 0x0000000087f00000|  0%| F|  |TAMS 0x0000000087e00000, 0x0000000087e00000| Untracked 
|  37|0x0000000087f00000, 0x0000000087f00000, 0x0000000088000000|  0%| F|  |TAMS 0x0000000087f00000, 0x0000000087f00000| Untracked 
|  38|0x0000000088000000, 0x0000000088000000, 0x0000000088100000|  0%| F|  |TAMS 0x0000000088000000, 0x0000000088000000| Untracked 
|  39|0x0000000088100000, 0x0000000088100000, 0x0000000088200000|  0%| F|  |TAMS 0x0000000088100000, 0x0000000088100000| Untracked 
|  40|0x0000000088200000, 0x0000000088200000, 0x0000000088300000|  0%| F|  |TAMS 0x0000000088200000, 0x0000000088200000| Untracked 
|  41|0x0000000088300000, 0x0000000088300000, 0x0000000088400000|  0%| F|  |TAMS 0x0000000088300000, 0x0000000088300000| Untracked 
|  42|0x0000000088400000, 0x0000000088400000, 0x0000000088500000|  0%| F|  |TAMS 0x0000000088400000, 0x0000000088400000| Untracked 
|  43|0x0000000088500000, 0x0000000088500000, 0x0000000088600000|  0%| F|  |TAMS 0x0000000088500000, 0x0000000088500000| Untracked 
|  44|0x0000000088600000, 0x0000000088600000, 0x0000000088700000|  0%| F|  |TAMS 0x0000000088600000, 0x0000000088600000| Untracked 
|  45|0x0000000088700000, 0x0000000088700000, 0x0000000088800000|  0%| F|  |TAMS 0x0000000088700000, 0x0000000088700000| Untracked 
|  46|0x0000000088800000, 0x0000000088800000, 0x0000000088900000|  0%| F|  |TAMS 0x0000000088800000, 0x0000000088800000| Untracked 
|  47|0x0000000088900000, 0x0000000088900000, 0x0000000088a00000|  0%| F|  |TAMS 0x0000000088900000, 0x0000000088900000| Untracked 
|  48|0x0000000088a00000, 0x0000000088a00000, 0x0000000088b00000|  0%| F|  |TAMS 0x0000000088a00000, 0x0000000088a00000| Untracked 
|  49|0x0000000088b00000, 0x0000000088b00000, 0x0000000088c00000|  0%| F|  |TAMS 0x0000000088b00000, 0x0000000088b00000| Untracked 
|  50|0x0000000088c00000, 0x0000000088c00000, 0x0000000088d00000|  0%| F|  |TAMS 0x0000000088c00000, 0x0000000088c00000| Untracked 
|  51|0x0000000088d00000, 0x0000000088d00000, 0x0000000088e00000|  0%| F|  |TAMS 0x0000000088d00000, 0x0000000088d00000| Untracked 
|  52|0x0000000088e00000, 0x0000000088e00000, 0x0000000088f00000|  0%| F|  |TAMS 0x0000000088e00000, 0x0000000088e00000| Untracked 
|  53|0x0000000088f00000, 0x0000000088f00000, 0x0000000089000000|  0%| F|  |TAMS 0x0000000088f00000, 0x0000000088f00000| Untracked 
|  54|0x0000000089000000, 0x0000000089000000, 0x0000000089100000|  0%| F|  |TAMS 0x0000000089000000, 0x0000000089000000| Untracked 
|  55|0x0000000089100000, 0x0000000089100000, 0x0000000089200000|  0%| F|  |TAMS 0x0000000089100000, 0x0000000089100000| Untracked 
|  56|0x0000000089200000, 0x0000000089200000, 0x0000000089300000|  0%| F|  |TAMS 0x0000000089200000, 0x0000000089200000| Untracked 
|  57|0x0000000089300000, 0x0000000089300000, 0x0000000089400000|  0%| F|  |TAMS 0x0000000089300000, 0x0000000089300000| Untracked 
|  58|0x0000000089400000, 0x0000000089400000, 0x0000000089500000|  0%| F|  |TAMS 0x0000000089400000, 0x0000000089400000| Untracked 
|  59|0x0000000089500000, 0x0000000089500000, 0x0000000089600000|  0%| F|  |TAMS 0x0000000089500000, 0x0000000089500000| Untracked 
|  60|0x0000000089600000, 0x0000000089600000, 0x0000000089700000|  0%| F|  |TAMS 0x0000000089600000, 0x0000000089600000| Untracked 
|  61|0x0000000089700000, 0x0000000089700000, 0x0000000089800000|  0%| F|  |TAMS 0x0000000089700000, 0x0000000089700000| Untracked 
|  62|0x0000000089800000, 0x0000000089800000, 0x0000000089900000|  0%| F|  |TAMS 0x0000000089800000, 0x0000000089800000| Untracked 
|  63|0x0000000089900000, 0x0000000089900000, 0x0000000089a00000|  0%| F|  |TAMS 0x0000000089900000, 0x0000000089900000| Untracked 
|  64|0x0000000089a00000, 0x0000000089a00000, 0x0000000089b00000|  0%| F|  |TAMS 0x0000000089a00000, 0x0000000089a00000| Untracked 
|  65|0x0000000089b00000, 0x0000000089b00000, 0x0000000089c00000|  0%| F|  |TAMS 0x0000000089b00000, 0x0000000089b00000| Untracked 
|  66|0x0000000089c00000, 0x0000000089c00000, 0x0000000089d00000|  0%| F|  |TAMS 0x0000000089c00000, 0x0000000089c00000| Untracked 
|  67|0x0000000089d00000, 0x0000000089d00000, 0x0000000089e00000|  0%| F|  |TAMS 0x0000000089d00000, 0x0000000089d00000| Untracked 
|  68|0x0000000089e00000, 0x0000000089e00000, 0x0000000089f00000|  0%| F|  |TAMS 0x0000000089e00000, 0x0000000089e00000| Untracked 
|  69|0x0000000089f00000, 0x0000000089f00000, 0x000000008a000000|  0%| F|  |TAMS 0x0000000089f00000, 0x0000000089f00000| Untracked 
|  70|0x000000008a000000, 0x000000008a000000, 0x000000008a100000|  0%| F|  |TAMS 0x000000008a000000, 0x000000008a000000| Untracked 
|  71|0x000000008a100000, 0x000000008a100000, 0x000000008a200000|  0%| F|  |TAMS 0x000000008a100000, 0x000000008a100000| Untracked 
|  72|0x000000008a200000, 0x000000008a200000, 0x000000008a300000|  0%| F|  |TAMS 0x000000008a200000, 0x000000008a200000| Untracked 
|  73|0x000000008a300000, 0x000000008a300000, 0x000000008a400000|  0%| F|  |TAMS 0x000000008a300000, 0x000000008a300000| Untracked 
|  74|0x000000008a400000, 0x000000008a400000, 0x000000008a500000|  0%| F|  |TAMS 0x000000008a400000, 0x000000008a400000| Untracked 
|  75|0x000000008a500000, 0x000000008a500000, 0x000000008a600000|  0%| F|  |TAMS 0x000000008a500000, 0x000000008a500000| Untracked 
|  76|0x000000008a600000, 0x000000008a600000, 0x000000008a700000|  0%| F|  |TAMS 0x000000008a600000, 0x000000008a600000| Untracked 
|  77|0x000000008a700000, 0x000000008a700000, 0x000000008a800000|  0%| F|  |TAMS 0x000000008a700000, 0x000000008a700000| Untracked 
|  78|0x000000008a800000, 0x000000008a800000, 0x000000008a900000|  0%| F|  |TAMS 0x000000008a800000, 0x000000008a800000| Untracked 
|  79|0x000000008a900000, 0x000000008a900000, 0x000000008aa00000|  0%| F|  |TAMS 0x000000008a900000, 0x000000008a900000| Untracked 
|  80|0x000000008aa00000, 0x000000008aa00000, 0x000000008ab00000|  0%| F|  |TAMS 0x000000008aa00000, 0x000000008aa00000| Untracked 
|  81|0x000000008ab00000, 0x000000008ab00000, 0x000000008ac00000|  0%| F|  |TAMS 0x000000008ab00000, 0x000000008ab00000| Untracked 
|  82|0x000000008ac00000, 0x000000008ac00000, 0x000000008ad00000|  0%| F|  |TAMS 0x000000008ac00000, 0x000000008ac00000| Untracked 
|  83|0x000000008ad00000, 0x000000008ad00000, 0x000000008ae00000|  0%| F|  |TAMS 0x000000008ad00000, 0x000000008ad00000| Untracked 
|  84|0x000000008ae00000, 0x000000008ae00000, 0x000000008af00000|  0%| F|  |TAMS 0x000000008ae00000, 0x000000008ae00000| Untracked 
|  85|0x000000008af00000, 0x000000008af00000, 0x000000008b000000|  0%| F|  |TAMS 0x000000008af00000, 0x000000008af00000| Untracked 
|  86|0x000000008b000000, 0x000000008b000000, 0x000000008b100000|  0%| F|  |TAMS 0x000000008b000000, 0x000000008b000000| Untracked 
|  87|0x000000008b100000, 0x000000008b100000, 0x000000008b200000|  0%| F|  |TAMS 0x000000008b100000, 0x000000008b100000| Untracked 
|  88|0x000000008b200000, 0x000000008b200000, 0x000000008b300000|  0%| F|  |TAMS 0x000000008b200000, 0x000000008b200000| Untracked 
|  89|0x000000008b300000, 0x000000008b300000, 0x000000008b400000|  0%| F|  |TAMS 0x000000008b300000, 0x000000008b300000| Untracked 
|  90|0x000000008b400000, 0x000000008b400000, 0x000000008b500000|  0%| F|  |TAMS 0x000000008b400000, 0x000000008b400000| Untracked 
|  91|0x000000008b500000, 0x000000008b500000, 0x000000008b600000|  0%| F|  |TAMS 0x000000008b500000, 0x000000008b500000| Untracked 
|  92|0x000000008b600000, 0x000000008b600000, 0x000000008b700000|  0%| F|  |TAMS 0x000000008b600000, 0x000000008b600000| Untracked 
|  93|0x000000008b700000, 0x000000008b700000, 0x000000008b800000|  0%| F|  |TAMS 0x000000008b700000, 0x000000008b700000| Untracked 
|  94|0x000000008b800000, 0x000000008b800000, 0x000000008b900000|  0%| F|  |TAMS 0x000000008b800000, 0x000000008b800000| Untracked 
|  95|0x000000008b900000, 0x000000008b900000, 0x000000008ba00000|  0%| F|  |TAMS 0x000000008b900000, 0x000000008b900000| Untracked 
|  96|0x000000008ba00000, 0x000000008ba00000, 0x000000008bb00000|  0%| F|  |TAMS 0x000000008ba00000, 0x000000008ba00000| Untracked 
|  97|0x000000008bb00000, 0x000000008bb00000, 0x000000008bc00000|  0%| F|  |TAMS 0x000000008bb00000, 0x000000008bb00000| Untracked 
|  98|0x000000008bc00000, 0x000000008bc00000, 0x000000008bd00000|  0%| F|  |TAMS 0x000000008bc00000, 0x000000008bc00000| Untracked 
|  99|0x000000008bd00000, 0x000000008bd00000, 0x000000008be00000|  0%| F|  |TAMS 0x000000008bd00000, 0x000000008bd00000| Untracked 
| 100|0x000000008be00000, 0x000000008be00000, 0x000000008bf00000|  0%| F|  |TAMS 0x000000008be00000, 0x000000008be00000| Untracked 
| 101|0x000000008bf00000, 0x000000008bf00000, 0x000000008c000000|  0%| F|  |TAMS 0x000000008bf00000, 0x000000008bf00000| Untracked 
| 102|0x000000008c000000, 0x000000008c000000, 0x000000008c100000|  0%| F|  |TAMS 0x000000008c000000, 0x000000008c000000| Untracked 
| 103|0x000000008c100000, 0x000000008c100000, 0x000000008c200000|  0%| F|  |TAMS 0x000000008c100000, 0x000000008c100000| Untracked 
| 104|0x000000008c200000, 0x000000008c200000, 0x000000008c300000|  0%| F|  |TAMS 0x000000008c200000, 0x000000008c200000| Untracked 
| 105|0x000000008c300000, 0x000000008c300000, 0x000000008c400000|  0%| F|  |TAMS 0x000000008c300000, 0x000000008c300000| Untracked 
| 106|0x000000008c400000, 0x000000008c400000, 0x000000008c500000|  0%| F|  |TAMS 0x000000008c400000, 0x000000008c400000| Untracked 
| 107|0x000000008c500000, 0x000000008c500000, 0x000000008c600000|  0%| F|  |TAMS 0x000000008c500000, 0x000000008c500000| Untracked 
| 108|0x000000008c600000, 0x000000008c600000, 0x000000008c700000|  0%| F|  |TAMS 0x000000008c600000, 0x000000008c600000| Untracked 
| 109|0x000000008c700000, 0x000000008c800000, 0x000000008c800000|100%| S|CS|TAMS 0x000000008c700000, 0x000000008c700000| Complete 
| 110|0x000000008c800000, 0x000000008c900000, 0x000000008c900000|100%| S|CS|TAMS 0x000000008c800000, 0x000000008c800000| Complete 
| 111|0x000000008c900000, 0x000000008c900000, 0x000000008ca00000|  0%| F|  |TAMS 0x000000008c900000, 0x000000008c900000| Untracked 
| 112|0x000000008ca00000, 0x000000008ca00000, 0x000000008cb00000|  0%| F|  |TAMS 0x000000008ca00000, 0x000000008ca00000| Untracked 
| 113|0x000000008cb00000, 0x000000008cb00000, 0x000000008cc00000|  0%| F|  |TAMS 0x000000008cb00000, 0x000000008cb00000| Untracked 
| 114|0x000000008cc00000, 0x000000008cc00000, 0x000000008cd00000|  0%| F|  |TAMS 0x000000008cc00000, 0x000000008cc00000| Untracked 
| 115|0x000000008cd00000, 0x000000008cd00000, 0x000000008ce00000|  0%| F|  |TAMS 0x000000008cd00000, 0x000000008cd00000| Untracked 
| 116|0x000000008ce00000, 0x000000008ce00000, 0x000000008cf00000|  0%| F|  |TAMS 0x000000008ce00000, 0x000000008ce00000| Untracked 
| 117|0x000000008cf00000, 0x000000008cf00000, 0x000000008d000000|  0%| F|  |TAMS 0x000000008cf00000, 0x000000008cf00000| Untracked 
| 118|0x000000008d000000, 0x000000008d000000, 0x000000008d100000|  0%| F|  |TAMS 0x000000008d000000, 0x000000008d000000| Untracked 
| 119|0x000000008d100000, 0x000000008d100000, 0x000000008d200000|  0%| F|  |TAMS 0x000000008d100000, 0x000000008d100000| Untracked 
| 120|0x000000008d200000, 0x000000008d2e0b20, 0x000000008d300000| 87%| E|  |TAMS 0x000000008d200000, 0x000000008d200000| Complete 
| 121|0x000000008d300000, 0x000000008d400000, 0x000000008d400000|100%| E|CS|TAMS 0x000000008d300000, 0x000000008d300000| Complete 
| 122|0x000000008d400000, 0x000000008d500000, 0x000000008d500000|100%| E|CS|TAMS 0x000000008d400000, 0x000000008d400000| Complete 
| 123|0x000000008d500000, 0x000000008d600000, 0x000000008d600000|100%| E|CS|TAMS 0x000000008d500000, 0x000000008d500000| Complete 
|1956|0x00000000ffe00000, 0x00000000ffe75000, 0x00000000fff00000| 45%|OA|  |TAMS 0x00000000ffe00000, 0x00000000ffe00000| Untracked 
|1957|0x00000000fff00000, 0x00000000fff76000, 0x0000000100000000| 46%|CA|  |TAMS 0x00000000fff00000, 0x00000000fff00000| Untracked 

Card table byte_map: [0x00007f03e1763000,0x00007f03e1b36000] _byte_map_base: 0x00007f03e1336000

Marking Bits (Prev, Next): (CMBitMap*) 0x00007f03dc0728f0, (CMBitMap*) 0x00007f03dc072930
 Prev Bits: [0x00007f03c346c000, 0x00007f03c5304000)
 Next Bits: [0x00007f03c15d4000, 0x00007f03c346c000)

Polling page: 0x00007f03e3fa5000

Metaspace:

Usage:
  Non-class:     11.89 MB used.
      Class:      1.41 MB used.
       Both:     13.30 MB used.

Virtual space:
  Non-class space:       64.00 MB reserved,      12.00 MB ( 19%) committed,  1 nodes.
      Class space:        1.00 GB reserved,       1.56 MB ( <1%) committed,  1 nodes.
             Both:        1.06 GB reserved,      13.56 MB (  1%) committed. 

Chunk freelists:
   Non-Class:  3.86 MB
       Class:  2.48 MB
        Both:  6.34 MB

MaxMetaspaceSize: unlimited
CompressedClassSpaceSize: 1.00 GB
Initial GC threshold: 21.00 MB
Current GC threshold: 21.00 MB
CDS: on
MetaspaceReclaimPolicy: balanced
 - commit_granule_bytes: 65536.
 - commit_granule_words: 8192.
 - virtual_space_node_default_size: 8388608.
 - enlarge_chunks_in_place: 1.
 - new_chunks_are_fully_committed: 0.
 - uncommit_free_chunks: 1.
 - use_allocation_guard: 0.


Internal statistics:

num_allocs_failed_limit: 0.
num_arena_births: 152.
num_arena_deaths: 0.
num_vsnodes_births: 2.
num_vsnodes_deaths: 0.
num_space_committed: 218.
num_space_uncommitted: 0.
num_chunks_returned_to_freelist: 0.
num_chunks_taken_from_freelist: 318.
num_chunk_merges: 0.
num_chunk_splits: 205.
num_chunks_enlarged: 132.
num_inconsistent_stats: 0.

CodeHeap 'non-profiled nmethods': size=120032Kb used=420Kb max_used=420Kb free=119611Kb
 bounds [0x00007f03ccdcc000, 0x00007f03cd03c000, 0x00007f03d4304000]
CodeHeap 'profiled nmethods': size=120028Kb used=2388Kb max_used=2388Kb free=117639Kb
 bounds [0x00007f03c5895000, 0x00007f03c5b05000, 0x00007f03ccdcc000]
CodeHeap 'non-nmethods': size=5700Kb used=1322Kb max_used=1340Kb free=4377Kb
 bounds [0x00007f03c5304000, 0x00007f03c5574000, 0x00007f03c5895000]
 total_blobs=1934 nmethods=1283 adapters=565
 compilation: enabled
              stopped_count=0, restarted_count=0
 full_count=0

Compilation events (20 events):
Event: 1.489 Thread 0x00007f03dc0f8960 nmethod 1208 0x00007f03cce32590 code [0x00007f03cce32700, 0x00007f03cce32778]
Event: 1.489 Thread 0x00007f03dc0f8960 1189       4       sun.security.provider.SHA5::lf_S (11 bytes)
Event: 1.489 Thread 0x00007f03dc0f8960 nmethod 1189 0x00007f03cce32890 code [0x00007f03cce32a00, 0x00007f03cce32a58]
Event: 1.489 Thread 0x00007f03dc0f8960 1100       4       java.util.HashSet::add (20 bytes)
Event: 1.489 Thread 0x00007f03dc0f8960 nmethod 1100 0x00007f03cce32b90 code [0x00007f03cce32d20, 0x00007f03cce32de8]
Event: 1.489 Thread 0x00007f03dc0f8960 1099       4       java.util.HashMap$KeyIterator::next (8 bytes)
Event: 1.496 Thread 0x00007f03dc0f8960 nmethod 1099 0x00007f03cce32f10 code [0x00007f03cce330a0, 0x00007f03cce334b8]
Event: 1.496 Thread 0x00007f03dc0f8960 1240       4       java.lang.Long::reverseBytes (46 bytes)
Event: 1.497 Thread 0x00007f03dc0f8960 nmethod 1240 0x00007f03cce33610 code [0x00007f03cce33780, 0x00007f03cce33838]
Event: 1.511 Thread 0x00007f03dc0f9e80 1274       3       java.nio.ByteBuffer::<init> (47 bytes)
Event: 1.511 Thread 0x00007f03dc0f9e80 nmethod 1274 0x00007f03c5ad4a90 code [0x00007f03c5ad4c40, 0x00007f03c5ad4e60]
Event: 1.511 Thread 0x00007f03dc0f9e80 1276       3       jdk.internal.misc.Unsafe::putLongUnaligned (157 bytes)
Event: 1.512 Thread 0x00007f03dc0f9e80 nmethod 1276 0x00007f03c5ad4f90 code [0x00007f03c5ad5180, 0x00007f03c5ad5740]
Event: 1.512 Thread 0x00007f03dc0f9e80 1275       3       com.sun.crypto.provider.CounterMode::increment (28 bytes)
Event: 1.512 Thread 0x00007f03dc0f9e80 nmethod 1275 0x00007f03c5ad5810 code [0x00007f03c5ad59c0, 0x00007f03c5ad5bb0]
Event: 1.512 Thread 0x00007f03dc0f9e80 1277       3       java.net.URLStreamHandler::parseURL (1124 bytes)
Event: 1.515 Thread 0x00007f03dc0f8960 1280       4       java.lang.AbstractStringBuilder::newCapacity (59 bytes)
Event: 1.516 Thread 0x00007f03dc0f8960 nmethod 1280 0x00007f03cce33910 code [0x00007f03cce33aa0, 0x00007f03cce33b98]
Event: 1.534 Thread 0x00007f03dc0f8960 1286       4       java.util.HashMap::get (19 bytes)
Event: 1.539 Thread 0x00007f03dc0f8960 nmethod 1286 0x00007f03cce33c90 code [0x00007f03cce33e40, 0x00007f03cce34158]

GC Heap History (2 events):
Event: 1.138 GC heap before
{Heap before GC invocations=0 (full 0):
 garbage-first heap   total 129024K, used 13228K [0x0000000085a00000, 0x0000000100000000)
  region size 1024K, 13 young (13312K), 0 survivors (0K)
 Metaspace       used 9728K, committed 9920K, reserved 1114112K
  class space    used 1003K, committed 1088K, reserved 1048576K
}
Event: 1.145 GC heap after
{Heap after GC invocations=1 (full 0):
 garbage-first heap   total 129024K, used 4480K [0x0000000085a00000, 0x0000000100000000)
  region size 1024K, 2 young (2048K), 2 survivors (2048K)
 Metaspace       used 9728K, committed 9920K, reserved 1114112K
  class space    used 1003K, committed 1088K, reserved 1048576K
}

Deoptimization events (20 events):
Event: 1.341 Thread 0x00007f03dc013520 DEOPT PACKING pc=0x00007f03cce27594 sp=0x00007f03e2620080
Event: 1.341 Thread 0x00007f03dc013520 DEOPT UNPACKING pc=0x00007f03c5356099 sp=0x00007f03e2620008 mode 2
Event: 1.342 Thread 0x00007f03dc013520 Uncommon trap: trap_request=0xffffffbe fr.pc=0x00007f03cce27594 relative=0x00000000000002d4
Event: 1.342 Thread 0x00007f03dc013520 Uncommon trap: reason=profile_predicate action=maybe_recompile pc=0x00007f03cce27594 method=java.util.regex.Pattern$SliceI.match(Ljava/util/regex/Matcher;ILjava/lang/CharSequence;)Z @ 18 c2
Event: 1.342 Thread 0x00007f03dc013520 DEOPT PACKING pc=0x00007f03cce27594 sp=0x00007f03e2620080
Event: 1.342 Thread 0x00007f03dc013520 DEOPT UNPACKING pc=0x00007f03c5356099 sp=0x00007f03e2620008 mode 2
Event: 1.372 Thread 0x00007f03dc013520 Uncommon trap: trap_request=0xffffffbe fr.pc=0x00007f03cce2aacc relative=0x0000000000000b8c
Event: 1.372 Thread 0x00007f03dc013520 Uncommon trap: reason=profile_predicate action=maybe_recompile pc=0x00007f03cce2aacc method=java.util.regex.Pattern$SliceI.match(Ljava/util/regex/Matcher;ILjava/lang/CharSequence;)Z @ 18 c2
Event: 1.372 Thread 0x00007f03dc013520 DEOPT PACKING pc=0x00007f03cce2aacc sp=0x00007f03e2620210
Event: 1.372 Thread 0x00007f03dc013520 DEOPT UNPACKING pc=0x00007f03c5356099 sp=0x00007f03e2620178 mode 2
Event: 1.429 Thread 0x00007f03dc013520 Uncommon trap: trap_request=0xffffffde fr.pc=0x00007f03cce1e664 relative=0x0000000000000ba4
Event: 1.429 Thread 0x00007f03dc013520 Uncommon trap: reason=class_check action=maybe_recompile pc=0x00007f03cce1e664 method=java.util.HashMap.putVal(ILjava/lang/Object;Ljava/lang/Object;ZZ)Ljava/lang/Object; @ 253 c2
Event: 1.429 Thread 0x00007f03dc013520 DEOPT PACKING pc=0x00007f03cce1e664 sp=0x00007f03e26206c0
Event: 1.430 Thread 0x00007f03dc013520 DEOPT UNPACKING pc=0x00007f03c5356099 sp=0x00007f03e26205f8 mode 2
Event: 1.431 Thread 0x00007f03dc013520 Uncommon trap: trap_request=0xffffffde fr.pc=0x00007f03cce1e664 relative=0x0000000000000ba4
Event: 1.431 Thread 0x00007f03dc013520 Uncommon trap: reason=class_check action=maybe_recompile pc=0x00007f03cce1e664 method=java.util.HashMap.putVal(ILjava/lang/Object;Ljava/lang/Object;ZZ)Ljava/lang/Object; @ 253 c2
Event: 1.431 Thread 0x00007f03dc013520 DEOPT PACKING pc=0x00007f03cce1e664 sp=0x00007f03e26206c0
Event: 1.431 Thread 0x00007f03dc013520 DEOPT UNPACKING pc=0x00007f03c5356099 sp=0x00007f03e26205f8 mode 2
Event: 1.440 Thread 0x00007f03dc013520 DEOPT PACKING pc=0x00007f03c5abc1a8 sp=0x00007f03e2620710
Event: 1.440 Thread 0x00007f03dc013520 DEOPT UNPACKING pc=0x00007f03c535682f sp=0x00007f03e261fb70 mode 0

Classes loaded (20 events):
Event: 1.530 Loading class com/mysql/cj/exceptions/DataReadException
Event: 1.530 Loading class com/mysql/cj/exceptions/DataReadException done
Event: 1.532 Loading class com/mysql/cj/result/DefaultColumnDefinition$1
Event: 1.532 Loading class com/mysql/cj/result/DefaultColumnDefinition$1 done
Event: 1.532 Loading class com/mysql/cj/protocol/a/result/ByteArrayRow
Event: 1.532 Loading class com/mysql/cj/protocol/a/result/ByteArrayRow done
Event: 1.532 Loading class com/mysql/cj/protocol/result/AbstractResultsetRow
Event: 1.532 Loading class com/mysql/cj/protocol/result/AbstractResultsetRow done
Event: 1.534 Loading class com/mysql/cj/protocol/a/result/ResultsetRowsStatic
Event: 1.534 Loading class com/mysql/cj/protocol/a/result/ResultsetRowsStatic done
Event: 1.540 Loading class com/mysql/cj/protocol/a/result/AbstractResultsetRows
Event: 1.540 Loading class com/mysql/cj/protocol/a/result/AbstractResultsetRows done
Event: 1.541 Loading class com/mysql/cj/result/StringValueFactory
Event: 1.541 Loading class com/mysql/cj/result/StringValueFactory done
Event: 1.542 Loading class com/mysql/cj/protocol/InternalDate
Event: 1.542 Loading class com/mysql/cj/protocol/InternalDate done
Event: 1.542 Loading class com/mysql/cj/protocol/InternalTimestamp
Event: 1.542 Loading class com/mysql/cj/protocol/InternalTimestamp done
Event: 1.546 Loading class com/mysql/cj/LicenseConfiguration
Event: 1.546 Loading class com/mysql/cj/LicenseConfiguration done

Classes unloaded (0 events):
No events

Classes redefined (0 events):
No events

Internal exceptions (14 events):
Event: 0.233 Thread 0x00007f03dc013520 Exception <a 'java/lang/ClassNotFoundException'{0x000000008d562fb8}: sun/awt/resources/spi/awtProvider> (0x000000008d562fb8) 
thrown [./src/hotspot/share/classfile/systemDictionary.cpp, line 255]
Event: 0.290 Thread 0x00007f03dc013520 Exception <a 'java/io/FileNotFoundException'{0x000000008d4064f8}> (0x000000008d4064f8) 
thrown [./src/hotspot/share/prims/jni.cpp, line 516]
Event: 0.399 Thread 0x00007f03dc013520 Exception <a 'java/lang/NoSuchMethodError'{0x000000008d4a1de8}: 'java.lang.Object java.lang.invoke.DirectMethodHandle$Holder.invokeStaticInit(java.lang.Object)'> (0x000000008d4a1de8) 
thrown [./src/hotspot/share/interpreter/linkResolver.cpp, line 765]
Event: 0.460 Thread 0x00007f03dc013520 Exception <a 'java/lang/NoSuchMethodError'{0x000000008d4f58d8}: 'void java.lang.invoke.DirectMethodHandle$Holder.invokeSpecial(java.lang.Object, java.lang.Object, java.lang.Object)'> (0x000000008d4f58d8) 
thrown [./src/hotspot/share/interpreter/linkResolver.cpp, line 765]
Event: 0.493 Thread 0x00007f03dc013520 Exception <a 'java/lang/NoSuchMethodError'{0x000000008d323f90}: 'java.lang.Object java.lang.invoke.DirectMethodHandle$Holder.newInvokeSpecial(java.lang.Object, java.lang.Object, java.lang.Object, java.lang.Object, java.lang.Object)'> (0x000000008d323f90) 
thrown [./src/hotspot/share/interpreter/linkResolver.cpp, line 765]
Event: 0.509 Thread 0x00007f03dc013520 Exception <a 'java/lang/NoSuchMethodError'{0x000000008d355cb0}: 'java.lang.Object java.lang.invoke.DirectMethodHandle$Holder.invokeStatic(java.lang.Object, int, java.lang.Object)'> (0x000000008d355cb0) 
thrown [./src/hotspot/share/interpreter/linkResolver.cpp, line 765]
Event: 0.561 Thread 0x00007f03dc013520 Exception <a 'java/lang/NoSuchMethodError'{0x000000008d20cfb0}: 'void java.lang.invoke.DirectMethodHandle$Holder.invokeStatic(java.lang.Object, java.lang.Object)'> (0x000000008d20cfb0) 
thrown [./src/hotspot/share/interpreter/linkResolver.cpp, line 765]
Event: 0.584 Thread 0x00007f03dc013520 Exception <a 'java/lang/ClassNotFoundException'{0x000000008d243418}: com/sun/swing/internal/plaf/metal/resources/spi/metalProvider> (0x000000008d243418) 
thrown [./src/hotspot/share/classfile/systemDictionary.cpp, line 255]
Event: 0.585 Thread 0x00007f03dc013520 Exception <a 'java/lang/ClassNotFoundException'{0x000000008d247450}: com/sun/swing/internal/plaf/basic/resources/spi/basicProvider> (0x000000008d247450) 
thrown [./src/hotspot/share/classfile/systemDictionary.cpp, line 255]
Event: 0.594 Thread 0x00007f03dc013520 Exception <a 'java/lang/NoSuchMethodError'{0x000000008d267030}: 'int java.lang.invoke.Invokers$Holder.invokeExact_MT(java.lang.Object, java.lang.Object)'> (0x000000008d267030) 
thrown [./src/hotspot/share/interpreter/linkResolver.cpp, line 765]
Event: 0.645 Thread 0x00007f03dc013520 Exception <a 'java/lang/NoSuchMethodError'{0x000000008d1864e0}: 'java.lang.Object java.lang.invoke.DirectMethodHandle$Holder.invokeInterface(java.lang.Object, java.lang.Object)'> (0x000000008d1864e0) 
thrown [./src/hotspot/share/interpreter/linkResolver.cpp, line 765]
Event: 0.705 Thread 0x00007f03dc013520 Exception <a 'java/lang/NoSuchMethodError'{0x000000008d001870}: 'void java.lang.invoke.DirectMethodHandle$Holder.invokeStatic(java.lang.Object, java.lang.Object, java.lang.Object)'> (0x000000008d001870) 
thrown [./src/hotspot/share/interpreter/linkResolver.cpp, line 765]
Event: 0.710 Thread 0x00007f03dc013520 Exception <a 'java/lang/NoSuchMethodError'{0x000000008d00bab0}: 'java.lang.Object java.lang.invoke.DirectMethodHandle$Holder.invokeVirtual(java.lang.Object, java.lang.Object, java.lang.Object)'> (0x000000008d00bab0) 
thrown [./src/hotspot/share/interpreter/linkResolver.cpp, line 765]
Event: 1.004 Thread 0x00007f03dc013520 Exception <a 'java/lang/NoSuchMethodError'{0x000000008cba9598}: 'void java.lang.invoke.DirectMethodHandle$Holder.invokeStaticInit(java.lang.Object, java.lang.Object)'> (0x000000008cba9598) 
thrown [./src/hotspot/share/interpreter/linkResolver.cpp, line 765]

VM Operations (10 events):
Event: 0.363 Executing VM operation: HandshakeAllThreads
Event: 0.363 Executing VM operation: HandshakeAllThreads done
Event: 0.584 Executing VM operation: HandshakeAllThreads
Event: 0.584 Executing VM operation: HandshakeAllThreads done
Event: 0.596 Executing VM operation: HandshakeAllThreads
Event: 0.596 Executing VM operation: HandshakeAllThreads done
Event: 0.845 Executing VM operation: HandshakeAllThreads
Event: 0.845 Executing VM operation: HandshakeAllThreads done
Event: 1.138 Executing VM operation: G1CollectForAllocation
Event: 1.145 Executing VM operation: G1CollectForAllocation done

Events (20 events):
Event: 0.082 Thread 0x00007f03dc0fb2e0 Thread added: 0x00007f03dc0fb2e0
Event: 0.083 Protecting memory [0x00007f03c0f07000,0x00007f03c0f0b000] with protection modes 0
Event: 0.091 Thread 0x00007f03dc102b00 Thread added: 0x00007f03dc102b00
Event: 0.094 Protecting memory [0x00007f03c0e07000,0x00007f03c0e0b000] with protection modes 0
Event: 0.109 Thread 0x00007f03dc106270 Thread added: 0x00007f03dc106270
Event: 0.111 Protecting memory [0x00007f03c0c05000,0x00007f03c0c09000] with protection modes 0
Event: 0.123 Loaded shared library /usr/lib/jvm/java-18-openjdk-amd64/lib/libnio.so
Event: 0.127 Loaded shared library /usr/lib/jvm/java-18-openjdk-amd64/lib/libjimage.so
Event: 0.209 Loaded shared library /usr/lib/jvm/java-18-openjdk-amd64/lib/libzip.so
Event: 0.259 Loaded shared library /usr/lib/jvm/java-18-openjdk-amd64/lib/libawt.so
Event: 0.270 Loaded shared library /usr/lib/jvm/java-18-openjdk-amd64/lib/libawt_xawt.so
Event: 0.358 Loaded shared library /usr/lib/jvm/java-18-openjdk-amd64/lib/libfontmanager.so
Event: 0.404 Thread 0x00007f03dc211060 Thread added: 0x00007f03dc211060
Event: 0.405 Protecting memory [0x00007f03c03d7000,0x00007f03c03db000] with protection modes 0
Event: 0.438 Thread 0x00007f03dc234ac0 Thread added: 0x00007f03dc234ac0
Event: 0.439 Protecting memory [0x00007f03c02c3000,0x00007f03c02c7000] with protection modes 0
Event: 0.605 Thread 0x00007f03dc28c700 Thread added: 0x00007f03dc28c700
Event: 0.605 Protecting memory [0x00007f03c01c3000,0x00007f03c01c7000] with protection modes 0
Event: 0.844 Loaded shared library /usr/lib/jvm/java-18-openjdk-amd64/lib/libnet.so
Event: 0.854 Loaded shared library /usr/lib/jvm/java-18-openjdk-amd64/lib/libextnet.so


Dynamic libraries:
85a00000-8d600000 rw-p 00000000 00:00 0 
8d600000-ffe00000 ---p 00000000 00:00 0 
ffe00000-ffe75000 rw-p 00c60000 08:05 7735372                            /usr/lib/jvm/java-18-openjdk-amd64/lib/server/classes.jsa
ffe75000-fff00000 rw-p 00000000 00:00 0 
fff00000-fff76000 rw-p 00bea000 08:05 7735372                            /usr/lib/jvm/java-18-openjdk-amd64/lib/server/classes.jsa
fff76000-100000000 rw-p 00000000 00:00 0 
800000000-80044a000 rw-p 00001000 08:05 7735372                          /usr/lib/jvm/java-18-openjdk-amd64/lib/server/classes.jsa
80044a000-800bb2000 r--p 0044b000 08:05 7735372                          /usr/lib/jvm/java-18-openjdk-amd64/lib/server/classes.jsa
800bb2000-800c00000 ---p 00000000 00:00 0 
800c00000-800c20000 rw-p 00000000 00:00 0 
800c20000-800c40000 rw-p 00000000 00:00 0 
800c40000-800cc0000 rw-p 00000000 00:00 0 
800cc0000-800d40000 rw-p 00000000 00:00 0 
800d40000-800d60000 rw-p 00000000 00:00 0 
800d60000-800d90000 rw-p 00000000 00:00 0 
800d90000-840c00000 ---p 00000000 00:00 0 
5573a7630000-5573a7631000 r--p 00000000 08:05 7477209                    /usr/lib/jvm/java-18-openjdk-amd64/bin/java
5573a7631000-5573a7632000 r-xp 00001000 08:05 7477209                    /usr/lib/jvm/java-18-openjdk-amd64/bin/java
5573a7632000-5573a7633000 r--p 00002000 08:05 7477209                    /usr/lib/jvm/java-18-openjdk-amd64/bin/java
5573a7633000-5573a7634000 r--p 00002000 08:05 7477209                    /usr/lib/jvm/java-18-openjdk-amd64/bin/java
5573a7634000-5573a7635000 rw-p 00003000 08:05 7477209                    /usr/lib/jvm/java-18-openjdk-amd64/bin/java
5573a849c000-5573a8508000 rw-p 00000000 00:00 0                          [heap]
7f0358000000-7f0358021000 rw-p 00000000 00:00 0 
7f0358021000-7f035c000000 ---p 00000000 00:00 0 
7f035c000000-7f035c021000 rw-p 00000000 00:00 0 
7f035c021000-7f0360000000 ---p 00000000 00:00 0 
7f0360000000-7f0360021000 rw-p 00000000 00:00 0 
7f0360021000-7f0364000000 ---p 00000000 00:00 0 
7f0364000000-7f0364021000 rw-p 00000000 00:00 0 
7f0364021000-7f0368000000 ---p 00000000 00:00 0 
7f0368000000-7f0368021000 rw-p 00000000 00:00 0 
7f0368021000-7f036c000000 ---p 00000000 00:00 0 
7f036c000000-7f036c021000 rw-p 00000000 00:00 0 
7f036c021000-7f0370000000 ---p 00000000 00:00 0 
7f0370000000-7f0370021000 rw-p 00000000 00:00 0 
7f0370021000-7f0374000000 ---p 00000000 00:00 0 
7f0374000000-7f0374021000 rw-p 00000000 00:00 0 
7f0374021000-7f0378000000 ---p 00000000 00:00 0 
7f0378000000-7f0378021000 rw-p 00000000 00:00 0 
7f0378021000-7f037c000000 ---p 00000000 00:00 0 
7f037c000000-7f037c021000 rw-p 00000000 00:00 0 
7f037c021000-7f0380000000 ---p 00000000 00:00 0 
7f0380000000-7f038050e000 rw-p 00000000 00:00 0 
7f038050e000-7f0384000000 ---p 00000000 00:00 0 
7f0384000000-7f0384021000 rw-p 00000000 00:00 0 
7f0384021000-7f0388000000 ---p 00000000 00:00 0 
7f0388000000-7f0388021000 rw-p 00000000 00:00 0 
7f0388021000-7f038c000000 ---p 00000000 00:00 0 
7f038c000000-7f038c3db000 rw-p 00000000 00:00 0 
7f038c3db000-7f0390000000 ---p 00000000 00:00 0 
7f0390000000-7f0390021000 rw-p 00000000 00:00 0 
7f0390021000-7f0394000000 ---p 00000000 00:00 0 
7f0394000000-7f0394021000 rw-p 00000000 00:00 0 
7f0394021000-7f0398000000 ---p 00000000 00:00 0 
7f0398000000-7f0398021000 rw-p 00000000 00:00 0 
7f0398021000-7f039c000000 ---p 00000000 00:00 0 
7f039c000000-7f039c021000 rw-p 00000000 00:00 0 
7f039c021000-7f03a0000000 ---p 00000000 00:00 0 
7f03a0000000-7f03a0021000 rw-p 00000000 00:00 0 
7f03a0021000-7f03a4000000 ---p 00000000 00:00 0 
7f03a4000000-7f03a4021000 rw-p 00000000 00:00 0 
7f03a4021000-7f03a8000000 ---p 00000000 00:00 0 
7f03a8000000-7f03a8400000 rw-p 00000000 00:00 0 
7f03a8400000-7f03a8500000 rw-p 00000000 00:00 0 
7f03a8500000-7f03a8600000 rw-p 00000000 00:00 0 
7f03a8600000-7f03a8700000 rw-p 00000000 00:00 0 
7f03a8700000-7f03a8800000 rw-p 00000000 00:00 0 
7f03a8800000-7f03a8880000 rw-p 00000000 00:00 0 
7f03a8880000-7f03a8900000 rw-p 00000000 00:00 0 
7f03a8900000-7f03a8b00000 rw-p 00000000 00:00 0 
7f03a8b00000-7f03a8b40000 rw-p 00000000 00:00 0 
7f03a8b40000-7f03a8b80000 rw-p 00000000 00:00 0 
7f03a8b80000-7f03a8c30000 rw-p 00000000 00:00 0 
7f03a8c30000-7f03ac000000 ---p 00000000 00:00 0 
7f03ac000000-7f03ac021000 rw-p 00000000 00:00 0 
7f03ac021000-7f03b0000000 ---p 00000000 00:00 0 
7f03b1cfa000-7f03b1cfb000 ---p 00000000 00:00 0 
7f03b1cfb000-7f03b1dfc000 rw-p 00000000 00:00 0 
7f03b1dfc000-7f03b1dfd000 ---p 00000000 00:00 0 
7f03b1dfd000-7f03b1efe000 rw-p 00000000 00:00 0 
7f03b1efe000-7f03b1eff000 ---p 00000000 00:00 0 
7f03b1eff000-7f03b4000000 rw-p 00000000 00:00 0 
7f03b4000000-7f03b4021000 rw-p 00000000 00:00 0 
7f03b4021000-7f03b8000000 ---p 00000000 00:00 0 
7f03b8000000-7f03b8021000 rw-p 00000000 00:00 0 
7f03b8021000-7f03bc000000 ---p 00000000 00:00 0 
7f03bc000000-7f03bc021000 rw-p 00000000 00:00 0 
7f03bc021000-7f03c0000000 ---p 00000000 00:00 0 
7f03c00c1000-7f03c00c2000 ---p 00000000 00:00 0 
7f03c00c2000-7f03c01c3000 rw-p 00000000 00:00 0 
7f03c01c3000-7f03c01c7000 ---p 00000000 00:00 0 
7f03c01c7000-7f03c02c3000 rw-p 00000000 00:00 0 
7f03c02c3000-7f03c02c7000 ---p 00000000 00:00 0 
7f03c02c7000-7f03c03c3000 rw-p 00000000 00:00 0 
7f03c03c3000-7f03c03c5000 r--p 00000000 08:05 6555669                    /usr/lib/x86_64-linux-gnu/libXfixes.so.3.1.0
7f03c03c5000-7f03c03c8000 r-xp 00002000 08:05 6555669                    /usr/lib/x86_64-linux-gnu/libXfixes.so.3.1.0
7f03c03c8000-7f03c03c9000 r--p 00005000 08:05 6555669                    /usr/lib/x86_64-linux-gnu/libXfixes.so.3.1.0
7f03c03c9000-7f03c03ca000 r--p 00006000 08:05 6555669                    /usr/lib/x86_64-linux-gnu/libXfixes.so.3.1.0
7f03c03ca000-7f03c03cb000 rw-p 00007000 08:05 6555669                    /usr/lib/x86_64-linux-gnu/libXfixes.so.3.1.0
7f03c03cb000-7f03c03cd000 r--p 00000000 08:05 6555671                    /usr/lib/x86_64-linux-gnu/libXcursor.so.1.0.2
7f03c03cd000-7f03c03d3000 r-xp 00002000 08:05 6555671                    /usr/lib/x86_64-linux-gnu/libXcursor.so.1.0.2
7f03c03d3000-7f03c03d5000 r--p 00008000 08:05 6555671                    /usr/lib/x86_64-linux-gnu/libXcursor.so.1.0.2
7f03c03d5000-7f03c03d6000 r--p 00009000 08:05 6555671                    /usr/lib/x86_64-linux-gnu/libXcursor.so.1.0.2
7f03c03d6000-7f03c03d7000 rw-p 0000a000 08:05 6555671                    /usr/lib/x86_64-linux-gnu/libXcursor.so.1.0.2
7f03c03d7000-7f03c03db000 ---p 00000000 00:00 0 
7f03c03db000-7f03c04d7000 rw-p 00000000 00:00 0 
7f03c04d7000-7f03c04d8000 r--p 00000000 08:05 6558180                    /usr/lib/x86_64-linux-gnu/libbrotlicommon.so.1.0.9
7f03c04d8000-7f03c04d9000 r-xp 00001000 08:05 6558180                    /usr/lib/x86_64-linux-gnu/libbrotlicommon.so.1.0.9
7f03c04d9000-7f03c04f8000 r--p 00002000 08:05 6558180                    /usr/lib/x86_64-linux-gnu/libbrotlicommon.so.1.0.9
7f03c04f8000-7f03c04f9000 r--p 00020000 08:05 6558180                    /usr/lib/x86_64-linux-gnu/libbrotlicommon.so.1.0.9
7f03c04f9000-7f03c04fa000 rw-p 00021000 08:05 6558180                    /usr/lib/x86_64-linux-gnu/libbrotlicommon.so.1.0.9
7f03c04fa000-7f03c04fc000 r--p 00000000 08:05 6558955                    /usr/lib/x86_64-linux-gnu/libpcre.so.3.13.3
7f03c04fc000-7f03c0551000 r-xp 00002000 08:05 6558955                    /usr/lib/x86_64-linux-gnu/libpcre.so.3.13.3
7f03c0551000-7f03c056e000 r--p 00057000 08:05 6558955                    /usr/lib/x86_64-linux-gnu/libpcre.so.3.13.3
7f03c056e000-7f03c056f000 r--p 00073000 08:05 6558955                    /usr/lib/x86_64-linux-gnu/libpcre.so.3.13.3
7f03c056f000-7f03c0570000 rw-p 00074000 08:05 6558955                    /usr/lib/x86_64-linux-gnu/libpcre.so.3.13.3
7f03c0570000-7f03c0571000 r--p 00000000 08:05 6558183                    /usr/lib/x86_64-linux-gnu/libbrotlidec.so.1.0.9
7f03c0571000-7f03c0579000 r-xp 00001000 08:05 6558183                    /usr/lib/x86_64-linux-gnu/libbrotlidec.so.1.0.9
7f03c0579000-7f03c057c000 r--p 00009000 08:05 6558183                    /usr/lib/x86_64-linux-gnu/libbrotlidec.so.1.0.9
7f03c057c000-7f03c057d000 r--p 0000b000 08:05 6558183                    /usr/lib/x86_64-linux-gnu/libbrotlidec.so.1.0.9
7f03c057d000-7f03c057e000 rw-p 0000c000 08:05 6558183                    /usr/lib/x86_64-linux-gnu/libbrotlidec.so.1.0.9
7f03c057e000-7f03c0583000 r--p 00000000 08:05 6558189                    /usr/lib/x86_64-linux-gnu/libpng16.so.16.37.0
7f03c0583000-7f03c05ac000 r-xp 00005000 08:05 6558189                    /usr/lib/x86_64-linux-gnu/libpng16.so.16.37.0
7f03c05ac000-7f03c05b7000 r--p 0002e000 08:05 6558189                    /usr/lib/x86_64-linux-gnu/libpng16.so.16.37.0
7f03c05b7000-7f03c05b8000 r--p 00038000 08:05 6558189                    /usr/lib/x86_64-linux-gnu/libpng16.so.16.37.0
7f03c05b8000-7f03c05b9000 rw-p 00039000 08:05 6558189                    /usr/lib/x86_64-linux-gnu/libpng16.so.16.37.0
7f03c05b9000-7f03c05bc000 r--p 00000000 08:05 6558249                    /usr/lib/x86_64-linux-gnu/libgraphite2.so.3.2.1
7f03c05bc000-7f03c05d9000 r-xp 00003000 08:05 6558249                    /usr/lib/x86_64-linux-gnu/libgraphite2.so.3.2.1
7f03c05d9000-7f03c05dd000 r--p 00020000 08:05 6558249                    /usr/lib/x86_64-linux-gnu/libgraphite2.so.3.2.1
7f03c05dd000-7f03c05df000 r--p 00023000 08:05 6558249                    /usr/lib/x86_64-linux-gnu/libgraphite2.so.3.2.1
7f03c05df000-7f03c05e0000 rw-p 00025000 08:05 6558249                    /usr/lib/x86_64-linux-gnu/libgraphite2.so.3.2.1
7f03c05e0000-7f03c05fd000 r--p 00000000 08:05 6553975                    /usr/lib/x86_64-linux-gnu/libglib-2.0.so.0.7200.1
7f03c05fd000-7f03c068c000 r-xp 0001d000 08:05 6553975                    /usr/lib/x86_64-linux-gnu/libglib-2.0.so.0.7200.1
7f03c068c000-7f03c0716000 r--p 000ac000 08:05 6553975                    /usr/lib/x86_64-linux-gnu/libglib-2.0.so.0.7200.1
7f03c0716000-7f03c0717000 ---p 00136000 08:05 6553975                    /usr/lib/x86_64-linux-gnu/libglib-2.0.so.0.7200.1
7f03c0717000-7f03c0718000 r--p 00136000 08:05 6553975                    /usr/lib/x86_64-linux-gnu/libglib-2.0.so.0.7200.1
7f03c0718000-7f03c0719000 rw-p 00137000 08:05 6553975                    /usr/lib/x86_64-linux-gnu/libglib-2.0.so.0.7200.1
7f03c0719000-7f03c071a000 rw-p 00000000 00:00 0 
7f03c071a000-7f03c0727000 r--p 00000000 08:05 6558197                    /usr/lib/x86_64-linux-gnu/libfreetype.so.6.18.1
7f03c0727000-7f03c07b0000 r-xp 0000d000 08:05 6558197                    /usr/lib/x86_64-linux-gnu/libfreetype.so.6.18.1
7f03c07b0000-7f03c07d9000 r--p 00096000 08:05 6558197                    /usr/lib/x86_64-linux-gnu/libfreetype.so.6.18.1
7f03c07d9000-7f03c07da000 ---p 000bf000 08:05 6558197                    /usr/lib/x86_64-linux-gnu/libfreetype.so.6.18.1
7f03c07da000-7f03c07e1000 r--p 000bf000 08:05 6558197                    /usr/lib/x86_64-linux-gnu/libfreetype.so.6.18.1
7f03c07e1000-7f03c07e2000 rw-p 000c6000 08:05 6558197                    /usr/lib/x86_64-linux-gnu/libfreetype.so.6.18.1
7f03c07e2000-7f03c07eb000 r--p 00000000 08:05 6558251                    /usr/lib/x86_64-linux-gnu/libharfbuzz.so.0.20704.0
7f03c07eb000-7f03c087c000 r-xp 00009000 08:05 6558251                    /usr/lib/x86_64-linux-gnu/libharfbuzz.so.0.20704.0
7f03c087c000-7f03c08ae000 r--p 0009a000 08:05 6558251                    /usr/lib/x86_64-linux-gnu/libharfbuzz.so.0.20704.0
7f03c08ae000-7f03c08af000 ---p 000cc000 08:05 6558251                    /usr/lib/x86_64-linux-gnu/libharfbuzz.so.0.20704.0
7f03c08af000-7f03c08b0000 r--p 000cc000 08:05 6558251                    /usr/lib/x86_64-linux-gnu/libharfbuzz.so.0.20704.0
7f03c08b0000-7f03c08b1000 rw-p 000cd000 08:05 6558251                    /usr/lib/x86_64-linux-gnu/libharfbuzz.so.0.20704.0
7f03c08b7000-7f03c08be000 r--s 00000000 08:05 7215957                    /usr/lib/x86_64-linux-gnu/gconv/gconv-modules.cache
7f03c08be000-7f03c08bf000 r--p 00000000 08:05 7735144                    /usr/lib/jvm/java-18-openjdk-amd64/lib/libextnet.so
7f03c08bf000-7f03c08c0000 r-xp 00001000 08:05 7735144                    /usr/lib/jvm/java-18-openjdk-amd64/lib/libextnet.so
7f03c08c0000-7f03c08c1000 r--p 00002000 08:05 7735144                    /usr/lib/jvm/java-18-openjdk-amd64/lib/libextnet.so
7f03c08c1000-7f03c08c2000 r--p 00002000 08:05 7735144                    /usr/lib/jvm/java-18-openjdk-amd64/lib/libextnet.so
7f03c08c2000-7f03c08c3000 rw-p 00003000 08:05 7735144                    /usr/lib/jvm/java-18-openjdk-amd64/lib/libextnet.so
7f03c08c3000-7f03c08c5000 r--p 00000000 08:05 6557030                    /usr/lib/x86_64-linux-gnu/libmd.so.0.0.5
7f03c08c5000-7f03c08cc000 r-xp 00002000 08:05 6557030                    /usr/lib/x86_64-linux-gnu/libmd.so.0.0.5
7f03c08cc000-7f03c08ce000 r--p 00009000 08:05 6557030                    /usr/lib/x86_64-linux-gnu/libmd.so.0.0.5
7f03c08ce000-7f03c08cf000 r--p 0000a000 08:05 6557030                    /usr/lib/x86_64-linux-gnu/libmd.so.0.0.5
7f03c08cf000-7f03c08d0000 rw-p 0000b000 08:05 6557030                    /usr/lib/x86_64-linux-gnu/libmd.so.0.0.5
7f03c08d0000-7f03c08d4000 r--p 00000000 08:05 6557032                    /usr/lib/x86_64-linux-gnu/libbsd.so.0.11.5
7f03c08d4000-7f03c08e1000 r-xp 00004000 08:05 6557032                    /usr/lib/x86_64-linux-gnu/libbsd.so.0.11.5
7f03c08e1000-7f03c08e4000 r--p 00011000 08:05 6557032                    /usr/lib/x86_64-linux-gnu/libbsd.so.0.11.5
7f03c08e4000-7f03c08e5000 ---p 00014000 08:05 6557032                    /usr/lib/x86_64-linux-gnu/libbsd.so.0.11.5
7f03c08e5000-7f03c08e6000 r--p 00014000 08:05 6557032                    /usr/lib/x86_64-linux-gnu/libbsd.so.0.11.5
7f03c08e6000-7f03c08e7000 rw-p 00015000 08:05 6557032                    /usr/lib/x86_64-linux-gnu/libbsd.so.0.11.5
7f03c08e7000-7f03c08e8000 rw-p 00000000 00:00 0 
7f03c08e8000-7f03c08ea000 r--p 00000000 08:05 6557034                    /usr/lib/x86_64-linux-gnu/libXdmcp.so.6.0.0
7f03c08ea000-7f03c08ec000 r-xp 00002000 08:05 6557034                    /usr/lib/x86_64-linux-gnu/libXdmcp.so.6.0.0
7f03c08ec000-7f03c08ee000 r--p 00004000 08:05 6557034                    /usr/lib/x86_64-linux-gnu/libXdmcp.so.6.0.0
7f03c08ee000-7f03c08ef000 r--p 00005000 08:05 6557034                    /usr/lib/x86_64-linux-gnu/libXdmcp.so.6.0.0
7f03c08ef000-7f03c08f0000 rw-p 00006000 08:05 6557034                    /usr/lib/x86_64-linux-gnu/libXdmcp.so.6.0.0
7f03c08f0000-7f03c08f1000 r--p 00000000 08:05 6557026                    /usr/lib/x86_64-linux-gnu/libXau.so.6.0.0
7f03c08f1000-7f03c08f3000 r-xp 00001000 08:05 6557026                    /usr/lib/x86_64-linux-gnu/libXau.so.6.0.0
7f03c08f3000-7f03c08f4000 r--p 00003000 08:05 6557026                    /usr/lib/x86_64-linux-gnu/libXau.so.6.0.0
7f03c08f4000-7f03c08f5000 r--p 00003000 08:05 6557026                    /usr/lib/x86_64-linux-gnu/libXau.so.6.0.0
7f03c08f5000-7f03c08f6000 rw-p 00004000 08:05 6557026                    /usr/lib/x86_64-linux-gnu/libXau.so.6.0.0
7f03c08f6000-7f03c0901000 r--p 00000000 08:05 6557036                    /usr/lib/x86_64-linux-gnu/libxcb.so.1.1.0
7f03c0901000-7f03c0915000 r-xp 0000b000 08:05 6557036                    /usr/lib/x86_64-linux-gnu/libxcb.so.1.1.0
7f03c0915000-7f03c091e000 r--p 0001f000 08:05 6557036                    /usr/lib/x86_64-linux-gnu/libxcb.so.1.1.0
7f03c091e000-7f03c091f000 r--p 00027000 08:05 6557036                    /usr/lib/x86_64-linux-gnu/libxcb.so.1.1.0
7f03c091f000-7f03c0920000 rw-p 00028000 08:05 6557036                    /usr/lib/x86_64-linux-gnu/libxcb.so.1.1.0
7f03c0920000-7f03c0923000 r--p 00000000 08:05 6555675                    /usr/lib/x86_64-linux-gnu/libXi.so.6.1.0
7f03c0923000-7f03c092f000 r-xp 00003000 08:05 6555675                    /usr/lib/x86_64-linux-gnu/libXi.so.6.1.0
7f03c092f000-7f03c0932000 r--p 0000f000 08:05 6555675                    /usr/lib/x86_64-linux-gnu/libXi.so.6.1.0
7f03c0932000-7f03c0933000 r--p 00011000 08:05 6555675                    /usr/lib/x86_64-linux-gnu/libXi.so.6.1.0
7f03c0933000-7f03c0934000 rw-p 00012000 08:05 6555675                    /usr/lib/x86_64-linux-gnu/libXi.so.6.1.0
7f03c0934000-7f03c0936000 r--p 00000000 08:05 6558654                    /usr/lib/x86_64-linux-gnu/libXtst.so.6.1.0
7f03c0936000-7f03c0939000 r-xp 00002000 08:05 6558654                    /usr/lib/x86_64-linux-gnu/libXtst.so.6.1.0
7f03c0939000-7f03c093a000 r--p 00005000 08:05 6558654                    /usr/lib/x86_64-linux-gnu/libXtst.so.6.1.0
7f03c093a000-7f03c093b000 r--p 00005000 08:05 6558654                    /usr/lib/x86_64-linux-gnu/libXtst.so.6.1.0
7f03c093b000-7f03c093c000 rw-p 00006000 08:05 6558654                    /usr/lib/x86_64-linux-gnu/libXtst.so.6.1.0
7f03c093c000-7f03c093e000 r--p 00000000 08:05 6558228                    /usr/lib/x86_64-linux-gnu/libXrender.so.1.3.0
7f03c093e000-7f03c0945000 r-xp 00002000 08:05 6558228                    /usr/lib/x86_64-linux-gnu/libXrender.so.1.3.0
7f03c0945000-7f03c0947000 r--p 00009000 08:05 6558228                    /usr/lib/x86_64-linux-gnu/libXrender.so.1.3.0
7f03c0947000-7f03c0948000 r--p 0000a000 08:05 6558228                    /usr/lib/x86_64-linux-gnu/libXrender.so.1.3.0
7f03c0948000-7f03c0949000 rw-p 0000b000 08:05 6558228                    /usr/lib/x86_64-linux-gnu/libXrender.so.1.3.0
7f03c0949000-7f03c0962000 r--p 00000000 08:05 6557018                    /usr/lib/x86_64-linux-gnu/libX11.so.6.4.0
7f03c0962000-7f03c09ee000 r-xp 00019000 08:05 6557018                    /usr/lib/x86_64-linux-gnu/libX11.so.6.4.0
7f03c09ee000-7f03c0a83000 r--p 000a5000 08:05 6557018                    /usr/lib/x86_64-linux-gnu/libX11.so.6.4.0
7f03c0a83000-7f03c0a84000 ---p 0013a000 08:05 6557018                    /usr/lib/x86_64-linux-gnu/libX11.so.6.4.0
7f03c0a84000-7f03c0a85000 r--p 0013a000 08:05 6557018                    /usr/lib/x86_64-linux-gnu/libX11.so.6.4.0
7f03c0a85000-7f03c0a89000 rw-p 0013b000 08:05 6557018                    /usr/lib/x86_64-linux-gnu/libX11.so.6.4.0
7f03c0a89000-7f03c0a97000 r--p 00000000 08:05 7735626                    /usr/lib/jvm/java-18-openjdk-amd64/lib/libawt_xawt.so
7f03c0a97000-7f03c0ad4000 r-xp 0000e000 08:05 7735626                    /usr/lib/jvm/java-18-openjdk-amd64/lib/libawt_xawt.so
7f03c0ad4000-7f03c0ae5000 r--p 0004b000 08:05 7735626                    /usr/lib/jvm/java-18-openjdk-amd64/lib/libawt_xawt.so
7f03c0ae5000-7f03c0ae6000 ---p 0005c000 08:05 7735626                    /usr/lib/jvm/java-18-openjdk-amd64/lib/libawt_xawt.so
7f03c0ae6000-7f03c0ae7000 r--p 0005c000 08:05 7735626                    /usr/lib/jvm/java-18-openjdk-amd64/lib/libawt_xawt.so
7f03c0ae7000-7f03c0ae8000 rw-p 0005d000 08:05 7735626                    /usr/lib/jvm/java-18-openjdk-amd64/lib/libawt_xawt.so
7f03c0ae8000-7f03c0ae9000 rw-p 00000000 00:00 0 
7f03c0ae9000-7f03c0b13000 r--p 00000000 08:05 7735141                    /usr/lib/jvm/java-18-openjdk-amd64/lib/libawt.so
7f03c0b13000-7f03c0b96000 r-xp 0002a000 08:05 7735141                    /usr/lib/jvm/java-18-openjdk-amd64/lib/libawt.so
7f03c0b96000-7f03c0ba3000 r--p 000ad000 08:05 7735141                    /usr/lib/jvm/java-18-openjdk-amd64/lib/libawt.so
7f03c0ba3000-7f03c0ba4000 r--p 000b9000 08:05 7735141                    /usr/lib/jvm/java-18-openjdk-amd64/lib/libawt.so
7f03c0ba4000-7f03c0baf000 rw-p 000ba000 08:05 7735141                    /usr/lib/jvm/java-18-openjdk-amd64/lib/libawt.so
7f03c0baf000-7f03c0c05000 rw-p 00000000 00:00 0 
7f03c0c05000-7f03c0c09000 ---p 00000000 00:00 0 
7f03c0c09000-7f03c0d05000 rw-p 00000000 00:00 0 
7f03c0d05000-7f03c0d06000 ---p 00000000 00:00 0 
7f03c0d06000-7f03c0e07000 rw-p 00000000 00:00 0 
7f03c0e07000-7f03c0e0b000 ---p 00000000 00:00 0 
7f03c0e0b000-7f03c0f07000 rw-p 00000000 00:00 0 
7f03c0f07000-7f03c0f0b000 ---p 00000000 00:00 0 
7f03c0f0b000-7f03c1007000 rw-p 00000000 00:00 0 
7f03c1007000-7f03c15d4000 r--p 00000000 08:05 6553832                    /usr/lib/locale/locale-archive
7f03c15d4000-7f03c17c4000 rw-p 00000000 00:00 0 
7f03c17c4000-7f03c3464000 ---p 00000000 00:00 0 
7f03c3464000-7f03c365c000 rw-p 00000000 00:00 0 
7f03c365c000-7f03c52fc000 ---p 00000000 00:00 0 
7f03c52fc000-7f03c5304000 rw-p 00000000 00:00 0 
7f03c5304000-7f03c5574000 rwxp 00000000 00:00 0 
7f03c5574000-7f03c5895000 ---p 00000000 00:00 0 
7f03c5895000-7f03c5b05000 rwxp 00000000 00:00 0 
7f03c5b05000-7f03ccdcc000 ---p 00000000 00:00 0 
7f03ccdcc000-7f03cd03c000 rwxp 00000000 00:00 0 
7f03cd03c000-7f03d4304000 ---p 00000000 00:00 0 
7f03d4304000-7f03dc000000 r--s 00000000 08:05 7735315                    /usr/lib/jvm/java-18-openjdk-amd64/lib/modules
7f03dc000000-7f03dc552000 rw-p 00000000 00:00 0 
7f03dc552000-7f03e0000000 ---p 00000000 00:00 0 
7f03e0000000-7f03e0001000 r--p 00000000 08:05 6555712                    /usr/lib/x86_64-linux-gnu/libXinerama.so.1.0.0
7f03e0001000-7f03e0002000 r-xp 00001000 08:05 6555712                    /usr/lib/x86_64-linux-gnu/libXinerama.so.1.0.0
7f03e0002000-7f03e0003000 r--p 00002000 08:05 6555712                    /usr/lib/x86_64-linux-gnu/libXinerama.so.1.0.0
7f03e0003000-7f03e0004000 r--p 00003000 08:05 6555712                    /usr/lib/x86_64-linux-gnu/libXinerama.so.1.0.0
7f03e0004000-7f03e0005000 rw-p 00004000 08:05 6555712                    /usr/lib/x86_64-linux-gnu/libXinerama.so.1.0.0
7f03e0005000-7f03e0009000 r--p 00000000 08:05 6558226                    /usr/lib/x86_64-linux-gnu/libXext.so.6.4.0
7f03e0009000-7f03e0014000 r-xp 00004000 08:05 6558226                    /usr/lib/x86_64-linux-gnu/libXext.so.6.4.0
7f03e0014000-7f03e0018000 r--p 0000f000 08:05 6558226                    /usr/lib/x86_64-linux-gnu/libXext.so.6.4.0
7f03e0018000-7f03e0019000 r--p 00012000 08:05 6558226                    /usr/lib/x86_64-linux-gnu/libXext.so.6.4.0
7f03e0019000-7f03e001a000 rw-p 00013000 08:05 6558226                    /usr/lib/x86_64-linux-gnu/libXext.so.6.4.0
7f03e001d000-7f03e0020000 r--p 00000000 08:05 7735145                    /usr/lib/jvm/java-18-openjdk-amd64/lib/libfontmanager.so
7f03e0020000-7f03e0028000 r-xp 00003000 08:05 7735145                    /usr/lib/jvm/java-18-openjdk-amd64/lib/libfontmanager.so
7f03e0028000-7f03e002a000 r--p 0000b000 08:05 7735145                    /usr/lib/jvm/java-18-openjdk-amd64/lib/libfontmanager.so
7f03e002a000-7f03e002b000 r--p 0000c000 08:05 7735145                    /usr/lib/jvm/java-18-openjdk-amd64/lib/libfontmanager.so
7f03e002b000-7f03e002c000 rw-p 0000d000 08:05 7735145                    /usr/lib/jvm/java-18-openjdk-amd64/lib/libfontmanager.so
7f03e002c000-7f03e002f000 r--p 00000000 08:05 7735235                    /usr/lib/jvm/java-18-openjdk-amd64/lib/libnet.so
7f03e002f000-7f03e0037000 r-xp 00003000 08:05 7735235                    /usr/lib/jvm/java-18-openjdk-amd64/lib/libnet.so
7f03e0037000-7f03e0039000 r--p 0000b000 08:05 7735235                    /usr/lib/jvm/java-18-openjdk-amd64/lib/libnet.so
7f03e0039000-7f03e003a000 r--p 0000c000 08:05 7735235                    /usr/lib/jvm/java-18-openjdk-amd64/lib/libnet.so
7f03e003a000-7f03e003b000 rw-p 0000d000 08:05 7735235                    /usr/lib/jvm/java-18-openjdk-amd64/lib/libnet.so
7f03e003b000-7f03e0041000 r--p 00000000 08:05 7735236                    /usr/lib/jvm/java-18-openjdk-amd64/lib/libnio.so
7f03e0041000-7f03e004a000 r-xp 00006000 08:05 7735236                    /usr/lib/jvm/java-18-openjdk-amd64/lib/libnio.so
7f03e004a000-7f03e004f000 r--p 0000f000 08:05 7735236                    /usr/lib/jvm/java-18-openjdk-amd64/lib/libnio.so
7f03e004f000-7f03e0050000 r--p 00013000 08:05 7735236                    /usr/lib/jvm/java-18-openjdk-amd64/lib/libnio.so
7f03e0050000-7f03e0051000 rw-p 00014000 08:05 7735236                    /usr/lib/jvm/java-18-openjdk-amd64/lib/libnio.so
7f03e0051000-7f03e0055000 ---p 00000000 00:00 0 
7f03e0055000-7f03e0151000 rw-p 00000000 00:00 0 
7f03e0151000-7f03e0155000 ---p 00000000 00:00 0 
7f03e0155000-7f03e0251000 rw-p 00000000 00:00 0 
7f03e0251000-7f03e0255000 ---p 00000000 00:00 0 
7f03e0255000-7f03e0351000 rw-p 00000000 00:00 0 
7f03e0351000-7f03e0355000 ---p 00000000 00:00 0 
7f03e0355000-7f03e0451000 rw-p 00000000 00:00 0 
7f03e0451000-7f03e0455000 ---p 00000000 00:00 0 
7f03e0455000-7f03e0551000 rw-p 00000000 00:00 0 
7f03e0551000-7f03e0555000 ---p 00000000 00:00 0 
7f03e0555000-7f03e0651000 rw-p 00000000 00:00 0 
7f03e0651000-7f03e0655000 ---p 00000000 00:00 0 
7f03e0655000-7f03e0751000 rw-p 00000000 00:00 0 
7f03e0751000-7f03e0752000 ---p 00000000 00:00 0 
7f03e0752000-7f03e0853000 rw-p 00000000 00:00 0 
7f03e0853000-7f03e0857000 r--p 00000000 08:05 7735229                    /usr/lib/jvm/java-18-openjdk-amd64/lib/libjsvml.so
7f03e0857000-7f03e0898000 r-xp 00004000 08:05 7735229                    /usr/lib/jvm/java-18-openjdk-amd64/lib/libjsvml.so
7f03e0898000-7f03e0921000 r--p 00045000 08:05 7735229                    /usr/lib/jvm/java-18-openjdk-amd64/lib/libjsvml.so
7f03e0921000-7f03e0922000 r--p 000cd000 08:05 7735229                    /usr/lib/jvm/java-18-openjdk-amd64/lib/libjsvml.so
7f03e0922000-7f03e0923000 rw-p 000ce000 08:05 7735229                    /usr/lib/jvm/java-18-openjdk-amd64/lib/libjsvml.so
7f03e0923000-7f03e0a40000 rw-p 00000000 00:00 0 
7f03e0a40000-7f03e0a41000 ---p 00000000 00:00 0 
7f03e0a41000-7f03e0b42000 rw-p 00000000 00:00 0 
7f03e0b42000-7f03e0b43000 ---p 00000000 00:00 0 
7f03e0b43000-7f03e1048000 rw-p 00000000 00:00 0 
7f03e1048000-7f03e1049000 ---p 00000000 00:00 0 
7f03e1049000-7f03e114a000 rw-p 00000000 00:00 0 
7f03e114a000-7f03e114b000 ---p 00000000 00:00 0 
7f03e114b000-7f03e124c000 rw-p 00000000 00:00 0 
7f03e124c000-7f03e124d000 ---p 00000000 00:00 0 
7f03e124d000-7f03e13ce000 rw-p 00000000 00:00 0 
7f03e13ce000-7f03e1762000 ---p 00000000 00:00 0 
7f03e1762000-7f03e17a1000 rw-p 00000000 00:00 0 
7f03e17a1000-7f03e1b35000 ---p 00000000 00:00 0 
7f03e1b35000-7f03e1b74000 rw-p 00000000 00:00 0 
7f03e1b74000-7f03e1f08000 ---p 00000000 00:00 0 
7f03e1f08000-7f03e2312000 rw-p 00000000 00:00 0 
7f03e2312000-7f03e23f8000 ---p 00000000 00:00 0 
7f03e23f8000-7f03e23fd000 rw-p 00000000 00:00 0 
7f03e23fd000-7f03e24e3000 ---p 00000000 00:00 0 
7f03e24e3000-7f03e24e8000 rw-p 00000000 00:00 0 
7f03e24e8000-7f03e24ef000 ---p 00000000 00:00 0 
7f03e24ef000-7f03e24f1000 r--s 0000c000 08:05 7348931                    /usr/share/java/java-atk-wrapper.jar
7f03e24f1000-7f03e24f3000 r--p 00000000 08:05 7735314                    /usr/lib/jvm/java-18-openjdk-amd64/lib/libzip.so
7f03e24f3000-7f03e24f7000 r-xp 00002000 08:05 7735314                    /usr/lib/jvm/java-18-openjdk-amd64/lib/libzip.so
7f03e24f7000-7f03e24f9000 r--p 00006000 08:05 7735314                    /usr/lib/jvm/java-18-openjdk-amd64/lib/libzip.so
7f03e24f9000-7f03e24fa000 r--p 00007000 08:05 7735314                    /usr/lib/jvm/java-18-openjdk-amd64/lib/libzip.so
7f03e24fa000-7f03e24fb000 rw-p 00008000 08:05 7735314                    /usr/lib/jvm/java-18-openjdk-amd64/lib/libzip.so
7f03e24fb000-7f03e2507000 r--p 00000000 08:05 7735222                    /usr/lib/jvm/java-18-openjdk-amd64/lib/libjava.so
7f03e2507000-7f03e251a000 r-xp 0000c000 08:05 7735222                    /usr/lib/jvm/java-18-openjdk-amd64/lib/libjava.so
7f03e251a000-7f03e251f000 r--p 0001f000 08:05 7735222                    /usr/lib/jvm/java-18-openjdk-amd64/lib/libjava.so
7f03e251f000-7f03e2520000 ---p 00024000 08:05 7735222                    /usr/lib/jvm/java-18-openjdk-amd64/lib/libjava.so
7f03e2520000-7f03e2521000 r--p 00024000 08:05 7735222                    /usr/lib/jvm/java-18-openjdk-amd64/lib/libjava.so
7f03e2521000-7f03e2522000 rw-p 00025000 08:05 7735222                    /usr/lib/jvm/java-18-openjdk-amd64/lib/libjava.so
7f03e2522000-7f03e2523000 rw-p 00000000 00:00 0 
7f03e2523000-7f03e2527000 ---p 00000000 00:00 0 
7f03e2527000-7f03e2623000 rw-p 00000000 00:00 0 
7f03e2623000-7f03e2626000 r--p 00000000 08:05 6553732                    /usr/lib/x86_64-linux-gnu/libgcc_s.so.1
7f03e2626000-7f03e263d000 r-xp 00003000 08:05 6553732                    /usr/lib/x86_64-linux-gnu/libgcc_s.so.1
7f03e263d000-7f03e2641000 r--p 0001a000 08:05 6553732                    /usr/lib/x86_64-linux-gnu/libgcc_s.so.1
7f03e2641000-7f03e2642000 r--p 0001d000 08:05 6553732                    /usr/lib/x86_64-linux-gnu/libgcc_s.so.1
7f03e2642000-7f03e2643000 rw-p 0001e000 08:05 6553732                    /usr/lib/x86_64-linux-gnu/libgcc_s.so.1
7f03e2643000-7f03e2651000 r--p 00000000 08:05 6555964                    /usr/lib/x86_64-linux-gnu/libm.so.6
7f03e2651000-7f03e26cd000 r-xp 0000e000 08:05 6555964                    /usr/lib/x86_64-linux-gnu/libm.so.6
7f03e26cd000-7f03e2728000 r--p 0008a000 08:05 6555964                    /usr/lib/x86_64-linux-gnu/libm.so.6
7f03e2728000-7f03e2729000 r--p 000e4000 08:05 6555964                    /usr/lib/x86_64-linux-gnu/libm.so.6
7f03e2729000-7f03e272a000 rw-p 000e5000 08:05 6555964                    /usr/lib/x86_64-linux-gnu/libm.so.6
7f03e272a000-7f03e27c4000 r--p 00000000 08:05 6553738                    /usr/lib/x86_64-linux-gnu/libstdc++.so.6.0.30
7f03e27c4000-7f03e28d5000 r-xp 0009a000 08:05 6553738                    /usr/lib/x86_64-linux-gnu/libstdc++.so.6.0.30
7f03e28d5000-7f03e2945000 r--p 001ab000 08:05 6553738                    /usr/lib/x86_64-linux-gnu/libstdc++.so.6.0.30
7f03e2945000-7f03e2950000 r--p 0021a000 08:05 6553738                    /usr/lib/x86_64-linux-gnu/libstdc++.so.6.0.30
7f03e2950000-7f03e2953000 rw-p 00225000 08:05 6553738                    /usr/lib/x86_64-linux-gnu/libstdc++.so.6.0.30
7f03e2953000-7f03e2956000 rw-p 00000000 00:00 0 
7f03e2956000-7f03e2ba7000 r--p 00000000 08:05 7735400                    /usr/lib/jvm/java-18-openjdk-amd64/lib/server/libjvm.so
7f03e2ba7000-7f03e3a52000 r-xp 00251000 08:05 7735400                    /usr/lib/jvm/java-18-openjdk-amd64/lib/server/libjvm.so
7f03e3a52000-7f03e3c0e000 r--p 010fc000 08:05 7735400                    /usr/lib/jvm/java-18-openjdk-amd64/lib/server/libjvm.so
7f03e3c0e000-7f03e3c0f000 ---p 012b8000 08:05 7735400                    /usr/lib/jvm/java-18-openjdk-amd64/lib/server/libjvm.so
7f03e3c0f000-7f03e3cce000 r--p 012b8000 08:05 7735400                    /usr/lib/jvm/java-18-openjdk-amd64/lib/server/libjvm.so
7f03e3cce000-7f03e3cfa000 rw-p 01377000 08:05 7735400                    /usr/lib/jvm/java-18-openjdk-amd64/lib/server/libjvm.so
7f03e3cfa000-7f03e3d58000 rw-p 00000000 00:00 0 
7f03e3d58000-7f03e3d5a000 r--p 00000000 08:05 6556192                    /usr/lib/x86_64-linux-gnu/libz.so.1.2.11
7f03e3d5a000-7f03e3d6b000 r-xp 00002000 08:05 6556192                    /usr/lib/x86_64-linux-gnu/libz.so.1.2.11
7f03e3d6b000-7f03e3d71000 r--p 00013000 08:05 6556192                    /usr/lib/x86_64-linux-gnu/libz.so.1.2.11
7f03e3d71000-7f03e3d72000 ---p 00019000 08:05 6556192                    /usr/lib/x86_64-linux-gnu/libz.so.1.2.11
7f03e3d72000-7f03e3d73000 r--p 00019000 08:05 6556192                    /usr/lib/x86_64-linux-gnu/libz.so.1.2.11
7f03e3d73000-7f03e3d74000 rw-p 0001a000 08:05 6556192                    /usr/lib/x86_64-linux-gnu/libz.so.1.2.11
7f03e3d74000-7f03e3d9c000 r--p 00000000 08:05 6555961                    /usr/lib/x86_64-linux-gnu/libc.so.6
7f03e3d9c000-7f03e3f31000 r-xp 00028000 08:05 6555961                    /usr/lib/x86_64-linux-gnu/libc.so.6
7f03e3f31000-7f03e3f89000 r--p 001bd000 08:05 6555961                    /usr/lib/x86_64-linux-gnu/libc.so.6
7f03e3f89000-7f03e3f8d000 r--p 00214000 08:05 6555961                    /usr/lib/x86_64-linux-gnu/libc.so.6
7f03e3f8d000-7f03e3f8f000 rw-p 00218000 08:05 6555961                    /usr/lib/x86_64-linux-gnu/libc.so.6
7f03e3f8f000-7f03e3f9c000 rw-p 00000000 00:00 0 
7f03e3f9d000-7f03e3fa5000 rw-s 00000000 08:05 6424649                    /tmp/hsperfdata_dereje/344249
7f03e3fa5000-7f03e3fa6000 ---p 00000000 00:00 0 
7f03e3fa6000-7f03e3fa7000 r--p 00000000 00:00 0 
7f03e3fa7000-7f03e3fa9000 r--p 00000000 08:05 7735225                    /usr/lib/jvm/java-18-openjdk-amd64/lib/libjimage.so
7f03e3fa9000-7f03e3fab000 r-xp 00002000 08:05 7735225                    /usr/lib/jvm/java-18-openjdk-amd64/lib/libjimage.so
7f03e3fab000-7f03e3fac000 r--p 00004000 08:05 7735225                    /usr/lib/jvm/java-18-openjdk-amd64/lib/libjimage.so
7f03e3fac000-7f03e3fad000 r--p 00004000 08:05 7735225                    /usr/lib/jvm/java-18-openjdk-amd64/lib/libjimage.so
7f03e3fad000-7f03e3fae000 rw-p 00005000 08:05 7735225                    /usr/lib/jvm/java-18-openjdk-amd64/lib/libjimage.so
7f03e3fae000-7f03e3fb0000 r--p 00000000 08:05 7735226                    /usr/lib/jvm/java-18-openjdk-amd64/lib/libjli.so
7f03e3fb0000-7f03e3fba000 r-xp 00002000 08:05 7735226                    /usr/lib/jvm/java-18-openjdk-amd64/lib/libjli.so
7f03e3fba000-7f03e3fbd000 r--p 0000c000 08:05 7735226                    /usr/lib/jvm/java-18-openjdk-amd64/lib/libjli.so
7f03e3fbd000-7f03e3fbe000 r--p 0000e000 08:05 7735226                    /usr/lib/jvm/java-18-openjdk-amd64/lib/libjli.so
7f03e3fbe000-7f03e3fbf000 rw-p 0000f000 08:05 7735226                    /usr/lib/jvm/java-18-openjdk-amd64/lib/libjli.so
7f03e3fbf000-7f03e3fc1000 rw-p 00000000 00:00 0 
7f03e3fc1000-7f03e3fc3000 r--p 00000000 08:05 6555958                    /usr/lib/x86_64-linux-gnu/ld-linux-x86-64.so.2
7f03e3fc3000-7f03e3fed000 r-xp 00002000 08:05 6555958                    /usr/lib/x86_64-linux-gnu/ld-linux-x86-64.so.2
7f03e3fed000-7f03e3ff8000 r--p 0002c000 08:05 6555958                    /usr/lib/x86_64-linux-gnu/ld-linux-x86-64.so.2
7f03e3ff8000-7f03e3ff9000 ---p 00000000 00:00 0 
7f03e3ff9000-7f03e3ffb000 r--p 00037000 08:05 6555958                    /usr/lib/x86_64-linux-gnu/ld-linux-x86-64.so.2
7f03e3ffb000-7f03e3ffd000 rw-p 00039000 08:05 6555958                    /usr/lib/x86_64-linux-gnu/ld-linux-x86-64.so.2
7ffd7ffe9000-7ffd8000b000 rw-p 00000000 00:00 0                          [stack]
7ffd8001d000-7ffd80021000 r--p 00000000 00:00 0                          [vvar]
7ffd80021000-7ffd80023000 r-xp 00000000 00:00 0                          [vdso]
ffffffffff600000-ffffffffff601000 --xp 00000000 00:00 0                  [vsyscall]


VM Arguments:
jvm_args: --enable-preview 
java_command: Main
java_class_path (initial): /home/dereje/Documents/dev/cinema-booking/bin:/usr/share/java/mysql-connector-java-8.0.29.jar
Launcher Type: SUN_STANDARD

[Global flags]
     intx CICompilerCount                          = 3                                         {product} {ergonomic}
     uint ConcGCThreads                            = 1                                         {product} {ergonomic}
     uint G1ConcRefinementThreads                  = 4                                         {product} {ergonomic}
   size_t G1HeapRegionSize                         = 1048576                                   {product} {ergonomic}
    uintx GCDrainStackTargetSize                   = 64                                        {product} {ergonomic}
   size_t InitialHeapSize                          = 130023424                                 {product} {ergonomic}
   size_t MarkStackSize                            = 4194304                                   {product} {ergonomic}
   size_t MaxHeapSize                              = 2053111808                                {product} {ergonomic}
   size_t MaxNewSize                               = 1231028224                                {product} {ergonomic}
   size_t MinHeapDeltaBytes                        = 1048576                                   {product} {ergonomic}
   size_t MinHeapSize                              = 8388608                                   {product} {ergonomic}
    uintx NonNMethodCodeHeapSize                   = 5832780                                {pd product} {ergonomic}
    uintx NonProfiledCodeHeapSize                  = 122912730                              {pd product} {ergonomic}
    uintx ProfiledCodeHeapSize                     = 122912730                              {pd product} {ergonomic}
    uintx ReservedCodeCacheSize                    = 251658240                              {pd product} {ergonomic}
     bool SegmentedCodeCache                       = true                                      {product} {ergonomic}
   size_t SoftMaxHeapSize                          = 2053111808                             {manageable} {ergonomic}
     bool UseCompressedClassPointers               = true                           {product lp64_product} {ergonomic}
     bool UseCompressedOops                        = true                           {product lp64_product} {ergonomic}
     bool UseG1GC                                  = true                                      {product} {ergonomic}

Logging:
Log output configuration:
 #0: stdout all=warning uptime,level,tags foldmultilines=false
 #1: stderr all=off uptime,level,tags foldmultilines=false

Environment Variables:
CLASSPATH=/usr/share/java/mysql-connector-java-8.0.29.jar
PATH=/home/dereje/Documents/dev/cinema-booking/node_modules/.bin:/home/dereje/Documents/ideaIU-2022.1.1/idea-IU-221.5591.52/bin:/home/dereje/.local/bin:/usr/local/sbin:/usr/local/bin:/usr/sbin:/usr/bin:/sbin:/bin:/usr/games:/usr/local/games:/snap/bin:/snap/bin
USERNAME=dereje
SHELL=/usr/bin/zsh
DISPLAY=:0
LANG=en_US.UTF-8

Signal Handlers:
   SIGSEGV: 0x00007f03e375a550 in libjvm.so+14697808, mask=11100100010111111101111111111110, flags=SA_RESTART|SA_SIGINFO
    SIGBUS: 0x00007f03e375a550 in libjvm.so+14697808, mask=11100100010111111101111111111110, flags=SA_RESTART|SA_SIGINFO
    SIGFPE: 0x00007f03e375a550 in libjvm.so+14697808, mask=11100100010111111101111111111110, flags=SA_RESTART|SA_SIGINFO
   SIGPIPE: 0x00007f03e364a720 in libjvm.so+13584160, mask=11100100010111111101111111111110, flags=SA_RESTART|SA_SIGINFO
   SIGXFSZ: 0x00007f03e364a720 in libjvm.so+13584160, mask=11100100010111111101111111111110, flags=SA_RESTART|SA_SIGINFO
    SIGILL: 0x00007f03e375a550 in libjvm.so+14697808, mask=11100100010111111101111111111110, flags=SA_RESTART|SA_SIGINFO
   SIGUSR2: 0x00007f03e3643c00 in libjvm.so+13556736, mask=00000000000000000000000000000000, flags=SA_RESTART|SA_SIGINFO
    SIGHUP: 0x00007f03e3643b20 in libjvm.so+13556512, mask=11100100010111111101111111111110, flags=SA_RESTART|SA_SIGINFO
    SIGINT: 0x00007f03e3643b20 in libjvm.so+13556512, mask=11100100010111111101111111111110, flags=SA_RESTART|SA_SIGINFO
   SIGTERM: 0x00007f03e3643b20 in libjvm.so+13556512, mask=11100100010111111101111111111110, flags=SA_RESTART|SA_SIGINFO
   SIGQUIT: 0x00007f03e3643b20 in libjvm.so+13556512, mask=11100100010111111101111111111110, flags=SA_RESTART|SA_SIGINFO
   SIGTRAP: 0x00007f03e375a550 in libjvm.so+14697808, mask=11100100010111111101111111111110, flags=SA_RESTART|SA_SIGINFO


---------------  S Y S T E M  ---------------

OS:
DISTRIB_ID=Ubuntu
DISTRIB_RELEASE=22.04
DISTRIB_CODENAME=jammy
DISTRIB_DESCRIPTION="Ubuntu 22.04 LTS"
uname: Linux 5.15.0-30-generic #31-Ubuntu SMP Thu May 5 10:00:34 UTC 2022 x86_64
OS uptime: 3 days 11:35 hours
libc: glibc 2.35 NPTL 2.35 
rlimit (soft/hard): STACK 8192k/infinity , CORE 0k/infinity , NPROC 31011/31011 , NOFILE 1048576/1048576 , AS infinity/infinity , CPU infinity/infinity , DATA infinity/infinity , FSIZE infinity/infinity , MEMLOCK 1001688k/1001688k
load average: 0.98 1.35 1.42

/proc/meminfo:
MemTotal:        8013524 kB
MemFree:          178704 kB
MemAvailable:    3455636 kB
Buffers:           26884 kB
Cached:          4022760 kB
SwapCached:        98040 kB
Active:          2673720 kB
Inactive:        4518076 kB
Active(anon):    1189524 kB
Inactive(anon):  2617424 kB
Active(file):    1484196 kB
Inactive(file):  1900652 kB
Unevictable:       54228 kB
Mlocked:              80 kB
SwapTotal:       2097148 kB
SwapFree:            824 kB
Dirty:             15300 kB
Writeback:             0 kB
AnonPages:       3099032 kB
Mapped:           637628 kB
Shmem:            665072 kB
KReclaimable:     198264 kB
Slab:             371016 kB
SReclaimable:     198264 kB
SUnreclaim:       172752 kB
KernelStack:       23980 kB
PageTables:        67348 kB
NFS_Unstable:          0 kB
Bounce:                0 kB
WritebackTmp:          0 kB
CommitLimit:     6103908 kB
Committed_AS:   16699680 kB
VmallocTotal:   34359738367 kB
VmallocUsed:       60532 kB
VmallocChunk:          0 kB
Percpu:            10336 kB
HardwareCorrupted:     0 kB
AnonHugePages:         0 kB
ShmemHugePages:        0 kB
ShmemPmdMapped:        0 kB
FileHugePages:         0 kB
FilePmdMapped:         0 kB
HugePages_Total:       0
HugePages_Free:        0
HugePages_Rsvd:        0
HugePages_Surp:        0
Hugepagesize:       2048 kB
Hugetlb:               0 kB
DirectMap4k:     1646080 kB
DirectMap2M:     6615040 kB
DirectMap1G:     1048576 kB

/sys/kernel/mm/transparent_hugepage/enabled: always [madvise] never
/sys/kernel/mm/transparent_hugepage/defrag (defrag/compaction efforts parameter): always defer defer+madvise [madvise] never

Process Memory:
Virtual Size: 5329732K (peak: 5330012K)
Resident Set Size: 90376K (peak: 90376K) (anon: 57260K, file: 33116K, shmem: 0K)
Swapped out: 0K
C-Heap outstanding allocations: 13462K

/proc/sys/kernel/threads-max (system-wide limit on the number of threads): 62023
/proc/sys/vm/max_map_count (maximum number of memory map areas a process may have): 65530
/proc/sys/kernel/pid_max (system-wide limit on number of process identifiers): 4194304

container (cgroup) information:
container_type: cgroupv2
cpu_cpuset_cpus: not supported
cpu_memory_nodes: not supported
active_processor_count: 4
cpu_quota: not supported
cpu_period: not supported
cpu_shares: not supported
memory_limit_in_bytes: unlimited
memory_and_swap_limit_in_bytes: unlimited
memory_soft_limit_in_bytes: unlimited
memory_usage_in_bytes: 1580224512
memory_max_usage_in_bytes: not supported
maximum number of tasks: 9303
current number of tasks: 247

Steal ticks since vm start: 0
Steal ticks percentage since vm start:  0.000

CPU: total 4 (initial active 4) (2 cores per cpu, 2 threads per core) family 6 model 61 stepping 4 microcode 0x2f, cx8, cmov, fxsr, ht, mmx, 3dnowpref, sse, sse2, sse3, ssse3, sse4.1, sse4.2, popcnt, lzcnt, tsc, tscinvbit, avx, avx2, aes, erms, clmul, bmi1, bmi2, adx, fma, vzeroupper, clflush
CPU Model and flags from /proc/cpuinfo:
model name	: Intel(R) Core(TM) i5-5200U CPU @ 2.20GHz
flags		: fpu vme de pse tsc msr pae mce cx8 apic sep mtrr pge mca cmov pat pse36 clflush dts acpi mmx fxsr sse sse2 ss ht tm pbe syscall nx pdpe1gb rdtscp lm constant_tsc arch_perfmon pebs bts rep_good nopl xtopology nonstop_tsc cpuid aperfmperf pni pclmulqdq dtes64 monitor ds_cpl vmx est tm2 ssse3 sdbg fma cx16 xtpr pdcm pcid sse4_1 sse4_2 x2apic movbe popcnt tsc_deadline_timer aes xsave avx f16c rdrand lahf_lm abm 3dnowprefetch cpuid_fault epb invpcid_single pti ssbd ibrs ibpb stibp tpr_shadow vnmi flexpriority ept vpid ept_ad fsgsbase tsc_adjust bmi1 avx2 smep bmi2 erms invpcid rdseed adx smap intel_pt xsaveopt dtherm ida arat pln pts md_clear flush_l1d

Online cpus: 0-3
Offline cpus: 4-7
BIOS frequency limitation: <Not Available>
Frequency switch latency (ns): 20000
Available cpu frequencies: <Not Available>
Current governor: schedutil
Core performance/turbo boost: <Not Available>

Memory: 4k page, physical 8013524k(178452k free), swap 2097148k(824k free)
Page Sizes: 4k

vm_info: OpenJDK 64-Bit Server VM (18-ea+36-Ubuntu-1) for linux-amd64 JRE (18-ea+36-Ubuntu-1), built on Feb 18 2022 18:05:52 by "buildd" with gcc 11.2.0

END.
